Simplified measurement run started at 2025-06-18 01:19:17
Image: F16
Method: split
Prediction method: gap
Ratio of ones: 0.5
Total embeddings: 4
EL mode: 0
Using step_size: 100000 bits (segments parameter 20 ignored)
Measurement mode: step_size
Use different weights: True
Split size: 2, Block base: True

================================================================================

Step 1: Finding maximum payload capacity
Maximum payload: 1215558 bits
Max BPP: 1.545662
Time taken: 0.97 seconds

Step 2: Calculating measurement points
Using step_size: 100000 bits (segments parameter ignored)
Measurement mode: step_size=100000
Total measurement points: 13
Target payload points:
  Point 1: 100000 bits (8.2% of max)
  Point 2: 200000 bits (16.5% of max)
  Point 3: 300000 bits (24.7% of max)
  Point 4: 400000 bits (32.9% of max)
  Point 5: 500000 bits (41.1% of max)
  Point 6: 600000 bits (49.4% of max)
  Point 7: 700000 bits (57.6% of max)
  Point 8: 800000 bits (65.8% of max)
  Point 9: 900000 bits (74.0% of max)
  Point 10: 1000000 bits (82.3% of max)
  Point 11: 1100000 bits (90.5% of max)
  Point 12: 1200000 bits (98.7% of max)
  Point 13: 1215558 bits (100.0% of max) [using initial measurement]

Step 3: Running embedding algorithm for each target point
Processing 12 measurement points using step_size=100000
8.2% target (point 1/12):
  Target: 100000 bits
  Actual: 99999 bits
  BPP: 0.127155
  PSNR: 57.97
  SSIM: 0.9991
  Hist_Corr: 0.9999
  Time: 0.57 seconds

16.5% target (point 2/12):
  Target: 200000 bits
  Actual: 199998 bits
  BPP: 0.254311
  PSNR: 56.30
  SSIM: 0.9987
  Hist_Corr: 0.9998
  Time: 0.60 seconds

24.7% target (point 3/12):
  Target: 300000 bits
  Actual: 300000 bits
  BPP: 0.381470
  PSNR: 55.19
  SSIM: 0.9984
  Hist_Corr: 0.9997
  Time: 0.65 seconds

32.9% target (point 4/12):
  Target: 400000 bits
  Actual: 399999 bits
  BPP: 0.508625
  PSNR: 53.18
  SSIM: 0.9973
  Hist_Corr: 0.9995
  Time: 0.68 seconds

41.1% target (point 5/12):
  Target: 500000 bits
  Actual: 499998 bits
  BPP: 0.635780
  PSNR: 53.42
  SSIM: 0.9974
  Hist_Corr: 0.9992
  Time: 0.71 seconds

49.4% target (point 6/12):
  Target: 600000 bits
  Actual: 600000 bits
  BPP: 0.762939
  PSNR: 52.39
  SSIM: 0.9969
  Hist_Corr: 0.9992
  Time: 0.78 seconds

57.6% target (point 7/12):
  Target: 700000 bits
  Actual: 699999 bits
  BPP: 0.890095
  PSNR: 51.33
  SSIM: 0.9961
  Hist_Corr: 0.9991
  Time: 0.76 seconds

65.8% target (point 8/12):
  Target: 800000 bits
  Actual: 799998 bits
  BPP: 1.017250
  PSNR: 51.49
  SSIM: 0.9960
  Hist_Corr: 0.9995
  Time: 0.82 seconds

74.0% target (point 9/12):
  Target: 900000 bits
  Actual: 900000 bits
  BPP: 1.144409
  PSNR: 50.69
  SSIM: 0.9955
  Hist_Corr: 0.9988
  Time: 0.88 seconds

82.3% target (point 10/12):
  Target: 1000000 bits
  Actual: 999999 bits
  BPP: 1.271564
  PSNR: 49.27
  SSIM: 0.9939
  Hist_Corr: 0.9985
  Time: 1.02 seconds

90.5% target (point 11/12):
  Target: 1100000 bits
  Actual: 1099998 bits
  BPP: 1.398720
  PSNR: 49.40
  SSIM: 0.9939
  Hist_Corr: 0.9987
  Time: 1.04 seconds

98.7% target (point 12/12):
  Target: 1200000 bits
  Actual: 1200000 bits
  BPP: 1.525879
  PSNR: 49.02
  SSIM: 0.9938
  Hist_Corr: 0.9983
  Time: 1.02 seconds

Results summary:
Measurement mode used: step_size=100000
Total data points generated: 13
Successful measurements: 13
Failed measurements: 0
Success rate: 100.0%
Total processing time: 12.12 seconds
Average time per point: 0.93 seconds
Results saved to ./Prediction_Error_Embedding/outcome/plots/F16/data_gap
Final confirmation: Used step_size=100000 bits for gap

Data table:
 Target_Percentage  Target_Payload  Actual_Payload      BPP      PSNR   SSIM  Hist_Corr  Processing_Time Measurement_Mode
          8.226674          100000           99999 0.127155 57.972111 0.9991   0.999943         0.569732 step_size=100000
         16.453349          200000          199998 0.254311 56.304841 0.9987   0.999844         0.601027 step_size=100000
         24.680023          300000          300000 0.381470 55.194169 0.9984   0.999728         0.648112 step_size=100000
         32.906698          400000          399999 0.508625 53.183046 0.9973   0.999544         0.676136 step_size=100000
         41.133372          500000          499998 0.635780 53.423167 0.9974   0.999196         0.709938 step_size=100000
         49.360047          600000          600000 0.762939 52.394852 0.9969   0.999222         0.775706 step_size=100000
         57.586721          700000          699999 0.890095 51.333689 0.9961   0.999125         0.764451 step_size=100000
         65.813396          800000          799998 1.017250 51.490300 0.9960   0.999458         0.821302 step_size=100000
         74.040070          900000          900000 1.144409 50.685504 0.9955   0.998823         0.884178 step_size=100000
         82.266745         1000000          999999 1.271564 49.265994 0.9939   0.998520         1.016962 step_size=100000
         90.493419         1100000         1099998 1.398720 49.403676 0.9939   0.998684         1.037299 step_size=100000
         98.720094         1200000         1200000 1.525879 49.022014 0.9938   0.998254         1.016188 step_size=100000
        100.000000         1215558         1215558 1.545662 49.208958 0.9941   0.997443         0.973375 step_size=100000