Simplified measurement run started at 2025-06-18 00:22:46
Image: F16
Method: rotation
Prediction method: gap
Ratio of ones: 0.5
Total embeddings: 4
EL mode: 0
Using step_size: 100000 bits (segments parameter 20 ignored)
Measurement mode: step_size
Use different weights: True
Split size: 2, Block base: True

================================================================================

Step 1: Finding maximum payload capacity
Maximum payload: 1198723 bits
Max BPP: 1.524255
Time taken: 1.07 seconds

Step 2: Calculating measurement points
Using step_size: 100000 bits (segments parameter ignored)
Measurement mode: step_size=100000
Total measurement points: 12
Target payload points:
  Point 1: 100000 bits (8.3% of max)
  Point 2: 200000 bits (16.7% of max)
  Point 3: 300000 bits (25.0% of max)
  Point 4: 400000 bits (33.4% of max)
  Point 5: 500000 bits (41.7% of max)
  Point 6: 600000 bits (50.1% of max)
  Point 7: 700000 bits (58.4% of max)
  Point 8: 800000 bits (66.7% of max)
  Point 9: 900000 bits (75.1% of max)
  Point 10: 1000000 bits (83.4% of max)
  Point 11: 1100000 bits (91.8% of max)
  Point 12: 1198723 bits (100.0% of max) [using initial measurement]

Step 3: Running embedding algorithm for each target point
Processing 11 measurement points using step_size=100000
8.3% target (point 1/11):
  Target: 100000 bits
  Actual: 99999 bits
  BPP: 0.127155
  PSNR: 58.82
  SSIM: 0.9993
  Hist_Corr: 0.9999
  Time: 0.30 seconds

16.7% target (point 2/11):
  Target: 200000 bits
  Actual: 199998 bits
  BPP: 0.254311
  PSNR: 56.51
  SSIM: 0.9988
  Hist_Corr: 0.9998
  Time: 0.40 seconds

25.0% target (point 3/11):
  Target: 300000 bits
  Actual: 300000 bits
  BPP: 0.381470
  PSNR: 55.41
  SSIM: 0.9984
  Hist_Corr: 0.9996
  Time: 0.42 seconds

33.4% target (point 4/11):
  Target: 400000 bits
  Actual: 399999 bits
  BPP: 0.508625
  PSNR: 53.50
  SSIM: 0.9977
  Hist_Corr: 0.9993
  Time: 0.51 seconds

41.7% target (point 5/11):
  Target: 500000 bits
  Actual: 499998 bits
  BPP: 0.635780
  PSNR: 52.66
  SSIM: 0.9972
  Hist_Corr: 0.9991
  Time: 0.53 seconds

50.1% target (point 6/11):
  Target: 600000 bits
  Actual: 600000 bits
  BPP: 0.762939
  PSNR: 52.23
  SSIM: 0.9969
  Hist_Corr: 0.9987
  Time: 0.55 seconds

58.4% target (point 7/11):
  Target: 700000 bits
  Actual: 699999 bits
  BPP: 0.890095
  PSNR: 51.69
  SSIM: 0.9963
  Hist_Corr: 0.9990
  Time: 0.63 seconds

66.7% target (point 8/11):
  Target: 800000 bits
  Actual: 799998 bits
  BPP: 1.017250
  PSNR: 51.20
  SSIM: 0.9959
  Hist_Corr: 0.9989
  Time: 0.68 seconds

75.1% target (point 9/11):
  Target: 900000 bits
  Actual: 900000 bits
  BPP: 1.144409
  PSNR: 50.59
  SSIM: 0.9954
  Hist_Corr: 0.9990
  Time: 0.74 seconds

83.4% target (point 10/11):
  Target: 1000000 bits
  Actual: 999999 bits
  BPP: 1.271564
  PSNR: 49.96
  SSIM: 0.9945
  Hist_Corr: 0.9986
  Time: 0.81 seconds

91.8% target (point 11/11):
  Target: 1100000 bits
  Actual: 1099998 bits
  BPP: 1.398720
  PSNR: 49.77
  SSIM: 0.9944
  Hist_Corr: 0.9992
  Time: 0.83 seconds

Results summary:
Measurement mode used: step_size=100000
Total data points generated: 12
Successful measurements: 12
Failed measurements: 0
Success rate: 100.0%
Total processing time: 8.95 seconds
Average time per point: 0.75 seconds
Results saved to ./Prediction_Error_Embedding/outcome/plots/F16/data_gap
Final confirmation: Used step_size=100000 bits for gap

Data table:
 Target_Percentage  Target_Payload  Actual_Payload      BPP      PSNR   SSIM  Hist_Corr  Processing_Time Measurement_Mode
          8.342211          100000           99999 0.127155 58.824918 0.9993   0.999918         0.301706 step_size=100000
         16.684422          200000          199998 0.254311 56.514483 0.9988   0.999836         0.403682 step_size=100000
         25.026633          300000          300000 0.381470 55.407098 0.9984   0.999649         0.419858 step_size=100000
         33.368843          400000          399999 0.508625 53.498268 0.9977   0.999303         0.505016 step_size=100000
         41.711054          500000          499998 0.635780 52.661160 0.9972   0.999148         0.531935 step_size=100000
         50.053265          600000          600000 0.762939 52.228782 0.9969   0.998728         0.551195 step_size=100000
         58.395476          700000          699999 0.890095 51.691097 0.9963   0.998970         0.629907 step_size=100000
         66.737687          800000          799998 1.017250 51.199300 0.9959   0.998950         0.679240 step_size=100000
         75.079898          900000          900000 1.144409 50.591867 0.9954   0.998970         0.735177 step_size=100000
         83.422108         1000000          999999 1.271564 49.960624 0.9945   0.998613         0.812885 step_size=100000
         91.764319         1100000         1099998 1.398720 49.771270 0.9944   0.999178         0.833854 step_size=100000
        100.000000         1198723         1198723 1.524255 49.146713 0.9938   0.998964         1.072860 step_size=100000