Simplified measurement run started at 2025-06-18 01:38:03
Image: F16
Method: split
Prediction method: rhombus
Ratio of ones: 0.5
Total embeddings: 4
EL mode: 0
Using step_size: 100000 bits (segments parameter 20 ignored)
Measurement mode: step_size
Use different weights: True
Split size: 2, Block base: False

================================================================================

Step 1: Finding maximum payload capacity
Maximum payload: 1315074 bits
Max BPP: 1.672203
Time taken: 1.07 seconds

Step 2: Calculating measurement points
Using step_size: 100000 bits (segments parameter ignored)
Measurement mode: step_size=100000
Total measurement points: 14
Target payload points:
  Point 1: 100000 bits (7.6% of max)
  Point 2: 200000 bits (15.2% of max)
  Point 3: 300000 bits (22.8% of max)
  Point 4: 400000 bits (30.4% of max)
  Point 5: 500000 bits (38.0% of max)
  Point 6: 600000 bits (45.6% of max)
  Point 7: 700000 bits (53.2% of max)
  Point 8: 800000 bits (60.8% of max)
  Point 9: 900000 bits (68.4% of max)
  Point 10: 1000000 bits (76.0% of max)
  Point 11: 1100000 bits (83.6% of max)
  Point 12: 1200000 bits (91.2% of max)
  Point 13: 1300000 bits (98.9% of max)
  Point 14: 1315074 bits (100.0% of max) [using initial measurement]

Step 3: Running embedding algorithm for each target point
Processing 13 measurement points using step_size=100000
7.6% target (point 1/13):
  Target: 100000 bits
  Actual: 99999 bits
  BPP: 0.127155
  PSNR: 58.15
  SSIM: 0.9989
  Hist_Corr: 0.9999
  Time: 0.57 seconds

15.2% target (point 2/13):
  Target: 200000 bits
  Actual: 199998 bits
  BPP: 0.254311
  PSNR: 56.31
  SSIM: 0.9983
  Hist_Corr: 0.9998
  Time: 0.64 seconds

22.8% target (point 3/13):
  Target: 300000 bits
  Actual: 300000 bits
  BPP: 0.381470
  PSNR: 55.16
  SSIM: 0.9978
  Hist_Corr: 0.9997
  Time: 0.65 seconds

30.4% target (point 4/13):
  Target: 400000 bits
  Actual: 399999 bits
  BPP: 0.508625
  PSNR: 53.00
  SSIM: 0.9967
  Hist_Corr: 0.9994
  Time: 0.69 seconds

38.0% target (point 5/13):
  Target: 500000 bits
  Actual: 499998 bits
  BPP: 0.635780
  PSNR: 53.30
  SSIM: 0.9968
  Hist_Corr: 0.9994
  Time: 0.73 seconds

45.6% target (point 6/13):
  Target: 600000 bits
  Actual: 600000 bits
  BPP: 0.762939
  PSNR: 51.59
  SSIM: 0.9957
  Hist_Corr: 0.9995
  Time: 0.77 seconds

53.2% target (point 7/13):
  Target: 700000 bits
  Actual: 699999 bits
  BPP: 0.890095
  PSNR: 50.98
  SSIM: 0.9950
  Hist_Corr: 0.9990
  Time: 0.81 seconds

60.8% target (point 8/13):
  Target: 800000 bits
  Actual: 799998 bits
  BPP: 1.017250
  PSNR: 50.46
  SSIM: 0.9944
  Hist_Corr: 0.9992
  Time: 0.87 seconds

68.4% target (point 9/13):
  Target: 900000 bits
  Actual: 900000 bits
  BPP: 1.144409
  PSNR: 50.99
  SSIM: 0.9957
  Hist_Corr: 0.9987
  Time: 0.88 seconds

76.0% target (point 10/13):
  Target: 1000000 bits
  Actual: 999999 bits
  BPP: 1.271564
  PSNR: 49.43
  SSIM: 0.9930
  Hist_Corr: 0.9990
  Time: 0.92 seconds

83.6% target (point 11/13):
  Target: 1100000 bits
  Actual: 1099998 bits
  BPP: 1.398720
  PSNR: 49.45
  SSIM: 0.9933
  Hist_Corr: 0.9986
  Time: 0.98 seconds

91.2% target (point 12/13):
  Target: 1200000 bits
  Actual: 1200000 bits
  BPP: 1.525879
  PSNR: 49.00
  SSIM: 0.9924
  Hist_Corr: 0.9987
  Time: 0.98 seconds

98.9% target (point 13/13):
  Target: 1300000 bits
  Actual: 1299999 bits
  BPP: 1.653034
  PSNR: 48.62
  SSIM: 0.9917
  Hist_Corr: 0.9989
  Time: 1.00 seconds

Results summary:
Measurement mode used: step_size=100000
Total data points generated: 14
Successful measurements: 14
Failed measurements: 0
Success rate: 100.0%
Total processing time: 13.41 seconds
Average time per point: 0.96 seconds
Results saved to ./Prediction_Error_Embedding/outcome/plots/F16/data_rhombus
Final confirmation: Used step_size=100000 bits for rhombus

Data table:
 Target_Percentage  Target_Payload  Actual_Payload      BPP      PSNR   SSIM  Hist_Corr  Processing_Time Measurement_Mode
          7.604135          100000           99999 0.127155 58.153127 0.9989   0.999943         0.572086 step_size=100000
         15.208270          200000          199998 0.254311 56.306329 0.9983   0.999836         0.642399 step_size=100000
         22.812404          300000          300000 0.381470 55.164362 0.9978   0.999744         0.647215 step_size=100000
         30.416539          400000          399999 0.508625 52.999472 0.9967   0.999428         0.691208 step_size=100000
         38.020674          500000          499998 0.635780 53.302546 0.9968   0.999376         0.730950 step_size=100000
         45.624809          600000          600000 0.762939 51.590873 0.9957   0.999454         0.767365 step_size=100000
         53.228944          700000          699999 0.890095 50.978994 0.9950   0.999004         0.810166 step_size=100000
         60.833079          800000          799998 1.017250 50.463823 0.9944   0.999201         0.865127 step_size=100000
         68.437213          900000          900000 1.144409 50.990586 0.9957   0.998711         0.881069 step_size=100000
         76.041348         1000000          999999 1.271564 49.427327 0.9930   0.999048         0.923153 step_size=100000
         83.645483         1100000         1099998 1.398720 49.445452 0.9933   0.998564         0.978745 step_size=100000
         91.249618         1200000         1200000 1.525879 48.995577 0.9924   0.998727         0.977274 step_size=100000
         98.853753         1300000         1299999 1.653034 48.624403 0.9917   0.998879         1.000727 step_size=100000
        100.000000         1315074         1315074 1.672203 48.565318 0.9917   0.998763         1.065974 step_size=100000