Simplified measurement run started at 2025-06-18 00:22:55
Image: F16
Method: rotation
Prediction method: rhombus
Ratio of ones: 0.5
Total embeddings: 4
EL mode: 0
Using step_size: 100000 bits (segments parameter 20 ignored)
Measurement mode: step_size
Use different weights: True
Split size: 2, Block base: True

================================================================================

Step 1: Finding maximum payload capacity
Maximum payload: 1659166 bits
Max BPP: 2.109739
Time taken: 1.04 seconds

Step 2: Calculating measurement points
Using step_size: 100000 bits (segments parameter ignored)
Measurement mode: step_size=100000
Total measurement points: 17
Target payload points:
  Point 1: 100000 bits (6.0% of max)
  Point 2: 200000 bits (12.1% of max)
  Point 3: 300000 bits (18.1% of max)
  Point 4: 400000 bits (24.1% of max)
  Point 5: 500000 bits (30.1% of max)
  Point 6: 600000 bits (36.2% of max)
  Point 7: 700000 bits (42.2% of max)
  Point 8: 800000 bits (48.2% of max)
  Point 9: 900000 bits (54.2% of max)
  Point 10: 1000000 bits (60.3% of max)
  Point 11: 1100000 bits (66.3% of max)
  Point 12: 1200000 bits (72.3% of max)
  Point 13: 1300000 bits (78.4% of max)
  Point 14: 1400000 bits (84.4% of max)
  Point 15: 1500000 bits (90.4% of max)
  Point 16: 1600000 bits (96.4% of max)
  Point 17: 1659166 bits (100.0% of max) [using initial measurement]

Step 3: Running embedding algorithm for each target point
Processing 16 measurement points using step_size=100000
6.0% target (point 1/16):
  Target: 100000 bits
  Actual: 99999 bits
  BPP: 0.127155
  PSNR: 57.05
  SSIM: 0.9990
  Hist_Corr: 0.9999
  Time: 0.32 seconds

12.1% target (point 2/16):
  Target: 200000 bits
  Actual: 199998 bits
  BPP: 0.254311
  PSNR: 56.75
  SSIM: 0.9989
  Hist_Corr: 0.9999
  Time: 0.34 seconds

18.1% target (point 3/16):
  Target: 300000 bits
  Actual: 300000 bits
  BPP: 0.381470
  PSNR: 54.36
  SSIM: 0.9983
  Hist_Corr: 0.9994
  Time: 0.39 seconds

24.1% target (point 4/16):
  Target: 400000 bits
  Actual: 399999 bits
  BPP: 0.508625
  PSNR: 53.52
  SSIM: 0.9979
  Hist_Corr: 0.9995
  Time: 0.49 seconds

30.1% target (point 5/16):
  Target: 500000 bits
  Actual: 499998 bits
  BPP: 0.635780
  PSNR: 52.72
  SSIM: 0.9974
  Hist_Corr: 0.9991
  Time: 0.49 seconds

36.2% target (point 6/16):
  Target: 600000 bits
  Actual: 600000 bits
  BPP: 0.762939
  PSNR: 51.90
  SSIM: 0.9968
  Hist_Corr: 0.9989
  Time: 0.52 seconds

42.2% target (point 7/16):
  Target: 700000 bits
  Actual: 699999 bits
  BPP: 0.890095
  PSNR: 50.90
  SSIM: 0.9961
  Hist_Corr: 0.9986
  Time: 0.55 seconds

48.2% target (point 8/16):
  Target: 800000 bits
  Actual: 799998 bits
  BPP: 1.017250
  PSNR: 50.69
  SSIM: 0.9961
  Hist_Corr: 0.9979
  Time: 0.63 seconds

54.2% target (point 9/16):
  Target: 900000 bits
  Actual: 900000 bits
  BPP: 1.144409
  PSNR: 50.79
  SSIM: 0.9960
  Hist_Corr: 0.9987
  Time: 0.68 seconds

60.3% target (point 10/16):
  Target: 1000000 bits
  Actual: 999999 bits
  BPP: 1.271564
  PSNR: 49.12
  SSIM: 0.9951
  Hist_Corr: 0.9990
  Time: 0.71 seconds

66.3% target (point 11/16):
  Target: 1100000 bits
  Actual: 1099998 bits
  BPP: 1.398720
  PSNR: 49.93
  SSIM: 0.9951
  Hist_Corr: 0.9989
  Time: 0.75 seconds

72.3% target (point 12/16):
  Target: 1200000 bits
  Actual: 1200000 bits
  BPP: 1.525879
  PSNR: 49.22
  SSIM: 0.9944
  Hist_Corr: 0.9988
  Time: 0.78 seconds

78.4% target (point 13/16):
  Target: 1300000 bits
  Actual: 1299999 bits
  BPP: 1.653034
  PSNR: 48.98
  SSIM: 0.9938
  Hist_Corr: 0.9982
  Time: 0.86 seconds

84.4% target (point 14/16):
  Target: 1400000 bits
  Actual: 1399998 bits
  BPP: 1.780190
  PSNR: 49.32
  SSIM: 0.9946
  Hist_Corr: 0.9982
  Time: 0.90 seconds

90.4% target (point 15/16):
  Target: 1500000 bits
  Actual: 1500000 bits
  BPP: 1.907349
  PSNR: 48.31
  SSIM: 0.9934
  Hist_Corr: 0.9981
  Time: 0.93 seconds

96.4% target (point 16/16):
  Target: 1600000 bits
  Actual: 1590032 bits
  BPP: 2.021830
  PSNR: 47.86
  SSIM: 0.9926
  Hist_Corr: 0.9972
  Time: 0.94 seconds

Results summary:
Measurement mode used: step_size=100000
Total data points generated: 17
Successful measurements: 17
Failed measurements: 0
Success rate: 100.0%
Total processing time: 13.35 seconds
Average time per point: 0.79 seconds
Results saved to ./Prediction_Error_Embedding/outcome/plots/F16/data_rhombus
Final confirmation: Used step_size=100000 bits for rhombus

Data table:
 Target_Percentage  Target_Payload  Actual_Payload      BPP      PSNR   SSIM  Hist_Corr  Processing_Time Measurement_Mode
          6.027124          100000           99999 0.127155 57.050915 0.9990   0.999901         0.316135 step_size=100000
         12.054249          200000          199998 0.254311 56.747230 0.9989   0.999877         0.340392 step_size=100000
         18.081373          300000          300000 0.381470 54.359998 0.9983   0.999387         0.392392 step_size=100000
         24.108498          400000          399999 0.508625 53.517296 0.9979   0.999479         0.487973 step_size=100000
         30.135622          500000          499998 0.635780 52.723515 0.9974   0.999149         0.490165 step_size=100000
         36.162747          600000          600000 0.762939 51.897449 0.9968   0.998882         0.521049 step_size=100000
         42.189871          700000          699999 0.890095 50.896701 0.9961   0.998622         0.547179 step_size=100000
         48.216996          800000          799998 1.017250 50.691216 0.9961   0.997903         0.629968 step_size=100000
         54.244120          900000          900000 1.144409 50.791026 0.9960   0.998731         0.683027 step_size=100000
         60.271245         1000000          999999 1.271564 49.118218 0.9951   0.998984         0.711719 step_size=100000
         66.298369         1100000         1099998 1.398720 49.931986 0.9951   0.998907         0.754485 step_size=100000
         72.325494         1200000         1200000 1.525879 49.224530 0.9944   0.998827         0.783125 step_size=100000
         78.352618         1300000         1299999 1.653034 48.977634 0.9938   0.998235         0.859033 step_size=100000
         84.379743         1400000         1399998 1.780190 49.322866 0.9946   0.998237         0.895955 step_size=100000
         90.406867         1500000         1500000 1.907349 48.306525 0.9934   0.998057         0.930001 step_size=100000
         96.433992         1600000         1590032 2.021830 47.864475 0.9926   0.997241         0.935987 step_size=100000
        100.000000         1659166         1659166 2.109739 47.723610 0.9925   0.998473         1.041399 step_size=100000