Simplified measurement run started at 2025-06-17 20:16:04
Image: F16
Method: rotation
Prediction method: rhombus
Ratio of ones: 0.5
Total embeddings: 4
EL mode: 0
Using step_size: 100000 bits (segments parameter 20 ignored)
Measurement mode: step_size
Use different weights: True
Split size: 2, Block base: True

================================================================================

Step 1: Finding maximum payload capacity
Maximum payload: 2227958 bits
Max BPP: 2.832995
Time taken: 0.84 seconds

Step 2: Calculating measurement points
Using step_size: 100000 bits (segments parameter ignored)
Measurement mode: step_size=100000
Total measurement points: 23
Target payload points:
  Point 1: 100000 bits (4.5% of max)
  Point 2: 200000 bits (9.0% of max)
  Point 3: 300000 bits (13.5% of max)
  Point 4: 400000 bits (18.0% of max)
  Point 5: 500000 bits (22.4% of max)
  Point 6: 600000 bits (26.9% of max)
  Point 7: 700000 bits (31.4% of max)
  Point 8: 800000 bits (35.9% of max)
  Point 9: 900000 bits (40.4% of max)
  Point 10: 1000000 bits (44.9% of max)
  Point 11: 1100000 bits (49.4% of max)
  Point 12: 1200000 bits (53.9% of max)
  Point 13: 1300000 bits (58.3% of max)
  Point 14: 1400000 bits (62.8% of max)
  Point 15: 1500000 bits (67.3% of max)
  Point 16: 1600000 bits (71.8% of max)
  Point 17: 1700000 bits (76.3% of max)
  Point 18: 1800000 bits (80.8% of max)
  Point 19: 1900000 bits (85.3% of max)
  Point 20: 2000000 bits (89.8% of max)
  Point 21: 2100000 bits (94.3% of max)
  Point 22: 2200000 bits (98.7% of max)
  Point 23: 2227958 bits (100.0% of max) [using initial measurement]

Step 3: Running embedding algorithm for each target point
Processing 22 measurement points using step_size=100000
4.5% target (point 1/22):
  Target: 100000 bits
  Actual: 99999 bits
  BPP: 0.127155
  PSNR: 55.66
  SSIM: 0.9987
  Hist_Corr: 0.9998
  Time: 0.22 seconds

9.0% target (point 2/22):
  Target: 200000 bits
  Actual: 199998 bits
  BPP: 0.254311
  PSNR: 54.22
  SSIM: 0.9979
  Hist_Corr: 0.9997
  Time: 0.25 seconds

13.5% target (point 3/22):
  Target: 300000 bits
  Actual: 300000 bits
  BPP: 0.381470
  PSNR: 54.65
  SSIM: 0.9980
  Hist_Corr: 0.9998
  Time: 0.26 seconds

18.0% target (point 4/22):
  Target: 400000 bits
  Actual: 399999 bits
  BPP: 0.508625
  PSNR: 53.39
  SSIM: 0.9975
  Hist_Corr: 0.9996
  Time: 0.28 seconds

22.4% target (point 5/22):
  Target: 500000 bits
  Actual: 499998 bits
  BPP: 0.635780
  PSNR: 53.41
  SSIM: 0.9974
  Hist_Corr: 0.9997
  Time: 0.28 seconds

26.9% target (point 6/22):
  Target: 600000 bits
  Actual: 600000 bits
  BPP: 0.762939
  PSNR: 52.18
  SSIM: 0.9972
  Hist_Corr: 0.9993
  Time: 0.31 seconds

31.4% target (point 7/22):
  Target: 700000 bits
  Actual: 699999 bits
  BPP: 0.890095
  PSNR: 50.10
  SSIM: 0.9958
  Hist_Corr: 0.9977
  Time: 0.32 seconds

35.9% target (point 8/22):
  Target: 800000 bits
  Actual: 799998 bits
  BPP: 1.017250
  PSNR: 49.04
  SSIM: 0.9942
  Hist_Corr: 0.9985
  Time: 0.40 seconds

40.4% target (point 9/22):
  Target: 900000 bits
  Actual: 900000 bits
  BPP: 1.144409
  PSNR: 48.77
  SSIM: 0.9941
  Hist_Corr: 0.9973
  Time: 0.41 seconds

44.9% target (point 10/22):
  Target: 1000000 bits
  Actual: 999999 bits
  BPP: 1.271564
  PSNR: 49.63
  SSIM: 0.9948
  Hist_Corr: 0.9986
  Time: 0.46 seconds

49.4% target (point 11/22):
  Target: 1100000 bits
  Actual: 1099998 bits
  BPP: 1.398720
  PSNR: 48.79
  SSIM: 0.9940
  Hist_Corr: 0.9981
  Time: 0.48 seconds

53.9% target (point 12/22):
  Target: 1200000 bits
  Actual: 1200000 bits
  BPP: 1.525879
  PSNR: 48.33
  SSIM: 0.9942
  Hist_Corr: 0.9971
  Time: 0.54 seconds

58.3% target (point 13/22):
  Target: 1300000 bits
  Actual: 1299999 bits
  BPP: 1.653034
  PSNR: 48.53
  SSIM: 0.9938
  Hist_Corr: 0.9980
  Time: 0.59 seconds

62.8% target (point 14/22):
  Target: 1400000 bits
  Actual: 1399998 bits
  BPP: 1.780190
  PSNR: 48.17
  SSIM: 0.9936
  Hist_Corr: 0.9972
  Time: 0.64 seconds

67.3% target (point 15/22):
  Target: 1500000 bits
  Actual: 1500000 bits
  BPP: 1.907349
  PSNR: 47.77
  SSIM: 0.9925
  Hist_Corr: 0.9973
  Time: 0.64 seconds

71.8% target (point 16/22):
  Target: 1600000 bits
  Actual: 1599999 bits
  BPP: 2.034504
  PSNR: 48.40
  SSIM: 0.9939
  Hist_Corr: 0.9966
  Time: 0.76 seconds

76.3% target (point 17/22):
  Target: 1700000 bits
  Actual: 1699998 bits
  BPP: 2.161659
  PSNR: 47.89
  SSIM: 0.9932
  Hist_Corr: 0.9982
  Time: 0.80 seconds

80.8% target (point 18/22):
  Target: 1800000 bits
  Actual: 1800000 bits
  BPP: 2.288818
  PSNR: 47.82
  SSIM: 0.9928
  Hist_Corr: 0.9972
  Time: 0.79 seconds

85.3% target (point 19/22):
  Target: 1900000 bits
  Actual: 1896367 bits
  BPP: 2.411355
  PSNR: 47.69
  SSIM: 0.9933
  Hist_Corr: 0.9984
  Time: 0.82 seconds

89.8% target (point 20/22):
  Target: 2000000 bits
  Actual: 1998844 bits
  BPP: 2.541662
  PSNR: 47.41
  SSIM: 0.9919
  Hist_Corr: 0.9970
  Time: 0.85 seconds

94.3% target (point 21/22):
  Target: 2100000 bits
  Actual: 1979500 bits
  BPP: 2.517064
  PSNR: 47.05
  SSIM: 0.9923
  Hist_Corr: 0.9954
  Time: 0.82 seconds

98.7% target (point 22/22):
  Target: 2200000 bits
  Actual: 1970476 bits
  BPP: 2.505590
  PSNR: 47.59
  SSIM: 0.9927
  Hist_Corr: 0.9978
  Time: 0.82 seconds

Results summary:
Measurement mode used: step_size=100000
Total data points generated: 23
Successful measurements: 23
Failed measurements: 0
Success rate: 100.0%
Total processing time: 15.34 seconds
Average time per point: 0.67 seconds
Results saved to ./Prediction_Error_Embedding/outcome/plots/F16/data_rhombus
Final confirmation: Used step_size=100000 bits for rhombus

Data table:
 Target_Percentage  Target_Payload  Actual_Payload      BPP      PSNR   SSIM  Hist_Corr  Processing_Time Measurement_Mode
          4.488415          100000           99999 0.127155 55.657142 0.9987   0.999842         0.218721 step_size=100000
          8.976830          200000          199998 0.254311 54.221414 0.9979   0.999736         0.248955 step_size=100000
         13.465245          300000          300000 0.381470 54.652620 0.9980   0.999785         0.258744 step_size=100000
         17.953660          400000          399999 0.508625 53.390545 0.9975   0.999631         0.279750 step_size=100000
         22.442075          500000          499998 0.635780 53.407933 0.9974   0.999732         0.278532 step_size=100000
         26.930490          600000          600000 0.762939 52.181889 0.9972   0.999308         0.310601 step_size=100000
         31.418905          700000          699999 0.890095 50.099053 0.9958   0.997655         0.324704 step_size=100000
         35.907320          800000          799998 1.017250 49.042116 0.9942   0.998545         0.402350 step_size=100000
         40.395735          900000          900000 1.144409 48.768264 0.9941   0.997350         0.408864 step_size=100000
         44.884150         1000000          999999 1.271564 49.628973 0.9948   0.998616         0.458812 step_size=100000
         49.372564         1100000         1099998 1.398720 48.785001 0.9940   0.998125         0.480186 step_size=100000
         53.860979         1200000         1200000 1.525879 48.327057 0.9942   0.997067         0.535266 step_size=100000
         58.349394         1300000         1299999 1.653034 48.533817 0.9938   0.998021         0.587563 step_size=100000
         62.837809         1400000         1399998 1.780190 48.172481 0.9936   0.997230         0.641948 step_size=100000
         67.326224         1500000         1500000 1.907349 47.765048 0.9925   0.997298         0.643038 step_size=100000
         71.814639         1600000         1599999 2.034504 48.400607 0.9939   0.996641         0.757478 step_size=100000
         76.303054         1700000         1699998 2.161659 47.893350 0.9932   0.998169         0.795846 step_size=100000
         80.791469         1800000         1800000 2.288818 47.817774 0.9928   0.997184         0.794599 step_size=100000
         85.279884         1900000         1896367 2.411355 47.689164 0.9933   0.998396         0.815247 step_size=100000
         89.768299         2000000         1998844 2.541662 47.411449 0.9919   0.996960         0.848301 step_size=100000
         94.256714         2100000         1979500 2.517064 47.051901 0.9923   0.995437         0.821127 step_size=100000
         98.745129         2200000         1970476 2.505590 47.594740 0.9927   0.997783         0.820813 step_size=100000
        100.000000         2227958         2227958 2.832995 47.234211 0.9923   0.996969         0.843332 step_size=100000