Simplified measurement run started at 2025-06-17 22:06:39
Image: F16
Method: split
Prediction method: rhombus
Ratio of ones: 0.5
Total embeddings: 4
EL mode: 0
Using step_size: 100000 bits (segments parameter 20 ignored)
Measurement mode: step_size
Use different weights: True
Split size: 2, Block base: True

================================================================================

Step 1: Finding maximum payload capacity
Maximum payload: 1449857 bits
Max BPP: 1.843589
Time taken: 0.89 seconds

Step 2: Calculating measurement points
Using step_size: 100000 bits (segments parameter ignored)
Measurement mode: step_size=100000
Total measurement points: 15
Target payload points:
  Point 1: 100000 bits (6.9% of max)
  Point 2: 200000 bits (13.8% of max)
  Point 3: 300000 bits (20.7% of max)
  Point 4: 400000 bits (27.6% of max)
  Point 5: 500000 bits (34.5% of max)
  Point 6: 600000 bits (41.4% of max)
  Point 7: 700000 bits (48.3% of max)
  Point 8: 800000 bits (55.2% of max)
  Point 9: 900000 bits (62.1% of max)
  Point 10: 1000000 bits (69.0% of max)
  Point 11: 1100000 bits (75.9% of max)
  Point 12: 1200000 bits (82.8% of max)
  Point 13: 1300000 bits (89.7% of max)
  Point 14: 1400000 bits (96.6% of max)
  Point 15: 1449857 bits (100.0% of max) [using initial measurement]

Step 3: Running embedding algorithm for each target point
Processing 14 measurement points using step_size=100000
6.9% target (point 1/14):
  Target: 100000 bits
  Actual: 131658 bits
  BPP: 0.167412
  PSNR: 49.69
  SSIM: 0.9952
  Hist_Corr: 0.9984
  Time: 0.53 seconds

13.8% target (point 2/14):
  Target: 200000 bits
  Actual: 233764 bits
  BPP: 0.297246
  PSNR: 49.31
  SSIM: 0.9944
  Hist_Corr: 0.9982
  Time: 0.57 seconds

20.7% target (point 3/14):
  Target: 300000 bits
  Actual: 336962 bits
  BPP: 0.428469
  PSNR: 49.41
  SSIM: 0.9949
  Hist_Corr: 0.9969
  Time: 0.72 seconds

27.6% target (point 4/14):
  Target: 400000 bits
  Actual: 434328 bits
  BPP: 0.552277
  PSNR: 48.71
  SSIM: 0.9937
  Hist_Corr: 0.9973
  Time: 0.77 seconds

34.5% target (point 5/14):
  Target: 500000 bits
  Actual: 529964 bits
  BPP: 0.673884
  PSNR: 47.90
  SSIM: 0.9931
  Hist_Corr: 0.9972
  Time: 0.82 seconds

41.4% target (point 6/14):
  Target: 600000 bits
  Actual: 599994 bits
  BPP: 0.762932
  PSNR: 48.39
  SSIM: 0.9934
  Hist_Corr: 0.9983
  Time: 0.85 seconds

48.3% target (point 7/14):
  Target: 700000 bits
  Actual: 699969 bits
  BPP: 0.890057
  PSNR: 48.83
  SSIM: 0.9941
  Hist_Corr: 0.9973
  Time: 0.88 seconds

55.2% target (point 8/14):
  Target: 800000 bits
  Actual: 799802 bits
  BPP: 1.017001
  PSNR: 49.17
  SSIM: 0.9946
  Hist_Corr: 0.9985
  Time: 0.90 seconds

62.1% target (point 9/14):
  Target: 900000 bits
  Actual: 898750 bits
  BPP: 1.142820
  PSNR: 48.47
  SSIM: 0.9938
  Hist_Corr: 0.9985
  Time: 0.87 seconds

69.0% target (point 10/14):
  Target: 1000000 bits
  Actual: 993724 bits
  BPP: 1.263585
  PSNR: 49.40
  SSIM: 0.9942
  Hist_Corr: 0.9985
  Time: 0.90 seconds

75.9% target (point 11/14):
  Target: 1100000 bits
  Actual: 1061199 bits
  BPP: 1.349384
  PSNR: 48.89
  SSIM: 0.9934
  Hist_Corr: 0.9982
  Time: 0.88 seconds

82.8% target (point 12/14):
  Target: 1200000 bits
  Actual: 1078524 bits
  BPP: 1.371414
  PSNR: 48.78
  SSIM: 0.9937
  Hist_Corr: 0.9967
  Time: 0.90 seconds

89.7% target (point 13/14):
  Target: 1300000 bits
  Actual: 1077835 bits
  BPP: 1.370538
  PSNR: 48.92
  SSIM: 0.9941
  Hist_Corr: 0.9987
  Time: 0.83 seconds

96.6% target (point 14/14):
  Target: 1400000 bits
  Actual: 1079549 bits
  BPP: 1.372718
  PSNR: 48.09
  SSIM: 0.9935
  Hist_Corr: 0.9957
  Time: 0.87 seconds

Results summary:
Measurement mode used: step_size=100000
Total data points generated: 15
Successful measurements: 15
Failed measurements: 0
Success rate: 100.0%
Total processing time: 13.92 seconds
Average time per point: 0.93 seconds
Results saved to ./Prediction_Error_Embedding/outcome/plots/F16/data_rhombus
Final confirmation: Used step_size=100000 bits for rhombus

Data table:
 Target_Percentage  Target_Payload  Actual_Payload      BPP      PSNR   SSIM  Hist_Corr  Processing_Time Measurement_Mode
          6.897232          100000          131658 0.167412 49.691597 0.9952   0.998414         0.525381 step_size=100000
         13.794464          200000          233764 0.297246 49.314539 0.9944   0.998206         0.565728 step_size=100000
         20.691696          300000          336962 0.428469 49.409996 0.9949   0.996908         0.715501 step_size=100000
         27.588928          400000          434328 0.552277 48.708344 0.9937   0.997277         0.772570 step_size=100000
         34.486160          500000          529964 0.673884 47.896080 0.9931   0.997198         0.821035 step_size=100000
         41.383392          600000          599994 0.762932 48.390845 0.9934   0.998339         0.847806 step_size=100000
         48.280624          700000          699969 0.890057 48.825877 0.9941   0.997311         0.877862 step_size=100000
         55.177855          800000          799802 1.017001 49.172972 0.9946   0.998534         0.896808 step_size=100000
         62.075087          900000          898750 1.142820 48.472884 0.9938   0.998483         0.873180 step_size=100000
         68.972319         1000000          993724 1.263585 49.401523 0.9942   0.998503         0.903234 step_size=100000
         75.869551         1100000         1061199 1.349384 48.886340 0.9934   0.998210         0.875923 step_size=100000
         82.766783         1200000         1078524 1.371414 48.777399 0.9937   0.996667         0.904979 step_size=100000
         89.664015         1300000         1077835 1.370538 48.915849 0.9941   0.998660         0.834153 step_size=100000
         96.561247         1400000         1079549 1.372718 48.092198 0.9935   0.995739         0.871897 step_size=100000
        100.000000         1449857         1449857 1.843589 49.323397 0.9948   0.998119         0.892090 step_size=100000