Precise measurement run started at 2025-02-26 00:47:22
Image: bridge
Method: split
Prediction method: proposed
Ratio of ones: 0.5
Total embeddings: 5
EL mode: 0
Segments: 15
Use different weights: False

================================================================================

Step 1: Finding maximum payload capacity
Maximum payload: 238280 bits
Max BPP: 0.908966
Time taken: 2.99 seconds

Step 2: Calculating 15 evenly distributed payload points
Target payload points:
  Point 1: 15885 bits (6.7% of max)
  Point 2: 31770 bits (13.3% of max)
  Point 3: 47656 bits (20.0% of max)
  Point 4: 63541 bits (26.7% of max)
  Point 5: 79426 bits (33.3% of max)
  Point 6: 95312 bits (40.0% of max)
  Point 7: 111197 bits (46.7% of max)
  Point 8: 127082 bits (53.3% of max)
  Point 9: 142968 bits (60.0% of max)
  Point 10: 158853 bits (66.7% of max)
  Point 11: 174738 bits (73.3% of max)
  Point 12: 190624 bits (80.0% of max)
  Point 13: 206509 bits (86.7% of max)
  Point 14: 222394 bits (93.3% of max)
  Point 15: 238280 bits (100.0% of max)

Step 3: Running embedding algorithm for each target point
100.0% target (Max capacity):
  Target: 238280 bits
  Actual: 238280 bits
  BPP: 0.908966
  PSNR: 36.32
  SSIM: 0.9724
  Hist_Corr: 0.9696
  Time: 2.99 seconds

6.7% target:
  Target: 15885 bits
  Actual: 15885 bits
  BPP: 0.060596
  PSNR: 50.57
  SSIM: 0.9985
  Hist_Corr: 0.9998
  Time: 0.46 seconds

13.3% target:
  Target: 31770 bits
  Actual: 31770 bits
  BPP: 0.121193
  PSNR: 47.19
  SSIM: 0.9963
  Hist_Corr: 0.9989
  Time: 0.48 seconds

20.0% target:
  Target: 47656 bits
  Actual: 47656 bits
  BPP: 0.181793
  PSNR: 44.59
  SSIM: 0.9943
  Hist_Corr: 0.9956
  Time: 0.52 seconds

26.7% target:
  Target: 63541 bits
  Actual: 63541 bits
  BPP: 0.242390
  PSNR: 43.60
  SSIM: 0.9929
  Hist_Corr: 0.9962
  Time: 0.79 seconds

33.3% target:
  Target: 79426 bits
  Actual: 79426 bits
  BPP: 0.302986
  PSNR: 42.48
  SSIM: 0.9904
  Hist_Corr: 0.9953
  Time: 0.79 seconds

40.0% target:
  Target: 95312 bits
  Actual: 95312 bits
  BPP: 0.363586
  PSNR: 41.62
  SSIM: 0.9891
  Hist_Corr: 0.9924
  Time: 0.82 seconds

46.7% target:
  Target: 111197 bits
  Actual: 111197 bits
  BPP: 0.424183
  PSNR: 41.17
  SSIM: 0.9892
  Hist_Corr: 0.9940
  Time: 1.02 seconds

53.3% target:
  Target: 127082 bits
  Actual: 127082 bits
  BPP: 0.484779
  PSNR: 38.17
  SSIM: 0.9810
  Hist_Corr: 0.9834
  Time: 1.09 seconds

60.0% target:
  Target: 142968 bits
  Actual: 142968 bits
  BPP: 0.545380
  PSNR: 38.59
  SSIM: 0.9824
  Hist_Corr: 0.9824
  Time: 1.34 seconds

66.7% target:
  Target: 158853 bits
  Actual: 158853 bits
  BPP: 0.605976
  PSNR: 36.82
  SSIM: 0.9753
  Hist_Corr: 0.9815
  Time: 1.37 seconds

73.3% target:
  Target: 174738 bits
  Actual: 174738 bits
  BPP: 0.666573
  PSNR: 37.04
  SSIM: 0.9772
  Hist_Corr: 0.9786
  Time: 1.38 seconds

80.0% target:
  Target: 190624 bits
  Actual: 190624 bits
  BPP: 0.727173
  PSNR: 36.88
  SSIM: 0.9758
  Hist_Corr: 0.9799
  Time: 1.67 seconds

86.7% target:
  Target: 206509 bits
  Actual: 206509 bits
  BPP: 0.787769
  PSNR: 35.31
  SSIM: 0.9649
  Hist_Corr: 0.9711
  Time: 1.68 seconds

93.3% target:
  Target: 222394 bits
  Actual: 219452 bits
  BPP: 0.837143
  PSNR: 35.18
  SSIM: 0.9652
  Hist_Corr: 0.9723
  Time: 1.74 seconds

Results summary:
Total processing time: 18.78 seconds
Average time per point: 1.25 seconds
Results saved to ./pred_and_QR/outcome/plots/bridge/precise_proposed

Data table:
 Target_Percentage  Target_Payload  Actual_Payload      BPP      PSNR   SSIM  Hist_Corr  Processing_Time
          6.666667           15885           15885 0.060596 50.574616 0.9985   0.999767         0.462349
         13.333333           31770           31770 0.121193 47.191107 0.9963   0.998920         0.482239
         20.000000           47656           47656 0.181793 44.588740 0.9943   0.995570         0.516147
         26.666667           63541           63541 0.242390 43.604859 0.9929   0.996207         0.786813
         33.333333           79426           79426 0.302986 42.477127 0.9904   0.995307         0.788109
         40.000000           95312           95312 0.363586 41.622501 0.9891   0.992408         0.817759
         46.666667          111197          111197 0.424183 41.169569 0.9892   0.994050         1.018125
         53.333333          127082          127082 0.484779 38.172381 0.9810   0.983426         1.090732
         60.000000          142968          142968 0.545380 38.592233 0.9824   0.982420         1.341107
         66.666667          158853          158853 0.605976 36.824782 0.9753   0.981527         1.373704
         73.333333          174738          174738 0.666573 37.040476 0.9772   0.978647         1.375232
         80.000000          190624          190624 0.727173 36.877832 0.9758   0.979852         1.666201
         86.666667          206509          206509 0.787769 35.308193 0.9649   0.971144         1.680428
         93.333333          222394          219452 0.837143 35.180536 0.9652   0.972286         1.737676
        100.000000          238280          238280 0.908966 36.318087 0.9724   0.969577         2.991153