Precise measurement run started at 2025-03-11 23:11:39
Image: bridge
Method: split
Prediction method: proposed
Ratio of ones: 0.5
Total embeddings: 5
EL mode: 0
Segments: 15
Use different weights: False

================================================================================

Step 1: Finding maximum payload capacity
Maximum payload: 266585 bits
Max BPP: 1.016941
Time taken: 3.33 seconds

Step 2: Calculating 15 evenly distributed payload points
Target payload points:
  Point 1: 17772 bits (6.7% of max)
  Point 2: 35544 bits (13.3% of max)
  Point 3: 53317 bits (20.0% of max)
  Point 4: 71089 bits (26.7% of max)
  Point 5: 88861 bits (33.3% of max)
  Point 6: 106634 bits (40.0% of max)
  Point 7: 124406 bits (46.7% of max)
  Point 8: 142178 bits (53.3% of max)
  Point 9: 159951 bits (60.0% of max)
  Point 10: 177723 bits (66.7% of max)
  Point 11: 195495 bits (73.3% of max)
  Point 12: 213268 bits (80.0% of max)
  Point 13: 231040 bits (86.7% of max)
  Point 14: 248812 bits (93.3% of max)
  Point 15: 266585 bits (100.0% of max)

Step 3: Running embedding algorithm for each target point
100.0% target (Max capacity):
  Target: 266585 bits
  Actual: 266585 bits
  BPP: 1.016941
  PSNR: 48.63
  SSIM: 0.9972
  Hist_Corr: 0.9778
  Time: 3.33 seconds

6.7% target:
  Target: 17772 bits
  Actual: 17772 bits
  BPP: 0.067795
  PSNR: 58.54
  SSIM: 0.9997
  Hist_Corr: 0.9953
  Time: 0.43 seconds

13.3% target:
  Target: 35544 bits
  Actual: 35544 bits
  BPP: 0.135590
  PSNR: 58.13
  SSIM: 0.9996
  Hist_Corr: 0.9959
  Time: 0.45 seconds

20.0% target:
  Target: 53317 bits
  Actual: 53317 bits
  BPP: 0.203388
  PSNR: 56.40
  SSIM: 0.9995
  Hist_Corr: 0.9889
  Time: 0.46 seconds

26.7% target:
  Target: 71089 bits
  Warning: Suspicious PSNR value detected: 57.12 > previous 56.40
  Actual: 71089 bits
  BPP: 0.271183
  PSNR: 57.12
  SSIM: 0.9996
  Hist_Corr: 0.9950
  Time: 0.65 seconds

33.3% target:
  Target: 88861 bits
  Actual: 88861 bits
  BPP: 0.338978
  PSNR: 55.83
  SSIM: 0.9995
  Hist_Corr: 0.9881
  Time: 0.65 seconds

40.0% target:
  Target: 106634 bits
  Actual: 106634 bits
  BPP: 0.406776
  PSNR: 54.81
  SSIM: 0.9992
  Hist_Corr: 0.9927
  Time: 0.68 seconds

46.7% target:
  Target: 124406 bits
  Actual: 124406 bits
  BPP: 0.474571
  PSNR: 52.65
  SSIM: 0.9989
  Hist_Corr: 0.9727
  Time: 0.95 seconds

53.3% target:
  Target: 142178 bits
  Warning: Suspicious PSNR value detected: 53.96 > previous 52.65
  Actual: 142178 bits
  BPP: 0.542366
  PSNR: 53.96
  SSIM: 0.9993
  Hist_Corr: 0.9909
  Time: 1.00 seconds

60.0% target:
  Target: 159951 bits
  Actual: 159951 bits
  BPP: 0.610165
  PSNR: 52.12
  SSIM: 0.9986
  Hist_Corr: 0.9895
  Time: 1.03 seconds

66.7% target:
  Target: 177723 bits
  Actual: 177723 bits
  BPP: 0.677959
  PSNR: 51.69
  SSIM: 0.9987
  Hist_Corr: 0.9765
  Time: 1.26 seconds

73.3% target:
  Target: 195495 bits
  Actual: 195495 bits
  BPP: 0.745754
  PSNR: 50.55
  SSIM: 0.9983
  Hist_Corr: 0.9766
  Time: 1.24 seconds

80.0% target:
  Target: 213268 bits
  Warning: Suspicious PSNR value detected: 51.01 > previous 50.55
  Actual: 213268 bits
  BPP: 0.813553
  PSNR: 51.01
  SSIM: 0.9985
  Hist_Corr: 0.9659
  Time: 1.23 seconds

86.7% target:
  Target: 231040 bits
  Actual: 231040 bits
  BPP: 0.881348
  PSNR: 50.71
  SSIM: 0.9984
  Hist_Corr: 0.9857
  Time: 1.44 seconds

93.3% target:
  Target: 248812 bits
  Warning: Suspicious PSNR value detected: 50.72 > previous 50.71
  Actual: 248812 bits
  BPP: 0.949142
  PSNR: 50.72
  SSIM: 0.9986
  Hist_Corr: 0.9721
  Time: 1.46 seconds

Results summary:
Total processing time: 16.90 seconds
Average time per point: 1.13 seconds
Results saved to ./Prediction_Error_Embedding/outcome/plots/bridge/precise_proposed

Data table:
 Target_Percentage  Target_Payload  Actual_Payload      BPP      PSNR   SSIM  Hist_Corr  Processing_Time Suspicious
          6.666667           17772           17772 0.067795 58.535314 0.9997   0.995259         0.425265      False
         13.333333           35544           35544 0.135590 58.133687 0.9996   0.995898         0.445652      False
         20.000000           53317           53317 0.203388 56.399881 0.9995   0.988851         0.456825      False
         26.666667           71089           71089 0.271183 57.122124 0.9996   0.995024         0.646099       True
         33.333333           88861           88861 0.338978 55.831920 0.9995   0.988062         0.653958      False
         40.000000          106634          106634 0.406776 54.806493 0.9992   0.992725         0.676297      False
         46.666667          124406          124406 0.474571 52.648499 0.9989   0.972699         0.953362      False
         53.333333          142178          142178 0.542366 53.962532 0.9993   0.990859         1.002899       True
         60.000000          159951          159951 0.610165 52.121924 0.9986   0.989505         1.029353      False
         66.666667          177723          177723 0.677959 51.688842 0.9987   0.976481         1.262566      False
         73.333333          195495          195495 0.745754 50.547653 0.9983   0.976577         1.244348      False
         80.000000          213268          213268 0.813553 51.010742 0.9985   0.965903         1.231602       True
         86.666667          231040          231040 0.881348 50.712628 0.9984   0.985702         1.440983      False
         93.333333          248812          248812 0.949142 50.716022 0.9986   0.972146         1.457108       True
        100.000000          266585          266585 1.016941 48.629040 0.9972   0.977841         3.333602        NaN