Precise measurement run started at 2025-03-10 19:13:48
Image: bridge
Method: split
Prediction method: proposed
Ratio of ones: 0.5
Total embeddings: 5
EL mode: 0
Segments: 15
Use different weights: False

================================================================================

Step 1: Finding maximum payload capacity
Maximum payload: 78366 bits
Max BPP: 0.298943
Time taken: 2.34 seconds

Step 2: Calculating 15 evenly distributed payload points
Target payload points:
  Point 1: 5224 bits (6.7% of max)
  Point 2: 10448 bits (13.3% of max)
  Point 3: 15673 bits (20.0% of max)
  Point 4: 20897 bits (26.7% of max)
  Point 5: 26122 bits (33.3% of max)
  Point 6: 31346 bits (40.0% of max)
  Point 7: 36570 bits (46.7% of max)
  Point 8: 41795 bits (53.3% of max)
  Point 9: 47019 bits (60.0% of max)
  Point 10: 52244 bits (66.7% of max)
  Point 11: 57468 bits (73.3% of max)
  Point 12: 62692 bits (80.0% of max)
  Point 13: 67917 bits (86.7% of max)
  Point 14: 73141 bits (93.3% of max)
  Point 15: 78366 bits (100.0% of max)

Step 3: Running embedding algorithm for each target point
100.0% target (Max capacity):
  Target: 78366 bits
  Actual: 78366 bits
  BPP: 0.298943
  PSNR: 53.13
  SSIM: 0.9995
  Hist_Corr: 0.9962
  Time: 2.34 seconds

6.7% target:
  Target: 5224 bits
  Actual: 5224 bits
  BPP: 0.019928
  PSNR: 68.78
  SSIM: 1.0000
  Hist_Corr: 1.0000
  Time: 0.35 seconds

13.3% target:
  Target: 10448 bits
  Actual: 10448 bits
  BPP: 0.039856
  PSNR: 65.62
  SSIM: 0.9999
  Hist_Corr: 0.9998
  Time: 0.37 seconds

20.0% target:
  Target: 15673 bits
  Actual: 15673 bits
  BPP: 0.059788
  PSNR: 62.35
  SSIM: 0.9999
  Hist_Corr: 0.9994
  Time: 0.36 seconds

26.7% target:
  Target: 20897 bits
  Actual: 20897 bits
  BPP: 0.079716
  PSNR: 60.54
  SSIM: 0.9998
  Hist_Corr: 0.9981
  Time: 0.38 seconds

33.3% target:
  Target: 26122 bits
  Warning: Suspicious PSNR value detected: 62.30 > previous 60.54
  Actual: 26122 bits
  BPP: 0.099648
  PSNR: 62.30
  SSIM: 0.9998
  Hist_Corr: 0.9992
  Time: 0.39 seconds

40.0% target:
  Target: 31346 bits
  Actual: 31346 bits
  BPP: 0.119576
  PSNR: 58.43
  SSIM: 0.9998
  Hist_Corr: 0.9992
  Time: 0.63 seconds

46.7% target:
  Target: 36570 bits
  Warning: Suspicious PSNR value detected: 59.17 > previous 58.43
  Actual: 36570 bits
  BPP: 0.139503
  PSNR: 59.17
  SSIM: 0.9998
  Hist_Corr: 0.9992
  Time: 0.64 seconds

53.3% target:
  Target: 41795 bits
  Actual: 41795 bits
  BPP: 0.159435
  PSNR: 57.95
  SSIM: 0.9998
  Hist_Corr: 0.9982
  Time: 0.90 seconds

60.0% target:
  Target: 47019 bits
  Actual: 47019 bits
  BPP: 0.179363
  PSNR: 57.44
  SSIM: 0.9997
  Hist_Corr: 0.9969
  Time: 0.91 seconds

66.7% target:
  Target: 52244 bits
  Actual: 52244 bits
  BPP: 0.199295
  PSNR: 56.53
  SSIM: 0.9997
  Hist_Corr: 0.9973
  Time: 1.12 seconds

73.3% target:
  Target: 57468 bits
  Actual: 57468 bits
  BPP: 0.219223
  PSNR: 54.92
  SSIM: 0.9996
  Hist_Corr: 0.9950
  Time: 0.93 seconds

80.0% target:
  Target: 62692 bits
  Warning: Suspicious PSNR value detected: 56.38 > previous 54.92
  Actual: 62692 bits
  BPP: 0.239151
  PSNR: 56.38
  SSIM: 0.9997
  Hist_Corr: 0.9974
  Time: 1.16 seconds

86.7% target:
  Target: 67917 bits
  Actual: 67917 bits
  BPP: 0.259083
  PSNR: 53.37
  SSIM: 0.9996
  Hist_Corr: 0.9962
  Time: 1.43 seconds

93.3% target:
  Target: 73141 bits
  Warning: Suspicious PSNR value detected: 53.51 > previous 53.37
  Actual: 73141 bits
  BPP: 0.279011
  PSNR: 53.51
  SSIM: 0.9995
  Hist_Corr: 0.9961
  Time: 1.42 seconds

Results summary:
Total processing time: 13.84 seconds
Average time per point: 0.92 seconds
Results saved to ./Prediction_Error_Embedding/outcome/plots/bridge/precise_proposed

Data table:
 Target_Percentage  Target_Payload  Actual_Payload      BPP      PSNR   SSIM  Hist_Corr  Processing_Time Suspicious
          6.666667            5224            5224 0.019928 68.782812 1.0000   0.999961         0.351192      False
         13.333333           10448           10448 0.039856 65.615601 0.9999   0.999843         0.367202      False
         20.000000           15673           15673 0.059788 62.349335 0.9999   0.999368         0.364951      False
         26.666667           20897           20897 0.079716 60.538818 0.9998   0.998092         0.380354      False
         33.333333           26122           26122 0.099648 62.301895 0.9998   0.999202         0.388367       True
         40.000000           31346           31346 0.119576 58.426138 0.9998   0.999157         0.634753      False
         46.666667           36570           36570 0.139503 59.171632 0.9998   0.999248         0.641493       True
         53.333333           41795           41795 0.159435 57.947106 0.9998   0.998200         0.899118      False
         60.000000           47019           47019 0.179363 57.439871 0.9997   0.996883         0.910504      False
         66.666667           52244           52244 0.199295 56.533594 0.9997   0.997260         1.117332      False
         73.333333           57468           57468 0.219223 54.916842 0.9996   0.995007         0.926952      False
         80.000000           62692           62692 0.239151 56.378581 0.9997   0.997369         1.161617       True
         86.666667           67917           67917 0.259083 53.369664 0.9996   0.996210         1.425823      False
         93.333333           73141           73141 0.279011 53.506239 0.9995   0.996067         1.424773       True
        100.000000           78366           78366 0.298943 53.131967 0.9995   0.996247         2.343421        NaN