Simplified measurement run started at 2025-03-10 20:33:34
Image: barbara
Method: split
Prediction method: med
Ratio of ones: 1.0
Total embeddings: 5
EL mode: 0
Segments: 15
Use different weights: False

================================================================================

Step 1: Finding maximum payload capacity
Maximum payload: 159856 bits
Max BPP: 0.609802
Time taken: 0.77 seconds

Step 2: Calculating 15 evenly distributed payload points
Target payload points:
  Point 1: 10657 bits (6.7% of max)
  Point 2: 21314 bits (13.3% of max)
  Point 3: 31971 bits (20.0% of max)
  Point 4: 42628 bits (26.7% of max)
  Point 5: 53285 bits (33.3% of max)
  Point 6: 63942 bits (40.0% of max)
  Point 7: 74599 bits (46.7% of max)
  Point 8: 85256 bits (53.3% of max)
  Point 9: 95913 bits (60.0% of max)
  Point 10: 106570 bits (66.7% of max)
  Point 11: 117227 bits (73.3% of max)
  Point 12: 127884 bits (80.0% of max)
  Point 13: 138541 bits (86.7% of max)
  Point 14: 149198 bits (93.3% of max)
  Point 15: 159856 bits (100.0% of max)

Step 3: Running embedding algorithm for each target point
100.0% target (Max capacity):
  Target: 159856 bits
  Actual: 159856 bits
  BPP: 0.609802
  PSNR: 55.04
  SSIM: 0.9984
  Hist_Corr: 0.9991
  Time: 0.77 seconds

6.7% target:
  Target: 10657 bits
  Actual: 10657 bits
  BPP: 0.040653
  PSNR: 66.53
  SSIM: 0.9999
  Hist_Corr: 0.9999
  Time: 0.19 seconds

13.3% target:
  Target: 21314 bits
  Actual: 21314 bits
  BPP: 0.081306
  PSNR: 63.55
  SSIM: 0.9997
  Hist_Corr: 0.9999
  Time: 0.20 seconds

20.0% target:
  Target: 31971 bits
  Actual: 31971 bits
  BPP: 0.121960
  PSNR: 61.78
  SSIM: 0.9996
  Hist_Corr: 0.9998
  Time: 0.23 seconds

26.7% target:
  Target: 42628 bits
  Actual: 42628 bits
  BPP: 0.162613
  PSNR: 59.42
  SSIM: 0.9994
  Hist_Corr: 0.9997
  Time: 0.27 seconds

33.3% target:
  Target: 53285 bits
  Actual: 53285 bits
  BPP: 0.203266
  PSNR: 59.57
  SSIM: 0.9994
  Hist_Corr: 0.9997
  Time: 0.28 seconds

40.0% target:
  Target: 63942 bits
  Actual: 63942 bits
  BPP: 0.243919
  PSNR: 57.99
  SSIM: 0.9992
  Hist_Corr: 0.9995
  Time: 0.31 seconds

46.7% target:
  Target: 74599 bits
  Actual: 74599 bits
  BPP: 0.284573
  PSNR: 57.57
  SSIM: 0.9991
  Hist_Corr: 0.9995
  Time: 0.35 seconds

53.3% target:
  Target: 85256 bits
  Actual: 85256 bits
  BPP: 0.325226
  PSNR: 56.03
  SSIM: 0.9987
  Hist_Corr: 0.9992
  Time: 0.37 seconds

60.0% target:
  Target: 95913 bits
  Actual: 95913 bits
  BPP: 0.365879
  PSNR: 55.78
  SSIM: 0.9987
  Hist_Corr: 0.9992
  Time: 0.39 seconds

66.7% target:
  Target: 106570 bits
  Actual: 106570 bits
  BPP: 0.406532
  PSNR: 55.54
  SSIM: 0.9986
  Hist_Corr: 0.9992
  Time: 0.42 seconds

73.3% target:
  Target: 117227 bits
  Actual: 117227 bits
  BPP: 0.447186
  PSNR: 55.48
  SSIM: 0.9985
  Hist_Corr: 0.9993
  Time: 0.45 seconds

80.0% target:
  Target: 127884 bits
  Actual: 127884 bits
  BPP: 0.487839
  PSNR: 54.69
  SSIM: 0.9983
  Hist_Corr: 0.9990
  Time: 0.45 seconds

86.7% target:
  Target: 138541 bits
  Actual: 138541 bits
  BPP: 0.528492
  PSNR: 54.15
  SSIM: 0.9981
  Hist_Corr: 0.9989
  Time: 0.50 seconds

93.3% target:
  Target: 149198 bits
  Actual: 149198 bits
  BPP: 0.569145
  PSNR: 53.56
  SSIM: 0.9979
  Hist_Corr: 0.9986
  Time: 0.54 seconds

Results summary:
Total processing time: 7.14 seconds
Average time per point: 0.48 seconds
Results saved to ./Prediction_Error_Embedding/outcome/plots/barbara/data_med

Data table:
 Target_Percentage  Target_Payload  Actual_Payload      BPP      PSNR   SSIM  Hist_Corr  Processing_Time
          6.666667           10657           10657 0.040653 66.534397 0.9999   0.999949         0.192360
         13.333333           21314           21314 0.081306 63.550561 0.9997   0.999889         0.202495
         20.000000           31971           31971 0.121960 61.780041 0.9996   0.999836         0.227302
         26.666667           42628           42628 0.162613 59.420536 0.9994   0.999650         0.267356
         33.333333           53285           53285 0.203266 59.569084 0.9994   0.999719         0.281294
         40.000000           63942           63942 0.243919 57.985388 0.9992   0.999517         0.308715
         46.666667           74599           74599 0.284573 57.574623 0.9991   0.999477         0.346167
         53.333333           85256           85256 0.325226 56.027309 0.9987   0.999218         0.374963
         60.000000           95913           95913 0.365879 55.780605 0.9987   0.999244         0.387223
         66.666667          106570          106570 0.406532 55.541776 0.9986   0.999227         0.418250
         73.333333          117227          117227 0.447186 55.480240 0.9985   0.999260         0.446295
         80.000000          127884          127884 0.487839 54.688367 0.9983   0.999007         0.451491
         86.666667          138541          138541 0.528492 54.151801 0.9981   0.998873         0.496964
         93.333333          149198          149198 0.569145 53.558763 0.9979   0.998577         0.536559
        100.000000          159856          159856 0.609802 55.044859 0.9984   0.999116         0.766200