Simplified measurement run started at 2025-06-18 01:37:40
Image: F16
Method: split
Prediction method: med
Ratio of ones: 0.5
Total embeddings: 4
EL mode: 0
Using step_size: 100000 bits (segments parameter 20 ignored)
Measurement mode: step_size
Use different weights: True
Split size: 2, Block base: False

================================================================================

Step 1: Finding maximum payload capacity
Maximum payload: 1164373 bits
Max BPP: 1.480577
Time taken: 1.21 seconds

Step 2: Calculating measurement points
Using step_size: 100000 bits (segments parameter ignored)
Measurement mode: step_size=100000
Total measurement points: 12
Target payload points:
  Point 1: 100000 bits (8.6% of max)
  Point 2: 200000 bits (17.2% of max)
  Point 3: 300000 bits (25.8% of max)
  Point 4: 400000 bits (34.4% of max)
  Point 5: 500000 bits (42.9% of max)
  Point 6: 600000 bits (51.5% of max)
  Point 7: 700000 bits (60.1% of max)
  Point 8: 800000 bits (68.7% of max)
  Point 9: 900000 bits (77.3% of max)
  Point 10: 1000000 bits (85.9% of max)
  Point 11: 1100000 bits (94.5% of max)
  Point 12: 1164373 bits (100.0% of max) [using initial measurement]

Step 3: Running embedding algorithm for each target point
Processing 11 measurement points using step_size=100000
8.6% target (point 1/11):
  Target: 100000 bits
  Actual: 99999 bits
  BPP: 0.127155
  PSNR: 59.48
  SSIM: 0.9993
  Hist_Corr: 0.9999
  Time: 0.58 seconds

17.2% target (point 2/11):
  Target: 200000 bits
  Actual: 199998 bits
  BPP: 0.254311
  PSNR: 56.60
  SSIM: 0.9985
  Hist_Corr: 0.9998
  Time: 0.64 seconds

25.8% target (point 3/11):
  Target: 300000 bits
  Actual: 300000 bits
  BPP: 0.381470
  PSNR: 55.17
  SSIM: 0.9979
  Hist_Corr: 0.9998
  Time: 0.67 seconds

34.4% target (point 4/11):
  Target: 400000 bits
  Actual: 399999 bits
  BPP: 0.508625
  PSNR: 53.17
  SSIM: 0.9967
  Hist_Corr: 0.9997
  Time: 0.70 seconds

42.9% target (point 5/11):
  Target: 500000 bits
  Actual: 499998 bits
  BPP: 0.635780
  PSNR: 52.62
  SSIM: 0.9968
  Hist_Corr: 0.9996
  Time: 0.76 seconds

51.5% target (point 6/11):
  Target: 600000 bits
  Actual: 600000 bits
  BPP: 0.762939
  PSNR: 50.79
  SSIM: 0.9946
  Hist_Corr: 0.9993
  Time: 0.81 seconds

60.1% target (point 7/11):
  Target: 700000 bits
  Actual: 699999 bits
  BPP: 0.890095
  PSNR: 52.04
  SSIM: 0.9960
  Hist_Corr: 0.9995
  Time: 0.85 seconds

68.7% target (point 8/11):
  Target: 800000 bits
  Actual: 799998 bits
  BPP: 1.017250
  PSNR: 49.83
  SSIM: 0.9941
  Hist_Corr: 0.9991
  Time: 0.93 seconds

77.3% target (point 9/11):
  Target: 900000 bits
  Actual: 900000 bits
  BPP: 1.144409
  PSNR: 49.97
  SSIM: 0.9942
  Hist_Corr: 0.9991
  Time: 0.97 seconds

85.9% target (point 10/11):
  Target: 1000000 bits
  Actual: 999999 bits
  BPP: 1.271564
  PSNR: 49.81
  SSIM: 0.9935
  Hist_Corr: 0.9992
  Time: 1.00 seconds

94.5% target (point 11/11):
  Target: 1100000 bits
  Actual: 1099998 bits
  BPP: 1.398720
  PSNR: 49.60
  SSIM: 0.9939
  Hist_Corr: 0.9993
  Time: 1.01 seconds

Results summary:
Measurement mode used: step_size=100000
Total data points generated: 12
Successful measurements: 12
Failed measurements: 0
Success rate: 100.0%
Total processing time: 11.70 seconds
Average time per point: 0.98 seconds
Results saved to ./Prediction_Error_Embedding/outcome/plots/F16/data_med
Final confirmation: Used step_size=100000 bits for med

Data table:
 Target_Percentage  Target_Payload  Actual_Payload      BPP      PSNR   SSIM  Hist_Corr  Processing_Time Measurement_Mode
          8.588313          100000           99999 0.127155 59.481834 0.9993   0.999913         0.583205 step_size=100000
         17.176626          200000          199998 0.254311 56.595429 0.9985   0.999841         0.637240 step_size=100000
         25.764940          300000          300000 0.381470 55.173939 0.9979   0.999762         0.671787 step_size=100000
         34.353253          400000          399999 0.508625 53.166851 0.9967   0.999697         0.698226 step_size=100000
         42.941566          500000          499998 0.635780 52.621469 0.9968   0.999645         0.756274 step_size=100000
         51.529879          600000          600000 0.762939 50.788266 0.9946   0.999311         0.808135 step_size=100000
         60.118192          700000          699999 0.890095 52.040695 0.9960   0.999495         0.854222 step_size=100000
         68.706506          800000          799998 1.017250 49.833641 0.9941   0.999090         0.929665 step_size=100000
         77.294819          900000          900000 1.144409 49.972912 0.9942   0.999145         0.972116 step_size=100000
         85.883132         1000000          999999 1.271564 49.812662 0.9935   0.999184         0.997052 step_size=100000
         94.471445         1100000         1099998 1.398720 49.600768 0.9939   0.999251         1.013322 step_size=100000
        100.000000         1164373         1164373 1.480577 48.528845 0.9921   0.998433         1.211100 step_size=100000