Simplified measurement run started at 2025-02-26 00:47:57
Image: bridge
Method: split
Prediction method: rhombus
Ratio of ones: 0.9
Total embeddings: 5
EL mode: 0
Segments: 15
Use different weights: False

================================================================================

Step 1: Finding maximum payload capacity
Maximum payload: 49560 bits
Max BPP: 0.189056
Time taken: 0.49 seconds

Step 2: Calculating 15 evenly distributed payload points
Target payload points:
  Point 1: 3304 bits (6.7% of max)
  Point 2: 6608 bits (13.3% of max)
  Point 3: 9912 bits (20.0% of max)
  Point 4: 13216 bits (26.7% of max)
  Point 5: 16520 bits (33.3% of max)
  Point 6: 19824 bits (40.0% of max)
  Point 7: 23128 bits (46.7% of max)
  Point 8: 26432 bits (53.3% of max)
  Point 9: 29736 bits (60.0% of max)
  Point 10: 33040 bits (66.7% of max)
  Point 11: 36344 bits (73.3% of max)
  Point 12: 39648 bits (80.0% of max)
  Point 13: 42952 bits (86.7% of max)
  Point 14: 46256 bits (93.3% of max)
  Point 15: 49560 bits (100.0% of max)

Step 3: Running embedding algorithm for each target point
100.0% target (Max capacity):
  Target: 49560 bits
  Actual: 49560 bits
  BPP: 0.189056
  PSNR: 44.52
  SSIM: 0.9941
  Hist_Corr: 0.9935
  Time: 0.49 seconds

6.7% target:
  Target: 3304 bits
  Actual: 3304 bits
  BPP: 0.012604
  PSNR: 53.80
  SSIM: 0.9993
  Hist_Corr: 0.9997
  Time: 0.24 seconds

13.3% target:
  Target: 6608 bits
  Actual: 6608 bits
  BPP: 0.025208
  PSNR: 51.63
  SSIM: 0.9991
  Hist_Corr: 0.9992
  Time: 0.25 seconds

20.0% target:
  Target: 9912 bits
  Actual: 9912 bits
  BPP: 0.037811
  PSNR: 45.44
  SSIM: 0.9956
  Hist_Corr: 0.9866
  Time: 0.26 seconds

26.7% target:
  Target: 13216 bits
  Actual: 13216 bits
  BPP: 0.050415
  PSNR: 48.87
  SSIM: 0.9982
  Hist_Corr: 0.9976
  Time: 0.27 seconds

33.3% target:
  Target: 16520 bits
  Actual: 16520 bits
  BPP: 0.063019
  PSNR: 47.13
  SSIM: 0.9976
  Hist_Corr: 0.9901
  Time: 0.21 seconds

40.0% target:
  Target: 19824 bits
  Actual: 19824 bits
  BPP: 0.075623
  PSNR: 47.37
  SSIM: 0.9975
  Hist_Corr: 0.9965
  Time: 0.37 seconds

46.7% target:
  Target: 23128 bits
  Actual: 23128 bits
  BPP: 0.088226
  PSNR: 46.91
  SSIM: 0.9967
  Hist_Corr: 0.9852
  Time: 0.24 seconds

53.3% target:
  Target: 26432 bits
  Actual: 26432 bits
  BPP: 0.100830
  PSNR: 45.29
  SSIM: 0.9965
  Hist_Corr: 0.9925
  Time: 0.49 seconds

60.0% target:
  Target: 29736 bits
  Actual: 29736 bits
  BPP: 0.113434
  PSNR: 45.53
  SSIM: 0.9965
  Hist_Corr: 0.9920
  Time: 0.48 seconds

66.7% target:
  Target: 33040 bits
  Actual: 33040 bits
  BPP: 0.126038
  PSNR: 43.39
  SSIM: 0.9929
  Hist_Corr: 0.9765
  Time: 0.39 seconds

73.3% target:
  Target: 36344 bits
  Actual: 36344 bits
  BPP: 0.138641
  PSNR: 44.55
  SSIM: 0.9937
  Hist_Corr: 0.9909
  Time: 0.37 seconds

80.0% target:
  Target: 39648 bits
  Actual: 22727 bits
  BPP: 0.086697
  PSNR: 45.79
  SSIM: 0.9967
  Hist_Corr: 0.9949
  Time: 0.53 seconds

86.7% target:
  Target: 42952 bits
  Actual: 42952 bits
  BPP: 0.163849
  PSNR: 43.99
  SSIM: 0.9933
  Hist_Corr: 0.9868
  Time: 0.45 seconds

93.3% target:
  Target: 46256 bits
  Actual: 46256 bits
  BPP: 0.176453
  PSNR: 44.48
  SSIM: 0.9963
  Hist_Corr: 0.9733
  Time: 0.39 seconds

Results summary:
Total processing time: 5.98 seconds
Average time per point: 0.40 seconds
Results saved to ./pred_and_QR/outcome/plots/bridge/data_rhombus

Data table:
 Target_Percentage  Target_Payload  Actual_Payload      BPP      PSNR   SSIM  Hist_Corr  Processing_Time
          6.666667            3304            3304 0.012604 53.802213 0.9993   0.999741         0.237315
         13.333333            6608            6608 0.025208 51.634010 0.9991   0.999202         0.253954
         20.000000            9912            9912 0.037811 45.438943 0.9956   0.986565         0.263213
         26.666667           13216           13216 0.050415 48.871474 0.9982   0.997629         0.272577
         33.333333           16520           16520 0.063019 47.125526 0.9976   0.990107         0.208500
         40.000000           19824           19824 0.075623 47.373349 0.9975   0.996509         0.374403
         46.666667           23128           23128 0.088226 46.910793 0.9967   0.985174         0.239020
         53.333333           26432           26432 0.100830 45.289968 0.9965   0.992516         0.488305
         60.000000           29736           29736 0.113434 45.529235 0.9965   0.991967         0.483763
         66.666667           33040           33040 0.126038 43.394216 0.9929   0.976458         0.386469
         73.333333           36344           36344 0.138641 44.546693 0.9937   0.990947         0.374269
         80.000000           39648           22727 0.086697 45.789244 0.9967   0.994859         0.527263
         86.666667           42952           42952 0.163849 43.993049 0.9933   0.986769         0.451615
         93.333333           46256           46256 0.176453 44.483515 0.9963   0.973257         0.389015
        100.000000           49560           49560 0.189056 44.516193 0.9941   0.993469         0.486191