Simplified measurement run started at 2025-02-26 00:24:40
Image: barbara
Method: split
Prediction method: rhombus
Ratio of ones: 0.9
Total embeddings: 5
EL mode: 0
Segments: 15
Use different weights: False

================================================================================

Step 1: Finding maximum payload capacity
Maximum payload: 62762 bits
Max BPP: 0.239418
Time taken: 0.50 seconds

Step 2: Calculating 15 evenly distributed payload points
Target payload points:
  Point 1: 4184 bits (6.7% of max)
  Point 2: 8368 bits (13.3% of max)
  Point 3: 12552 bits (20.0% of max)
  Point 4: 16736 bits (26.7% of max)
  Point 5: 20920 bits (33.3% of max)
  Point 6: 25104 bits (40.0% of max)
  Point 7: 29288 bits (46.7% of max)
  Point 8: 33473 bits (53.3% of max)
  Point 9: 37657 bits (60.0% of max)
  Point 10: 41841 bits (66.7% of max)
  Point 11: 46025 bits (73.3% of max)
  Point 12: 50209 bits (80.0% of max)
  Point 13: 54393 bits (86.7% of max)
  Point 14: 58577 bits (93.3% of max)
  Point 15: 62762 bits (100.0% of max)

Step 3: Running embedding algorithm for each target point
100.0% target (Max capacity):
  Target: 62762 bits
  Actual: 62762 bits
  BPP: 0.239418
  PSNR: 41.13
  SSIM: 0.9804
  Hist_Corr: 0.9965
  Time: 0.50 seconds

6.7% target:
  Target: 4184 bits
  Actual: 4184 bits
  BPP: 0.015961
  PSNR: 53.63
  SSIM: 0.9986
  Hist_Corr: 0.9999
  Time: 0.25 seconds

13.3% target:
  Target: 8368 bits
  Actual: 8368 bits
  BPP: 0.031921
  PSNR: 50.76
  SSIM: 0.9973
  Hist_Corr: 0.9997
  Time: 0.32 seconds

20.0% target:
  Target: 12552 bits
  Actual: 12552 bits
  BPP: 0.047882
  PSNR: 50.23
  SSIM: 0.9961
  Hist_Corr: 0.9994
  Time: 0.32 seconds

26.7% target:
  Target: 16736 bits
  Actual: 16736 bits
  BPP: 0.063843
  PSNR: 47.28
  SSIM: 0.9941
  Hist_Corr: 0.9989
  Time: 0.46 seconds

33.3% target:
  Target: 20920 bits
  Actual: 20920 bits
  BPP: 0.079803
  PSNR: 49.76
  SSIM: 0.9957
  Hist_Corr: 0.9996
  Time: 0.24 seconds

40.0% target:
  Target: 25104 bits
  Actual: 25104 bits
  BPP: 0.095764
  PSNR: 47.29
  SSIM: 0.9933
  Hist_Corr: 0.9989
  Time: 0.34 seconds

46.7% target:
  Target: 29288 bits
  Actual: 29288 bits
  BPP: 0.111725
  PSNR: 45.55
  SSIM: 0.9891
  Hist_Corr: 0.9979
  Time: 0.39 seconds

53.3% target:
  Target: 33473 bits
  Actual: 33473 bits
  BPP: 0.127689
  PSNR: 45.06
  SSIM: 0.9884
  Hist_Corr: 0.9971
  Time: 0.32 seconds

60.0% target:
  Target: 37657 bits
  Actual: 35890 bits
  BPP: 0.136909
  PSNR: 45.51
  SSIM: 0.9907
  Hist_Corr: 0.9976
  Time: 0.54 seconds

66.7% target:
  Target: 41841 bits
  Actual: 41841 bits
  BPP: 0.159611
  PSNR: 43.98
  SSIM: 0.9865
  Hist_Corr: 0.9973
  Time: 0.49 seconds

73.3% target:
  Target: 46025 bits
  Actual: 43941 bits
  BPP: 0.167622
  PSNR: 43.19
  SSIM: 0.9845
  Hist_Corr: 0.9963
  Time: 0.54 seconds

80.0% target:
  Target: 50209 bits
  Actual: 50209 bits
  BPP: 0.191532
  PSNR: 43.26
  SSIM: 0.9831
  Hist_Corr: 0.9953
  Time: 0.47 seconds

86.7% target:
  Target: 54393 bits
  Actual: 54145 bits
  BPP: 0.206547
  PSNR: 42.67
  SSIM: 0.9814
  Hist_Corr: 0.9950
  Time: 0.53 seconds

93.3% target:
  Target: 58577 bits
  Actual: 18412 bits
  BPP: 0.070236
  PSNR: 46.96
  SSIM: 0.9938
  Hist_Corr: 0.9990
  Time: 0.55 seconds

Results summary:
Total processing time: 6.76 seconds
Average time per point: 0.45 seconds
Results saved to ./pred_and_QR/outcome/plots/barbara/data_rhombus

Data table:
 Target_Percentage  Target_Payload  Actual_Payload      BPP      PSNR   SSIM  Hist_Corr  Processing_Time
          6.666667            4184            4184 0.015961 53.628407 0.9986   0.999879         0.253344
         13.333333            8368            8368 0.031921 50.758502 0.9973   0.999693         0.315898
         20.000000           12552           12552 0.047882 50.233805 0.9961   0.999410         0.321270
         26.666667           16736           16736 0.063843 47.278459 0.9941   0.998943         0.460278
         33.333333           20920           20920 0.079803 49.760487 0.9957   0.999646         0.243405
         40.000000           25104           25104 0.095764 47.294473 0.9933   0.998919         0.343751
         46.666667           29288           29288 0.111725 45.550547 0.9891   0.997869         0.392453
         53.333333           33473           33473 0.127689 45.059397 0.9884   0.997080         0.317699
         60.000000           37657           35890 0.136909 45.509141 0.9907   0.997628         0.543348
         66.666667           41841           41841 0.159611 43.981958 0.9865   0.997304         0.492757
         73.333333           46025           43941 0.167622 43.185512 0.9845   0.996340         0.539305
         80.000000           50209           50209 0.191532 43.262443 0.9831   0.995278         0.471096
         86.666667           54393           54145 0.206547 42.674993 0.9814   0.994974         0.530341
         93.333333           58577           18412 0.070236 46.957353 0.9938   0.998978         0.545859
        100.000000           62762           62762 0.239418 41.126457 0.9804   0.996515         0.496331