Simplified measurement run started at 2025-03-10 20:33:48
Image: barbara
Method: split
Prediction method: rhombus
Ratio of ones: 0.9
Total embeddings: 5
EL mode: 0
Segments: 15
Use different weights: False

================================================================================

Step 1: Finding maximum payload capacity
Maximum payload: 28062 bits
Max BPP: 0.107048
Time taken: 0.63 seconds

Step 2: Calculating 15 evenly distributed payload points
Target payload points:
  Point 1: 1870 bits (6.7% of max)
  Point 2: 3741 bits (13.3% of max)
  Point 3: 5612 bits (20.0% of max)
  Point 4: 7483 bits (26.7% of max)
  Point 5: 9354 bits (33.3% of max)
  Point 6: 11224 bits (40.0% of max)
  Point 7: 13095 bits (46.7% of max)
  Point 8: 14966 bits (53.3% of max)
  Point 9: 16837 bits (60.0% of max)
  Point 10: 18708 bits (66.7% of max)
  Point 11: 20578 bits (73.3% of max)
  Point 12: 22449 bits (80.0% of max)
  Point 13: 24320 bits (86.7% of max)
  Point 14: 26191 bits (93.3% of max)
  Point 15: 28062 bits (100.0% of max)

Step 3: Running embedding algorithm for each target point
100.0% target (Max capacity):
  Target: 28062 bits
  Actual: 28062 bits
  BPP: 0.107048
  PSNR: 56.36
  SSIM: 0.9987
  Hist_Corr: 0.9993
  Time: 0.63 seconds

6.7% target:
  Target: 1870 bits
  Actual: 1870 bits
  BPP: 0.007133
  PSNR: 65.59
  SSIM: 0.9998
  Hist_Corr: 0.9999
  Time: 0.18 seconds

13.3% target:
  Target: 3741 bits
  Actual: 3741 bits
  BPP: 0.014271
  PSNR: 65.60
  SSIM: 0.9998
  Hist_Corr: 0.9999
  Time: 0.19 seconds

20.0% target:
  Target: 5612 bits
  Actual: 5612 bits
  BPP: 0.021408
  PSNR: 62.51
  SSIM: 0.9997
  Hist_Corr: 0.9999
  Time: 0.21 seconds

26.7% target:
  Target: 7483 bits
  Actual: 7483 bits
  BPP: 0.028545
  PSNR: 62.51
  SSIM: 0.9997
  Hist_Corr: 0.9999
  Time: 0.21 seconds

33.3% target:
  Target: 9354 bits
  Actual: 9354 bits
  BPP: 0.035683
  PSNR: 62.51
  SSIM: 0.9997
  Hist_Corr: 0.9999
  Time: 0.19 seconds

40.0% target:
  Target: 11224 bits
  Actual: 11224 bits
  BPP: 0.042816
  PSNR: 62.41
  SSIM: 0.9997
  Hist_Corr: 0.9999
  Time: 0.23 seconds

46.7% target:
  Target: 13095 bits
  Actual: 13095 bits
  BPP: 0.049953
  PSNR: 60.73
  SSIM: 0.9995
  Hist_Corr: 0.9998
  Time: 0.23 seconds

53.3% target:
  Target: 14966 bits
  Actual: 14966 bits
  BPP: 0.057091
  PSNR: 59.53
  SSIM: 0.9994
  Hist_Corr: 0.9996
  Time: 0.23 seconds

60.0% target:
  Target: 16837 bits
  Actual: 16837 bits
  BPP: 0.064228
  PSNR: 59.52
  SSIM: 0.9994
  Hist_Corr: 0.9996
  Time: 0.24 seconds

66.7% target:
  Target: 18708 bits
  Actual: 18708 bits
  BPP: 0.071365
  PSNR: 60.74
  SSIM: 0.9995
  Hist_Corr: 0.9998
  Time: 0.24 seconds

73.3% target:
  Target: 20578 bits
  Actual: 20578 bits
  BPP: 0.078499
  PSNR: 58.47
  SSIM: 0.9992
  Hist_Corr: 0.9996
  Time: 0.27 seconds

80.0% target:
  Target: 22449 bits
  Actual: 22449 bits
  BPP: 0.085636
  PSNR: 57.99
  SSIM: 0.9991
  Hist_Corr: 0.9995
  Time: 0.29 seconds

86.7% target:
  Target: 24320 bits
  Actual: 24320 bits
  BPP: 0.092773
  PSNR: 57.61
  SSIM: 0.9990
  Hist_Corr: 0.9995
  Time: 0.31 seconds

93.3% target:
  Target: 26191 bits
  Actual: 26191 bits
  BPP: 0.099911
  PSNR: 56.93
  SSIM: 0.9988
  Hist_Corr: 0.9994
  Time: 0.36 seconds

Results summary:
Total processing time: 5.51 seconds
Average time per point: 0.37 seconds
Results saved to ./Prediction_Error_Embedding/outcome/plots/barbara/data_rhombus

Data table:
 Target_Percentage  Target_Payload  Actual_Payload      BPP      PSNR   SSIM  Hist_Corr  Processing_Time
          6.666667            1870            1870 0.007133 65.593377 0.9998   0.999937         0.180153
         13.333333            3741            3741 0.014271 65.599847 0.9998   0.999937         0.191133
         20.000000            5612            5612 0.021408 62.512987 0.9997   0.999865         0.205333
         26.666667            7483            7483 0.028545 62.512987 0.9997   0.999865         0.206329
         33.333333            9354            9354 0.035683 62.506630 0.9997   0.999864         0.192652
         40.000000           11224           11224 0.042816 62.414591 0.9997   0.999855         0.229394
         46.666667           13095           13095 0.049953 60.728358 0.9995   0.999765         0.232098
         53.333333           14966           14966 0.057091 59.527296 0.9994   0.999639         0.228139
         60.000000           16837           16837 0.064228 59.516113 0.9994   0.999633         0.242981
         66.666667           18708           18708 0.071365 60.736500 0.9995   0.999753         0.241826
         73.333333           20578           20578 0.078499 58.467474 0.9992   0.999596         0.268161
         80.000000           22449           22449 0.085636 57.991962 0.9991   0.999541         0.288178
         86.666667           24320           24320 0.092773 57.606368 0.9990   0.999480         0.310697
         93.333333           26191           26191 0.099911 56.930214 0.9988   0.999419         0.362418
        100.000000           28062           28062 0.107048 56.355843 0.9987   0.999342         0.633613