Simplified measurement run started at 2025-03-10 19:14:17
Image: bridge
Method: split
Prediction method: rhombus
Ratio of ones: 0.9
Total embeddings: 5
EL mode: 0
Segments: 15
Use different weights: False

================================================================================

Step 1: Finding maximum payload capacity
Maximum payload: 12671 bits
Max BPP: 0.048336
Time taken: 0.63 seconds

Step 2: Calculating 15 evenly distributed payload points
Target payload points:
  Point 1: 844 bits (6.7% of max)
  Point 2: 1689 bits (13.3% of max)
  Point 3: 2534 bits (20.0% of max)
  Point 4: 3378 bits (26.7% of max)
  Point 5: 4223 bits (33.3% of max)
  Point 6: 5068 bits (40.0% of max)
  Point 7: 5913 bits (46.7% of max)
  Point 8: 6757 bits (53.3% of max)
  Point 9: 7602 bits (60.0% of max)
  Point 10: 8447 bits (66.7% of max)
  Point 11: 9292 bits (73.3% of max)
  Point 12: 10136 bits (80.0% of max)
  Point 13: 10981 bits (86.7% of max)
  Point 14: 11826 bits (93.3% of max)
  Point 15: 12671 bits (100.0% of max)

Step 3: Running embedding algorithm for each target point
100.0% target (Max capacity):
  Target: 12671 bits
  Actual: 12671 bits
  BPP: 0.048336
  PSNR: 60.10
  SSIM: 0.9997
  Hist_Corr: 0.9993
  Time: 0.63 seconds

6.7% target:
  Target: 844 bits
  Actual: 844 bits
  BPP: 0.003220
  PSNR: inf
  SSIM: 1.0000
  Hist_Corr: 1.0000
  Time: 0.19 seconds

13.3% target:
  Target: 1689 bits
  Actual: 1689 bits
  BPP: 0.006443
  PSNR: 68.45
  SSIM: 1.0000
  Hist_Corr: 1.0000
  Time: 0.16 seconds

20.0% target:
  Target: 2534 bits
  Actual: 2534 bits
  BPP: 0.009666
  PSNR: 65.36
  SSIM: 0.9999
  Hist_Corr: 0.9998
  Time: 0.18 seconds

26.7% target:
  Target: 3378 bits
  Actual: 3378 bits
  BPP: 0.012886
  PSNR: 65.41
  SSIM: 0.9999
  Hist_Corr: 0.9998
  Time: 0.20 seconds

33.3% target:
  Target: 4223 bits
  Actual: 4223 bits
  BPP: 0.016109
  PSNR: 65.43
  SSIM: 0.9999
  Hist_Corr: 0.9998
  Time: 0.19 seconds

40.0% target:
  Target: 5068 bits
  Actual: 5068 bits
  BPP: 0.019333
  PSNR: 63.69
  SSIM: 0.9999
  Hist_Corr: 0.9996
  Time: 0.20 seconds

46.7% target:
  Target: 5913 bits
  Actual: 5913 bits
  BPP: 0.022556
  PSNR: 65.38
  SSIM: 0.9999
  Hist_Corr: 0.9998
  Time: 0.23 seconds

53.3% target:
  Target: 6757 bits
  Actual: 6757 bits
  BPP: 0.025776
  PSNR: 63.65
  SSIM: 0.9999
  Hist_Corr: 0.9996
  Time: 0.21 seconds

60.0% target:
  Target: 7602 bits
  Actual: 7602 bits
  BPP: 0.028999
  PSNR: 63.69
  SSIM: 0.9999
  Hist_Corr: 0.9996
  Time: 0.22 seconds

66.7% target:
  Target: 8447 bits
  Actual: 8447 bits
  BPP: 0.032223
  PSNR: 62.40
  SSIM: 0.9998
  Hist_Corr: 0.9993
  Time: 0.25 seconds

73.3% target:
  Target: 9292 bits
  Actual: 9292 bits
  BPP: 0.035446
  PSNR: 62.40
  SSIM: 0.9998
  Hist_Corr: 0.9993
  Time: 0.22 seconds

80.0% target:
  Target: 10136 bits
  Actual: 10136 bits
  BPP: 0.038666
  PSNR: 62.06
  SSIM: 0.9998
  Hist_Corr: 0.9993
  Time: 0.29 seconds

86.7% target:
  Target: 10981 bits
  Actual: 10981 bits
  BPP: 0.041889
  PSNR: 61.45
  SSIM: 0.9998
  Hist_Corr: 0.9994
  Time: 0.30 seconds

93.3% target:
  Target: 11826 bits
  Actual: 11826 bits
  BPP: 0.045113
  PSNR: 60.80
  SSIM: 0.9998
  Hist_Corr: 0.9993
  Time: 0.33 seconds

Results summary:
Total processing time: 5.30 seconds
Average time per point: 0.35 seconds
Results saved to ./Prediction_Error_Embedding/outcome/plots/bridge/data_rhombus

Data table:
 Target_Percentage  Target_Payload  Actual_Payload      BPP      PSNR   SSIM  Hist_Corr  Processing_Time
          6.666667             844             844 0.003220       inf 1.0000   1.000000         0.190930
         13.333333            1689            1689 0.006443 68.449430 1.0000   0.999957         0.164250
         20.000000            2534            2534 0.009666 65.359635 0.9999   0.999821         0.178074
         26.666667            3378            3378 0.012886 65.405388 0.9999   0.999825         0.199133
         33.333333            4223            4223 0.016109 65.434675 0.9999   0.999831         0.189227
         40.000000            5068            5068 0.019333 63.685355 0.9999   0.999619         0.199785
         46.666667            5913            5913 0.022556 65.379813 0.9999   0.999813         0.228060
         53.333333            6757            6757 0.025776 63.645655 0.9999   0.999603         0.207273
         60.000000            7602            7602 0.028999 63.692503 0.9999   0.999620         0.218326
         66.666667            8447            8447 0.032223 62.398627 0.9998   0.999291         0.246366
         73.333333            9292            9292 0.035446 62.399513 0.9998   0.999293         0.224654
         80.000000           10136           10136 0.038666 62.063554 0.9998   0.999310         0.286774
         86.666667           10981           10981 0.041889 61.451893 0.9998   0.999355         0.299247
         93.333333           11826           11826 0.045113 60.801891 0.9998   0.999294         0.326945
        100.000000           12671           12671 0.048336 60.095284 0.9997   0.999333         0.627632