Simplified measurement run started at 2025-02-26 00:47:51
Image: bridge
Method: split
Prediction method: gap
Ratio of ones: 0.7
Total embeddings: 5
EL mode: 0
Segments: 15
Use different weights: False

================================================================================

Step 1: Finding maximum payload capacity
Maximum payload: 249890 bits
Max BPP: 0.953255
Time taken: 0.60 seconds

Step 2: Calculating 15 evenly distributed payload points
Target payload points:
  Point 1: 16659 bits (6.7% of max)
  Point 2: 33318 bits (13.3% of max)
  Point 3: 49978 bits (20.0% of max)
  Point 4: 66637 bits (26.7% of max)
  Point 5: 83296 bits (33.3% of max)
  Point 6: 99956 bits (40.0% of max)
  Point 7: 116615 bits (46.7% of max)
  Point 8: 133274 bits (53.3% of max)
  Point 9: 149934 bits (60.0% of max)
  Point 10: 166593 bits (66.7% of max)
  Point 11: 183252 bits (73.3% of max)
  Point 12: 199912 bits (80.0% of max)
  Point 13: 216571 bits (86.7% of max)
  Point 14: 233230 bits (93.3% of max)
  Point 15: 249890 bits (100.0% of max)

Step 3: Running embedding algorithm for each target point
100.0% target (Max capacity):
  Target: 249890 bits
  Actual: 249890 bits
  BPP: 0.953255
  PSNR: 35.95
  SSIM: 0.9688
  Hist_Corr: 0.9530
  Time: 0.60 seconds

6.7% target:
  Target: 16659 bits
  Actual: 16659 bits
  BPP: 0.063549
  PSNR: 47.83
  SSIM: 0.9965
  Hist_Corr: 0.9983
  Time: 0.22 seconds

13.3% target:
  Target: 33318 bits
  Actual: 33318 bits
  BPP: 0.127098
  PSNR: 46.46
  SSIM: 0.9955
  Hist_Corr: 0.9962
  Time: 0.24 seconds

20.0% target:
  Target: 49978 bits
  Actual: 49978 bits
  BPP: 0.190651
  PSNR: 43.97
  SSIM: 0.9933
  Hist_Corr: 0.9868
  Time: 0.26 seconds

26.7% target:
  Target: 66637 bits
  Actual: 66637 bits
  BPP: 0.254200
  PSNR: 42.38
  SSIM: 0.9910
  Hist_Corr: 0.9812
  Time: 0.28 seconds

33.3% target:
  Target: 83296 bits
  Actual: 83296 bits
  BPP: 0.317749
  PSNR: 40.95
  SSIM: 0.9892
  Hist_Corr: 0.9754
  Time: 0.32 seconds

40.0% target:
  Target: 99956 bits
  Actual: 99956 bits
  BPP: 0.381302
  PSNR: 41.59
  SSIM: 0.9898
  Hist_Corr: 0.9888
  Time: 0.33 seconds

46.7% target:
  Target: 116615 bits
  Actual: 116615 bits
  BPP: 0.444851
  PSNR: 40.25
  SSIM: 0.9866
  Hist_Corr: 0.9831
  Time: 0.34 seconds

53.3% target:
  Target: 133274 bits
  Actual: 133274 bits
  BPP: 0.508400
  PSNR: 38.76
  SSIM: 0.9831
  Hist_Corr: 0.9630
  Time: 0.39 seconds

60.0% target:
  Target: 149934 bits
  Actual: 149934 bits
  BPP: 0.571953
  PSNR: 39.39
  SSIM: 0.9856
  Hist_Corr: 0.9718
  Time: 0.43 seconds

66.7% target:
  Target: 166593 bits
  Actual: 166593 bits
  BPP: 0.635502
  PSNR: 36.98
  SSIM: 0.9766
  Hist_Corr: 0.9646
  Time: 0.47 seconds

73.3% target:
  Target: 183252 bits
  Actual: 183252 bits
  BPP: 0.699051
  PSNR: 36.33
  SSIM: 0.9717
  Hist_Corr: 0.9559
  Time: 0.53 seconds

80.0% target:
  Target: 199912 bits
  Actual: 199912 bits
  BPP: 0.762604
  PSNR: 36.51
  SSIM: 0.9734
  Hist_Corr: 0.9668
  Time: 0.51 seconds

86.7% target:
  Target: 216571 bits
  Actual: 216571 bits
  BPP: 0.826153
  PSNR: 36.33
  SSIM: 0.9714
  Hist_Corr: 0.9408
  Time: 0.54 seconds

93.3% target:
  Target: 233230 bits
  Actual: 233029 bits
  BPP: 0.888935
  PSNR: 35.95
  SSIM: 0.9704
  Hist_Corr: 0.9373
  Time: 0.53 seconds

Results summary:
Total processing time: 6.51 seconds
Average time per point: 0.43 seconds
Results saved to ./pred_and_QR/outcome/plots/bridge/data_gap

Data table:
 Target_Percentage  Target_Payload  Actual_Payload      BPP      PSNR   SSIM  Hist_Corr  Processing_Time
          6.666667           16659           16659 0.063549 47.833748 0.9965   0.998252         0.224203
         13.333333           33318           33318 0.127098 46.464304 0.9955   0.996217         0.236427
         20.000000           49978           49978 0.190651 43.968106 0.9933   0.986804         0.261608
         26.666667           66637           66637 0.254200 42.383596 0.9910   0.981190         0.276273
         33.333333           83296           83296 0.317749 40.953923 0.9892   0.975446         0.323378
         40.000000           99956           99956 0.381302 41.590436 0.9898   0.988772         0.332389
         46.666667          116615          116615 0.444851 40.252540 0.9866   0.983090         0.343326
         53.333333          133274          133274 0.508400 38.760603 0.9831   0.962989         0.393684
         60.000000          149934          149934 0.571953 39.391879 0.9856   0.971772         0.425711
         66.666667          166593          166593 0.635502 36.983934 0.9766   0.964627         0.470623
         73.333333          183252          183252 0.699051 36.328175 0.9717   0.955900         0.529263
         80.000000          199912          199912 0.762604 36.512464 0.9734   0.966832         0.506955
         86.666667          216571          216571 0.826153 36.330306 0.9714   0.940781         0.540417
         93.333333          233230          233029 0.888935 35.952309 0.9704   0.937273         0.531948
        100.000000          249890          249890 0.953255 35.951107 0.9688   0.953032         0.601740