Precise measurement run started at 2025-03-10 20:33:16
Image: barbara
Method: split
Prediction method: proposed
Ratio of ones: 0.5
Total embeddings: 5
EL mode: 0
Segments: 15
Use different weights: False

================================================================================

Step 1: Finding maximum payload capacity
Maximum payload: 422511 bits
Max BPP: 1.611752
Time taken: 2.57 seconds

Step 2: Calculating 15 evenly distributed payload points
Target payload points:
  Point 1: 28167 bits (6.7% of max)
  Point 2: 56334 bits (13.3% of max)
  Point 3: 84502 bits (20.0% of max)
  Point 4: 112669 bits (26.7% of max)
  Point 5: 140837 bits (33.3% of max)
  Point 6: 169004 bits (40.0% of max)
  Point 7: 197171 bits (46.7% of max)
  Point 8: 225339 bits (53.3% of max)
  Point 9: 253506 bits (60.0% of max)
  Point 10: 281674 bits (66.7% of max)
  Point 11: 309841 bits (73.3% of max)
  Point 12: 338008 bits (80.0% of max)
  Point 13: 366176 bits (86.7% of max)
  Point 14: 394343 bits (93.3% of max)
  Point 15: 422511 bits (100.0% of max)

Step 3: Running embedding algorithm for each target point
100.0% target (Max capacity):
  Target: 422511 bits
  Actual: 422511 bits
  BPP: 1.611752
  PSNR: 46.34
  SSIM: 0.9924
  Hist_Corr: 0.9930
  Time: 2.57 seconds

6.7% target:
  Target: 28167 bits
  Actual: 28167 bits
  BPP: 0.107449
  PSNR: 58.85
  SSIM: 0.9993
  Hist_Corr: 0.9998
  Time: 0.37 seconds

13.3% target:
  Target: 56334 bits
  Actual: 56334 bits
  BPP: 0.214897
  PSNR: 57.85
  SSIM: 0.9991
  Hist_Corr: 0.9997
  Time: 0.40 seconds

20.0% target:
  Target: 84502 bits
  Actual: 84502 bits
  BPP: 0.322350
  PSNR: 54.82
  SSIM: 0.9986
  Hist_Corr: 0.9989
  Time: 0.42 seconds

26.7% target:
  Target: 112669 bits
  Actual: 112669 bits
  BPP: 0.429798
  PSNR: 53.52
  SSIM: 0.9976
  Hist_Corr: 0.9991
  Time: 0.63 seconds

33.3% target:
  Target: 140837 bits
  Actual: 140837 bits
  BPP: 0.537251
  PSNR: 52.92
  SSIM: 0.9976
  Hist_Corr: 0.9985
  Time: 0.63 seconds

40.0% target:
  Target: 169004 bits
  Actual: 169004 bits
  BPP: 0.644699
  PSNR: 52.27
  SSIM: 0.9973
  Hist_Corr: 0.9986
  Time: 0.65 seconds

46.7% target:
  Target: 197171 bits
  Actual: 197171 bits
  BPP: 0.752148
  PSNR: 52.17
  SSIM: 0.9975
  Hist_Corr: 0.9982
  Time: 0.86 seconds

53.3% target:
  Target: 225339 bits
  Actual: 225339 bits
  BPP: 0.859600
  PSNR: 51.74
  SSIM: 0.9969
  Hist_Corr: 0.9989
  Time: 0.88 seconds

60.0% target:
  Target: 253506 bits
  Actual: 253506 bits
  BPP: 0.967049
  PSNR: 49.91
  SSIM: 0.9950
  Hist_Corr: 0.9986
  Time: 1.11 seconds

66.7% target:
  Target: 281674 bits
  Actual: 281674 bits
  BPP: 1.074501
  PSNR: 48.64
  SSIM: 0.9941
  Hist_Corr: 0.9970
  Time: 1.12 seconds

73.3% target:
  Target: 309841 bits
  Actual: 309841 bits
  BPP: 1.181950
  PSNR: 48.40
  SSIM: 0.9938
  Hist_Corr: 0.9967
  Time: 1.14 seconds

80.0% target:
  Target: 338008 bits
  Actual: 338008 bits
  BPP: 1.289398
  PSNR: 47.42
  SSIM: 0.9920
  Hist_Corr: 0.9962
  Time: 1.35 seconds

86.7% target:
  Target: 366176 bits
  Warning: Suspicious PSNR value detected: 48.01 > previous 47.42
  Actual: 366176 bits
  BPP: 1.396851
  PSNR: 48.01
  SSIM: 0.9942
  Hist_Corr: 0.9958
  Time: 1.40 seconds

93.3% target:
  Target: 394343 bits
  Actual: 394343 bits
  BPP: 1.504299
  PSNR: 47.78
  SSIM: 0.9941
  Hist_Corr: 0.9954
  Time: 1.39 seconds

Results summary:
Total processing time: 15.43 seconds
Average time per point: 1.03 seconds
Results saved to ./Prediction_Error_Embedding/outcome/plots/barbara/precise_proposed

Data table:
 Target_Percentage  Target_Payload  Actual_Payload      BPP      PSNR   SSIM  Hist_Corr  Processing_Time Suspicious
          6.666667           28167           28167 0.107449 58.850717 0.9993   0.999752         0.373290      False
         13.333333           56334           56334 0.214897 57.850676 0.9991   0.999685         0.401546      False
         20.000000           84502           84502 0.322350 54.821855 0.9986   0.998920         0.420715      False
         26.666667          112669          112669 0.429798 53.516361 0.9976   0.999110         0.627257      False
         33.333333          140837          140837 0.537251 52.918615 0.9976   0.998495         0.632092      False
         40.000000          169004          169004 0.644699 52.269765 0.9973   0.998619         0.653575      False
         46.666667          197171          197171 0.752148 52.169990 0.9975   0.998159         0.862565      False
         53.333333          225339          225339 0.859600 51.736235 0.9969   0.998916         0.875607      False
         60.000000          253506          253506 0.967049 49.908016 0.9950   0.998635         1.111411      False
         66.666667          281674          281674 1.074501 48.641768 0.9941   0.997046         1.119990      False
         73.333333          309841          309841 1.181950 48.400607 0.9938   0.996712         1.139533      False
         80.000000          338008          338008 1.289398 47.417349 0.9920   0.996196         1.349698      False
         86.666667          366176          366176 1.396851 48.014210 0.9942   0.995777         1.396299       True
         93.333333          394343          394343 1.504299 47.777930 0.9941   0.995363         1.388773      False
        100.000000          422511          422511 1.611752 46.341258 0.9924   0.992963         2.566207        NaN