Precise measurement run started at 2025-03-10 19:17:42
Image: barbara
Method: split
Prediction method: proposed
Ratio of ones: 0.5
Total embeddings: 5
EL mode: 0
Segments: 15
Use different weights: False

================================================================================

Step 1: Finding maximum payload capacity
Maximum payload: 120558 bits
Max BPP: 0.459892
Time taken: 2.39 seconds

Step 2: Calculating 15 evenly distributed payload points
Target payload points:
  Point 1: 8037 bits (6.7% of max)
  Point 2: 16074 bits (13.3% of max)
  Point 3: 24111 bits (20.0% of max)
  Point 4: 32148 bits (26.7% of max)
  Point 5: 40186 bits (33.3% of max)
  Point 6: 48223 bits (40.0% of max)
  Point 7: 56260 bits (46.7% of max)
  Point 8: 64297 bits (53.3% of max)
  Point 9: 72334 bits (60.0% of max)
  Point 10: 80372 bits (66.7% of max)
  Point 11: 88409 bits (73.3% of max)
  Point 12: 96446 bits (80.0% of max)
  Point 13: 104483 bits (86.7% of max)
  Point 14: 112520 bits (93.3% of max)
  Point 15: 120558 bits (100.0% of max)

Step 3: Running embedding algorithm for each target point
100.0% target (Max capacity):
  Target: 120558 bits
  Actual: 120558 bits
  BPP: 0.459892
  PSNR: 55.28
  SSIM: 0.9990
  Hist_Corr: 0.9994
  Time: 2.39 seconds

6.7% target:
  Target: 8037 bits
  Actual: 8037 bits
  BPP: 0.030659
  PSNR: 65.20
  SSIM: 0.9999
  Hist_Corr: 0.9999
  Time: 0.35 seconds

13.3% target:
  Target: 16074 bits
  Actual: 16074 bits
  BPP: 0.061317
  PSNR: 62.78
  SSIM: 0.9997
  Hist_Corr: 0.9999
  Time: 0.36 seconds

20.0% target:
  Target: 24111 bits
  Actual: 24111 bits
  BPP: 0.091976
  PSNR: 60.86
  SSIM: 0.9996
  Hist_Corr: 0.9998
  Time: 0.37 seconds

26.7% target:
  Target: 32148 bits
  Actual: 32148 bits
  BPP: 0.122635
  PSNR: 59.56
  SSIM: 0.9994
  Hist_Corr: 0.9998
  Time: 0.39 seconds

33.3% target:
  Target: 40186 bits
  Warning: Suspicious PSNR value detected: 60.20 > previous 59.56
  Actual: 40186 bits
  BPP: 0.153297
  PSNR: 60.20
  SSIM: 0.9994
  Hist_Corr: 0.9998
  Time: 0.60 seconds

40.0% target:
  Target: 48223 bits
  Actual: 48223 bits
  BPP: 0.183956
  PSNR: 59.05
  SSIM: 0.9995
  Hist_Corr: 0.9996
  Time: 0.62 seconds

46.7% target:
  Target: 56260 bits
  Actual: 56260 bits
  BPP: 0.214615
  PSNR: 58.90
  SSIM: 0.9993
  Hist_Corr: 0.9998
  Time: 0.86 seconds

53.3% target:
  Target: 64297 bits
  Actual: 64297 bits
  BPP: 0.245274
  PSNR: 55.73
  SSIM: 0.9991
  Hist_Corr: 0.9994
  Time: 0.85 seconds

60.0% target:
  Target: 72334 bits
  Warning: Suspicious PSNR value detected: 56.61 > previous 55.73
  Actual: 72334 bits
  BPP: 0.275932
  PSNR: 56.61
  SSIM: 0.9991
  Hist_Corr: 0.9997
  Time: 0.86 seconds

66.7% target:
  Target: 80372 bits
  Actual: 80372 bits
  BPP: 0.306595
  PSNR: 56.59
  SSIM: 0.9990
  Hist_Corr: 0.9996
  Time: 1.10 seconds

73.3% target:
  Target: 88409 bits
  Actual: 88409 bits
  BPP: 0.337254
  PSNR: 53.86
  SSIM: 0.9986
  Hist_Corr: 0.9994
  Time: 1.17 seconds

80.0% target:
  Target: 96446 bits
  Actual: 96446 bits
  BPP: 0.367912
  PSNR: 53.46
  SSIM: 0.9986
  Hist_Corr: 0.9995
  Time: 1.38 seconds

86.7% target:
  Target: 104483 bits
  Actual: 104483 bits
  BPP: 0.398571
  PSNR: 52.93
  SSIM: 0.9985
  Hist_Corr: 0.9992
  Time: 1.38 seconds

93.3% target:
  Target: 112520 bits
  Actual: 112520 bits
  BPP: 0.429230
  PSNR: 51.98
  SSIM: 0.9982
  Hist_Corr: 0.9990
  Time: 1.41 seconds

Results summary:
Total processing time: 14.59 seconds
Average time per point: 0.97 seconds
Results saved to ./Prediction_Error_Embedding/outcome/plots/barbara/precise_proposed

Data table:
 Target_Percentage  Target_Payload  Actual_Payload      BPP      PSNR   SSIM  Hist_Corr  Processing_Time Suspicious
          6.666667            8037            8037 0.030659 65.204038 0.9999   0.999940         0.347762      False
         13.333333           16074           16074 0.061317 62.779089 0.9997   0.999907         0.362748      False
         20.000000           24111           24111 0.091976 60.864239 0.9996   0.999826         0.372681      False
         26.666667           32148           32148 0.122635 59.555953 0.9994   0.999775         0.391984      False
         33.333333           40186           40186 0.153297 60.200726 0.9994   0.999803         0.596100       True
         40.000000           48223           48223 0.183956 59.050591 0.9995   0.999630         0.618344      False
         46.666667           56260           56260 0.214615 58.903441 0.9993   0.999810         0.857800      False
         53.333333           64297           64297 0.245274 55.730080 0.9991   0.999365         0.845285      False
         60.000000           72334           72334 0.275932 56.609840 0.9991   0.999714         0.861709       True
         66.666667           80372           80372 0.306595 56.591669 0.9990   0.999641         1.103792      False
         73.333333           88409           88409 0.337254 53.860758 0.9986   0.999439         1.171177      False
         80.000000           96446           96446 0.367912 53.464118 0.9986   0.999458         1.378845      False
         86.666667          104483          104483 0.398571 52.926105 0.9985   0.999184         1.381290      False
         93.333333          112520          112520 0.429230 51.983896 0.9982   0.998971         1.406864      False
        100.000000          120558          120558 0.459892 55.281827 0.9990   0.999444         2.393321        NaN