Precise measurement run started at 2025-03-25 02:01:11
Image: barbara
Method: quadtree
Prediction method: proposed
Ratio of ones: 0.5
Total embeddings: 5
EL mode: 0
Segments: 20
Use different weights: False

================================================================================

Step 1: Finding maximum payload capacity
Maximum payload: 645689 bits
Max BPP: 2.463108
Time taken: 27.19 seconds

Step 2: Calculating 20 evenly distributed payload points
Target payload points:
  Point 1: 32284 bits (5.0% of max)
  Point 2: 64568 bits (10.0% of max)
  Point 3: 96853 bits (15.0% of max)
  Point 4: 129137 bits (20.0% of max)
  Point 5: 161422 bits (25.0% of max)
  Point 6: 193706 bits (30.0% of max)
  Point 7: 225991 bits (35.0% of max)
  Point 8: 258275 bits (40.0% of max)
  Point 9: 290560 bits (45.0% of max)
  Point 10: 322844 bits (50.0% of max)
  Point 11: 355128 bits (55.0% of max)
  Point 12: 387413 bits (60.0% of max)
  Point 13: 419697 bits (65.0% of max)
  Point 14: 451982 bits (70.0% of max)
  Point 15: 484266 bits (75.0% of max)
  Point 16: 516551 bits (80.0% of max)
  Point 17: 548835 bits (85.0% of max)
  Point 18: 581120 bits (90.0% of max)
  Point 19: 613404 bits (95.0% of max)
  Point 20: 645689 bits (100.0% of max)

Step 3: Running embedding algorithm for each target point
100.0% target (Max capacity):
  Target: 645689 bits
  Actual: 645689 bits
  BPP: 2.463108
  PSNR: 43.61
  SSIM: 0.9898
  Hist_Corr: 0.9968
  Time: 27.19 seconds

5.0% target:
  Target: 32284 bits
  Actual: 146846 bits
  BPP: 0.560173
  PSNR: 53.67
  SSIM: 0.9988
  Hist_Corr: 0.9986
  Time: 4.63 seconds

10.0% target:
  Target: 64568 bits
  Warning: Suspicious PSNR value detected: 53.74 > previous 53.67
  Actual: 147548 bits
  BPP: 0.562851
  PSNR: 53.74
  SSIM: 0.9988
  Hist_Corr: 0.9988
  Time: 4.59 seconds

15.0% target:
  Target: 96853 bits
  Actual: 145739 bits
  BPP: 0.555950
  PSNR: 53.56
  SSIM: 0.9988
  Hist_Corr: 0.9990
  Time: 4.72 seconds

20.0% target:
  Target: 129137 bits
  Warning: Suspicious PSNR value detected: 53.64 > previous 53.56
  Actual: 147510 bits
  BPP: 0.562706
  PSNR: 53.64
  SSIM: 0.9988
  Hist_Corr: 0.9989
  Time: 4.80 seconds

25.0% target:
  Target: 161422 bits
  Actual: 280829 bits
  BPP: 1.071278
  PSNR: 49.77
  SSIM: 0.9972
  Hist_Corr: 0.9982
  Time: 9.39 seconds

30.0% target:
  Target: 193706 bits
  Actual: 284619 bits
  BPP: 1.085735
  PSNR: 49.55
  SSIM: 0.9969
  Hist_Corr: 0.9982
  Time: 9.46 seconds

35.0% target:
  Target: 225991 bits
  Actual: 282414 bits
  BPP: 1.077324
  PSNR: 49.72
  SSIM: 0.9972
  Hist_Corr: 0.9979
  Time: 9.51 seconds

40.0% target:
  Target: 258275 bits
  Warning: Suspicious PSNR value detected: 49.87 > previous 49.72
  Actual: 283788 bits
  BPP: 1.082565
  PSNR: 49.87
  SSIM: 0.9973
  Hist_Corr: 0.9984
  Time: 9.52 seconds

45.0% target:
  Target: 290560 bits
  Actual: 417520 bits
  BPP: 1.592712
  PSNR: 46.96
  SSIM: 0.9948
  Hist_Corr: 0.9976
  Time: 14.24 seconds

50.0% target:
  Target: 322844 bits
  Actual: 411089 bits
  BPP: 1.568180
  PSNR: 47.17
  SSIM: 0.9952
  Hist_Corr: 0.9973
  Time: 14.87 seconds

55.0% target:
  Target: 355128 bits
  Actual: 411358 bits
  BPP: 1.569206
  PSNR: 47.17
  SSIM: 0.9951
  Hist_Corr: 0.9975
  Time: 13.79 seconds

60.0% target:
  Target: 387413 bits
  Actual: 407146 bits
  BPP: 1.553139
  PSNR: 47.46
  SSIM: 0.9955
  Hist_Corr: 0.9975
  Time: 14.22 seconds

65.0% target:
  Target: 419697 bits
  Actual: 529122 bits
  BPP: 2.018440
  PSNR: 45.33
  SSIM: 0.9930
  Hist_Corr: 0.9963
  Time: 18.69 seconds

70.0% target:
  Target: 451982 bits
  Actual: 533259 bits
  BPP: 2.034222
  PSNR: 45.22
  SSIM: 0.9926
  Hist_Corr: 0.9974
  Time: 18.48 seconds

75.0% target:
  Target: 484266 bits
  Actual: 539318 bits
  BPP: 2.057335
  PSNR: 44.73
  SSIM: 0.9918
  Hist_Corr: 0.9973
  Time: 18.51 seconds

80.0% target:
  Target: 516551 bits
  Actual: 529175 bits
  BPP: 2.018642
  PSNR: 45.25
  SSIM: 0.9928
  Hist_Corr: 0.9974
  Time: 18.87 seconds

85.0% target:
  Target: 548835 bits
  Actual: 646573 bits
  BPP: 2.466480
  PSNR: 43.90
  SSIM: 0.9905
  Hist_Corr: 0.9970
  Time: 23.78 seconds

90.0% target:
  Target: 581120 bits
  Actual: 645798 bits
  BPP: 2.463524
  PSNR: 43.82
  SSIM: 0.9905
  Hist_Corr: 0.9966
  Time: 23.61 seconds

95.0% target:
  Target: 613404 bits
  Actual: 647458 bits
  BPP: 2.469856
  PSNR: 43.76
  SSIM: 0.9905
  Hist_Corr: 0.9967
  Time: 23.49 seconds

Results summary:
Total processing time: 286.96 seconds
Average time per point: 14.35 seconds
Results saved to ./Prediction_Error_Embedding/outcome/plots/barbara/precise_proposed

Data table:
 Target_Percentage  Target_Payload  Actual_Payload      BPP      PSNR   SSIM  Hist_Corr  Processing_Time Suspicious
               5.0           32284          146846 0.560173 53.668482 0.9988   0.998575         4.633309      False
              10.0           64568          147548 0.562851 53.742214 0.9988   0.998782         4.593675       True
              15.0           96853          145739 0.555950 53.556566 0.9988   0.998976         4.723807      False
              20.0          129137          147510 0.562706 53.643473 0.9988   0.998906         4.804864       True
              25.0          161422          280829 1.071278 49.767316 0.9972   0.998154         9.387964      False
              30.0          193706          284619 1.085735 49.551355 0.9969   0.998232         9.459615      False
              35.0          225991          282414 1.077324 49.724901 0.9972   0.997872         9.508519      False
              40.0          258275          283788 1.082565 49.870191 0.9973   0.998357         9.518344       True
              45.0          290560          417520 1.592712 46.961970 0.9948   0.997557        14.240246      False
              50.0          322844          411089 1.568180 47.171788 0.9952   0.997341        14.873544      False
              55.0          355128          411358 1.569206 47.165297 0.9951   0.997470        13.793350      False
              60.0          387413          407146 1.553139 47.456449 0.9955   0.997529        14.224036      False
              65.0          419697          529122 2.018440 45.325765 0.9930   0.996251        18.693581      False
              70.0          451982          533259 2.034222 45.215825 0.9926   0.997370        18.475855      False
              75.0          484266          539318 2.057335 44.734012 0.9918   0.997291        18.507349      False
              80.0          516551          529175 2.018642 45.254703 0.9928   0.997358        18.865375      False
              85.0          548835          646573 2.466480 43.900350 0.9905   0.997005        23.776847      False
              90.0          581120          645798 2.463524 43.815975 0.9905   0.996602        23.614412      False
              95.0          613404          647458 2.469856 43.762489 0.9905   0.996730        23.490485      False
             100.0          645689          645689 2.463108 43.606069 0.9898   0.996841        27.186682        NaN