Simplified measurement run started at 2025-02-26 00:24:34
Image: barbara
Method: split
Prediction method: gap
Ratio of ones: 0.7
Total embeddings: 5
EL mode: 0
Segments: 15
Use different weights: False

================================================================================

Step 1: Finding maximum payload capacity
Maximum payload: 279542 bits
Max BPP: 1.066368
Time taken: 0.62 seconds

Step 2: Calculating 15 evenly distributed payload points
Target payload points:
  Point 1: 18636 bits (6.7% of max)
  Point 2: 37272 bits (13.3% of max)
  Point 3: 55908 bits (20.0% of max)
  Point 4: 74544 bits (26.7% of max)
  Point 5: 93180 bits (33.3% of max)
  Point 6: 111816 bits (40.0% of max)
  Point 7: 130452 bits (46.7% of max)
  Point 8: 149089 bits (53.3% of max)
  Point 9: 167725 bits (60.0% of max)
  Point 10: 186361 bits (66.7% of max)
  Point 11: 204997 bits (73.3% of max)
  Point 12: 223633 bits (80.0% of max)
  Point 13: 242269 bits (86.7% of max)
  Point 14: 260905 bits (93.3% of max)
  Point 15: 279542 bits (100.0% of max)

Step 3: Running embedding algorithm for each target point
100.0% target (Max capacity):
  Target: 279542 bits
  Actual: 279542 bits
  BPP: 1.066368
  PSNR: 34.98
  SSIM: 0.9303
  Hist_Corr: 0.9618
  Time: 0.62 seconds

6.7% target:
  Target: 18636 bits
  Actual: 18636 bits
  BPP: 0.071091
  PSNR: 49.70
  SSIM: 0.9954
  Hist_Corr: 0.9994
  Time: 0.23 seconds

13.3% target:
  Target: 37272 bits
  Actual: 37272 bits
  BPP: 0.142181
  PSNR: 46.09
  SSIM: 0.9901
  Hist_Corr: 0.9979
  Time: 0.24 seconds

20.0% target:
  Target: 55908 bits
  Actual: 55908 bits
  BPP: 0.213272
  PSNR: 44.98
  SSIM: 0.9891
  Hist_Corr: 0.9965
  Time: 0.29 seconds

26.7% target:
  Target: 74544 bits
  Actual: 74544 bits
  BPP: 0.284363
  PSNR: 42.95
  SSIM: 0.9844
  Hist_Corr: 0.9932
  Time: 0.28 seconds

33.3% target:
  Target: 93180 bits
  Actual: 93180 bits
  BPP: 0.355453
  PSNR: 41.24
  SSIM: 0.9772
  Hist_Corr: 0.9901
  Time: 0.33 seconds

40.0% target:
  Target: 111816 bits
  Actual: 111816 bits
  BPP: 0.426544
  PSNR: 40.60
  SSIM: 0.9744
  Hist_Corr: 0.9904
  Time: 0.37 seconds

46.7% target:
  Target: 130452 bits
  Actual: 130452 bits
  BPP: 0.497635
  PSNR: 38.67
  SSIM: 0.9666
  Hist_Corr: 0.9814
  Time: 0.38 seconds

53.3% target:
  Target: 149089 bits
  Actual: 149089 bits
  BPP: 0.568729
  PSNR: 37.31
  SSIM: 0.9565
  Hist_Corr: 0.9738
  Time: 0.41 seconds

60.0% target:
  Target: 167725 bits
  Actual: 167725 bits
  BPP: 0.639820
  PSNR: 37.44
  SSIM: 0.9571
  Hist_Corr: 0.9769
  Time: 0.42 seconds

66.7% target:
  Target: 186361 bits
  Actual: 186361 bits
  BPP: 0.710911
  PSNR: 37.99
  SSIM: 0.9612
  Hist_Corr: 0.9801
  Time: 0.47 seconds

73.3% target:
  Target: 204997 bits
  Actual: 204997 bits
  BPP: 0.782001
  PSNR: 35.89
  SSIM: 0.9433
  Hist_Corr: 0.9671
  Time: 0.47 seconds

80.0% target:
  Target: 223633 bits
  Actual: 223633 bits
  BPP: 0.853092
  PSNR: 35.57
  SSIM: 0.9365
  Hist_Corr: 0.9622
  Time: 0.49 seconds

86.7% target:
  Target: 242269 bits
  Actual: 242269 bits
  BPP: 0.924183
  PSNR: 35.67
  SSIM: 0.9391
  Hist_Corr: 0.9644
  Time: 0.49 seconds

93.3% target:
  Target: 260905 bits
  Actual: 260905 bits
  BPP: 0.995274
  PSNR: 35.20
  SSIM: 0.9307
  Hist_Corr: 0.9607
  Time: 0.57 seconds

Results summary:
Total processing time: 6.57 seconds
Average time per point: 0.44 seconds
Results saved to ./pred_and_QR/outcome/plots/barbara/data_gap

Data table:
 Target_Percentage  Target_Payload  Actual_Payload      BPP      PSNR   SSIM  Hist_Corr  Processing_Time
          6.666667           18636           18636 0.071091 49.704955 0.9954   0.999432         0.232056
         13.333333           37272           37272 0.142181 46.089287 0.9901   0.997895         0.240193
         20.000000           55908           55908 0.213272 44.979921 0.9891   0.996524         0.286431
         26.666667           74544           74544 0.284363 42.949497 0.9844   0.993170         0.280467
         33.333333           93180           93180 0.355453 41.236726 0.9772   0.990079         0.328048
         40.000000          111816          111816 0.426544 40.600819 0.9744   0.990376         0.367410
         46.666667          130452          130452 0.497635 38.666918 0.9666   0.981432         0.384671
         53.333333          149089          149089 0.568729 37.312215 0.9565   0.973820         0.407837
         60.000000          167725          167725 0.639820 37.437507 0.9571   0.976891         0.420041
         66.666667          186361          186361 0.710911 37.988866 0.9612   0.980121         0.471867
         73.333333          204997          204997 0.782001 35.892140 0.9433   0.967123         0.471724
         80.000000          223633          223633 0.853092 35.566832 0.9365   0.962196         0.490252
         86.666667          242269          242269 0.924183 35.668810 0.9391   0.964438         0.485719
         93.333333          260905          260905 0.995274 35.200219 0.9307   0.960658         0.570313
        100.000000          279542          279542 1.066368 34.983969 0.9303   0.961820         0.622726