Simplified measurement run started at 2025-03-10 20:33:41
Image: barbara
Method: split
Prediction method: gap
Ratio of ones: 0.7
Total embeddings: 5
EL mode: 0
Segments: 15
Use different weights: False

================================================================================

Step 1: Finding maximum payload capacity
Maximum payload: 142281 bits
Max BPP: 0.542759
Time taken: 0.55 seconds

Step 2: Calculating 15 evenly distributed payload points
Target payload points:
  Point 1: 9485 bits (6.7% of max)
  Point 2: 18970 bits (13.3% of max)
  Point 3: 28456 bits (20.0% of max)
  Point 4: 37941 bits (26.7% of max)
  Point 5: 47427 bits (33.3% of max)
  Point 6: 56912 bits (40.0% of max)
  Point 7: 66397 bits (46.7% of max)
  Point 8: 75883 bits (53.3% of max)
  Point 9: 85368 bits (60.0% of max)
  Point 10: 94854 bits (66.7% of max)
  Point 11: 104339 bits (73.3% of max)
  Point 12: 113824 bits (80.0% of max)
  Point 13: 123310 bits (86.7% of max)
  Point 14: 132795 bits (93.3% of max)
  Point 15: 142281 bits (100.0% of max)

Step 3: Running embedding algorithm for each target point
100.0% target (Max capacity):
  Target: 142281 bits
  Actual: 142281 bits
  BPP: 0.542759
  PSNR: 55.79
  SSIM: 0.9983
  Hist_Corr: 0.9995
  Time: 0.55 seconds

6.7% target:
  Target: 9485 bits
  Actual: 9485 bits
  BPP: 0.036182
  PSNR: 62.91
  SSIM: 0.9997
  Hist_Corr: 0.9999
  Time: 0.21 seconds

13.3% target:
  Target: 18970 bits
  Actual: 18970 bits
  BPP: 0.072365
  PSNR: 62.20
  SSIM: 0.9996
  Hist_Corr: 0.9998
  Time: 0.22 seconds

20.0% target:
  Target: 28456 bits
  Actual: 28456 bits
  BPP: 0.108551
  PSNR: 60.31
  SSIM: 0.9994
  Hist_Corr: 0.9997
  Time: 0.24 seconds

26.7% target:
  Target: 37941 bits
  Actual: 37941 bits
  BPP: 0.144733
  PSNR: 59.47
  SSIM: 0.9993
  Hist_Corr: 0.9997
  Time: 0.29 seconds

33.3% target:
  Target: 47427 bits
  Actual: 47427 bits
  BPP: 0.180920
  PSNR: 58.88
  SSIM: 0.9992
  Hist_Corr: 0.9998
  Time: 0.28 seconds

40.0% target:
  Target: 56912 bits
  Actual: 56912 bits
  BPP: 0.217102
  PSNR: 58.29
  SSIM: 0.9991
  Hist_Corr: 0.9995
  Time: 0.32 seconds

46.7% target:
  Target: 66397 bits
  Actual: 66397 bits
  BPP: 0.253284
  PSNR: 58.49
  SSIM: 0.9991
  Hist_Corr: 0.9997
  Time: 0.35 seconds

53.3% target:
  Target: 75883 bits
  Actual: 75883 bits
  BPP: 0.289471
  PSNR: 57.34
  SSIM: 0.9988
  Hist_Corr: 0.9996
  Time: 0.37 seconds

60.0% target:
  Target: 85368 bits
  Actual: 85368 bits
  BPP: 0.325653
  PSNR: 56.59
  SSIM: 0.9986
  Hist_Corr: 0.9996
  Time: 0.36 seconds

66.7% target:
  Target: 94854 bits
  Actual: 94854 bits
  BPP: 0.361839
  PSNR: 56.29
  SSIM: 0.9986
  Hist_Corr: 0.9995
  Time: 0.42 seconds

73.3% target:
  Target: 104339 bits
  Actual: 104339 bits
  BPP: 0.398022
  PSNR: 55.82
  SSIM: 0.9984
  Hist_Corr: 0.9993
  Time: 0.44 seconds

80.0% target:
  Target: 113824 bits
  Actual: 113824 bits
  BPP: 0.434204
  PSNR: 56.30
  SSIM: 0.9985
  Hist_Corr: 0.9996
  Time: 0.45 seconds

86.7% target:
  Target: 123310 bits
  Actual: 123310 bits
  BPP: 0.470390
  PSNR: 55.04
  SSIM: 0.9980
  Hist_Corr: 0.9996
  Time: 0.46 seconds

93.3% target:
  Target: 132795 bits
  Actual: 132795 bits
  BPP: 0.506573
  PSNR: 55.31
  SSIM: 0.9981
  Hist_Corr: 0.9995
  Time: 0.47 seconds

Results summary:
Total processing time: 6.90 seconds
Average time per point: 0.46 seconds
Results saved to ./Prediction_Error_Embedding/outcome/plots/barbara/data_gap

Data table:
 Target_Percentage  Target_Payload  Actual_Payload      BPP      PSNR   SSIM  Hist_Corr  Processing_Time
          6.666667            9485            9485 0.036182 62.912034 0.9997   0.999894         0.206530
         13.333333           18970           18970 0.072365 62.196694 0.9996   0.999803         0.220834
         20.000000           28456           28456 0.108551 60.314540 0.9994   0.999738         0.243562
         26.666667           37941           37941 0.144733 59.465808 0.9993   0.999659         0.293400
         33.333333           47427           47427 0.180920 58.875032 0.9992   0.999757         0.279150
         40.000000           56912           56912 0.217102 58.293589 0.9991   0.999542         0.318357
         46.666667           66397           66397 0.253284 58.487931 0.9991   0.999709         0.352205
         53.333333           75883           75883 0.289471 57.336821 0.9988   0.999555         0.370260
         60.000000           85368           85368 0.325653 56.590972 0.9986   0.999593         0.357327
         66.666667           94854           94854 0.361839 56.294300 0.9986   0.999512         0.423335
         73.333333          104339          104339 0.398022 55.823926 0.9984   0.999336         0.438329
         80.000000          113824          113824 0.434204 56.297775 0.9985   0.999576         0.445783
         86.666667          123310          123310 0.470390 55.042905 0.9980   0.999552         0.464810
         93.333333          132795          132795 0.506573 55.312801 0.9981   0.999535         0.467181
        100.000000          142281          142281 0.542759 55.794707 0.9983   0.999484         0.545539