Simplified measurement run started at 2025-03-10 19:18:05
Image: barbara
Method: split
Prediction method: gap
Ratio of ones: 0.7
Total embeddings: 5
EL mode: 0
Segments: 15
Use different weights: False

================================================================================

Step 1: Finding maximum payload capacity
Maximum payload: 71018 bits
Max BPP: 0.270912
Time taken: 0.51 seconds

Step 2: Calculating 15 evenly distributed payload points
Target payload points:
  Point 1: 4734 bits (6.7% of max)
  Point 2: 9469 bits (13.3% of max)
  Point 3: 14203 bits (20.0% of max)
  Point 4: 18938 bits (26.7% of max)
  Point 5: 23672 bits (33.3% of max)
  Point 6: 28407 bits (40.0% of max)
  Point 7: 33141 bits (46.7% of max)
  Point 8: 37876 bits (53.3% of max)
  Point 9: 42610 bits (60.0% of max)
  Point 10: 47345 bits (66.7% of max)
  Point 11: 52079 bits (73.3% of max)
  Point 12: 56814 bits (80.0% of max)
  Point 13: 61548 bits (86.7% of max)
  Point 14: 66283 bits (93.3% of max)
  Point 15: 71018 bits (100.0% of max)

Step 3: Running embedding algorithm for each target point
100.0% target (Max capacity):
  Target: 71018 bits
  Actual: 71018 bits
  BPP: 0.270912
  PSNR: 57.77
  SSIM: 0.9990
  Hist_Corr: 0.9995
  Time: 0.51 seconds

6.7% target:
  Target: 4734 bits
  Actual: 4734 bits
  BPP: 0.018059
  PSNR: 67.26
  SSIM: 0.9999
  Hist_Corr: 1.0000
  Time: 0.20 seconds

13.3% target:
  Target: 9469 bits
  Actual: 9469 bits
  BPP: 0.036121
  PSNR: 64.11
  SSIM: 0.9997
  Hist_Corr: 0.9999
  Time: 0.18 seconds

20.0% target:
  Target: 14203 bits
  Actual: 14203 bits
  BPP: 0.054180
  PSNR: 62.40
  SSIM: 0.9996
  Hist_Corr: 0.9999
  Time: 0.19 seconds

26.7% target:
  Target: 18938 bits
  Actual: 18938 bits
  BPP: 0.072243
  PSNR: 62.33
  SSIM: 0.9996
  Hist_Corr: 0.9998
  Time: 0.20 seconds

33.3% target:
  Target: 23672 bits
  Actual: 23672 bits
  BPP: 0.090302
  PSNR: 61.12
  SSIM: 0.9995
  Hist_Corr: 0.9998
  Time: 0.21 seconds

40.0% target:
  Target: 28407 bits
  Actual: 28407 bits
  BPP: 0.108364
  PSNR: 61.03
  SSIM: 0.9995
  Hist_Corr: 0.9998
  Time: 0.24 seconds

46.7% target:
  Target: 33141 bits
  Actual: 33141 bits
  BPP: 0.126423
  PSNR: 59.64
  SSIM: 0.9993
  Hist_Corr: 0.9998
  Time: 0.26 seconds

53.3% target:
  Target: 37876 bits
  Actual: 37876 bits
  BPP: 0.144485
  PSNR: 59.99
  SSIM: 0.9994
  Hist_Corr: 0.9998
  Time: 0.28 seconds

60.0% target:
  Target: 42610 bits
  Actual: 42610 bits
  BPP: 0.162544
  PSNR: 56.82
  SSIM: 0.9988
  Hist_Corr: 0.9994
  Time: 0.40 seconds

66.7% target:
  Target: 47345 bits
  Actual: 47345 bits
  BPP: 0.180607
  PSNR: 59.73
  SSIM: 0.9993
  Hist_Corr: 0.9997
  Time: 0.37 seconds

73.3% target:
  Target: 52079 bits
  Actual: 48263 bits
  BPP: 0.184109
  PSNR: 56.60
  SSIM: 0.9988
  Hist_Corr: 0.9993
  Time: 0.49 seconds

80.0% target:
  Target: 56814 bits
  Actual: 56814 bits
  BPP: 0.216728
  PSNR: 57.88
  SSIM: 0.9991
  Hist_Corr: 0.9994
  Time: 0.49 seconds

86.7% target:
  Target: 61548 bits
  Actual: 40965 bits
  BPP: 0.156269
  PSNR: 56.78
  SSIM: 0.9988
  Hist_Corr: 0.9993
  Time: 0.48 seconds

93.3% target:
  Target: 66283 bits
  Actual: 48542 bits
  BPP: 0.185173
  PSNR: 56.47
  SSIM: 0.9987
  Hist_Corr: 0.9992
  Time: 0.47 seconds

Results summary:
Total processing time: 6.47 seconds
Average time per point: 0.43 seconds
Results saved to ./Prediction_Error_Embedding/outcome/plots/barbara/data_gap

Data table:
 Target_Percentage  Target_Payload  Actual_Payload      BPP      PSNR   SSIM  Hist_Corr  Processing_Time
          6.666667            4734            4734 0.018059 67.255213 0.9999   0.999961         0.196949
         13.333333            9469            9469 0.036121 64.107623 0.9997   0.999914         0.179785
         20.000000           14203           14203 0.054180 62.396857 0.9996   0.999865         0.194515
         26.666667           18938           18938 0.072243 62.329687 0.9996   0.999850         0.197730
         33.333333           23672           23672 0.090302 61.122324 0.9995   0.999809         0.213340
         40.000000           28407           28407 0.108364 61.033826 0.9995   0.999801         0.236173
         46.666667           33141           33141 0.126423 59.637683 0.9993   0.999762         0.261359
         53.333333           37876           37876 0.144485 59.989290 0.9994   0.999788         0.277586
         60.000000           42610           42610 0.162544 56.822001 0.9988   0.999402         0.402442
         66.666667           47345           47345 0.180607 59.734381 0.9993   0.999739         0.366854
         73.333333           52079           48263 0.184109 56.602376 0.9988   0.999266         0.487705
         80.000000           56814           56814 0.216728 57.879506 0.9991   0.999433         0.491173
         86.666667           61548           40965 0.156269 56.776523 0.9988   0.999270         0.483638
         93.333333           66283           48542 0.185173 56.474135 0.9987   0.999195         0.472980
        100.000000           71018           71018 0.270912 57.768211 0.9990   0.999548         0.510958