Simplified measurement run started at 2025-03-10 19:11:23
Image: male
Method: split
Prediction method: gap
Ratio of ones: 0.7
Total embeddings: 5
EL mode: 0
Segments: 15
Use different weights: False

================================================================================

Step 1: Finding maximum payload capacity
Maximum payload: 273369 bits
Max BPP: 0.260705
Time taken: 1.49 seconds

Step 2: Calculating 15 evenly distributed payload points
Target payload points:
  Point 1: 18224 bits (6.7% of max)
  Point 2: 36449 bits (13.3% of max)
  Point 3: 54673 bits (20.0% of max)
  Point 4: 72898 bits (26.7% of max)
  Point 5: 91123 bits (33.3% of max)
  Point 6: 109347 bits (40.0% of max)
  Point 7: 127572 bits (46.7% of max)
  Point 8: 145796 bits (53.3% of max)
  Point 9: 164021 bits (60.0% of max)
  Point 10: 182246 bits (66.7% of max)
  Point 11: 200470 bits (73.3% of max)
  Point 12: 218695 bits (80.0% of max)
  Point 13: 236919 bits (86.7% of max)
  Point 14: 255144 bits (93.3% of max)
  Point 15: 273369 bits (100.0% of max)

Step 3: Running embedding algorithm for each target point
100.0% target (Max capacity):
  Target: 273369 bits
  Actual: 273369 bits
  BPP: 0.260705
  PSNR: 55.15
  SSIM: 0.9952
  Hist_Corr: 0.9445
  Time: 1.49 seconds

6.7% target:
  Target: 18224 bits
  Actual: 18224 bits
  BPP: 0.017380
  PSNR: 67.42
  SSIM: 0.9998
  Hist_Corr: 0.9979
  Time: 0.57 seconds

13.3% target:
  Target: 36449 bits
  Actual: 36449 bits
  BPP: 0.034760
  PSNR: 64.85
  SSIM: 0.9997
  Hist_Corr: 0.9960
  Time: 0.63 seconds

20.0% target:
  Target: 54673 bits
  Actual: 54673 bits
  BPP: 0.052140
  PSNR: 63.37
  SSIM: 0.9996
  Hist_Corr: 0.9925
  Time: 0.62 seconds

26.7% target:
  Target: 72898 bits
  Actual: 72898 bits
  BPP: 0.069521
  PSNR: 62.22
  SSIM: 0.9995
  Hist_Corr: 0.9920
  Time: 0.64 seconds

33.3% target:
  Target: 91123 bits
  Actual: 91123 bits
  BPP: 0.086902
  PSNR: 60.98
  SSIM: 0.9991
  Hist_Corr: 0.9723
  Time: 0.69 seconds

40.0% target:
  Target: 109347 bits
  Actual: 109347 bits
  BPP: 0.104281
  PSNR: 60.59
  SSIM: 0.9992
  Hist_Corr: 0.9802
  Time: 0.74 seconds

46.7% target:
  Target: 127572 bits
  Actual: 127572 bits
  BPP: 0.121662
  PSNR: 59.81
  SSIM: 0.9991
  Hist_Corr: 0.9867
  Time: 0.79 seconds

53.3% target:
  Target: 145796 bits
  Actual: 145796 bits
  BPP: 0.139042
  PSNR: 59.74
  SSIM: 0.9988
  Hist_Corr: 0.9626
  Time: 0.90 seconds

60.0% target:
  Target: 164021 bits
  Actual: 164021 bits
  BPP: 0.156423
  PSNR: 58.20
  SSIM: 0.9982
  Hist_Corr: 0.9643
  Time: 0.91 seconds

66.7% target:
  Target: 182246 bits
  Actual: 182246 bits
  BPP: 0.173803
  PSNR: 58.27
  SSIM: 0.9982
  Hist_Corr: 0.9605
  Time: 0.85 seconds

73.3% target:
  Target: 200470 bits
  Actual: 200470 bits
  BPP: 0.191183
  PSNR: 56.84
  SSIM: 0.9970
  Hist_Corr: 0.9492
  Time: 0.98 seconds

80.0% target:
  Target: 218695 bits
  Actual: 218695 bits
  BPP: 0.208564
  PSNR: 56.99
  SSIM: 0.9971
  Hist_Corr: 0.9555
  Time: 1.02 seconds

86.7% target:
  Target: 236919 bits
  Actual: 236919 bits
  BPP: 0.225944
  PSNR: 56.18
  SSIM: 0.9963
  Hist_Corr: 0.9523
  Time: 1.26 seconds

93.3% target:
  Target: 255144 bits
  Actual: 255144 bits
  BPP: 0.243324
  PSNR: 56.32
  SSIM: 0.9968
  Hist_Corr: 0.9501
  Time: 1.14 seconds

Results summary:
Total processing time: 15.90 seconds
Average time per point: 1.06 seconds
Results saved to ./Prediction_Error_Embedding/outcome/plots/male/data_gap

Data table:
 Target_Percentage  Target_Payload  Actual_Payload      BPP      PSNR   SSIM  Hist_Corr  Processing_Time
          6.666667           18224           18224 0.017380 67.420837 0.9998   0.997871         0.571594
         13.333333           36449           36449 0.034760 64.846749 0.9997   0.996041         0.627489
         20.000000           54673           54673 0.052140 63.367091 0.9996   0.992475         0.618612
         26.666667           72898           72898 0.069521 62.222544 0.9995   0.991977         0.644520
         33.333333           91123           91123 0.086902 60.981612 0.9991   0.972293         0.694974
         40.000000          109347          109347 0.104281 60.590174 0.9992   0.980177         0.741451
         46.666667          127572          127572 0.121662 59.811820 0.9991   0.986730         0.794312
         53.333333          145796          145796 0.139042 59.743018 0.9988   0.962573         0.901070
         60.000000          164021          164021 0.156423 58.195211 0.9982   0.964323         0.908959
         66.666667          182246          182246 0.173803 58.270388 0.9982   0.960469         0.854187
         73.333333          200470          200470 0.191183 56.836273 0.9970   0.949210         0.978284
         80.000000          218695          218695 0.208564 56.985922 0.9971   0.955543         1.022085
         86.666667          236919          236919 0.225944 56.178841 0.9963   0.952308         1.263580
         93.333333          255144          255144 0.243324 56.322285 0.9968   0.950104         1.144641
        100.000000          273369          273369 0.260705 55.146513 0.9952   0.944521         1.490427