Simplified measurement run started at 2025-06-18 01:26:06
Image: Male
Method: split
Prediction method: gap
Ratio of ones: 0.5
Total embeddings: 4
EL mode: 0
Using step_size: 100000 bits (segments parameter 20 ignored)
Measurement mode: step_size
Use different weights: True
Split size: 2, Block base: True

================================================================================

Step 1: Finding maximum payload capacity
Maximum payload: 1083965 bits
Max BPP: 1.033750
Time taken: 0.84 seconds

Step 2: Calculating measurement points
Using step_size: 100000 bits (segments parameter ignored)
Measurement mode: step_size=100000
Total measurement points: 11
Target payload points:
  Point 1: 100000 bits (9.2% of max)
  Point 2: 200000 bits (18.5% of max)
  Point 3: 300000 bits (27.7% of max)
  Point 4: 400000 bits (36.9% of max)
  Point 5: 500000 bits (46.1% of max)
  Point 6: 600000 bits (55.4% of max)
  Point 7: 700000 bits (64.6% of max)
  Point 8: 800000 bits (73.8% of max)
  Point 9: 900000 bits (83.0% of max)
  Point 10: 1000000 bits (92.3% of max)
  Point 11: 1083965 bits (100.0% of max) [using initial measurement]

Step 3: Running embedding algorithm for each target point
Processing 10 measurement points using step_size=100000
9.2% target (point 1/10):
  Target: 100000 bits
  Actual: 100000 bits
  BPP: 0.095367
  PSNR: 60.63
  SSIM: 0.9994
  Hist_Corr: 0.9945
  Time: 0.39 seconds

18.5% target (point 2/10):
  Target: 200000 bits
  Actual: 200000 bits
  BPP: 0.190735
  PSNR: 58.91
  SSIM: 0.9988
  Hist_Corr: 0.9660
  Time: 0.42 seconds

27.7% target (point 3/10):
  Target: 300000 bits
  Actual: 300000 bits
  BPP: 0.286102
  PSNR: 56.70
  SSIM: 0.9985
  Hist_Corr: 0.9858
  Time: 0.50 seconds

36.9% target (point 4/10):
  Target: 400000 bits
  Actual: 400000 bits
  BPP: 0.381470
  PSNR: 54.86
  SSIM: 0.9977
  Hist_Corr: 0.9724
  Time: 0.56 seconds

46.1% target (point 5/10):
  Target: 500000 bits
  Actual: 500000 bits
  BPP: 0.476837
  PSNR: 53.92
  SSIM: 0.9972
  Hist_Corr: 0.9892
  Time: 0.56 seconds

55.4% target (point 6/10):
  Target: 600000 bits
  Actual: 600000 bits
  BPP: 0.572205
  PSNR: 53.15
  SSIM: 0.9968
  Hist_Corr: 0.9791
  Time: 0.61 seconds

64.6% target (point 7/10):
  Target: 700000 bits
  Actual: 700000 bits
  BPP: 0.667572
  PSNR: 52.72
  SSIM: 0.9959
  Hist_Corr: 0.9528
  Time: 0.72 seconds

73.8% target (point 8/10):
  Target: 800000 bits
  Actual: 800000 bits
  BPP: 0.762939
  PSNR: 51.72
  SSIM: 0.9956
  Hist_Corr: 0.9612
  Time: 0.79 seconds

83.0% target (point 9/10):
  Target: 900000 bits
  Actual: 900000 bits
  BPP: 0.858307
  PSNR: 51.18
  SSIM: 0.9953
  Hist_Corr: 0.9657
  Time: 0.80 seconds

92.3% target (point 10/10):
  Target: 1000000 bits
  Actual: 1000000 bits
  BPP: 0.953674
  PSNR: 50.87
  SSIM: 0.9949
  Hist_Corr: 0.9375
  Time: 0.88 seconds

Results summary:
Measurement mode used: step_size=100000
Total data points generated: 11
Successful measurements: 11
Failed measurements: 0
Success rate: 100.0%
Total processing time: 8.59 seconds
Average time per point: 0.78 seconds
Results saved to ./Prediction_Error_Embedding/outcome/plots/Male/data_gap
Final confirmation: Used step_size=100000 bits for gap

Data table:
 Target_Percentage  Target_Payload  Actual_Payload      BPP      PSNR   SSIM  Hist_Corr  Processing_Time Measurement_Mode
          9.225390          100000          100000 0.095367 60.630491 0.9994   0.994485         0.387092 step_size=100000
         18.450780          200000          200000 0.190735 58.914638 0.9988   0.966009         0.421961 step_size=100000
         27.676170          300000          300000 0.286102 56.703787 0.9985   0.985789         0.497327 step_size=100000
         36.901560          400000          400000 0.381470 54.862390 0.9977   0.972389         0.558769 step_size=100000
         46.126951          500000          500000 0.476837 53.919255 0.9972   0.989239         0.563924 step_size=100000
         55.352341          600000          600000 0.572205 53.148427 0.9968   0.979100         0.614111 step_size=100000
         64.577731          700000          700000 0.667572 52.721591 0.9959   0.952755         0.718092 step_size=100000
         73.803121          800000          800000 0.762939 51.719196 0.9956   0.961156         0.789088 step_size=100000
         83.028511          900000          900000 0.858307 51.176803 0.9953   0.965691         0.800308 step_size=100000
         92.253901         1000000         1000000 0.953674 50.865475 0.9949   0.937486         0.877185 step_size=100000
        100.000000         1083965         1083965 1.033750 50.235661 0.9932   0.945787         0.839327 step_size=100000