Simplified measurement run started at 2025-03-10 19:00:59
Image: male
Method: split
Prediction method: gap
Ratio of ones: 0.7
Total embeddings: 5
EL mode: 0
Segments: 15
Use different weights: False

================================================================================

Step 1: Finding maximum payload capacity
Maximum payload: 253411 bits
Max BPP: 0.241672
Time taken: 1.29 seconds

Step 2: Calculating 15 evenly distributed payload points
Target payload points:
  Point 1: 16894 bits (6.7% of max)
  Point 2: 33788 bits (13.3% of max)
  Point 3: 50682 bits (20.0% of max)
  Point 4: 67576 bits (26.7% of max)
  Point 5: 84470 bits (33.3% of max)
  Point 6: 101364 bits (40.0% of max)
  Point 7: 118258 bits (46.7% of max)
  Point 8: 135152 bits (53.3% of max)
  Point 9: 152046 bits (60.0% of max)
  Point 10: 168940 bits (66.7% of max)
  Point 11: 185834 bits (73.3% of max)
  Point 12: 202728 bits (80.0% of max)
  Point 13: 219622 bits (86.7% of max)
  Point 14: 236516 bits (93.3% of max)
  Point 15: 253411 bits (100.0% of max)

Step 3: Running embedding algorithm for each target point
100.0% target (Max capacity):
  Target: 253411 bits
  Actual: 253411 bits
  BPP: 0.241672
  PSNR: 55.53
  SSIM: 0.9957
  Hist_Corr: 0.9457
  Time: 1.29 seconds

6.7% target:
  Target: 16894 bits
  Actual: 16894 bits
  BPP: 0.016111
  PSNR: 67.76
  SSIM: 0.9998
  Hist_Corr: 0.9978
  Time: 0.51 seconds

13.3% target:
  Target: 33788 bits
  Actual: 33788 bits
  BPP: 0.032223
  PSNR: 65.11
  SSIM: 0.9998
  Hist_Corr: 0.9972
  Time: 0.55 seconds

20.0% target:
  Target: 50682 bits
  Actual: 50682 bits
  BPP: 0.048334
  PSNR: 63.75
  SSIM: 0.9997
  Hist_Corr: 0.9936
  Time: 0.56 seconds

26.7% target:
  Target: 67576 bits
  Actual: 67576 bits
  BPP: 0.064445
  PSNR: 62.55
  SSIM: 0.9995
  Hist_Corr: 0.9871
  Time: 0.62 seconds

33.3% target:
  Target: 84470 bits
  Actual: 84470 bits
  BPP: 0.080557
  PSNR: 61.61
  SSIM: 0.9993
  Hist_Corr: 0.9780
  Time: 0.61 seconds

40.0% target:
  Target: 101364 bits
  Actual: 101364 bits
  BPP: 0.096668
  PSNR: 61.00
  SSIM: 0.9994
  Hist_Corr: 0.9891
  Time: 0.64 seconds

46.7% target:
  Target: 118258 bits
  Actual: 118258 bits
  BPP: 0.112780
  PSNR: 60.51
  SSIM: 0.9992
  Hist_Corr: 0.9847
  Time: 0.64 seconds

53.3% target:
  Target: 135152 bits
  Actual: 135152 bits
  BPP: 0.128891
  PSNR: 59.18
  SSIM: 0.9987
  Hist_Corr: 0.9754
  Time: 0.81 seconds

60.0% target:
  Target: 152046 bits
  Actual: 152046 bits
  BPP: 0.145002
  PSNR: 58.97
  SSIM: 0.9986
  Hist_Corr: 0.9747
  Time: 0.81 seconds

66.7% target:
  Target: 168940 bits
  Actual: 168940 bits
  BPP: 0.161114
  PSNR: 58.95
  SSIM: 0.9987
  Hist_Corr: 0.9641
  Time: 0.82 seconds

73.3% target:
  Target: 185834 bits
  Actual: 185834 bits
  BPP: 0.177225
  PSNR: 57.44
  SSIM: 0.9976
  Hist_Corr: 0.9533
  Time: 0.87 seconds

80.0% target:
  Target: 202728 bits
  Actual: 202728 bits
  BPP: 0.193336
  PSNR: 56.81
  SSIM: 0.9968
  Hist_Corr: 0.9498
  Time: 1.00 seconds

86.7% target:
  Target: 219622 bits
  Actual: 219622 bits
  BPP: 0.209448
  PSNR: 56.41
  SSIM: 0.9965
  Hist_Corr: 0.9507
  Time: 1.09 seconds

93.3% target:
  Target: 236516 bits
  Actual: 236516 bits
  BPP: 0.225559
  PSNR: 55.42
  SSIM: 0.9957
  Hist_Corr: 0.9443
  Time: 1.12 seconds

Results summary:
Total processing time: 14.41 seconds
Average time per point: 0.96 seconds
Results saved to ./Prediction_Error_Embedding/outcome/plots/male/data_gap

Data table:
 Target_Percentage  Target_Payload  Actual_Payload      BPP      PSNR   SSIM  Hist_Corr  Processing_Time
          6.666667           16894           16894 0.016111 67.756720 0.9998   0.997834         0.512067
         13.333333           33788           33788 0.032223 65.109443 0.9998   0.997226         0.549911
         20.000000           50682           50682 0.048334 63.747706 0.9997   0.993571         0.558734
         26.666667           67576           67576 0.064445 62.551098 0.9995   0.987134         0.619237
         33.333333           84470           84470 0.080557 61.606225 0.9993   0.978001         0.609117
         40.000000          101364          101364 0.096668 60.998413 0.9994   0.989050         0.643401
         46.666667          118258          118258 0.112780 60.514442 0.9992   0.984727         0.640683
         53.333333          135152          135152 0.128891 59.181802 0.9987   0.975405         0.806955
         60.000000          152046          152046 0.145002 58.966843 0.9986   0.974709         0.807870
         66.666667          168940          168940 0.161114 58.945056 0.9987   0.964091         0.824670
         73.333333          185834          185834 0.177225 57.438211 0.9976   0.953298         0.869634
         80.000000          202728          202728 0.193336 56.813522 0.9968   0.949849         1.001505
         86.666667          219622          219622 0.209448 56.406058 0.9965   0.950683         1.091887
         93.333333          236516          236516 0.225559 55.415284 0.9957   0.944323         1.124664
        100.000000          253411          253411 0.241672 55.528903 0.9957   0.945735         1.289158