Simplified measurement run started at 2025-02-26 01:33:55
Image: male
Method: split
Prediction method: gap
Ratio of ones: 0.7
Total embeddings: 5
EL mode: 0
Segments: 15
Use different weights: False

================================================================================

Step 1: Finding maximum payload capacity
Maximum payload: 1169675 bits
Max BPP: 1.115489
Time taken: 1.43 seconds

Step 2: Calculating 15 evenly distributed payload points
Target payload points:
  Point 1: 77978 bits (6.7% of max)
  Point 2: 155956 bits (13.3% of max)
  Point 3: 233935 bits (20.0% of max)
  Point 4: 311913 bits (26.7% of max)
  Point 5: 389891 bits (33.3% of max)
  Point 6: 467870 bits (40.0% of max)
  Point 7: 545848 bits (46.7% of max)
  Point 8: 623826 bits (53.3% of max)
  Point 9: 701805 bits (60.0% of max)
  Point 10: 779783 bits (66.7% of max)
  Point 11: 857761 bits (73.3% of max)
  Point 12: 935740 bits (80.0% of max)
  Point 13: 1013718 bits (86.7% of max)
  Point 14: 1091696 bits (93.3% of max)
  Point 15: 1169675 bits (100.0% of max)

Step 3: Running embedding algorithm for each target point
100.0% target (Max capacity):
  Target: 1169675 bits
  Actual: 1169675 bits
  BPP: 1.115489
  PSNR: 34.47
  SSIM: 0.8916
  Hist_Corr: 0.8435
  Time: 1.43 seconds

6.7% target:
  Target: 77978 bits
  Actual: 77978 bits
  BPP: 0.074366
  PSNR: 48.90
  SSIM: 0.9928
  Hist_Corr: 0.9964
  Time: 0.65 seconds

13.3% target:
  Target: 155956 bits
  Actual: 155956 bits
  BPP: 0.148731
  PSNR: 45.68
  SSIM: 0.9853
  Hist_Corr: 0.9857
  Time: 0.68 seconds

20.0% target:
  Target: 233935 bits
  Actual: 233935 bits
  BPP: 0.223098
  PSNR: 43.79
  SSIM: 0.9783
  Hist_Corr: 0.9653
  Time: 0.77 seconds

26.7% target:
  Target: 311913 bits
  Actual: 311913 bits
  BPP: 0.297463
  PSNR: 42.44
  SSIM: 0.9715
  Hist_Corr: 0.9415
  Time: 0.83 seconds

33.3% target:
  Target: 389891 bits
  Actual: 389891 bits
  BPP: 0.371829
  PSNR: 40.60
  SSIM: 0.9606
  Hist_Corr: 0.9343
  Time: 0.95 seconds

40.0% target:
  Target: 467870 bits
  Actual: 467870 bits
  BPP: 0.446196
  PSNR: 40.27
  SSIM: 0.9579
  Hist_Corr: 0.9247
  Time: 1.01 seconds

46.7% target:
  Target: 545848 bits
  Actual: 545848 bits
  BPP: 0.520561
  PSNR: 39.28
  SSIM: 0.9495
  Hist_Corr: 0.9123
  Time: 0.99 seconds

53.3% target:
  Target: 623826 bits
  Actual: 623826 bits
  BPP: 0.594927
  PSNR: 37.75
  SSIM: 0.9370
  Hist_Corr: 0.8911
  Time: 1.06 seconds

60.0% target:
  Target: 701805 bits
  Actual: 701805 bits
  BPP: 0.669293
  PSNR: 37.30
  SSIM: 0.9312
  Hist_Corr: 0.8888
  Time: 1.16 seconds

66.7% target:
  Target: 779783 bits
  Actual: 779783 bits
  BPP: 0.743659
  PSNR: 36.53
  SSIM: 0.9234
  Hist_Corr: 0.8880
  Time: 1.28 seconds

73.3% target:
  Target: 857761 bits
  Actual: 857761 bits
  BPP: 0.818025
  PSNR: 36.42
  SSIM: 0.9233
  Hist_Corr: 0.8812
  Time: 1.19 seconds

80.0% target:
  Target: 935740 bits
  Actual: 935740 bits
  BPP: 0.892391
  PSNR: 35.46
  SSIM: 0.9113
  Hist_Corr: 0.8689
  Time: 1.25 seconds

86.7% target:
  Target: 1013718 bits
  Actual: 1013718 bits
  BPP: 0.966757
  PSNR: 36.14
  SSIM: 0.9176
  Hist_Corr: 0.8826
  Time: 1.31 seconds

93.3% target:
  Target: 1091696 bits
  Actual: 1091696 bits
  BPP: 1.041122
  PSNR: 34.82
  SSIM: 0.8982
  Hist_Corr: 0.8648
  Time: 1.41 seconds

Results summary:
Total processing time: 18.63 seconds
Average time per point: 1.24 seconds
Results saved to ./Prediction_Error_Embedding/outcome/plots/male/data_gap

Data table:
 Target_Percentage  Target_Payload  Actual_Payload      BPP      PSNR   SSIM  Hist_Corr  Processing_Time
          6.666667           77978           77978 0.074366 48.903891 0.9928   0.996410         0.648506
         13.333333          155956          155956 0.148731 45.678164 0.9853   0.985739         0.678209
         20.000000          233935          233935 0.223098 43.787400 0.9783   0.965343         0.770228
         26.666667          311913          311913 0.297463 42.439328 0.9715   0.941468         0.828086
         33.333333          389891          389891 0.371829 40.600720 0.9606   0.934313         0.946118
         40.000000          467870          467870 0.446196 40.266234 0.9579   0.924734         1.005063
         46.666667          545848          545848 0.520561 39.284727 0.9495   0.912272         0.986374
         53.333333          623826          623826 0.594927 37.753323 0.9370   0.891146         1.061213
         60.000000          701805          701805 0.669293 37.297276 0.9312   0.888784         1.158287
         66.666667          779783          779783 0.743659 36.532998 0.9234   0.887974         1.275489
         73.333333          857761          857761 0.818025 36.420559 0.9233   0.881226         1.190286
         80.000000          935740          935740 0.892391 35.460897 0.9113   0.868866         1.252610
         86.666667         1013718         1013718 0.966757 36.140003 0.9176   0.882607         1.305930
         93.333333         1091696         1091696 1.041122 34.818826 0.8982   0.864817         1.410372
        100.000000         1169675         1169675 1.115489 34.473544 0.8916   0.843454         1.434543