Simplified measurement run started at 2025-03-10 17:58:05
Image: male
Method: split
Prediction method: gap
Ratio of ones: 0.7
Total embeddings: 5
EL mode: 0
Segments: 15
Use different weights: False

================================================================================

Step 1: Finding maximum payload capacity
Maximum payload: 241342 bits
Max BPP: 0.230162
Time taken: 1.40 seconds

Step 2: Calculating 15 evenly distributed payload points
Target payload points:
  Point 1: 16089 bits (6.7% of max)
  Point 2: 32178 bits (13.3% of max)
  Point 3: 48268 bits (20.0% of max)
  Point 4: 64357 bits (26.7% of max)
  Point 5: 80447 bits (33.3% of max)
  Point 6: 96536 bits (40.0% of max)
  Point 7: 112626 bits (46.7% of max)
  Point 8: 128715 bits (53.3% of max)
  Point 9: 144805 bits (60.0% of max)
  Point 10: 160894 bits (66.7% of max)
  Point 11: 176984 bits (73.3% of max)
  Point 12: 193073 bits (80.0% of max)
  Point 13: 209163 bits (86.7% of max)
  Point 14: 225252 bits (93.3% of max)
  Point 15: 241342 bits (100.0% of max)

Step 3: Running embedding algorithm for each target point
100.0% target (Max capacity):
  Target: 241342 bits
  Actual: 241342 bits
  BPP: 0.230162
  PSNR: 55.00
  SSIM: 0.9950
  Hist_Corr: 0.9455
  Time: 1.40 seconds

6.7% target:
  Target: 16089 bits
  Actual: 16089 bits
  BPP: 0.015344
  PSNR: 68.56
  SSIM: 0.9999
  Hist_Corr: 0.9999
  Time: 0.57 seconds

13.3% target:
  Target: 32178 bits
  Actual: 32178 bits
  BPP: 0.030687
  PSNR: 65.02
  SSIM: 0.9997
  Hist_Corr: 0.9957
  Time: 0.60 seconds

20.0% target:
  Target: 48268 bits
  Actual: 48268 bits
  BPP: 0.046032
  PSNR: 64.43
  SSIM: 0.9998
  Hist_Corr: 0.9995
  Time: 0.60 seconds

26.7% target:
  Target: 64357 bits
  Actual: 64357 bits
  BPP: 0.061376
  PSNR: 62.74
  SSIM: 0.9996
  Hist_Corr: 0.9943
  Time: 0.66 seconds

33.3% target:
  Target: 80447 bits
  Actual: 80447 bits
  BPP: 0.076720
  PSNR: 61.91
  SSIM: 0.9994
  Hist_Corr: 0.9892
  Time: 0.63 seconds

40.0% target:
  Target: 96536 bits
  Actual: 96536 bits
  BPP: 0.092064
  PSNR: 61.21
  SSIM: 0.9994
  Hist_Corr: 0.9856
  Time: 0.67 seconds

46.7% target:
  Target: 112626 bits
  Actual: 112626 bits
  BPP: 0.107409
  PSNR: 60.48
  SSIM: 0.9991
  Hist_Corr: 0.9720
  Time: 0.70 seconds

53.3% target:
  Target: 128715 bits
  Actual: 128715 bits
  BPP: 0.122752
  PSNR: 59.87
  SSIM: 0.9988
  Hist_Corr: 0.9688
  Time: 0.78 seconds

60.0% target:
  Target: 144805 bits
  Actual: 144805 bits
  BPP: 0.138097
  PSNR: 59.55
  SSIM: 0.9986
  Hist_Corr: 0.9654
  Time: 0.84 seconds

66.7% target:
  Target: 160894 bits
  Actual: 160894 bits
  BPP: 0.153440
  PSNR: 58.65
  SSIM: 0.9983
  Hist_Corr: 0.9589
  Time: 0.86 seconds

73.3% target:
  Target: 176984 bits
  Actual: 176984 bits
  BPP: 0.168785
  PSNR: 57.94
  SSIM: 0.9979
  Hist_Corr: 0.9587
  Time: 0.89 seconds

80.0% target:
  Target: 193073 bits
  Actual: 193073 bits
  BPP: 0.184129
  PSNR: 57.77
  SSIM: 0.9977
  Hist_Corr: 0.9548
  Time: 1.00 seconds

86.7% target:
  Target: 209163 bits
  Actual: 209163 bits
  BPP: 0.199473
  PSNR: 56.56
  SSIM: 0.9969
  Hist_Corr: 0.9486
  Time: 1.07 seconds

93.3% target:
  Target: 225252 bits
  Actual: 225252 bits
  BPP: 0.214817
  PSNR: 55.91
  SSIM: 0.9961
  Hist_Corr: 0.9501
  Time: 1.18 seconds

Results summary:
Total processing time: 15.03 seconds
Average time per point: 1.00 seconds
Results saved to ./Prediction_Error_Embedding/outcome/plots/male/data_gap

Data table:
 Target_Percentage  Target_Payload  Actual_Payload      BPP      PSNR   SSIM  Hist_Corr  Processing_Time
          6.666667           16089           16089 0.015344 68.557738 0.9999   0.999853         0.569607
         13.333333           32178           32178 0.030687 65.023745 0.9997   0.995669         0.604715
         20.000000           48268           48268 0.046032 64.432574 0.9998   0.999539         0.604075
         26.666667           64357           64357 0.061376 62.743243 0.9996   0.994259         0.657828
         33.333333           80447           80447 0.076720 61.912751 0.9994   0.989194         0.630507
         40.000000           96536           96536 0.092064 61.206268 0.9994   0.985573         0.673069
         46.666667          112626          112626 0.107409 60.479662 0.9991   0.971958         0.696332
         53.333333          128715          128715 0.122752 59.865458 0.9988   0.968814         0.781090
         60.000000          144805          144805 0.138097 59.550091 0.9986   0.965431         0.838068
         66.666667          160894          160894 0.153440 58.647632 0.9983   0.958879         0.855628
         73.333333          176984          176984 0.168785 57.942781 0.9979   0.958737         0.893913
         80.000000          193073          193073 0.184129 57.768288 0.9977   0.954805         1.004947
         86.666667          209163          209163 0.199473 56.555468 0.9969   0.948632         1.067451
         93.333333          225252          225252 0.214817 55.906174 0.9961   0.950082         1.181491
        100.000000          241342          241342 0.230162 54.995685 0.9950   0.945516         1.397675