Simplified measurement run started at 2025-02-26 01:36:37
Image: male
Method: split
Prediction method: gap
Ratio of ones: 0.7
Total embeddings: 5
EL mode: 0
Segments: 15
Use different weights: False

================================================================================

Step 1: Finding maximum payload capacity
Maximum payload: 1203121 bits
Max BPP: 1.147386
Time taken: 1.50 seconds

Step 2: Calculating 15 evenly distributed payload points
Target payload points:
  Point 1: 80208 bits (6.7% of max)
  Point 2: 160416 bits (13.3% of max)
  Point 3: 240624 bits (20.0% of max)
  Point 4: 320832 bits (26.7% of max)
  Point 5: 401040 bits (33.3% of max)
  Point 6: 481248 bits (40.0% of max)
  Point 7: 561456 bits (46.7% of max)
  Point 8: 641664 bits (53.3% of max)
  Point 9: 721872 bits (60.0% of max)
  Point 10: 802080 bits (66.7% of max)
  Point 11: 882288 bits (73.3% of max)
  Point 12: 962496 bits (80.0% of max)
  Point 13: 1042704 bits (86.7% of max)
  Point 14: 1122912 bits (93.3% of max)
  Point 15: 1203121 bits (100.0% of max)

Step 3: Running embedding algorithm for each target point
100.0% target (Max capacity):
  Target: 1203121 bits
  Actual: 1203121 bits
  BPP: 1.147386
  PSNR: 34.73
  SSIM: 0.8959
  Hist_Corr: 0.8551
  Time: 1.50 seconds

6.7% target:
  Target: 80208 bits
  Actual: 80208 bits
  BPP: 0.076492
  PSNR: 48.71
  SSIM: 0.9924
  Hist_Corr: 0.9961
  Time: 0.66 seconds

13.3% target:
  Target: 160416 bits
  Actual: 160416 bits
  BPP: 0.152985
  PSNR: 45.52
  SSIM: 0.9855
  Hist_Corr: 0.9884
  Time: 0.75 seconds

20.0% target:
  Target: 240624 bits
  Actual: 240624 bits
  BPP: 0.229477
  PSNR: 43.71
  SSIM: 0.9775
  Hist_Corr: 0.9625
  Time: 0.81 seconds

26.7% target:
  Target: 320832 bits
  Actual: 320832 bits
  BPP: 0.305969
  PSNR: 42.01
  SSIM: 0.9681
  Hist_Corr: 0.9380
  Time: 0.85 seconds

33.3% target:
  Target: 401040 bits
  Actual: 401040 bits
  BPP: 0.382462
  PSNR: 40.55
  SSIM: 0.9590
  Hist_Corr: 0.9243
  Time: 0.92 seconds

40.0% target:
  Target: 481248 bits
  Actual: 481248 bits
  BPP: 0.458954
  PSNR: 39.48
  SSIM: 0.9522
  Hist_Corr: 0.9170
  Time: 0.97 seconds

46.7% target:
  Target: 561456 bits
  Actual: 561456 bits
  BPP: 0.535446
  PSNR: 38.91
  SSIM: 0.9463
  Hist_Corr: 0.9112
  Time: 1.04 seconds

53.3% target:
  Target: 641664 bits
  Actual: 641664 bits
  BPP: 0.611938
  PSNR: 37.48
  SSIM: 0.9339
  Hist_Corr: 0.8992
  Time: 1.12 seconds

60.0% target:
  Target: 721872 bits
  Actual: 721872 bits
  BPP: 0.688431
  PSNR: 37.30
  SSIM: 0.9329
  Hist_Corr: 0.8918
  Time: 1.17 seconds

66.7% target:
  Target: 802080 bits
  Actual: 802080 bits
  BPP: 0.764923
  PSNR: 36.76
  SSIM: 0.9278
  Hist_Corr: 0.8866
  Time: 1.28 seconds

73.3% target:
  Target: 882288 bits
  Actual: 882288 bits
  BPP: 0.841415
  PSNR: 36.04
  SSIM: 0.9171
  Hist_Corr: 0.8807
  Time: 1.32 seconds

80.0% target:
  Target: 962496 bits
  Actual: 962496 bits
  BPP: 0.917908
  PSNR: 35.77
  SSIM: 0.9139
  Hist_Corr: 0.8731
  Time: 1.50 seconds

86.7% target:
  Target: 1042704 bits
  Actual: 1042704 bits
  BPP: 0.994400
  PSNR: 35.00
  SSIM: 0.9019
  Hist_Corr: 0.8593
  Time: 1.30 seconds

93.3% target:
  Target: 1122912 bits
  Actual: 1121289 bits
  BPP: 1.069345
  PSNR: 34.56
  SSIM: 0.8937
  Hist_Corr: 0.8518
  Time: 1.46 seconds

Results summary:
Total processing time: 19.41 seconds
Average time per point: 1.29 seconds
Results saved to ./Prediction_Error_Embedding/outcome/plots/male/data_gap

Data table:
 Target_Percentage  Target_Payload  Actual_Payload      BPP      PSNR   SSIM  Hist_Corr  Processing_Time
          6.666667           80208           80208 0.076492 48.705817 0.9924   0.996127         0.661159
         13.333333          160416          160416 0.152985 45.516097 0.9855   0.988394         0.747230
         20.000000          240624          240624 0.229477 43.714466 0.9775   0.962527         0.814488
         26.666667          320832          320832 0.305969 42.006855 0.9681   0.938041         0.852923
         33.333333          401040          401040 0.382462 40.549535 0.9590   0.924268         0.918599
         40.000000          481248          481248 0.458954 39.484757 0.9522   0.916962         0.969646
         46.666667          561456          561456 0.535446 38.909391 0.9463   0.911203         1.044827
         53.333333          641664          641664 0.611938 37.483712 0.9339   0.899188         1.121319
         60.000000          721872          721872 0.688431 37.300027 0.9329   0.891791         1.167149
         66.666667          802080          802080 0.764923 36.761832 0.9278   0.886642         1.277442
         73.333333          882288          882288 0.841415 36.036087 0.9171   0.880685         1.320695
         80.000000          962496          962496 0.917908 35.772068 0.9139   0.873105         1.496565
         86.666667         1042704         1042704 0.994400 35.004601 0.9019   0.859338         1.301320
         93.333333         1122912         1121289 1.069345 34.559417 0.8937   0.851808         1.463414
        100.000000         1203121         1203121 1.147386 34.729860 0.8959   0.855065         1.501614