Simplified measurement run started at 2025-03-11 23:13:58
Image: male
Method: split
Prediction method: gap
Ratio of ones: 0.7
Total embeddings: 5
EL mode: 0
Segments: 15
Use different weights: False

================================================================================

Step 1: Finding maximum payload capacity
Maximum payload: 637534 bits
Max BPP: 0.608000
Time taken: 1.38 seconds

Step 2: Calculating 15 evenly distributed payload points
Target payload points:
  Point 1: 42502 bits (6.7% of max)
  Point 2: 85004 bits (13.3% of max)
  Point 3: 127506 bits (20.0% of max)
  Point 4: 170009 bits (26.7% of max)
  Point 5: 212511 bits (33.3% of max)
  Point 6: 255013 bits (40.0% of max)
  Point 7: 297515 bits (46.7% of max)
  Point 8: 340018 bits (53.3% of max)
  Point 9: 382520 bits (60.0% of max)
  Point 10: 425022 bits (66.7% of max)
  Point 11: 467524 bits (73.3% of max)
  Point 12: 510027 bits (80.0% of max)
  Point 13: 552529 bits (86.7% of max)
  Point 14: 595031 bits (93.3% of max)
  Point 15: 637534 bits (100.0% of max)

Step 3: Running embedding algorithm for each target point
100.0% target (Max capacity):
  Target: 637534 bits
  Actual: 637534 bits
  BPP: 0.608000
  PSNR: 54.75
  SSIM: 0.9957
  Hist_Corr: 0.9585
  Time: 1.38 seconds

6.7% target:
  Target: 42502 bits
  Actual: 42502 bits
  BPP: 0.040533
  PSNR: 64.50
  SSIM: 0.9997
  Hist_Corr: 0.9962
  Time: 0.61 seconds

13.3% target:
  Target: 85004 bits
  Actual: 85004 bits
  BPP: 0.081066
  PSNR: 61.63
  SSIM: 0.9995
  Hist_Corr: 0.9913
  Time: 0.65 seconds

20.0% target:
  Target: 127506 bits
  Actual: 127506 bits
  BPP: 0.121599
  PSNR: 60.18
  SSIM: 0.9992
  Hist_Corr: 0.9823
  Time: 0.72 seconds

26.7% target:
  Target: 170009 bits
  Actual: 170009 bits
  BPP: 0.162133
  PSNR: 59.17
  SSIM: 0.9991
  Hist_Corr: 0.9849
  Time: 0.79 seconds

33.3% target:
  Target: 212511 bits
  Actual: 212511 bits
  BPP: 0.202666
  PSNR: 58.41
  SSIM: 0.9986
  Hist_Corr: 0.9729
  Time: 0.83 seconds

40.0% target:
  Target: 255013 bits
  Actual: 255013 bits
  BPP: 0.243199
  PSNR: 57.40
  SSIM: 0.9986
  Hist_Corr: 0.9858
  Time: 0.83 seconds

46.7% target:
  Target: 297515 bits
  Actual: 297515 bits
  BPP: 0.283732
  PSNR: 57.31
  SSIM: 0.9982
  Hist_Corr: 0.9750
  Time: 0.91 seconds

53.3% target:
  Target: 340018 bits
  Actual: 340018 bits
  BPP: 0.324266
  PSNR: 56.48
  SSIM: 0.9971
  Hist_Corr: 0.9578
  Time: 0.95 seconds

60.0% target:
  Target: 382520 bits
  Actual: 382520 bits
  BPP: 0.364799
  PSNR: 56.34
  SSIM: 0.9970
  Hist_Corr: 0.9573
  Time: 1.04 seconds

66.7% target:
  Target: 425022 bits
  Actual: 425022 bits
  BPP: 0.405333
  PSNR: 55.80
  SSIM: 0.9969
  Hist_Corr: 0.9610
  Time: 1.12 seconds

73.3% target:
  Target: 467524 bits
  Actual: 467524 bits
  BPP: 0.445866
  PSNR: 55.13
  SSIM: 0.9960
  Hist_Corr: 0.9518
  Time: 1.17 seconds

80.0% target:
  Target: 510027 bits
  Actual: 510027 bits
  BPP: 0.486400
  PSNR: 55.32
  SSIM: 0.9960
  Hist_Corr: 0.9568
  Time: 1.19 seconds

86.7% target:
  Target: 552529 bits
  Actual: 552529 bits
  BPP: 0.526933
  PSNR: 55.16
  SSIM: 0.9962
  Hist_Corr: 0.9605
  Time: 1.21 seconds

93.3% target:
  Target: 595031 bits
  Actual: 595031 bits
  BPP: 0.567466
  PSNR: 54.58
  SSIM: 0.9957
  Hist_Corr: 0.9566
  Time: 1.28 seconds

Results summary:
Total processing time: 17.31 seconds
Average time per point: 1.15 seconds
Results saved to ./Prediction_Error_Embedding/outcome/plots/male/data_gap

Data table:
 Target_Percentage  Target_Payload  Actual_Payload      BPP      PSNR   SSIM  Hist_Corr  Processing_Time
          6.666667           42502           42502 0.040533 64.496317 0.9997   0.996151         0.608232
         13.333333           85004           85004 0.081066 61.629521 0.9995   0.991264         0.654627
         20.000000          127506          127506 0.121599 60.176844 0.9992   0.982297         0.720336
         26.666667          170009          170009 0.162133 59.166950 0.9991   0.984942         0.785798
         33.333333          212511          212511 0.202666 58.414229 0.9986   0.972941         0.832852
         40.000000          255013          255013 0.243199 57.398350 0.9986   0.985833         0.827857
         46.666667          297515          297515 0.283732 57.314181 0.9982   0.975033         0.906406
         53.333333          340018          340018 0.324266 56.475662 0.9971   0.957813         0.952225
         60.000000          382520          382520 0.364799 56.343558 0.9970   0.957346         1.044175
         66.666667          425022          425022 0.405333 55.799159 0.9969   0.961043         1.121849
         73.333333          467524          467524 0.445866 55.126061 0.9960   0.951821         1.173712
         80.000000          510027          510027 0.486400 55.317240 0.9960   0.956772         1.194584
         86.666667          552529          552529 0.526933 55.160682 0.9962   0.960460         1.211793
         93.333333          595031          595031 0.567466 54.577077 0.9957   0.956628         1.276395
        100.000000          637534          637534 0.608000 54.754503 0.9957   0.958533         1.375539