Simplified measurement run started at 2025-06-18 00:13:36
Image: Male
Method: rotation
Prediction method: gap
Ratio of ones: 0.5
Total embeddings: 4
EL mode: 0
Using step_size: 100000 bits (segments parameter 20 ignored)
Measurement mode: step_size
Use different weights: True
Split size: 2, Block base: True

================================================================================

Step 1: Finding maximum payload capacity
Maximum payload: 1094047 bits
Max BPP: 1.043365
Time taken: 0.91 seconds

Step 2: Calculating measurement points
Using step_size: 100000 bits (segments parameter ignored)
Measurement mode: step_size=100000
Total measurement points: 11
Target payload points:
  Point 1: 100000 bits (9.1% of max)
  Point 2: 200000 bits (18.3% of max)
  Point 3: 300000 bits (27.4% of max)
  Point 4: 400000 bits (36.6% of max)
  Point 5: 500000 bits (45.7% of max)
  Point 6: 600000 bits (54.8% of max)
  Point 7: 700000 bits (64.0% of max)
  Point 8: 800000 bits (73.1% of max)
  Point 9: 900000 bits (82.3% of max)
  Point 10: 1000000 bits (91.4% of max)
  Point 11: 1094047 bits (100.0% of max) [using initial measurement]

Step 3: Running embedding algorithm for each target point
Processing 10 measurement points using step_size=100000
9.1% target (point 1/10):
  Target: 100000 bits
  Actual: 100000 bits
  BPP: 0.095367
  PSNR: 60.88
  SSIM: 0.9996
  Hist_Corr: 0.9995
  Time: 0.17 seconds

18.3% target (point 2/10):
  Target: 200000 bits
  Actual: 200000 bits
  BPP: 0.190735
  PSNR: 58.37
  SSIM: 0.9988
  Hist_Corr: 0.9820
  Time: 0.23 seconds

27.4% target (point 3/10):
  Target: 300000 bits
  Actual: 300000 bits
  BPP: 0.286102
  PSNR: 56.49
  SSIM: 0.9985
  Hist_Corr: 0.9869
  Time: 0.38 seconds

36.6% target (point 4/10):
  Target: 400000 bits
  Actual: 400000 bits
  BPP: 0.381470
  PSNR: 54.24
  SSIM: 0.9978
  Hist_Corr: 0.9802
  Time: 0.44 seconds

45.7% target (point 5/10):
  Target: 500000 bits
  Actual: 500000 bits
  BPP: 0.476837
  PSNR: 54.28
  SSIM: 0.9974
  Hist_Corr: 0.9718
  Time: 0.46 seconds

54.8% target (point 6/10):
  Target: 600000 bits
  Actual: 600000 bits
  BPP: 0.572205
  PSNR: 53.43
  SSIM: 0.9966
  Hist_Corr: 0.9697
  Time: 0.60 seconds

64.0% target (point 7/10):
  Target: 700000 bits
  Actual: 700000 bits
  BPP: 0.667572
  PSNR: 52.47
  SSIM: 0.9961
  Hist_Corr: 0.9662
  Time: 0.66 seconds

73.1% target (point 8/10):
  Target: 800000 bits
  Actual: 800000 bits
  BPP: 0.762939
  PSNR: 51.94
  SSIM: 0.9958
  Hist_Corr: 0.9633
  Time: 0.66 seconds

82.3% target (point 9/10):
  Target: 900000 bits
  Actual: 900000 bits
  BPP: 0.858307
  PSNR: 51.10
  SSIM: 0.9946
  Hist_Corr: 0.9478
  Time: 0.76 seconds

91.4% target (point 10/10):
  Target: 1000000 bits
  Actual: 1000000 bits
  BPP: 0.953674
  PSNR: 50.95
  SSIM: 0.9946
  Hist_Corr: 0.9367
  Time: 0.81 seconds

Results summary:
Measurement mode used: step_size=100000
Total data points generated: 11
Successful measurements: 11
Failed measurements: 0
Success rate: 100.0%
Total processing time: 7.75 seconds
Average time per point: 0.70 seconds
Results saved to ./Prediction_Error_Embedding/outcome/plots/Male/data_gap
Final confirmation: Used step_size=100000 bits for gap

Data table:
 Target_Percentage  Target_Payload  Actual_Payload      BPP      PSNR   SSIM  Hist_Corr  Processing_Time Measurement_Mode
          9.140375          100000          100000 0.095367 60.875523 0.9996   0.999508         0.165728 step_size=100000
         18.280750          200000          200000 0.190735 58.369891 0.9988   0.981995         0.226749 step_size=100000
         27.421125          300000          300000 0.286102 56.494432 0.9985   0.986858         0.377064 step_size=100000
         36.561501          400000          400000 0.381470 54.240819 0.9978   0.980246         0.438015 step_size=100000
         45.701876          500000          500000 0.476837 54.284296 0.9974   0.971786         0.462045 step_size=100000
         54.842251          600000          600000 0.572205 53.425330 0.9966   0.969690         0.601086 step_size=100000
         63.982626          700000          700000 0.667572 52.468703 0.9961   0.966218         0.661992 step_size=100000
         73.123001          800000          800000 0.762939 51.936403 0.9958   0.963304         0.657817 step_size=100000
         82.263376          900000          900000 0.858307 51.104751 0.9946   0.947776         0.762581 step_size=100000
         91.403751         1000000         1000000 0.953674 50.945076 0.9946   0.936680         0.814119 step_size=100000
        100.000000         1094047         1094047 1.043365 49.855712 0.9936   0.971992         0.907343 step_size=100000