Simplified measurement run started at 2025-06-18 01:35:20
Image: Male
Method: split
Prediction method: gap
Ratio of ones: 0.5
Total embeddings: 4
EL mode: 0
Using step_size: 100000 bits (segments parameter 20 ignored)
Measurement mode: step_size
Use different weights: True
Split size: 2, Block base: False

================================================================================

Step 1: Finding maximum payload capacity
Maximum payload: 906577 bits
Max BPP: 0.864579
Time taken: 0.83 seconds

Step 2: Calculating measurement points
Using step_size: 100000 bits (segments parameter ignored)
Measurement mode: step_size=100000
Total measurement points: 10
Target payload points:
  Point 1: 100000 bits (11.0% of max)
  Point 2: 200000 bits (22.1% of max)
  Point 3: 300000 bits (33.1% of max)
  Point 4: 400000 bits (44.1% of max)
  Point 5: 500000 bits (55.2% of max)
  Point 6: 600000 bits (66.2% of max)
  Point 7: 700000 bits (77.2% of max)
  Point 8: 800000 bits (88.2% of max)
  Point 9: 900000 bits (99.3% of max)
  Point 10: 906577 bits (100.0% of max) [using initial measurement]

Step 3: Running embedding algorithm for each target point
Processing 9 measurement points using step_size=100000
11.0% target (point 1/9):
  Target: 100000 bits
  Actual: 100000 bits
  BPP: 0.095367
  PSNR: 61.48
  SSIM: 0.9995
  Hist_Corr: 0.9928
  Time: 0.40 seconds

22.1% target (point 2/9):
  Target: 200000 bits
  Actual: 200000 bits
  BPP: 0.190735
  PSNR: 58.22
  SSIM: 0.9991
  Hist_Corr: 0.9931
  Time: 0.46 seconds

33.1% target (point 3/9):
  Target: 300000 bits
  Actual: 300000 bits
  BPP: 0.286102
  PSNR: 56.19
  SSIM: 0.9983
  Hist_Corr: 0.9704
  Time: 0.52 seconds

44.1% target (point 4/9):
  Target: 400000 bits
  Actual: 400000 bits
  BPP: 0.381470
  PSNR: 55.28
  SSIM: 0.9982
  Hist_Corr: 0.9764
  Time: 0.61 seconds

55.2% target (point 5/9):
  Target: 500000 bits
  Actual: 500000 bits
  BPP: 0.476837
  PSNR: 54.21
  SSIM: 0.9976
  Hist_Corr: 0.9782
  Time: 0.61 seconds

66.2% target (point 6/9):
  Target: 600000 bits
  Actual: 600000 bits
  BPP: 0.572205
  PSNR: 53.23
  SSIM: 0.9967
  Hist_Corr: 0.9632
  Time: 0.64 seconds

77.2% target (point 7/9):
  Target: 700000 bits
  Actual: 700000 bits
  BPP: 0.667572
  PSNR: 52.77
  SSIM: 0.9965
  Hist_Corr: 0.9714
  Time: 0.68 seconds

88.2% target (point 8/9):
  Target: 800000 bits
  Actual: 800000 bits
  BPP: 0.762939
  PSNR: 52.23
  SSIM: 0.9959
  Hist_Corr: 0.9620
  Time: 0.72 seconds

99.3% target (point 9/9):
  Target: 900000 bits
  Actual: 890718 bits
  BPP: 0.849455
  PSNR: 51.15
  SSIM: 0.9951
  Hist_Corr: 0.9531
  Time: 0.77 seconds

Results summary:
Measurement mode used: step_size=100000
Total data points generated: 10
Successful measurements: 10
Failed measurements: 0
Success rate: 100.0%
Total processing time: 7.53 seconds
Average time per point: 0.75 seconds
Results saved to ./Prediction_Error_Embedding/outcome/plots/Male/data_gap
Final confirmation: Used step_size=100000 bits for gap

Data table:
 Target_Percentage  Target_Payload  Actual_Payload      BPP      PSNR   SSIM  Hist_Corr  Processing_Time Measurement_Mode
         11.030503          100000          100000 0.095367 61.476610 0.9995   0.992829         0.397086 step_size=100000
         22.061005          200000          200000 0.190735 58.215858 0.9991   0.993095         0.455088 step_size=100000
         33.091508          300000          300000 0.286102 56.187543 0.9983   0.970425         0.516220 step_size=100000
         44.122011          400000          400000 0.381470 55.282666 0.9982   0.976382         0.614643 step_size=100000
         55.152513          500000          500000 0.476837 54.208486 0.9976   0.978246         0.609066 step_size=100000
         66.183016          600000          600000 0.572205 53.233632 0.9967   0.963246         0.639974 step_size=100000
         77.213519          700000          700000 0.667572 52.765052 0.9965   0.971414         0.677363 step_size=100000
         88.244021          800000          800000 0.762939 52.230201 0.9959   0.961989         0.715501 step_size=100000
         99.274524          900000          890718 0.849455 51.151528 0.9951   0.953123         0.770750 step_size=100000
        100.000000          906577          906577 0.864579 51.172387 0.9952   0.949366         0.829076 step_size=100000