Simplified measurement run started at 2025-02-26 00:22:29
Image: male
Method: split
Prediction method: med
Ratio of ones: 1.0
Total embeddings: 5
EL mode: 0
Segments: 15
Use different weights: False

================================================================================

Step 1: Finding maximum payload capacity
Maximum payload: 1194410 bits
Max BPP: 1.139078
Time taken: 1.60 seconds

Step 2: Calculating 15 evenly distributed payload points
Target payload points:
  Point 1: 79627 bits (6.7% of max)
  Point 2: 159254 bits (13.3% of max)
  Point 3: 238882 bits (20.0% of max)
  Point 4: 318509 bits (26.7% of max)
  Point 5: 398136 bits (33.3% of max)
  Point 6: 477764 bits (40.0% of max)
  Point 7: 557391 bits (46.7% of max)
  Point 8: 637018 bits (53.3% of max)
  Point 9: 716646 bits (60.0% of max)
  Point 10: 796273 bits (66.7% of max)
  Point 11: 875900 bits (73.3% of max)
  Point 12: 955528 bits (80.0% of max)
  Point 13: 1035155 bits (86.7% of max)
  Point 14: 1114782 bits (93.3% of max)
  Point 15: 1194410 bits (100.0% of max)

Step 3: Running embedding algorithm for each target point
100.0% target (Max capacity):
  Target: 1194410 bits
  Actual: 1194410 bits
  BPP: 1.139078
  PSNR: 32.85
  SSIM: 0.8677
  Hist_Corr: 0.8258
  Time: 1.60 seconds

6.7% target:
  Target: 79627 bits
  Actual: 79627 bits
  BPP: 0.075938
  PSNR: 47.19
  SSIM: 0.9901
  Hist_Corr: 0.9936
  Time: 0.67 seconds

13.3% target:
  Target: 159254 bits
  Actual: 159254 bits
  BPP: 0.151876
  PSNR: 44.26
  SSIM: 0.9802
  Hist_Corr: 0.9719
  Time: 0.77 seconds

20.0% target:
  Target: 238882 bits
  Actual: 238882 bits
  BPP: 0.227816
  PSNR: 42.54
  SSIM: 0.9727
  Hist_Corr: 0.9402
  Time: 0.85 seconds

26.7% target:
  Target: 318509 bits
  Actual: 318509 bits
  BPP: 0.303754
  PSNR: 40.97
  SSIM: 0.9636
  Hist_Corr: 0.9017
  Time: 0.91 seconds

33.3% target:
  Target: 398136 bits
  Actual: 398136 bits
  BPP: 0.379692
  PSNR: 39.49
  SSIM: 0.9530
  Hist_Corr: 0.8977
  Time: 0.99 seconds

40.0% target:
  Target: 477764 bits
  Actual: 477764 bits
  BPP: 0.455631
  PSNR: 38.54
  SSIM: 0.9456
  Hist_Corr: 0.8959
  Time: 1.02 seconds

46.7% target:
  Target: 557391 bits
  Actual: 557391 bits
  BPP: 0.531569
  PSNR: 37.53
  SSIM: 0.9376
  Hist_Corr: 0.8834
  Time: 1.02 seconds

53.3% target:
  Target: 637018 bits
  Actual: 637018 bits
  BPP: 0.607508
  PSNR: 36.35
  SSIM: 0.9256
  Hist_Corr: 0.8696
  Time: 1.09 seconds

60.0% target:
  Target: 716646 bits
  Actual: 716646 bits
  BPP: 0.683447
  PSNR: 35.42
  SSIM: 0.9155
  Hist_Corr: 0.8631
  Time: 1.14 seconds

66.7% target:
  Target: 796273 bits
  Actual: 796273 bits
  BPP: 0.759385
  PSNR: 34.71
  SSIM: 0.9070
  Hist_Corr: 0.8503
  Time: 1.18 seconds

73.3% target:
  Target: 875900 bits
  Actual: 875900 bits
  BPP: 0.835323
  PSNR: 34.55
  SSIM: 0.9026
  Hist_Corr: 0.8512
  Time: 1.22 seconds

80.0% target:
  Target: 955528 bits
  Actual: 955528 bits
  BPP: 0.911263
  PSNR: 33.72
  SSIM: 0.8877
  Hist_Corr: 0.8431
  Time: 1.32 seconds

86.7% target:
  Target: 1035155 bits
  Actual: 1035155 bits
  BPP: 0.987201
  PSNR: 33.45
  SSIM: 0.8785
  Hist_Corr: 0.8409
  Time: 1.49 seconds

93.3% target:
  Target: 1114782 bits
  Actual: 1114782 bits
  BPP: 1.063139
  PSNR: 33.04
  SSIM: 0.8696
  Hist_Corr: 0.8352
  Time: 1.48 seconds

Results summary:
Total processing time: 18.47 seconds
Average time per point: 1.23 seconds
Results saved to ./pred_and_QR/outcome/plots/male/data_med

Data table:
 Target_Percentage  Target_Payload  Actual_Payload      BPP      PSNR   SSIM  Hist_Corr  Processing_Time
          6.666667           79627           79627 0.075938 47.194354 0.9901   0.993590         0.674235
         13.333333          159254          159254 0.151876 44.261033 0.9802   0.971875         0.768934
         20.000000          238882          238882 0.227816 42.536220 0.9727   0.940202         0.851192
         26.666667          318509          318509 0.303754 40.969798 0.9636   0.901687         0.905285
         33.333333          398136          398136 0.379692 39.485178 0.9530   0.897714         0.988788
         40.000000          477764          477764 0.455631 38.542135 0.9456   0.895896         1.019390
         46.666667          557391          557391 0.531569 37.527597 0.9376   0.883359         1.018037
         53.333333          637018          637018 0.607508 36.346408 0.9256   0.869557         1.088237
         60.000000          716646          716646 0.683447 35.416462 0.9155   0.863055         1.135063
         66.666667          796273          796273 0.759385 34.713897 0.9070   0.850293         1.177942
         73.333333          875900          875900 0.835323 34.547928 0.9026   0.851156         1.217040
         80.000000          955528          955528 0.911263 33.719067 0.8877   0.843136         1.318307
         86.666667         1035155         1035155 0.987201 33.445567 0.8785   0.840905         1.486531
         93.333333         1114782         1114782 1.063139 33.043532 0.8696   0.835200         1.477533
        100.000000         1194410         1194410 1.139078 32.845298 0.8677   0.825787         1.603062