Simplified measurement run started at 2025-06-18 01:26:15
Image: Male
Method: split
Prediction method: rhombus
Ratio of ones: 0.5
Total embeddings: 4
EL mode: 0
Using step_size: 100000 bits (segments parameter 20 ignored)
Measurement mode: step_size
Use different weights: True
Split size: 2, Block base: True

================================================================================

Step 1: Finding maximum payload capacity
Maximum payload: 1428408 bits
Max BPP: 1.362236
Time taken: 0.88 seconds

Step 2: Calculating measurement points
Using step_size: 100000 bits (segments parameter ignored)
Measurement mode: step_size=100000
Total measurement points: 15
Target payload points:
  Point 1: 100000 bits (7.0% of max)
  Point 2: 200000 bits (14.0% of max)
  Point 3: 300000 bits (21.0% of max)
  Point 4: 400000 bits (28.0% of max)
  Point 5: 500000 bits (35.0% of max)
  Point 6: 600000 bits (42.0% of max)
  Point 7: 700000 bits (49.0% of max)
  Point 8: 800000 bits (56.0% of max)
  Point 9: 900000 bits (63.0% of max)
  Point 10: 1000000 bits (70.0% of max)
  Point 11: 1100000 bits (77.0% of max)
  Point 12: 1200000 bits (84.0% of max)
  Point 13: 1300000 bits (91.0% of max)
  Point 14: 1400000 bits (98.0% of max)
  Point 15: 1428408 bits (100.0% of max) [using initial measurement]

Step 3: Running embedding algorithm for each target point
Processing 14 measurement points using step_size=100000
7.0% target (point 1/14):
  Target: 100000 bits
  Actual: 100000 bits
  BPP: 0.095367
  PSNR: 59.94
  SSIM: 0.9996
  Hist_Corr: 0.9997
  Time: 0.40 seconds

14.0% target (point 2/14):
  Target: 200000 bits
  Actual: 200000 bits
  BPP: 0.190735
  PSNR: 58.53
  SSIM: 0.9990
  Hist_Corr: 0.9916
  Time: 0.43 seconds

21.0% target (point 3/14):
  Target: 300000 bits
  Actual: 300000 bits
  BPP: 0.286102
  PSNR: 56.35
  SSIM: 0.9987
  Hist_Corr: 0.9949
  Time: 0.47 seconds

28.0% target (point 4/14):
  Target: 400000 bits
  Actual: 400000 bits
  BPP: 0.381470
  PSNR: 55.85
  SSIM: 0.9984
  Hist_Corr: 0.9927
  Time: 0.50 seconds

35.0% target (point 5/14):
  Target: 500000 bits
  Actual: 500000 bits
  BPP: 0.476837
  PSNR: 54.64
  SSIM: 0.9982
  Hist_Corr: 0.9951
  Time: 0.55 seconds

42.0% target (point 6/14):
  Target: 600000 bits
  Actual: 600000 bits
  BPP: 0.572205
  PSNR: 53.39
  SSIM: 0.9971
  Hist_Corr: 0.9854
  Time: 0.57 seconds

49.0% target (point 7/14):
  Target: 700000 bits
  Actual: 700000 bits
  BPP: 0.667572
  PSNR: 51.55
  SSIM: 0.9967
  Hist_Corr: 0.9867
  Time: 0.60 seconds

56.0% target (point 8/14):
  Target: 800000 bits
  Actual: 800000 bits
  BPP: 0.762939
  PSNR: 51.93
  SSIM: 0.9962
  Hist_Corr: 0.9758
  Time: 0.63 seconds

63.0% target (point 9/14):
  Target: 900000 bits
  Actual: 900000 bits
  BPP: 0.858307
  PSNR: 51.42
  SSIM: 0.9964
  Hist_Corr: 0.9812
  Time: 0.65 seconds

70.0% target (point 10/14):
  Target: 1000000 bits
  Actual: 1000000 bits
  BPP: 0.953674
  PSNR: 51.18
  SSIM: 0.9960
  Hist_Corr: 0.9817
  Time: 0.75 seconds

77.0% target (point 11/14):
  Target: 1100000 bits
  Actual: 1100000 bits
  BPP: 1.049042
  PSNR: 50.58
  SSIM: 0.9952
  Hist_Corr: 0.9747
  Time: 0.70 seconds

84.0% target (point 12/14):
  Target: 1200000 bits
  Actual: 1200000 bits
  BPP: 1.144409
  PSNR: 49.94
  SSIM: 0.9941
  Hist_Corr: 0.9755
  Time: 0.74 seconds

91.0% target (point 13/14):
  Target: 1300000 bits
  Actual: 1300000 bits
  BPP: 1.239777
  PSNR: 50.03
  SSIM: 0.9942
  Hist_Corr: 0.9782
  Time: 0.78 seconds

98.0% target (point 14/14):
  Target: 1400000 bits
  Actual: 1400000 bits
  BPP: 1.335144
  PSNR: 49.81
  SSIM: 0.9939
  Hist_Corr: 0.9718
  Time: 0.77 seconds

Results summary:
Measurement mode used: step_size=100000
Total data points generated: 15
Successful measurements: 15
Failed measurements: 0
Success rate: 100.0%
Total processing time: 11.51 seconds
Average time per point: 0.77 seconds
Results saved to ./Prediction_Error_Embedding/outcome/plots/Male/data_rhombus
Final confirmation: Used step_size=100000 bits for rhombus

Data table:
 Target_Percentage  Target_Payload  Actual_Payload      BPP      PSNR   SSIM  Hist_Corr  Processing_Time Measurement_Mode
          7.000801          100000          100000 0.095367 59.941268 0.9996   0.999676         0.395042 step_size=100000
         14.001602          200000          200000 0.190735 58.527320 0.9990   0.991599         0.429107 step_size=100000
         21.002403          300000          300000 0.286102 56.348033 0.9987   0.994919         0.471197 step_size=100000
         28.003204          400000          400000 0.381470 55.852509 0.9984   0.992663         0.500080 step_size=100000
         35.004004          500000          500000 0.476837 54.639154 0.9982   0.995089         0.545959 step_size=100000
         42.004805          600000          600000 0.572205 53.386010 0.9971   0.985359         0.570324 step_size=100000
         49.005606          700000          700000 0.667572 51.550581 0.9967   0.986720         0.597740 step_size=100000
         56.006407          800000          800000 0.762939 51.930458 0.9962   0.975801         0.633118 step_size=100000
         63.007208          900000          900000 0.858307 51.416666 0.9964   0.981201         0.654907 step_size=100000
         70.008009         1000000         1000000 0.953674 51.182059 0.9960   0.981691         0.746828 step_size=100000
         77.008810         1100000         1100000 1.049042 50.580101 0.9952   0.974669         0.701356 step_size=100000
         84.009611         1200000         1200000 1.144409 49.940181 0.9941   0.975539         0.744743 step_size=100000
         91.010412         1300000         1300000 1.239777 50.025044 0.9942   0.978174         0.783065 step_size=100000
         98.011212         1400000         1400000 1.335144 49.814633 0.9939   0.971795         0.767562 step_size=100000
        100.000000         1428408         1428408 1.362236 49.286112 0.9939   0.971459         0.880167 step_size=100000