Simplified measurement run started at 2025-06-18 00:16:54
Image: Male
Method: rotation
Prediction method: rhombus
Ratio of ones: 0.5
Total embeddings: 4
EL mode: 0
Using step_size: 100000 bits (segments parameter 20 ignored)
Measurement mode: step_size
Use different weights: True
Split size: 2, Block base: True

================================================================================

Step 1: Finding maximum payload capacity
Maximum payload: 1432795 bits
Max BPP: 1.366420
Time taken: 0.75 seconds

Step 2: Calculating measurement points
Using step_size: 100000 bits (segments parameter ignored)
Measurement mode: step_size=100000
Total measurement points: 15
Target payload points:
  Point 1: 100000 bits (7.0% of max)
  Point 2: 200000 bits (14.0% of max)
  Point 3: 300000 bits (20.9% of max)
  Point 4: 400000 bits (27.9% of max)
  Point 5: 500000 bits (34.9% of max)
  Point 6: 600000 bits (41.9% of max)
  Point 7: 700000 bits (48.9% of max)
  Point 8: 800000 bits (55.8% of max)
  Point 9: 900000 bits (62.8% of max)
  Point 10: 1000000 bits (69.8% of max)
  Point 11: 1100000 bits (76.8% of max)
  Point 12: 1200000 bits (83.8% of max)
  Point 13: 1300000 bits (90.7% of max)
  Point 14: 1400000 bits (97.7% of max)
  Point 15: 1432795 bits (100.0% of max) [using initial measurement]

Step 3: Running embedding algorithm for each target point
Processing 14 measurement points using step_size=100000
7.0% target (point 1/14):
  Target: 100000 bits
  Actual: 100000 bits
  BPP: 0.095367
  PSNR: 60.85
  SSIM: 0.9997
  Hist_Corr: 0.9997
  Time: 0.14 seconds

14.0% target (point 2/14):
  Target: 200000 bits
  Actual: 200000 bits
  BPP: 0.190735
  PSNR: 58.02
  SSIM: 0.9991
  Hist_Corr: 0.9972
  Time: 0.18 seconds

20.9% target (point 3/14):
  Target: 300000 bits
  Actual: 300000 bits
  BPP: 0.286102
  PSNR: 56.46
  SSIM: 0.9986
  Hist_Corr: 0.9885
  Time: 0.21 seconds

27.9% target (point 4/14):
  Target: 400000 bits
  Actual: 400000 bits
  BPP: 0.381470
  PSNR: 55.06
  SSIM: 0.9984
  Hist_Corr: 0.9948
  Time: 0.31 seconds

34.9% target (point 5/14):
  Target: 500000 bits
  Actual: 500000 bits
  BPP: 0.476837
  PSNR: 54.26
  SSIM: 0.9980
  Hist_Corr: 0.9932
  Time: 0.34 seconds

41.9% target (point 6/14):
  Target: 600000 bits
  Actual: 600000 bits
  BPP: 0.572205
  PSNR: 53.29
  SSIM: 0.9975
  Hist_Corr: 0.9892
  Time: 0.39 seconds

48.9% target (point 7/14):
  Target: 700000 bits
  Actual: 700000 bits
  BPP: 0.667572
  PSNR: 52.88
  SSIM: 0.9969
  Hist_Corr: 0.9874
  Time: 0.50 seconds

55.8% target (point 8/14):
  Target: 800000 bits
  Actual: 800000 bits
  BPP: 0.762939
  PSNR: 52.30
  SSIM: 0.9967
  Hist_Corr: 0.9778
  Time: 0.51 seconds

62.8% target (point 9/14):
  Target: 900000 bits
  Actual: 900000 bits
  BPP: 0.858307
  PSNR: 51.33
  SSIM: 0.9958
  Hist_Corr: 0.9734
  Time: 0.54 seconds

69.8% target (point 10/14):
  Target: 1000000 bits
  Actual: 1000000 bits
  BPP: 0.953674
  PSNR: 50.90
  SSIM: 0.9954
  Hist_Corr: 0.9730
  Time: 0.55 seconds

76.8% target (point 11/14):
  Target: 1100000 bits
  Actual: 1100000 bits
  BPP: 1.049042
  PSNR: 50.56
  SSIM: 0.9951
  Hist_Corr: 0.9766
  Time: 0.67 seconds

83.8% target (point 12/14):
  Target: 1200000 bits
  Actual: 1200000 bits
  BPP: 1.144409
  PSNR: 50.32
  SSIM: 0.9944
  Hist_Corr: 0.9699
  Time: 0.69 seconds

90.7% target (point 13/14):
  Target: 1300000 bits
  Actual: 1300000 bits
  BPP: 1.239777
  PSNR: 50.24
  SSIM: 0.9943
  Hist_Corr: 0.9742
  Time: 0.73 seconds

97.7% target (point 14/14):
  Target: 1400000 bits
  Actual: 1400000 bits
  BPP: 1.335144
  PSNR: 49.19
  SSIM: 0.9935
  Hist_Corr: 0.9727
  Time: 0.76 seconds

Results summary:
Measurement mode used: step_size=100000
Total data points generated: 15
Successful measurements: 15
Failed measurements: 0
Success rate: 100.0%
Total processing time: 9.13 seconds
Average time per point: 0.61 seconds
Results saved to ./Prediction_Error_Embedding/outcome/plots/Male/data_rhombus
Final confirmation: Used step_size=100000 bits for rhombus

Data table:
 Target_Percentage  Target_Payload  Actual_Payload      BPP      PSNR   SSIM  Hist_Corr  Processing_Time Measurement_Mode
          6.979366          100000          100000 0.095367 60.851279 0.9997   0.999717         0.136747 step_size=100000
         13.958731          200000          200000 0.190735 58.018196 0.9991   0.997208         0.178636 step_size=100000
         20.938097          300000          300000 0.286102 56.455424 0.9986   0.988507         0.212312 step_size=100000
         27.917462          400000          400000 0.381470 55.062294 0.9984   0.994770         0.311640 step_size=100000
         34.896828          500000          500000 0.476837 54.264135 0.9980   0.993153         0.339819 step_size=100000
         41.876193          600000          600000 0.572205 53.287326 0.9975   0.989159         0.386265 step_size=100000
         48.855559          700000          700000 0.667572 52.876858 0.9969   0.987424         0.495117 step_size=100000
         55.834924          800000          800000 0.762939 52.295299 0.9967   0.977789         0.508211 step_size=100000
         62.814290          900000          900000 0.858307 51.330613 0.9958   0.973360         0.540432 step_size=100000
         69.793655         1000000         1000000 0.953674 50.902944 0.9954   0.973044         0.552839 step_size=100000
         76.773021         1100000         1100000 1.049042 50.559106 0.9951   0.976578         0.672192 step_size=100000
         83.752386         1200000         1200000 1.144409 50.317479 0.9944   0.969854         0.693472 step_size=100000
         90.731752         1300000         1300000 1.239777 50.239287 0.9943   0.974165         0.729956 step_size=100000
         97.711117         1400000         1400000 1.335144 49.186833 0.9935   0.972700         0.760061 step_size=100000
        100.000000         1432795         1432795 1.366420 48.763326 0.9929   0.969752         0.754179 step_size=100000