Simplified measurement run started at 2025-03-11 23:14:15
Image: male
Method: split
Prediction method: rhombus
Ratio of ones: 0.9
Total embeddings: 5
EL mode: 0
Segments: 15
Use different weights: False

================================================================================

Step 1: Finding maximum payload capacity
Maximum payload: 120466 bits
Max BPP: 0.114885
Time taken: 1.58 seconds

Step 2: Calculating 15 evenly distributed payload points
Target payload points:
  Point 1: 8031 bits (6.7% of max)
  Point 2: 16062 bits (13.3% of max)
  Point 3: 24093 bits (20.0% of max)
  Point 4: 32124 bits (26.7% of max)
  Point 5: 40155 bits (33.3% of max)
  Point 6: 48186 bits (40.0% of max)
  Point 7: 56217 bits (46.7% of max)
  Point 8: 64248 bits (53.3% of max)
  Point 9: 72279 bits (60.0% of max)
  Point 10: 80310 bits (66.7% of max)
  Point 11: 88341 bits (73.3% of max)
  Point 12: 96372 bits (80.0% of max)
  Point 13: 104403 bits (86.7% of max)
  Point 14: 112434 bits (93.3% of max)
  Point 15: 120466 bits (100.0% of max)

Step 3: Running embedding algorithm for each target point
100.0% target (Max capacity):
  Target: 120466 bits
  Actual: 120466 bits
  BPP: 0.114885
  PSNR: 55.90
  SSIM: 0.9962
  Hist_Corr: 0.9877
  Time: 1.58 seconds

6.7% target:
  Target: 8031 bits
  Actual: 8031 bits
  BPP: 0.007659
  PSNR: 66.92
  SSIM: 0.9998
  Hist_Corr: 0.9996
  Time: 0.55 seconds

13.3% target:
  Target: 16062 bits
  Actual: 16062 bits
  BPP: 0.015318
  PSNR: 65.69
  SSIM: 0.9998
  Hist_Corr: 0.9994
  Time: 0.57 seconds

20.0% target:
  Target: 24093 bits
  Actual: 24093 bits
  BPP: 0.022977
  PSNR: 65.69
  SSIM: 0.9998
  Hist_Corr: 0.9994
  Time: 0.58 seconds

26.7% target:
  Target: 32124 bits
  Actual: 32124 bits
  BPP: 0.030636
  PSNR: 64.42
  SSIM: 0.9997
  Hist_Corr: 0.9988
  Time: 0.61 seconds

33.3% target:
  Target: 40155 bits
  Actual: 40155 bits
  BPP: 0.038295
  PSNR: 61.95
  SSIM: 0.9994
  Hist_Corr: 0.9957
  Time: 0.65 seconds

40.0% target:
  Target: 48186 bits
  Actual: 48186 bits
  BPP: 0.045954
  PSNR: 61.62
  SSIM: 0.9994
  Hist_Corr: 0.9961
  Time: 0.65 seconds

46.7% target:
  Target: 56217 bits
  Actual: 56217 bits
  BPP: 0.053613
  PSNR: 61.58
  SSIM: 0.9995
  Hist_Corr: 0.9970
  Time: 0.67 seconds

53.3% target:
  Target: 64248 bits
  Actual: 64248 bits
  BPP: 0.061272
  PSNR: 60.49
  SSIM: 0.9992
  Hist_Corr: 0.9940
  Time: 0.70 seconds

60.0% target:
  Target: 72279 bits
  Actual: 72279 bits
  BPP: 0.068931
  PSNR: 60.99
  SSIM: 0.9994
  Hist_Corr: 0.9962
  Time: 0.69 seconds

66.7% target:
  Target: 80310 bits
  Actual: 80310 bits
  BPP: 0.076590
  PSNR: 59.21
  SSIM: 0.9988
  Hist_Corr: 0.9923
  Time: 0.75 seconds

73.3% target:
  Target: 88341 bits
  Actual: 88341 bits
  BPP: 0.084249
  PSNR: 58.58
  SSIM: 0.9985
  Hist_Corr: 0.9917
  Time: 0.82 seconds

80.0% target:
  Target: 96372 bits
  Actual: 96372 bits
  BPP: 0.091908
  PSNR: 57.77
  SSIM: 0.9979
  Hist_Corr: 0.9884
  Time: 0.87 seconds

86.7% target:
  Target: 104403 bits
  Actual: 104403 bits
  BPP: 0.099566
  PSNR: 57.16
  SSIM: 0.9974
  Hist_Corr: 0.9880
  Time: 0.92 seconds

93.3% target:
  Target: 112434 bits
  Actual: 112434 bits
  BPP: 0.107225
  PSNR: 56.86
  SSIM: 0.9972
  Hist_Corr: 0.9875
  Time: 0.98 seconds

Results summary:
Total processing time: 14.30 seconds
Average time per point: 0.95 seconds
Results saved to ./Prediction_Error_Embedding/outcome/plots/male/data_rhombus

Data table:
 Target_Percentage  Target_Payload  Actual_Payload      BPP      PSNR   SSIM  Hist_Corr  Processing_Time
          6.666667            8031            8031 0.007659 66.915099 0.9998   0.999582         0.552416
         13.333333           16062           16062 0.015318 65.685086 0.9998   0.999408         0.565010
         20.000000           24093           24093 0.022977 65.687680 0.9998   0.999423         0.584712
         26.666667           32124           32124 0.030636 64.418810 0.9997   0.998778         0.609583
         33.333333           40155           40155 0.038295 61.948417 0.9994   0.995694         0.646666
         40.000000           48186           48186 0.045954 61.617673 0.9994   0.996061         0.653905
         46.666667           56217           56217 0.053613 61.582686 0.9995   0.997021         0.665092
         53.333333           64248           64248 0.061272 60.487279 0.9992   0.993998         0.701648
         60.000000           72279           72279 0.068931 60.991365 0.9994   0.996165         0.691591
         66.666667           80310           80310 0.076590 59.210544 0.9988   0.992330         0.750314
         73.333333           88341           88341 0.084249 58.580968 0.9985   0.991689         0.823634
         80.000000           96372           96372 0.091908 57.772519 0.9979   0.988379         0.869304
         86.666667          104403          104403 0.099566 57.162035 0.9974   0.988013         0.922152
         93.333333          112434          112434 0.107225 56.858927 0.9972   0.987536         0.977490
        100.000000          120466          120466 0.114885 55.899157 0.9962   0.987738         1.583244