Simplified measurement run started at 2025-02-26 01:34:13
Image: male
Method: split
Prediction method: rhombus
Ratio of ones: 0.9
Total embeddings: 5
EL mode: 0
Segments: 15
Use different weights: False

================================================================================

Step 1: Finding maximum payload capacity
Maximum payload: 577508 bits
Max BPP: 0.550755
Time taken: 1.31 seconds

Step 2: Calculating 15 evenly distributed payload points
Target payload points:
  Point 1: 38500 bits (6.7% of max)
  Point 2: 77001 bits (13.3% of max)
  Point 3: 115501 bits (20.0% of max)
  Point 4: 154002 bits (26.7% of max)
  Point 5: 192502 bits (33.3% of max)
  Point 6: 231003 bits (40.0% of max)
  Point 7: 269503 bits (46.7% of max)
  Point 8: 308004 bits (53.3% of max)
  Point 9: 346504 bits (60.0% of max)
  Point 10: 385005 bits (66.7% of max)
  Point 11: 423505 bits (73.3% of max)
  Point 12: 462006 bits (80.0% of max)
  Point 13: 500506 bits (86.7% of max)
  Point 14: 539007 bits (93.3% of max)
  Point 15: 577508 bits (100.0% of max)

Step 3: Running embedding algorithm for each target point
100.0% target (Max capacity):
  Target: 577508 bits
  Actual: 577508 bits
  BPP: 0.550755
  PSNR: 38.23
  SSIM: 0.9319
  Hist_Corr: 0.4106
  Time: 1.31 seconds

6.7% target:
  Target: 38500 bits
  Actual: 38500 bits
  BPP: 0.036716
  PSNR: 50.59
  SSIM: 0.9937
  Hist_Corr: 0.9435
  Time: 0.71 seconds

13.3% target:
  Target: 77001 bits
  Actual: 77001 bits
  BPP: 0.073434
  PSNR: 47.14
  SSIM: 0.9861
  Hist_Corr: 0.8769
  Time: 0.80 seconds

20.0% target:
  Target: 115501 bits
  Actual: 115501 bits
  BPP: 0.110150
  PSNR: 46.55
  SSIM: 0.9862
  Hist_Corr: 0.9187
  Time: 0.74 seconds

26.7% target:
  Target: 154002 bits
  Actual: 154002 bits
  BPP: 0.146868
  PSNR: 45.36
  SSIM: 0.9782
  Hist_Corr: 0.7648
  Time: 1.00 seconds

33.3% target:
  Target: 192502 bits
  Actual: 192502 bits
  BPP: 0.183584
  PSNR: 46.22
  SSIM: 0.9898
  Hist_Corr: 0.9840
  Time: 0.63 seconds

40.0% target:
  Target: 231003 bits
  Actual: 231003 bits
  BPP: 0.220302
  PSNR: 41.62
  SSIM: 0.9542
  Hist_Corr: 0.4688
  Time: 1.24 seconds

46.7% target:
  Target: 269503 bits
  Actual: 269503 bits
  BPP: 0.257018
  PSNR: 40.35
  SSIM: 0.9483
  Hist_Corr: 0.6172
  Time: 1.40 seconds

53.3% target:
  Target: 308004 bits
  Actual: 308004 bits
  BPP: 0.293736
  PSNR: 43.34
  SSIM: 0.9717
  Hist_Corr: 0.7011
  Time: 0.80 seconds

60.0% target:
  Target: 346504 bits
  Actual: 327478 bits
  BPP: 0.312307
  PSNR: 41.25
  SSIM: 0.9550
  Hist_Corr: 0.4459
  Time: 1.41 seconds

66.7% target:
  Target: 385005 bits
  Actual: 385005 bits
  BPP: 0.367169
  PSNR: 40.94
  SSIM: 0.9700
  Hist_Corr: 0.9645
  Time: 1.04 seconds

73.3% target:
  Target: 423505 bits
  Actual: 423505 bits
  BPP: 0.403886
  PSNR: 38.13
  SSIM: 0.9338
  Hist_Corr: 0.5490
  Time: 1.22 seconds

80.0% target:
  Target: 462006 bits
  Actual: 462006 bits
  BPP: 0.440603
  PSNR: 38.53
  SSIM: 0.9345
  Hist_Corr: 0.4525
  Time: 1.33 seconds

86.7% target:
  Target: 500506 bits
  Actual: 447386 bits
  BPP: 0.426661
  PSNR: 40.02
  SSIM: 0.9428
  Hist_Corr: 0.4383
  Time: 1.38 seconds

93.3% target:
  Target: 539007 bits
  Actual: 354424 bits
  BPP: 0.338005
  PSNR: 39.02
  SSIM: 0.9375
  Hist_Corr: 0.4455
  Time: 1.38 seconds

Results summary:
Total processing time: 19.07 seconds
Average time per point: 1.27 seconds
Results saved to ./Prediction_Error_Embedding/outcome/plots/male/data_rhombus

Data table:
 Target_Percentage  Target_Payload  Actual_Payload      BPP      PSNR   SSIM  Hist_Corr  Processing_Time
          6.666667           38500           38500 0.036716 50.590057 0.9937   0.943496         0.708007
         13.333333           77001           77001 0.073434 47.139557 0.9861   0.876891         0.802632
         20.000000          115501          115501 0.110150 46.546539 0.9862   0.918653         0.736647
         26.666667          154002          154002 0.146868 45.362314 0.9782   0.764843         1.001773
         33.333333          192502          192502 0.183584 46.215950 0.9898   0.984022         0.632996
         40.000000          231003          231003 0.220302 41.618273 0.9542   0.468762         1.240332
         46.666667          269503          269503 0.257018 40.348739 0.9483   0.617171         1.396538
         53.333333          308004          308004 0.293736 43.336466 0.9717   0.701104         0.800394
         60.000000          346504          327478 0.312307 41.246629 0.9550   0.445888         1.412770
         66.666667          385005          385005 0.367169 40.942019 0.9700   0.964467         1.039618
         73.333333          423505          423505 0.403886 38.132446 0.9338   0.548996         1.221164
         80.000000          462006          462006 0.440603 38.531795 0.9345   0.452518         1.326313
         86.666667          500506          447386 0.426661 40.021538 0.9428   0.438268         1.375237
         93.333333          539007          354424 0.338005 39.024542 0.9375   0.445532         1.378938
        100.000000          577508          577508 0.550755 38.228266 0.9319   0.410568         1.307041