Simplified measurement run started at 2025-03-10 19:01:14
Image: male
Method: split
Prediction method: rhombus
Ratio of ones: 0.9
Total embeddings: 5
EL mode: 0
Segments: 15
Use different weights: False

================================================================================

Step 1: Finding maximum payload capacity
Maximum payload: 343941 bits
Max BPP: 0.328008
Time taken: 1.37 seconds

Step 2: Calculating 15 evenly distributed payload points
Target payload points:
  Point 1: 22929 bits (6.7% of max)
  Point 2: 45858 bits (13.3% of max)
  Point 3: 68788 bits (20.0% of max)
  Point 4: 91717 bits (26.7% of max)
  Point 5: 114647 bits (33.3% of max)
  Point 6: 137576 bits (40.0% of max)
  Point 7: 160505 bits (46.7% of max)
  Point 8: 183435 bits (53.3% of max)
  Point 9: 206364 bits (60.0% of max)
  Point 10: 229294 bits (66.7% of max)
  Point 11: 252223 bits (73.3% of max)
  Point 12: 275152 bits (80.0% of max)
  Point 13: 298082 bits (86.7% of max)
  Point 14: 321011 bits (93.3% of max)
  Point 15: 343941 bits (100.0% of max)

Step 3: Running embedding algorithm for each target point
100.0% target (Max capacity):
  Target: 343941 bits
  Actual: 343941 bits
  BPP: 0.328008
  PSNR: 54.29
  SSIM: 0.9957
  Hist_Corr: 0.7715
  Time: 1.37 seconds

6.7% target:
  Target: 22929 bits
  Actual: 22929 bits
  BPP: 0.021867
  PSNR: 66.83
  SSIM: 0.9997
  Hist_Corr: 0.9819
  Time: 0.61 seconds

13.3% target:
  Target: 45858 bits
  Actual: 45858 bits
  BPP: 0.043734
  PSNR: 62.93
  SSIM: 0.9990
  Hist_Corr: 0.8589
  Time: 0.91 seconds

20.0% target:
  Target: 68788 bits
  Actual: 68788 bits
  BPP: 0.065601
  PSNR: 60.12
  SSIM: 0.9978
  Hist_Corr: 0.7817
  Time: 1.11 seconds

26.7% target:
  Target: 91717 bits
  Actual: 91717 bits
  BPP: 0.087468
  PSNR: 59.11
  SSIM: 0.9987
  Hist_Corr: 0.9437
  Time: 1.05 seconds

33.3% target:
  Target: 114647 bits
  Actual: 85804 bits
  BPP: 0.081829
  PSNR: 59.13
  SSIM: 0.9978
  Hist_Corr: 0.7859
  Time: 1.22 seconds

40.0% target:
  Target: 137576 bits
  Actual: 82457 bits
  BPP: 0.078637
  PSNR: 59.06
  SSIM: 0.9973
  Hist_Corr: 0.7955
  Time: 1.26 seconds

46.7% target:
  Target: 160505 bits
  Actual: 143545 bits
  BPP: 0.136895
  PSNR: 56.64
  SSIM: 0.9959
  Hist_Corr: 0.8069
  Time: 1.24 seconds

53.3% target:
  Target: 183435 bits
  Actual: 63157 bits
  BPP: 0.060231
  PSNR: 60.18
  SSIM: 0.9980
  Hist_Corr: 0.8688
  Time: 1.25 seconds

60.0% target:
  Target: 206364 bits
  Actual: 135938 bits
  BPP: 0.129641
  PSNR: 56.57
  SSIM: 0.9963
  Hist_Corr: 0.8614
  Time: 1.23 seconds

66.7% target:
  Target: 229294 bits
  Actual: 108179 bits
  BPP: 0.103168
  PSNR: 57.69
  SSIM: 0.9974
  Hist_Corr: 0.9067
  Time: 1.26 seconds

73.3% target:
  Target: 252223 bits
  Actual: 252223 bits
  BPP: 0.240539
  PSNR: 53.46
  SSIM: 0.9963
  Hist_Corr: 0.8861
  Time: 0.99 seconds

80.0% target:
  Target: 275152 bits
  Actual: 275152 bits
  BPP: 0.262405
  PSNR: 53.82
  SSIM: 0.9970
  Hist_Corr: 0.7825
  Time: 0.81 seconds

86.7% target:
  Target: 298082 bits
  Actual: 95844 bits
  BPP: 0.091404
  PSNR: 58.46
  SSIM: 0.9979
  Hist_Corr: 0.9151
  Time: 1.22 seconds

93.3% target:
  Target: 321011 bits
  Actual: 300542 bits
  BPP: 0.286619
  PSNR: 53.84
  SSIM: 0.9979
  Hist_Corr: 0.9721
  Time: 1.21 seconds

Results summary:
Total processing time: 19.38 seconds
Average time per point: 1.29 seconds
Results saved to ./Prediction_Error_Embedding/outcome/plots/male/data_rhombus

Data table:
 Target_Percentage  Target_Payload  Actual_Payload      BPP      PSNR   SSIM  Hist_Corr  Processing_Time
          6.666667           22929           22929 0.021867 66.827704 0.9997   0.981895         0.612612
         13.333333           45858           45858 0.043734 62.930255 0.9990   0.858884         0.913406
         20.000000           68788           68788 0.065601 60.115776 0.9978   0.781666         1.105125
         26.666667           91717           91717 0.087468 59.111884 0.9987   0.943741         1.054200
         33.333333          114647           85804 0.081829 59.127903 0.9978   0.785859         1.223288
         40.000000          137576           82457 0.078637 59.060174 0.9973   0.795478         1.260387
         46.666667          160505          143545 0.136895 56.643057 0.9959   0.806914         1.242991
         53.333333          183435           63157 0.060231 60.175451 0.9980   0.868764         1.248031
         60.000000          206364          135938 0.129641 56.565335 0.9963   0.861358         1.233664
         66.666667          229294          108179 0.103168 57.690613 0.9974   0.906700         1.260247
         73.333333          252223          252223 0.240539 53.455951 0.9963   0.886063         0.994788
         80.000000          275152          275152 0.262405 53.824620 0.9970   0.782538         0.811215
         86.666667          298082           95844 0.091404 58.458264 0.9979   0.915063         1.217028
         93.333333          321011          300542 0.286619 53.839351 0.9979   0.972053         1.214523
        100.000000          343941          343941 0.328008 54.291938 0.9957   0.771481         1.365985