Simplified measurement run started at 2025-03-16 14:15:34
Image: male
Method: split
Prediction method: rhombus
Ratio of ones: 0.9
Total embeddings: 5
EL mode: 0
Segments: 15
Use different weights: False

================================================================================

Step 1: Finding maximum payload capacity
Maximum payload: 117103 bits
Max BPP: 0.111678
Time taken: 1.08 seconds

Step 2: Calculating 15 evenly distributed payload points
Target payload points:
  Point 1: 7806 bits (6.7% of max)
  Point 2: 15613 bits (13.3% of max)
  Point 3: 23420 bits (20.0% of max)
  Point 4: 31227 bits (26.7% of max)
  Point 5: 39034 bits (33.3% of max)
  Point 6: 46841 bits (40.0% of max)
  Point 7: 54648 bits (46.7% of max)
  Point 8: 62454 bits (53.3% of max)
  Point 9: 70261 bits (60.0% of max)
  Point 10: 78068 bits (66.7% of max)
  Point 11: 85875 bits (73.3% of max)
  Point 12: 93682 bits (80.0% of max)
  Point 13: 101489 bits (86.7% of max)
  Point 14: 109296 bits (93.3% of max)
  Point 15: 117103 bits (100.0% of max)

Step 3: Running embedding algorithm for each target point
100.0% target (Max capacity):
  Target: 117103 bits
  Actual: 117103 bits
  BPP: 0.111678
  PSNR: 55.91
  SSIM: 0.9962
  Hist_Corr: 0.9877
  Time: 1.08 seconds

6.7% target:
  Target: 7806 bits
  Actual: 7806 bits
  BPP: 0.007444
  PSNR: 66.96
  SSIM: 0.9998
  Hist_Corr: 0.9996
  Time: 0.42 seconds

13.3% target:
  Target: 15613 bits
  Actual: 15613 bits
  BPP: 0.014890
  PSNR: 65.79
  SSIM: 0.9998
  Hist_Corr: 0.9995
  Time: 0.40 seconds

20.0% target:
  Target: 23420 bits
  Actual: 23420 bits
  BPP: 0.022335
  PSNR: 64.18
  SSIM: 0.9997
  Hist_Corr: 0.9982
  Time: 0.44 seconds

26.7% target:
  Target: 31227 bits
  Actual: 31227 bits
  BPP: 0.029780
  PSNR: 63.07
  SSIM: 0.9996
  Hist_Corr: 0.9977
  Time: 0.45 seconds

33.3% target:
  Target: 39034 bits
  Actual: 39034 bits
  BPP: 0.037226
  PSNR: 61.85
  SSIM: 0.9994
  Hist_Corr: 0.9956
  Time: 0.46 seconds

40.0% target:
  Target: 46841 bits
  Actual: 46841 bits
  BPP: 0.044671
  PSNR: 61.54
  SSIM: 0.9995
  Hist_Corr: 0.9974
  Time: 0.47 seconds

46.7% target:
  Target: 54648 bits
  Actual: 54648 bits
  BPP: 0.052116
  PSNR: 61.01
  SSIM: 0.9993
  Hist_Corr: 0.9955
  Time: 0.47 seconds

53.3% target:
  Target: 62454 bits
  Actual: 62454 bits
  BPP: 0.059561
  PSNR: 61.69
  SSIM: 0.9994
  Hist_Corr: 0.9962
  Time: 0.52 seconds

60.0% target:
  Target: 70261 bits
  Actual: 70261 bits
  BPP: 0.067006
  PSNR: 60.30
  SSIM: 0.9991
  Hist_Corr: 0.9911
  Time: 0.53 seconds

66.7% target:
  Target: 78068 bits
  Actual: 78068 bits
  BPP: 0.074451
  PSNR: 60.07
  SSIM: 0.9991
  Hist_Corr: 0.9931
  Time: 0.60 seconds

73.3% target:
  Target: 85875 bits
  Actual: 85875 bits
  BPP: 0.081897
  PSNR: 58.63
  SSIM: 0.9985
  Hist_Corr: 0.9916
  Time: 0.59 seconds

80.0% target:
  Target: 93682 bits
  Actual: 93682 bits
  BPP: 0.089342
  PSNR: 58.44
  SSIM: 0.9983
  Hist_Corr: 0.9915
  Time: 0.64 seconds

86.7% target:
  Target: 101489 bits
  Actual: 101489 bits
  BPP: 0.096787
  PSNR: 58.15
  SSIM: 0.9982
  Hist_Corr: 0.9903
  Time: 0.64 seconds

93.3% target:
  Target: 109296 bits
  Actual: 109296 bits
  BPP: 0.104233
  PSNR: 56.74
  SSIM: 0.9971
  Hist_Corr: 0.9872
  Time: 0.73 seconds

Results summary:
Total processing time: 10.40 seconds
Average time per point: 0.69 seconds
Results saved to ./Prediction_Error_Embedding/outcome/plots/male/data_rhombus

Data table:
 Target_Percentage  Target_Payload  Actual_Payload      BPP      PSNR   SSIM  Hist_Corr  Processing_Time
          6.666667            7806            7806 0.007444 66.956935 0.9998   0.999582         0.416044
         13.333333           15613           15613 0.014890 65.791805 0.9998   0.999535         0.404299
         20.000000           23420           23420 0.022335 64.179392 0.9997   0.998205         0.437841
         26.666667           31227           31227 0.029780 63.068372 0.9996   0.997695         0.454120
         33.333333           39034           39034 0.037226 61.846766 0.9994   0.995601         0.460247
         40.000000           46841           46841 0.044671 61.542070 0.9995   0.997351         0.465879
         46.666667           54648           54648 0.052116 61.011257 0.9993   0.995537         0.465054
         53.333333           62454           62454 0.059561 61.686624 0.9994   0.996230         0.519254
         60.000000           70261           70261 0.067006 60.296568 0.9991   0.991070         0.527713
         66.666667           78068           78068 0.074451 60.070872 0.9991   0.993127         0.598608
         73.333333           85875           85875 0.081897 58.629058 0.9985   0.991635         0.590800
         80.000000           93682           93682 0.089342 58.441326 0.9983   0.991452         0.638464
         86.666667          101489          101489 0.096787 58.154126 0.9982   0.990253         0.639859
         93.333333          109296          109296 0.104233 56.741943 0.9971   0.987234         0.732746
        100.000000          117103          117103 0.111678 55.911587 0.9962   0.987694         1.076659