Simplified measurement run started at 2025-02-26 01:36:56
Image: male
Method: split
Prediction method: rhombus
Ratio of ones: 0.9
Total embeddings: 5
EL mode: 0
Segments: 15
Use different weights: False

================================================================================

Step 1: Finding maximum payload capacity
Maximum payload: 372554 bits
Max BPP: 0.355295
Time taken: 1.51 seconds

Step 2: Calculating 15 evenly distributed payload points
Target payload points:
  Point 1: 24836 bits (6.7% of max)
  Point 2: 49673 bits (13.3% of max)
  Point 3: 74510 bits (20.0% of max)
  Point 4: 99347 bits (26.7% of max)
  Point 5: 124184 bits (33.3% of max)
  Point 6: 149021 bits (40.0% of max)
  Point 7: 173858 bits (46.7% of max)
  Point 8: 198695 bits (53.3% of max)
  Point 9: 223532 bits (60.0% of max)
  Point 10: 248369 bits (66.7% of max)
  Point 11: 273206 bits (73.3% of max)
  Point 12: 298043 bits (80.0% of max)
  Point 13: 322880 bits (86.7% of max)
  Point 14: 347717 bits (93.3% of max)
  Point 15: 372554 bits (100.0% of max)

Step 3: Running embedding algorithm for each target point
100.0% target (Max capacity):
  Target: 372554 bits
  Actual: 372554 bits
  BPP: 0.355295
  PSNR: 40.96
  SSIM: 0.9513
  Hist_Corr: 0.4721
  Time: 1.51 seconds

6.7% target:
  Target: 24836 bits
  Actual: 24836 bits
  BPP: 0.023685
  PSNR: 55.31
  SSIM: 0.9956
  Hist_Corr: 0.8446
  Time: 0.63 seconds

13.3% target:
  Target: 49673 bits
  Actual: 49673 bits
  BPP: 0.047372
  PSNR: 50.49
  SSIM: 0.9924
  Hist_Corr: 0.9341
  Time: 0.68 seconds

20.0% target:
  Target: 74510 bits
  Actual: 74510 bits
  BPP: 0.071058
  PSNR: 48.38
  SSIM: 0.9924
  Hist_Corr: 0.9811
  Time: 0.86 seconds

26.7% target:
  Target: 99347 bits
  Actual: 99347 bits
  BPP: 0.094745
  PSNR: 47.36
  SSIM: 0.9803
  Hist_Corr: 0.6037
  Time: 0.73 seconds

33.3% target:
  Target: 124184 bits
  Actual: 124184 bits
  BPP: 0.118431
  PSNR: 46.09
  SSIM: 0.9761
  Hist_Corr: 0.6646
  Time: 0.93 seconds

40.0% target:
  Target: 149021 bits
  Actual: 149021 bits
  BPP: 0.142118
  PSNR: 44.56
  SSIM: 0.9718
  Hist_Corr: 0.6190
  Time: 0.99 seconds

46.7% target:
  Target: 173858 bits
  Actual: 173858 bits
  BPP: 0.165804
  PSNR: 44.97
  SSIM: 0.9770
  Hist_Corr: 0.7254
  Time: 0.98 seconds

53.3% target:
  Target: 198695 bits
  Actual: 198695 bits
  BPP: 0.189490
  PSNR: 43.80
  SSIM: 0.9725
  Hist_Corr: 0.8035
  Time: 1.10 seconds

60.0% target:
  Target: 223532 bits
  Actual: 223532 bits
  BPP: 0.213177
  PSNR: 42.26
  SSIM: 0.9639
  Hist_Corr: 0.7587
  Time: 1.40 seconds

66.7% target:
  Target: 248369 bits
  Actual: 248369 bits
  BPP: 0.236863
  PSNR: 41.78
  SSIM: 0.9560
  Hist_Corr: 0.6036
  Time: 1.15 seconds

73.3% target:
  Target: 273206 bits
  Actual: 273206 bits
  BPP: 0.260550
  PSNR: 41.03
  SSIM: 0.9528
  Hist_Corr: 0.5643
  Time: 1.03 seconds

80.0% target:
  Target: 298043 bits
  Actual: 298043 bits
  BPP: 0.284236
  PSNR: 42.15
  SSIM: 0.9611
  Hist_Corr: 0.5780
  Time: 1.21 seconds

86.7% target:
  Target: 322880 bits
  Actual: 322880 bits
  BPP: 0.307922
  PSNR: 40.73
  SSIM: 0.9516
  Hist_Corr: 0.5514
  Time: 1.08 seconds

93.3% target:
  Target: 347717 bits
  Actual: 345983 bits
  BPP: 0.329955
  PSNR: 39.59
  SSIM: 0.9415
  Hist_Corr: 0.4161
  Time: 1.44 seconds

Results summary:
Total processing time: 18.45 seconds
Average time per point: 1.23 seconds
Results saved to ./Prediction_Error_Embedding/outcome/plots/male/data_rhombus

Data table:
 Target_Percentage  Target_Payload  Actual_Payload      BPP      PSNR   SSIM  Hist_Corr  Processing_Time
          6.666667           24836           24836 0.023685 55.306139 0.9956   0.844582         0.633967
         13.333333           49673           49673 0.047372 50.492135 0.9924   0.934062         0.683976
         20.000000           74510           74510 0.071058 48.383632 0.9924   0.981141         0.861951
         26.666667           99347           99347 0.094745 47.364032 0.9803   0.603707         0.727600
         33.333333          124184          124184 0.118431 46.089442 0.9761   0.664602         0.928081
         40.000000          149021          149021 0.142118 44.564868 0.9718   0.619028         0.989423
         46.666667          173858          173858 0.165804 44.971991 0.9770   0.725414         0.980526
         53.333333          198695          198695 0.189490 43.795195 0.9725   0.803496         1.100290
         60.000000          223532          223532 0.213177 42.256388 0.9639   0.758732         1.404679
         66.666667          248369          248369 0.236863 41.784974 0.9560   0.603616         1.145060
         73.333333          273206          273206 0.260550 41.031506 0.9528   0.564336         1.031654
         80.000000          298043          298043 0.284236 42.147229 0.9611   0.578019         1.212679
         86.666667          322880          322880 0.307922 40.727296 0.9516   0.551374         1.078166
         93.333333          347717          345983 0.329955 39.590654 0.9415   0.416108         1.444006
        100.000000          372554          372554 0.355295 40.956041 0.9513   0.472131         1.514225