Multi-predictor comparison run started at 2025-02-25 17:00:48
Image: barbara.png
Method: split
Parameters: embeddings=5, el_mode=0
Predictor ratio settings:
  PROPOSED: 0.5
  MED: 1.0
  GAP: 0.7
  RHOMBUS: 0.9
Split size: 2x2, block_base=False

================================================================================

Starting run with proposed predictor at 2025-02-25 17:00:48
Run completed for proposed predictor (ratio_of_ones=0.5)
Total payload: 320452
PSNR: 33.94
SSIM: 0.9173
Processing time: 3.02 seconds

------------------------------------------------------------

Starting run with med predictor at 2025-02-25 17:00:51
Run completed for med predictor (ratio_of_ones=1.0)
Total payload: 287617
PSNR: 33.04
SSIM: 0.8993
Processing time: 3.95 seconds

------------------------------------------------------------

Starting run with gap predictor at 2025-02-25 17:00:52
Run completed for gap predictor (ratio_of_ones=0.7)
Total payload: 271458
PSNR: 34.93
SSIM: 0.9263
Processing time: 4.91 seconds

------------------------------------------------------------

Starting run with rhombus predictor at 2025-02-25 17:00:53
Run completed for rhombus predictor (ratio_of_ones=0.9)
Total payload: 75866
PSNR: 45.86
SSIM: 0.9924
Processing time: 5.78 seconds

------------------------------------------------------------


Comparison completed at 2025-02-25 17:00:55
Total processing time: 7.13 seconds

Summary Results:
  predictor  ratio_of_ones  total_payload       bpp       psnr    ssim  hist_corr
0  proposed            0.5         320452  1.222427  33.943111  0.9173   0.956670
1       med            1.0         287617  1.097172  33.037255  0.8993   0.934379
2       gap            0.7         271458  1.035530  34.925215  0.9263   0.959239
3   rhombus            0.9          75866  0.289406  45.861715  0.9924   0.998448