Simplified measurement run started at 2025-03-11 23:11:59
Image: bridge
Method: split
Prediction method: med
Ratio of ones: 1.0
Total embeddings: 5
EL mode: 0
Segments: 15
Use different weights: False

================================================================================

Step 1: Finding maximum payload capacity
Maximum payload: 147909 bits
Max BPP: 0.564228
Time taken: 0.76 seconds

Step 2: Calculating 15 evenly distributed payload points
Target payload points:
  Point 1: 9860 bits (6.7% of max)
  Point 2: 19721 bits (13.3% of max)
  Point 3: 29581 bits (20.0% of max)
  Point 4: 39442 bits (26.7% of max)
  Point 5: 49303 bits (33.3% of max)
  Point 6: 59163 bits (40.0% of max)
  Point 7: 69024 bits (46.7% of max)
  Point 8: 78884 bits (53.3% of max)
  Point 9: 88745 bits (60.0% of max)
  Point 10: 98606 bits (66.7% of max)
  Point 11: 108466 bits (73.3% of max)
  Point 12: 118327 bits (80.0% of max)
  Point 13: 128187 bits (86.7% of max)
  Point 14: 138048 bits (93.3% of max)
  Point 15: 147909 bits (100.0% of max)

Step 3: Running embedding algorithm for each target point
100.0% target (Max capacity):
  Target: 147909 bits
  Actual: 147909 bits
  BPP: 0.564228
  PSNR: 51.79
  SSIM: 0.9987
  Hist_Corr: 0.9828
  Time: 0.76 seconds

6.7% target:
  Target: 9860 bits
  Actual: 9860 bits
  BPP: 0.037613
  PSNR: 59.83
  SSIM: 0.9998
  Hist_Corr: 0.9975
  Time: 0.19 seconds

13.3% target:
  Target: 19721 bits
  Actual: 19721 bits
  BPP: 0.075230
  PSNR: 58.06
  SSIM: 0.9997
  Hist_Corr: 0.9940
  Time: 0.21 seconds

20.0% target:
  Target: 29581 bits
  Actual: 29581 bits
  BPP: 0.112843
  PSNR: 56.80
  SSIM: 0.9996
  Hist_Corr: 0.9885
  Time: 0.23 seconds

26.7% target:
  Target: 39442 bits
  Actual: 39442 bits
  BPP: 0.150459
  PSNR: 55.96
  SSIM: 0.9995
  Hist_Corr: 0.9863
  Time: 0.24 seconds

33.3% target:
  Target: 49303 bits
  Actual: 49303 bits
  BPP: 0.188076
  PSNR: 55.52
  SSIM: 0.9994
  Hist_Corr: 0.9882
  Time: 0.28 seconds

40.0% target:
  Target: 59163 bits
  Actual: 59163 bits
  BPP: 0.225689
  PSNR: 54.80
  SSIM: 0.9993
  Hist_Corr: 0.9889
  Time: 0.29 seconds

46.7% target:
  Target: 69024 bits
  Actual: 69024 bits
  BPP: 0.263306
  PSNR: 53.75
  SSIM: 0.9992
  Hist_Corr: 0.9788
  Time: 0.35 seconds

53.3% target:
  Target: 78884 bits
  Actual: 78884 bits
  BPP: 0.300919
  PSNR: 53.49
  SSIM: 0.9992
  Hist_Corr: 0.9814
  Time: 0.33 seconds

60.0% target:
  Target: 88745 bits
  Actual: 88745 bits
  BPP: 0.338535
  PSNR: 52.88
  SSIM: 0.9990
  Hist_Corr: 0.9837
  Time: 0.38 seconds

66.7% target:
  Target: 98606 bits
  Actual: 98606 bits
  BPP: 0.376152
  PSNR: 52.52
  SSIM: 0.9990
  Hist_Corr: 0.9765
  Time: 0.40 seconds

73.3% target:
  Target: 108466 bits
  Actual: 108466 bits
  BPP: 0.413765
  PSNR: 52.30
  SSIM: 0.9989
  Hist_Corr: 0.9809
  Time: 0.40 seconds

80.0% target:
  Target: 118327 bits
  Actual: 118327 bits
  BPP: 0.451382
  PSNR: 52.61
  SSIM: 0.9990
  Hist_Corr: 0.9801
  Time: 0.41 seconds

86.7% target:
  Target: 128187 bits
  Actual: 128187 bits
  BPP: 0.488995
  PSNR: 51.96
  SSIM: 0.9988
  Hist_Corr: 0.9797
  Time: 0.46 seconds

93.3% target:
  Target: 138048 bits
  Actual: 138048 bits
  BPP: 0.526611
  PSNR: 51.94
  SSIM: 0.9988
  Hist_Corr: 0.9844
  Time: 0.47 seconds

Results summary:
Total processing time: 6.98 seconds
Average time per point: 0.47 seconds
Results saved to ./Prediction_Error_Embedding/outcome/plots/bridge/data_med

Data table:
 Target_Percentage  Target_Payload  Actual_Payload      BPP      PSNR   SSIM  Hist_Corr  Processing_Time
          6.666667            9860            9860 0.037613 59.830095 0.9998   0.997522         0.186219
         13.333333           19721           19721 0.075230 58.063633 0.9997   0.994019         0.213110
         20.000000           29581           29581 0.112843 56.802313 0.9996   0.988461         0.226469
         26.666667           39442           39442 0.150459 55.955639 0.9995   0.986310         0.243623
         33.333333           49303           49303 0.188076 55.518019 0.9994   0.988239         0.278039
         40.000000           59163           59163 0.225689 54.804567 0.9993   0.988883         0.285549
         46.666667           69024           69024 0.263306 53.747465 0.9992   0.978771         0.351930
         53.333333           78884           78884 0.300919 53.494887 0.9992   0.981405         0.331892
         60.000000           88745           88745 0.338535 52.878736 0.9990   0.983662         0.380702
         66.666667           98606           98606 0.376152 52.522540 0.9990   0.976513         0.402617
         73.333333          108466          108466 0.413765 52.299039 0.9989   0.980858         0.399457
         80.000000          118327          118327 0.451382 52.606601 0.9990   0.980055         0.411922
         86.666667          128187          128187 0.488995 51.961745 0.9988   0.979667         0.457235
         93.333333          138048          138048 0.526611 51.937199 0.9988   0.984412         0.473258
        100.000000          147909          147909 0.564228 51.792496 0.9987   0.982830         0.757458