Simplified measurement run started at 2025-03-10 19:14:05
Image: bridge
Method: split
Prediction method: med
Ratio of ones: 1.0
Total embeddings: 5
EL mode: 0
Segments: 15
Use different weights: False

================================================================================

Step 1: Finding maximum payload capacity
Maximum payload: 73469 bits
Max BPP: 0.280262
Time taken: 0.67 seconds

Step 2: Calculating 15 evenly distributed payload points
Target payload points:
  Point 1: 4897 bits (6.7% of max)
  Point 2: 9795 bits (13.3% of max)
  Point 3: 14693 bits (20.0% of max)
  Point 4: 19591 bits (26.7% of max)
  Point 5: 24489 bits (33.3% of max)
  Point 6: 29387 bits (40.0% of max)
  Point 7: 34285 bits (46.7% of max)
  Point 8: 39183 bits (53.3% of max)
  Point 9: 44081 bits (60.0% of max)
  Point 10: 48979 bits (66.7% of max)
  Point 11: 53877 bits (73.3% of max)
  Point 12: 58775 bits (80.0% of max)
  Point 13: 63673 bits (86.7% of max)
  Point 14: 68571 bits (93.3% of max)
  Point 15: 73469 bits (100.0% of max)

Step 3: Running embedding algorithm for each target point
100.0% target (Max capacity):
  Target: 73469 bits
  Actual: 73469 bits
  BPP: 0.280262
  PSNR: 51.38
  SSIM: 0.9986
  Hist_Corr: 0.9850
  Time: 0.67 seconds

6.7% target:
  Target: 4897 bits
  Actual: 4897 bits
  BPP: 0.018681
  PSNR: 62.86
  SSIM: 0.9999
  Hist_Corr: 0.9994
  Time: 0.17 seconds

13.3% target:
  Target: 9795 bits
  Actual: 9795 bits
  BPP: 0.037365
  PSNR: 59.92
  SSIM: 0.9998
  Hist_Corr: 0.9976
  Time: 0.21 seconds

20.0% target:
  Target: 14693 bits
  Actual: 14693 bits
  BPP: 0.056049
  PSNR: 59.84
  SSIM: 0.9998
  Hist_Corr: 0.9976
  Time: 0.19 seconds

26.7% target:
  Target: 19591 bits
  Actual: 19591 bits
  BPP: 0.074734
  PSNR: 58.07
  SSIM: 0.9997
  Hist_Corr: 0.9941
  Time: 0.21 seconds

33.3% target:
  Target: 24489 bits
  Actual: 24489 bits
  BPP: 0.093418
  PSNR: 58.08
  SSIM: 0.9997
  Hist_Corr: 0.9940
  Time: 0.22 seconds

40.0% target:
  Target: 29387 bits
  Actual: 29387 bits
  BPP: 0.112103
  PSNR: 56.80
  SSIM: 0.9996
  Hist_Corr: 0.9884
  Time: 0.22 seconds

46.7% target:
  Target: 34285 bits
  Actual: 34285 bits
  BPP: 0.130787
  PSNR: 56.78
  SSIM: 0.9996
  Hist_Corr: 0.9883
  Time: 0.23 seconds

53.3% target:
  Target: 39183 bits
  Actual: 39183 bits
  BPP: 0.149471
  PSNR: 56.15
  SSIM: 0.9995
  Hist_Corr: 0.9869
  Time: 0.26 seconds

60.0% target:
  Target: 44081 bits
  Actual: 44081 bits
  BPP: 0.168156
  PSNR: 54.79
  SSIM: 0.9993
  Hist_Corr: 0.9892
  Time: 0.28 seconds

66.7% target:
  Target: 48979 bits
  Actual: 48979 bits
  BPP: 0.186840
  PSNR: 54.80
  SSIM: 0.9994
  Hist_Corr: 0.9817
  Time: 0.29 seconds

73.3% target:
  Target: 53877 bits
  Actual: 53877 bits
  BPP: 0.205524
  PSNR: 53.58
  SSIM: 0.9992
  Hist_Corr: 0.9847
  Time: 0.32 seconds

80.0% target:
  Target: 58775 bits
  Actual: 58775 bits
  BPP: 0.224209
  PSNR: 53.13
  SSIM: 0.9991
  Hist_Corr: 0.9831
  Time: 0.37 seconds

86.7% target:
  Target: 63673 bits
  Actual: 63673 bits
  BPP: 0.242893
  PSNR: 52.87
  SSIM: 0.9990
  Hist_Corr: 0.9830
  Time: 0.37 seconds

93.3% target:
  Target: 68571 bits
  Actual: 68571 bits
  BPP: 0.261578
  PSNR: 52.26
  SSIM: 0.9989
  Hist_Corr: 0.9789
  Time: 0.44 seconds

Results summary:
Total processing time: 6.00 seconds
Average time per point: 0.40 seconds
Results saved to ./Prediction_Error_Embedding/outcome/plots/bridge/data_med

Data table:
 Target_Percentage  Target_Payload  Actual_Payload      BPP      PSNR   SSIM  Hist_Corr  Processing_Time
          6.666667            4897            4897 0.018681 62.862009 0.9999   0.999428         0.173697
         13.333333            9795            9795 0.037365 59.918455 0.9998   0.997625         0.212012
         20.000000           14693           14693 0.056049 59.838924 0.9998   0.997557         0.187316
         26.666667           19591           19591 0.074734 58.072941 0.9997   0.994054         0.207287
         33.333333           24489           24489 0.093418 58.081778 0.9997   0.994042         0.223330
         40.000000           29387           29387 0.112103 56.801703 0.9996   0.988417         0.222186
         46.666667           34285           34285 0.130787 56.781621 0.9996   0.988314         0.233603
         53.333333           39183           39183 0.149471 56.145465 0.9995   0.986897         0.261372
         60.000000           44081           44081 0.168156 54.788883 0.9993   0.989185         0.281926
         66.666667           48979           48979 0.186840 54.795334 0.9994   0.981717         0.289414
         73.333333           53877           53877 0.205524 53.580904 0.9992   0.984747         0.321461
         80.000000           58775           58775 0.224209 53.127777 0.9991   0.983109         0.374680
         86.666667           63673           63673 0.242893 52.865409 0.9990   0.983007         0.370326
         93.333333           68571           68571 0.261578 52.258565 0.9989   0.978924         0.436069
        100.000000           73469           73469 0.280262 51.375162 0.9986   0.985027         0.665141