Multi-predictor comparison run started at 2025-02-25 16:52:14
Image: male.png
Method: split
Parameters: embeddings=5, el_mode=0
Predictor ratio settings:
  PROPOSED: 0.5
  MED: 1.0
  GAP: 0.7
  RHOMBUS: 0.9
Split size: 2x2, block_base=False

================================================================================

Starting run with proposed predictor at 2025-02-25 16:52:14
Run completed for proposed predictor (ratio_of_ones=0.5)
Total payload: 1326928
PSNR: 34.22
SSIM: 0.8923
Processing time: 7.80 seconds

------------------------------------------------------------

Starting run with med predictor at 2025-02-25 16:52:22
Run completed for med predictor (ratio_of_ones=1.0)
Total payload: 1176242
PSNR: 32.91
SSIM: 0.8643
Processing time: 10.94 seconds

------------------------------------------------------------

Starting run with gap predictor at 2025-02-25 16:52:25
Run completed for gap predictor (ratio_of_ones=0.7)
Total payload: 1203816
PSNR: 34.56
SSIM: 0.8913
Processing time: 14.34 seconds

------------------------------------------------------------

Starting run with rhombus predictor at 2025-02-25 16:52:28
Run completed for rhombus predictor (ratio_of_ones=0.9)
Total payload: 812446
PSNR: 37.10
SSIM: 0.9245
Processing time: 17.63 seconds

------------------------------------------------------------


Comparison completed at 2025-02-25 16:52:33
Total processing time: 19.35 seconds

Summary Results:
  predictor  ratio_of_ones  total_payload       bpp       psnr    ssim  hist_corr
0  proposed            0.5        1326928  1.265457  34.216264  0.8923   0.905285
1       med            1.0        1176242  1.121752  32.914472  0.8643   0.835316
2       gap            0.7        1203816  1.148048  34.563484  0.8913   0.852864
3   rhombus            0.9         812446  0.774809  37.101508  0.9245   0.440037