Multi-predictor comparison run started at 2025-02-25 16:57:24
Image: male.png
Method: split
Parameters: embeddings=5, el_mode=0
Predictor ratio settings:
  PROPOSED: 0.5
  MED: 1.0
  GAP: 0.7
  RHOMBUS: 0.9
Split size: 2x2, block_base=False

================================================================================

Starting run with proposed predictor at 2025-02-25 16:57:24
Run completed for proposed predictor (ratio_of_ones=0.5)
Total payload: 1333767
PSNR: 33.44
SSIM: 0.8810
Processing time: 7.76 seconds

------------------------------------------------------------

Starting run with med predictor at 2025-02-25 16:57:31
Run completed for med predictor (ratio_of_ones=1.0)
Total payload: 1212323
PSNR: 33.09
SSIM: 0.8671
Processing time: 10.76 seconds

------------------------------------------------------------

Starting run with gap predictor at 2025-02-25 16:57:34
Run completed for gap predictor (ratio_of_ones=0.7)
Total payload: 1175870
PSNR: 34.56
SSIM: 0.8914
Processing time: 13.98 seconds

------------------------------------------------------------

Starting run with rhombus predictor at 2025-02-25 16:57:38
Run completed for rhombus predictor (ratio_of_ones=0.9)
Total payload: 344892
PSNR: 40.32
SSIM: 0.9487
Processing time: 17.01 seconds

------------------------------------------------------------


Comparison completed at 2025-02-25 16:57:42
Total processing time: 18.39 seconds

Summary Results:
  predictor  ratio_of_ones  total_payload       bpp       psnr    ssim  hist_corr
0  proposed            0.5        1333767  1.271979  33.438050  0.8810   0.892841
1       med            1.0        1212323  1.156161  33.088807  0.8671   0.841802
2       gap            0.7        1175870  1.121397  34.562138  0.8914   0.854791
3   rhombus            0.9         344892  0.328915  40.320887  0.9487   0.544587