Precise measurement run started at 2025-04-27 12:06:20
Image: Male
Method: rotation
Prediction method: proposed
Ratio of ones: 0.5
Total embeddings: 1
EL mode: 0
Step size: 100000 bits
Use different weights: False

================================================================================

Step 1: Finding maximum payload capacity
Maximum payload: 815977 bits
Max BPP: 0.778176
Max PSNR: 53.08
Max SSIM: 0.9965
Max Hist Corr: 0.9508
Time taken: 1.52 seconds

Step 2: Calculating measurement points with 100000 bit steps
Target payload points:
  Point 1: 100000 bits (12.3% of max)
  Point 2: 200000 bits (24.5% of max)
  Point 3: 300000 bits (36.8% of max)
  Point 4: 400000 bits (49.0% of max)
  Point 5: 500000 bits (61.3% of max)
  Point 6: 600000 bits (73.5% of max)
  Point 7: 700000 bits (85.8% of max)
  Point 8: 800000 bits (98.0% of max)
  Point 9: 815977 bits (100.0% of max) [using initial measurement]

Step 3: Running embedding algorithm for each target point
12.3% target:
  Target: 100000 bits
  Actual: 100000 bits
  BPP: 0.095367
  PSNR: 60.16
  SSIM: 0.9996
  Hist_Corr: 0.9993
  Time: 0.59 seconds

24.5% target:
  Target: 200000 bits
  Actual: 200000 bits
  BPP: 0.190735
  PSNR: 57.82
  SSIM: 0.9993
  Hist_Corr: 0.9993
  Time: 0.59 seconds

36.8% target:
  Target: 300000 bits
  Actual: 300000 bits
  BPP: 0.286102
  PSNR: 56.09
  SSIM: 0.9989
  Hist_Corr: 0.9926
  Time: 0.59 seconds

49.0% target:
  Target: 400000 bits
  Actual: 400000 bits
  BPP: 0.381470
  PSNR: 55.80
  SSIM: 0.9984
  Hist_Corr: 0.9922
  Time: 0.62 seconds

61.3% target:
  Target: 500000 bits
  Actual: 500000 bits
  BPP: 0.476837
  PSNR: 55.41
  SSIM: 0.9981
  Hist_Corr: 0.9630
  Time: 0.63 seconds

73.5% target:
  Target: 600000 bits
  Actual: 600000 bits
  BPP: 0.572205
  PSNR: 54.03
  SSIM: 0.9971
  Hist_Corr: 0.9612
  Time: 0.65 seconds

85.8% target:
  Target: 700000 bits
  Actual: 700000 bits
  BPP: 0.667572
  PSNR: 53.16
  SSIM: 0.9964
  Hist_Corr: 0.9484
  Time: 0.65 seconds

98.0% target:
  Target: 800000 bits
  Actual: 800000 bits
  BPP: 0.762939
  PSNR: 52.91
  SSIM: 0.9970
  Hist_Corr: 0.9312
  Time: 0.66 seconds

Results summary:
Total processing time: 7.90 seconds
Average time per point: 0.88 seconds
Results saved to ./Prediction_Error_Embedding/outcome/plots/Male/precise_proposed

Data table:
 Target_Percentage  Target_Payload  Actual_Payload      BPP      PSNR     SSIM  Hist_Corr  Processing_Time  Suspicious  PSNR_Original  SSIM_Original  Hist_Corr_Original
         12.255247          100000          100000 0.095367 60.033368 0.999591   0.999384         0.587161       False      60.162273         0.9996            0.999304
         24.510495          200000          200000 0.190735 57.920063 0.999304   0.994955         0.589571       False      57.818219         0.9993            0.999337
         36.765742          300000          300000 0.286102 56.302525 0.998915   0.992142         0.593029       False      56.091602         0.9989            0.992608
         49.020990          400000          400000 0.381470 55.750673 0.998423   0.989545         0.624998       False      55.796594         0.9984            0.992205
         61.276237          500000          500000 0.476837 55.262760 0.998087   0.965986         0.634000       False      55.413068         0.9981            0.962970
         73.531484          600000          600000 0.572205 54.065066 0.997100   0.961157         0.645862       False      54.031570         0.9971            0.961229
         85.786732          700000          700000 0.667572 53.240422 0.996232   0.947976         0.648108       False      53.157484         0.9964            0.948421
         98.041979          800000          800000 0.762939 52.871703 0.994018   0.931089         0.663472       False      52.909208         0.9970            0.931184
        100.000000          815977          815977 0.778176 53.080136 0.996500   0.950813         1.523488       False      53.080136         0.9965            0.950813