Precise measurement run started at 2025-04-27 13:49:26
Image: Male
Method: quadtree
Prediction method: proposed
Ratio of ones: 1
Total embeddings: 1
EL mode: 0
Step size: 100000 bits
Use different weights: False

================================================================================

Step 1: Finding maximum payload capacity
Maximum payload: 1173954 bits
Max BPP: 1.119570
Max PSNR: 45.36
Max SSIM: 0.9910
Max Hist Corr: 0.9116
Time taken: 25.62 seconds

Step 2: Calculating measurement points with 100000 bit steps
Target payload points:
  Point 1: 100000 bits (8.5% of max)
  Point 2: 200000 bits (17.0% of max)
  Point 3: 300000 bits (25.6% of max)
  Point 4: 400000 bits (34.1% of max)
  Point 5: 500000 bits (42.6% of max)
  Point 6: 600000 bits (51.1% of max)
  Point 7: 700000 bits (59.6% of max)
  Point 8: 800000 bits (68.1% of max)
  Point 9: 900000 bits (76.7% of max)
  Point 10: 1000000 bits (85.2% of max)
  Point 11: 1100000 bits (93.7% of max)
  Point 12: 1173954 bits (100.0% of max) [using initial measurement]

Step 3: Running embedding algorithm for each target point
8.5% target:
  Target: 100000 bits
  Actual: 100000 bits
  BPP: 0.095367
  PSNR: 64.89
  SSIM: 0.9997
  Hist_Corr: 0.9975
  Time: 5.26 seconds

17.0% target:
  Target: 200000 bits
  Actual: 200000 bits
  BPP: 0.190735
  PSNR: 62.28
  SSIM: 0.9995
  Hist_Corr: 0.9942
  Time: 5.06 seconds

25.6% target:
  Target: 300000 bits
  Actual: 299131 bits
  BPP: 0.285274
  PSNR: 52.94
  SSIM: 0.9975
  Hist_Corr: 0.9040
  Time: 13.19 seconds

34.1% target:
  Target: 400000 bits
  Warning: Suspicious PSNR value detected: 52.95 > previous 52.94
  Actual: 398160 bits
  BPP: 0.379715
  PSNR: 52.95
  SSIM: 0.9975
  Hist_Corr: 0.9030
  Time: 13.23 seconds

42.6% target:
  Target: 500000 bits
  Actual: 499751 bits
  BPP: 0.476600
  PSNR: 52.11
  SSIM: 0.9974
  Hist_Corr: 0.9057
  Time: 13.21 seconds

51.1% target:
  Target: 600000 bits
  Actual: 598522 bits
  BPP: 0.570795
  PSNR: 49.58
  SSIM: 0.9966
  Hist_Corr: 0.9131
  Time: 14.66 seconds

59.6% target:
  Target: 700000 bits
  Actual: 697549 bits
  BPP: 0.665235
  PSNR: 47.99
  SSIM: 0.9951
  Hist_Corr: 0.9202
  Time: 15.85 seconds

68.1% target:
  Target: 800000 bits
  Actual: 798790 bits
  BPP: 0.761786
  PSNR: 47.41
  SSIM: 0.9936
  Hist_Corr: 0.9208
  Time: 16.55 seconds

76.7% target:
  Target: 900000 bits
  Actual: 893707 bits
  BPP: 0.852305
  PSNR: 46.73
  SSIM: 0.9926
  Hist_Corr: 0.9139
  Time: 16.55 seconds

85.2% target:
  Target: 1000000 bits
  Actual: 989110 bits
  BPP: 0.943289
  PSNR: 45.76
  SSIM: 0.9914
  Hist_Corr: 0.9101
  Time: 16.99 seconds

93.7% target:
  Target: 1100000 bits
  Actual: 1030770 bits
  BPP: 0.983019
  PSNR: 45.30
  SSIM: 0.9910
  Hist_Corr: 0.9105
  Time: 18.57 seconds

Results summary:
Total processing time: 176.70 seconds
Average time per point: 14.72 seconds
Results saved to ./Prediction_Error_Embedding/outcome/plots/Male/precise_proposed

Data table:
 Target_Percentage  Target_Payload  Actual_Payload      BPP      PSNR     SSIM  Hist_Corr  Processing_Time  Suspicious  PSNR_Original  SSIM_Original  Hist_Corr_Original
          8.518221          100000          100000 0.095367 65.329184 0.999695   1.000447         5.263261       False      64.885027         0.9997            0.997463
         17.036443          200000          200000 0.190735 61.393568 0.999356   0.984874         5.059469       False      62.276215         0.9995            0.994151
         25.554664          300000          299131 0.285274 53.148666 0.997753   0.911725        13.189580       False      52.944774         0.9975            0.903981
         34.072885          400000          398160 0.379715 48.569683 0.997544   0.904214        13.228647        True      52.947046         0.9975            0.902971
         42.591107          500000          499751 0.476600 45.816117 0.997294   0.899718        13.209146       False      52.109701         0.9974            0.905726
         51.109328          600000          598522 0.570795 44.689586 0.996539   0.897918        14.656766       False      49.577496         0.9966            0.913098
         59.627549          700000          697549 0.665235 44.125090 0.995129   0.896122        15.845038       False      47.987928         0.9951            0.920210
         68.145771          800000          798790 0.761786 43.840865 0.993643   0.894330        16.549925       False      47.407296         0.9936            0.920770
         76.663992          900000          893707 0.852305 43.672963 0.992615   0.892541        16.546665       False      46.731784         0.9926            0.913925
         85.182213         1000000          989110 0.943289 43.615195 0.991479   0.890756        16.988748       False      45.759077         0.9914            0.910081
         93.700435         1100000         1030770 0.983019 43.527965 0.990936   0.888975        18.573219       False      45.304842         0.9910            0.910508
        100.000000         1173954         1173954 1.119570 45.359156 0.991000   0.911600        25.620553       False      45.359156         0.9910            0.911600