Precise measurement run started at 2025-06-16 15:53:19
Image: Male
Method: rotation
Prediction method: proposed
Ratio of ones: 0.5
Total embeddings: 4
EL mode: 0
Segments: 20
Use different weights: 2

================================================================================

Step 1: Finding maximum payload capacity
Maximum payload: 1176530 bits
Max BPP: 1.122026
Max PSNR: 50.87
Max SSIM: 0.9934
Max Hist Corr: 0.9183
Time taken: 8.99 seconds

Step 2: Calculating 20 evenly distributed payload points
Target payload points:
  Point 1: 58826 bits (5.0% of max)
  Point 2: 117653 bits (10.0% of max)
  Point 3: 176479 bits (15.0% of max)
  Point 4: 235306 bits (20.0% of max)
  Point 5: 294132 bits (25.0% of max)
  Point 6: 352959 bits (30.0% of max)
  Point 7: 411785 bits (35.0% of max)
  Point 8: 470612 bits (40.0% of max)
  Point 9: 529438 bits (45.0% of max)
  Point 10: 588265 bits (50.0% of max)
  Point 11: 647091 bits (55.0% of max)
  Point 12: 705918 bits (60.0% of max)
  Point 13: 764744 bits (65.0% of max)
  Point 14: 823571 bits (70.0% of max)
  Point 15: 882397 bits (75.0% of max)
  Point 16: 941224 bits (80.0% of max)
  Point 17: 1000050 bits (85.0% of max)
  Point 18: 1058877 bits (90.0% of max)
  Point 19: 1117703 bits (95.0% of max)
  Point 20: 1164764 bits (99.0% of max)
  Point 21: 1176530 bits (100.0% of max) [using initial measurement]

Step 3: Running embedding algorithm for each target point
5.0% target:
  Target: 58826 bits
  Actual: 58826 bits
  BPP: 0.056101
  PSNR: 60.09
  SSIM: 0.9996
  Hist_Corr: 0.9990
  Time: 1.92 seconds

10.0% target:
  Target: 117653 bits
  Actual: 117653 bits
  BPP: 0.112203
  PSNR: 58.51
  SSIM: 0.9995
  Hist_Corr: 0.9993
  Time: 1.92 seconds

15.0% target:
  Target: 176479 bits
  Warning: Suspicious PSNR value detected: 59.17 > previous 58.51
  Actual: 176479 bits
  BPP: 0.168303
  PSNR: 59.17
  SSIM: 0.9995
  Hist_Corr: 0.9989
  Time: 1.91 seconds

20.0% target:
  Target: 235306 bits
  Actual: 235306 bits
  BPP: 0.224405
  PSNR: 58.14
  SSIM: 0.9992
  Hist_Corr: 0.9942
  Time: 1.99 seconds

25.0% target:
  Target: 294132 bits
  Actual: 294132 bits
  BPP: 0.280506
  PSNR: 55.75
  SSIM: 0.9987
  Hist_Corr: 0.9935
  Time: 2.00 seconds

30.0% target:
  Target: 352959 bits
  Actual: 352959 bits
  BPP: 0.336608
  PSNR: 55.61
  SSIM: 0.9986
  Hist_Corr: 0.9922
  Time: 1.99 seconds

35.0% target:
  Target: 411785 bits
  Actual: 411785 bits
  BPP: 0.392709
  PSNR: 55.41
  SSIM: 0.9983
  Hist_Corr: 0.9807
  Time: 2.03 seconds

40.0% target:
  Target: 470612 bits
  Actual: 470612 bits
  BPP: 0.448811
  PSNR: 55.17
  SSIM: 0.9982
  Hist_Corr: 0.9778
  Time: 2.04 seconds

45.0% target:
  Target: 529438 bits
  Actual: 529438 bits
  BPP: 0.504911
  PSNR: 53.73
  SSIM: 0.9978
  Hist_Corr: 0.9852
  Time: 2.05 seconds

50.0% target:
  Target: 588265 bits
  Warning: Suspicious PSNR value detected: 54.11 > previous 53.73
  Actual: 588265 bits
  BPP: 0.561013
  PSNR: 54.11
  SSIM: 0.9976
  Hist_Corr: 0.9829
  Time: 2.06 seconds

55.0% target:
  Target: 647091 bits
  Actual: 647091 bits
  BPP: 0.617114
  PSNR: 53.57
  SSIM: 0.9974
  Hist_Corr: 0.9764
  Time: 2.06 seconds

60.0% target:
  Target: 705918 bits
  Actual: 705918 bits
  BPP: 0.673216
  PSNR: 52.91
  SSIM: 0.9970
  Hist_Corr: 0.9776
  Time: 2.06 seconds

65.0% target:
  Target: 764744 bits
  Warning: Suspicious PSNR value detected: 53.68 > previous 52.91
  Actual: 764744 bits
  BPP: 0.729317
  PSNR: 53.68
  SSIM: 0.9969
  Hist_Corr: 0.9594
  Time: 2.07 seconds

70.0% target:
  Target: 823571 bits
  Actual: 823571 bits
  BPP: 0.785419
  PSNR: 52.48
  SSIM: 0.9968
  Hist_Corr: 0.9564
  Time: 4.11 seconds

75.0% target:
  Target: 882397 bits
  Warning: Suspicious PSNR value detected: 52.98 > previous 52.48
  Actual: 882397 bits
  BPP: 0.841519
  PSNR: 52.98
  SSIM: 0.9965
  Hist_Corr: 0.9590
  Time: 4.10 seconds

80.0% target:
  Target: 941224 bits
  Actual: 941224 bits
  BPP: 0.897621
  PSNR: 52.08
  SSIM: 0.9959
  Hist_Corr: 0.9672
  Time: 4.04 seconds

85.0% target:
  Target: 1000050 bits
  Actual: 1000050 bits
  BPP: 0.953722
  PSNR: 51.85
  SSIM: 0.9957
  Hist_Corr: 0.9560
  Time: 6.07 seconds

90.0% target:
  Target: 1058877 bits
  Actual: 1058877 bits
  BPP: 1.009824
  PSNR: 51.67
  SSIM: 0.9953
  Hist_Corr: 0.9511
  Time: 6.11 seconds

95.0% target:
  Target: 1117703 bits
  Actual: 1117703 bits
  BPP: 1.065925
  PSNR: 51.38
  SSIM: 0.9947
  Hist_Corr: 0.9362
  Time: 7.99 seconds

99.0% target:
  Target: 1164764 bits
  Actual: 1164764 bits
  BPP: 1.110806
  PSNR: 51.01
  SSIM: 0.9945
  Hist_Corr: 0.9388
  Time: 8.01 seconds

Results summary:
Total processing time: 78.10 seconds
Average time per point: 3.72 seconds
Results saved to ./Prediction_Error_Embedding/outcome/plots/Male/precise_proposed

Data table:
 Target_Percentage  Target_Payload  Actual_Payload      BPP      PSNR     SSIM  Hist_Corr  Processing_Time  Suspicious  PSNR_Original  SSIM_Original  Hist_Corr_Original
          4.999958           58826           58826 0.056101 60.063407 0.999612   0.998574         1.915325       False      60.089493         0.9996            0.999018
         10.000000          117653          117653 0.112203 58.585370 0.999506   0.994428         1.920178       False      58.510382         0.9995            0.999320
         14.999958          176479          176479 0.168303 57.715572 0.999457   0.991989         1.907048        True      59.174369         0.9995            0.998872
         20.000000          235306          235306 0.224405 57.177650 0.999184   0.990381         1.988607       False      58.137336         0.9992            0.994173
         24.999958          294132          294132 0.280506 55.880457 0.998743   0.989406         1.999544       False      55.750310         0.9987            0.993536
         30.000000          352959          352959 0.336608 55.649067 0.998589   0.986753         1.985610       False      55.605099         0.9986            0.992212
         34.999958          411785          411785 0.392709 55.362003 0.998307   0.981090         2.029952       False      55.409193         0.9983            0.980724
         40.000000          470612          470612 0.448811 55.049099 0.998174   0.977986         2.042547       False      55.170852         0.9982            0.977758
         44.999958          529438          529438 0.504911 53.798410 0.997821   0.976206         2.052724       False      53.728486         0.9978            0.985153
         50.000000          588265          588265 0.561013 53.057146 0.997600   0.975637         2.061631        True      54.108558         0.9976            0.982908
         54.999958          647091          647091 0.617114 52.633820 0.997373   0.973092         2.060000       False      53.567038         0.9974            0.976355
         60.000000          705918          705918 0.673216 52.459961 0.997034   0.970766         2.062991       False      52.910042         0.9970            0.977583
         64.999958          764744          764744 0.729317 52.379264 0.996913   0.960324         2.069921        True      53.684477         0.9969            0.959434
         70.000000          823571          823571 0.785419 52.332865 0.996767   0.956769         4.106584       False      52.479388         0.9968            0.956418
         74.999958          882397          882397 0.841519 52.287792 0.996477   0.954658         4.097286        True      52.981811         0.9965            0.958979
         80.000000          941224          941224 0.897621 52.084162 0.995953   0.954345         4.036920       False      52.079265         0.9959            0.967198
         84.999958         1000050         1000050 0.953722 51.863328 0.995677   0.951869         6.070076       False      51.849184         0.9957            0.956031
         90.000000         1058877         1058877 1.009824 51.665821 0.995279   0.949814         6.112907       False      51.672297         0.9953            0.951115
         94.999958         1117703         1117703 1.065925 51.371011 0.994741   0.937132         7.986062       False      51.376185         0.9947            0.936193
         98.999941         1164764         1164764 1.110806 51.014290 0.994484   0.930076         8.007087       False      51.011410         0.9945            0.938806
        100.000000         1176530         1176530 1.122026 50.865895 0.993400   0.918300         8.990134       False      50.865895         0.9934            0.918300