Precise measurement run started at 2025-04-20 21:20:05
Image: Male
Method: quadtree
Prediction method: proposed
Ratio of ones: 0.3
Total embeddings: 1
EL mode: 0
Step size: 10000 bits
Use different weights: False

================================================================================

Step 1: Finding maximum payload capacity
Maximum payload: 1238019 bits
Max BPP: 1.180667
Time taken: 24.23 seconds

Step 2: Calculating measurement points with 10000 bit steps
Target payload points:
  Point 1: 10000 bits (0.8% of max)
  Point 2: 20000 bits (1.6% of max)
  Point 3: 30000 bits (2.4% of max)
  Point 4: 40000 bits (3.2% of max)
  Point 5: 50000 bits (4.0% of max)
  Point 6: 60000 bits (4.8% of max)
  Point 7: 70000 bits (5.7% of max)
  Point 8: 80000 bits (6.5% of max)
  Point 9: 90000 bits (7.3% of max)
  Point 10: 100000 bits (8.1% of max)
  Point 11: 110000 bits (8.9% of max)
  Point 12: 120000 bits (9.7% of max)
  Point 13: 130000 bits (10.5% of max)
  Point 14: 140000 bits (11.3% of max)
  Point 15: 150000 bits (12.1% of max)
  Point 16: 160000 bits (12.9% of max)
  Point 17: 170000 bits (13.7% of max)
  Point 18: 180000 bits (14.5% of max)
  Point 19: 190000 bits (15.3% of max)
  Point 20: 200000 bits (16.2% of max)
  Point 21: 210000 bits (17.0% of max)
  Point 22: 220000 bits (17.8% of max)
  Point 23: 230000 bits (18.6% of max)
  Point 24: 240000 bits (19.4% of max)
  Point 25: 250000 bits (20.2% of max)
  Point 26: 260000 bits (21.0% of max)
  Point 27: 270000 bits (21.8% of max)
  Point 28: 280000 bits (22.6% of max)
  Point 29: 290000 bits (23.4% of max)
  Point 30: 300000 bits (24.2% of max)
  Point 31: 310000 bits (25.0% of max)
  Point 32: 320000 bits (25.8% of max)
  Point 33: 330000 bits (26.7% of max)
  Point 34: 340000 bits (27.5% of max)
  Point 35: 350000 bits (28.3% of max)
  Point 36: 360000 bits (29.1% of max)
  Point 37: 370000 bits (29.9% of max)
  Point 38: 380000 bits (30.7% of max)
  Point 39: 390000 bits (31.5% of max)
  Point 40: 400000 bits (32.3% of max)
  Point 41: 410000 bits (33.1% of max)
  Point 42: 420000 bits (33.9% of max)
  Point 43: 430000 bits (34.7% of max)
  Point 44: 440000 bits (35.5% of max)
  Point 45: 450000 bits (36.3% of max)
  Point 46: 460000 bits (37.2% of max)
  Point 47: 470000 bits (38.0% of max)
  Point 48: 480000 bits (38.8% of max)
  Point 49: 490000 bits (39.6% of max)
  Point 50: 500000 bits (40.4% of max)
  Point 51: 510000 bits (41.2% of max)
  Point 52: 520000 bits (42.0% of max)
  Point 53: 530000 bits (42.8% of max)
  Point 54: 540000 bits (43.6% of max)
  Point 55: 550000 bits (44.4% of max)
  Point 56: 560000 bits (45.2% of max)
  Point 57: 570000 bits (46.0% of max)
  Point 58: 580000 bits (46.8% of max)
  Point 59: 590000 bits (47.7% of max)
  Point 60: 600000 bits (48.5% of max)
  Point 61: 610000 bits (49.3% of max)
  Point 62: 620000 bits (50.1% of max)
  Point 63: 630000 bits (50.9% of max)
  Point 64: 640000 bits (51.7% of max)
  Point 65: 650000 bits (52.5% of max)
  Point 66: 660000 bits (53.3% of max)
  Point 67: 670000 bits (54.1% of max)
  Point 68: 680000 bits (54.9% of max)
  Point 69: 690000 bits (55.7% of max)
  Point 70: 700000 bits (56.5% of max)
  Point 71: 710000 bits (57.3% of max)
  Point 72: 720000 bits (58.2% of max)
  Point 73: 730000 bits (59.0% of max)
  Point 74: 740000 bits (59.8% of max)
  Point 75: 750000 bits (60.6% of max)
  Point 76: 760000 bits (61.4% of max)
  Point 77: 770000 bits (62.2% of max)
  Point 78: 780000 bits (63.0% of max)
  Point 79: 790000 bits (63.8% of max)
  Point 80: 800000 bits (64.6% of max)
  Point 81: 810000 bits (65.4% of max)
  Point 82: 820000 bits (66.2% of max)
  Point 83: 830000 bits (67.0% of max)
  Point 84: 840000 bits (67.9% of max)
  Point 85: 850000 bits (68.7% of max)
  Point 86: 860000 bits (69.5% of max)
  Point 87: 870000 bits (70.3% of max)
  Point 88: 880000 bits (71.1% of max)
  Point 89: 890000 bits (71.9% of max)
  Point 90: 900000 bits (72.7% of max)
  Point 91: 910000 bits (73.5% of max)
  Point 92: 920000 bits (74.3% of max)
  Point 93: 930000 bits (75.1% of max)
  Point 94: 940000 bits (75.9% of max)
  Point 95: 950000 bits (76.7% of max)
  Point 96: 960000 bits (77.5% of max)
  Point 97: 970000 bits (78.4% of max)
  Point 98: 980000 bits (79.2% of max)
  Point 99: 990000 bits (80.0% of max)
  Point 100: 1000000 bits (80.8% of max)
  Point 101: 1010000 bits (81.6% of max)
  Point 102: 1020000 bits (82.4% of max)
  Point 103: 1030000 bits (83.2% of max)
  Point 104: 1040000 bits (84.0% of max)
  Point 105: 1050000 bits (84.8% of max)
  Point 106: 1060000 bits (85.6% of max)
  Point 107: 1070000 bits (86.4% of max)
  Point 108: 1080000 bits (87.2% of max)
  Point 109: 1090000 bits (88.0% of max)
  Point 110: 1100000 bits (88.9% of max)
  Point 111: 1110000 bits (89.7% of max)
  Point 112: 1120000 bits (90.5% of max)
  Point 113: 1130000 bits (91.3% of max)
  Point 114: 1140000 bits (92.1% of max)
  Point 115: 1150000 bits (92.9% of max)
  Point 116: 1160000 bits (93.7% of max)
  Point 117: 1170000 bits (94.5% of max)
  Point 118: 1180000 bits (95.3% of max)
  Point 119: 1190000 bits (96.1% of max)
  Point 120: 1200000 bits (96.9% of max)
  Point 121: 1210000 bits (97.7% of max)
  Point 122: 1220000 bits (98.5% of max)
  Point 123: 1230000 bits (99.4% of max)
  Point 124: 1238019 bits (100.0% of max)

Step 3: Running embedding algorithm for each target point
100.0% target (Max capacity):
  Target: 1238019 bits
  Actual: 1238019 bits
  BPP: 1.180667
  PSNR: 50.58
  SSIM: 0.9962
  Hist_Corr: 0.9828
  Time: 24.23 seconds

0.8% target:
  Target: 10000 bits
  Actual: 10000 bits
  BPP: 0.009537
  PSNR: 62.03
  SSIM: 0.9998
  Hist_Corr: 0.9999
  Time: 5.04 seconds

1.6% target:
  Target: 20000 bits
  Warning: Suspicious PSNR value detected: 68.32 > previous 62.03
  Actual: 20000 bits
  BPP: 0.019073
  PSNR: 68.32
  SSIM: 1.0000
  Hist_Corr: 1.0000
  Time: 4.75 seconds

2.4% target:
  Target: 30000 bits
  Actual: 30000 bits
  BPP: 0.028610
  PSNR: 68.26
  SSIM: 1.0000
  Hist_Corr: 1.0000
  Time: 4.76 seconds

3.2% target:
  Target: 40000 bits
  Actual: 40000 bits
  BPP: 0.038147
  PSNR: 62.02
  SSIM: 0.9998
  Hist_Corr: 0.9999
  Time: 4.82 seconds

4.0% target:
  Target: 50000 bits
  Actual: 50000 bits
  BPP: 0.047684
  PSNR: 61.86
  SSIM: 0.9998
  Hist_Corr: 0.9999
  Time: 4.74 seconds

4.8% target:
  Target: 60000 bits
  Actual: 60000 bits
  BPP: 0.057220
  PSNR: 59.42
  SSIM: 0.9997
  Hist_Corr: 0.9997
  Time: 4.85 seconds

5.7% target:
  Target: 70000 bits
  Warning: Suspicious PSNR value detected: 59.92 > previous 59.42
  Actual: 70000 bits
  BPP: 0.066757
  PSNR: 59.92
  SSIM: 0.9997
  Hist_Corr: 0.9995
  Time: 4.76 seconds

6.5% target:
  Target: 80000 bits
  Actual: 80000 bits
  BPP: 0.076294
  PSNR: 59.56
  SSIM: 0.9996
  Hist_Corr: 0.9994
  Time: 4.81 seconds

7.3% target:
  Target: 90000 bits
  Actual: 90000 bits
  BPP: 0.085831
  PSNR: 59.31
  SSIM: 0.9997
  Hist_Corr: 0.9996
  Time: 4.96 seconds

8.1% target:
  Target: 100000 bits
  Actual: 100000 bits
  BPP: 0.095367
  PSNR: 58.83
  SSIM: 0.9996
  Hist_Corr: 0.9996
  Time: 5.06 seconds

8.9% target:
  Target: 110000 bits
  Warning: Suspicious PSNR value detected: 59.90 > previous 58.83
  Actual: 110000 bits
  BPP: 0.104904
  PSNR: 59.90
  SSIM: 0.9996
  Hist_Corr: 0.9995
  Time: 5.02 seconds

9.7% target:
  Target: 120000 bits
  Actual: 120000 bits
  BPP: 0.114441
  PSNR: 58.57
  SSIM: 0.9995
  Hist_Corr: 0.9988
  Time: 4.97 seconds

10.5% target:
  Target: 130000 bits
  Actual: 130000 bits
  BPP: 0.123978
  PSNR: 57.94
  SSIM: 0.9995
  Hist_Corr: 0.9994
  Time: 4.90 seconds

11.3% target:
  Target: 140000 bits
  Warning: Suspicious PSNR value detected: 57.96 > previous 57.94
  Actual: 140000 bits
  BPP: 0.133514
  PSNR: 57.96
  SSIM: 0.9995
  Hist_Corr: 0.9994
  Time: 4.82 seconds

12.1% target:
  Target: 150000 bits
  Actual: 150000 bits
  BPP: 0.143051
  PSNR: 57.59
  SSIM: 0.9994
  Hist_Corr: 0.9992
  Time: 4.87 seconds

12.9% target:
  Target: 160000 bits
  Actual: 160000 bits
  BPP: 0.152588
  PSNR: 57.12
  SSIM: 0.9994
  Hist_Corr: 0.9991
  Time: 4.81 seconds

13.7% target:
  Target: 170000 bits
  Actual: 170000 bits
  BPP: 0.162125
  PSNR: 56.83
  SSIM: 0.9993
  Hist_Corr: 0.9989
  Time: 4.82 seconds

14.5% target:
  Target: 180000 bits
  Warning: Suspicious PSNR value detected: 57.10 > previous 56.83
  Actual: 180000 bits
  BPP: 0.171661
  PSNR: 57.10
  SSIM: 0.9993
  Hist_Corr: 0.9987
  Time: 4.76 seconds

15.3% target:
  Target: 190000 bits
  Warning: Suspicious PSNR value detected: 57.99 > previous 57.10
  Actual: 190000 bits
  BPP: 0.181198
  PSNR: 57.99
  SSIM: 0.9994
  Hist_Corr: 0.9991
  Time: 4.76 seconds

16.2% target:
  Target: 200000 bits
  Actual: 200000 bits
  BPP: 0.190735
  PSNR: 56.54
  SSIM: 0.9992
  Hist_Corr: 0.9986
  Time: 4.68 seconds

17.0% target:
  Target: 210000 bits
  Actual: 209281 bits
  BPP: 0.199586
  PSNR: 53.75
  SSIM: 0.9980
  Hist_Corr: 0.9911
  Time: 12.79 seconds

17.8% target:
  Target: 220000 bits
  Actual: 217973 bits
  BPP: 0.207875
  PSNR: 53.74
  SSIM: 0.9980
  Hist_Corr: 0.9925
  Time: 13.28 seconds

18.6% target:
  Target: 230000 bits
  Actual: 229456 bits
  BPP: 0.218826
  PSNR: 53.66
  SSIM: 0.9979
  Hist_Corr: 0.9889
  Time: 12.61 seconds

19.4% target:
  Target: 240000 bits
  Warning: Suspicious PSNR value detected: 53.73 > previous 53.66
  Actual: 238377 bits
  BPP: 0.227334
  PSNR: 53.73
  SSIM: 0.9980
  Hist_Corr: 0.9896
  Time: 12.69 seconds

20.2% target:
  Target: 250000 bits
  Warning: Suspicious PSNR value detected: 53.75 > previous 53.73
  Actual: 249860 bits
  BPP: 0.238285
  PSNR: 53.75
  SSIM: 0.9979
  Hist_Corr: 0.9900
  Time: 13.22 seconds

21.0% target:
  Target: 260000 bits
  Warning: Suspicious PSNR value detected: 53.76 > previous 53.75
  Actual: 258552 bits
  BPP: 0.246574
  PSNR: 53.76
  SSIM: 0.9980
  Hist_Corr: 0.9925
  Time: 12.41 seconds

21.8% target:
  Target: 270000 bits
  Warning: Suspicious PSNR value detected: 53.83 > previous 53.76
  Actual: 267471 bits
  BPP: 0.255080
  PSNR: 53.83
  SSIM: 0.9980
  Hist_Corr: 0.9929
  Time: 12.64 seconds

22.6% target:
  Target: 280000 bits
  Actual: 278956 bits
  BPP: 0.266033
  PSNR: 53.79
  SSIM: 0.9980
  Hist_Corr: 0.9891
  Time: 12.82 seconds

23.4% target:
  Target: 290000 bits
  Warning: Suspicious PSNR value detected: 53.86 > previous 53.79
  Actual: 287875 bits
  BPP: 0.274539
  PSNR: 53.86
  SSIM: 0.9979
  Hist_Corr: 0.9875
  Time: 13.86 seconds

24.2% target:
  Target: 300000 bits
  Actual: 299131 bits
  BPP: 0.285274
  PSNR: 53.78
  SSIM: 0.9980
  Hist_Corr: 0.9905
  Time: 13.24 seconds

25.0% target:
  Target: 310000 bits
  Actual: 308050 bits
  BPP: 0.293779
  PSNR: 53.76
  SSIM: 0.9981
  Hist_Corr: 0.9932
  Time: 13.15 seconds

25.8% target:
  Target: 320000 bits
  Actual: 319566 bits
  BPP: 0.304762
  PSNR: 53.70
  SSIM: 0.9980
  Hist_Corr: 0.9910
  Time: 12.73 seconds

26.7% target:
  Target: 330000 bits
  Warning: Suspicious PSNR value detected: 53.73 > previous 53.70
  Actual: 328485 bits
  BPP: 0.313268
  PSNR: 53.73
  SSIM: 0.9979
  Hist_Corr: 0.9901
  Time: 12.44 seconds

27.5% target:
  Target: 340000 bits
  Warning: Suspicious PSNR value detected: 53.77 > previous 53.73
  Actual: 339968 bits
  BPP: 0.324219
  PSNR: 53.77
  SSIM: 0.9980
  Hist_Corr: 0.9924
  Time: 13.01 seconds

28.3% target:
  Target: 350000 bits
  Actual: 348660 bits
  BPP: 0.332508
  PSNR: 53.67
  SSIM: 0.9980
  Hist_Corr: 0.9896
  Time: 12.28 seconds

29.1% target:
  Target: 360000 bits
  Warning: Suspicious PSNR value detected: 53.83 > previous 53.67
  Actual: 357581 bits
  BPP: 0.341016
  PSNR: 53.83
  SSIM: 0.9980
  Hist_Corr: 0.9901
  Time: 13.15 seconds

29.9% target:
  Target: 370000 bits
  Actual: 369064 bits
  BPP: 0.351967
  PSNR: 53.69
  SSIM: 0.9980
  Hist_Corr: 0.9922
  Time: 12.50 seconds

30.7% target:
  Target: 380000 bits
  Warning: Suspicious PSNR value detected: 53.72 > previous 53.69
  Actual: 377983 bits
  BPP: 0.360473
  PSNR: 53.72
  SSIM: 0.9980
  Hist_Corr: 0.9905
  Time: 13.17 seconds

31.5% target:
  Target: 390000 bits
  Warning: Suspicious PSNR value detected: 53.79 > previous 53.72
  Actual: 389239 bits
  BPP: 0.371207
  PSNR: 53.79
  SSIM: 0.9979
  Hist_Corr: 0.9901
  Time: 12.65 seconds

32.3% target:
  Target: 400000 bits
  Warning: Suspicious PSNR value detected: 53.81 > previous 53.79
  Actual: 398160 bits
  BPP: 0.379715
  PSNR: 53.81
  SSIM: 0.9980
  Hist_Corr: 0.9895
  Time: 12.50 seconds

33.1% target:
  Target: 410000 bits
  Actual: 409643 bits
  BPP: 0.390666
  PSNR: 53.77
  SSIM: 0.9979
  Hist_Corr: 0.9876
  Time: 12.64 seconds

33.9% target:
  Target: 420000 bits
  Warning: Suspicious PSNR value detected: 53.85 > previous 53.77
  Actual: 418562 bits
  BPP: 0.399172
  PSNR: 53.85
  SSIM: 0.9981
  Hist_Corr: 0.9941
  Time: 12.48 seconds

34.7% target:
  Target: 430000 bits
  Actual: 427254 bits
  BPP: 0.407461
  PSNR: 53.80
  SSIM: 0.9980
  Hist_Corr: 0.9922
  Time: 12.88 seconds

35.5% target:
  Target: 440000 bits
  Warning: Suspicious PSNR value detected: 53.80 > previous 53.80
  Actual: 438739 bits
  BPP: 0.418414
  PSNR: 53.80
  SSIM: 0.9980
  Hist_Corr: 0.9874
  Time: 11.32 seconds

36.3% target:
  Target: 450000 bits
  Actual: 447658 bits
  BPP: 0.426920
  PSNR: 53.69
  SSIM: 0.9980
  Hist_Corr: 0.9917
  Time: 11.34 seconds

37.2% target:
  Target: 460000 bits
  Actual: 459141 bits
  BPP: 0.437871
  PSNR: 53.61
  SSIM: 0.9979
  Hist_Corr: 0.9897
  Time: 11.39 seconds

38.0% target:
  Target: 470000 bits
  Warning: Suspicious PSNR value detected: 53.69 > previous 53.61
  Actual: 467833 bits
  BPP: 0.446160
  PSNR: 53.69
  SSIM: 0.9980
  Hist_Corr: 0.9901
  Time: 11.39 seconds

38.8% target:
  Target: 480000 bits
  Warning: Suspicious PSNR value detected: 53.70 > previous 53.69
  Actual: 479349 bits
  BPP: 0.457143
  PSNR: 53.70
  SSIM: 0.9979
  Hist_Corr: 0.9878
  Time: 11.05 seconds

39.6% target:
  Target: 490000 bits
  Actual: 488268 bits
  BPP: 0.465649
  PSNR: 53.58
  SSIM: 0.9980
  Hist_Corr: 0.9928
  Time: 11.69 seconds

40.4% target:
  Target: 500000 bits
  Warning: Suspicious PSNR value detected: 53.65 > previous 53.58
  Actual: 499751 bits
  BPP: 0.476600
  PSNR: 53.65
  SSIM: 0.9981
  Hist_Corr: 0.9923
  Time: 12.32 seconds

41.2% target:
  Target: 510000 bits
  Actual: 508670 bits
  BPP: 0.485106
  PSNR: 53.65
  SSIM: 0.9980
  Hist_Corr: 0.9903
  Time: 12.55 seconds

42.0% target:
  Target: 520000 bits
  Actual: 517364 bits
  BPP: 0.493397
  PSNR: 53.48
  SSIM: 0.9979
  Hist_Corr: 0.9892
  Time: 12.85 seconds

42.8% target:
  Target: 530000 bits
  Actual: 528847 bits
  BPP: 0.504348
  PSNR: 53.34
  SSIM: 0.9979
  Hist_Corr: 0.9906
  Time: 12.82 seconds

43.6% target:
  Target: 540000 bits
  Actual: 537766 bits
  BPP: 0.512854
  PSNR: 53.32
  SSIM: 0.9980
  Hist_Corr: 0.9931
  Time: 12.96 seconds

44.4% target:
  Target: 550000 bits
  Actual: 549249 bits
  BPP: 0.523805
  PSNR: 53.05
  SSIM: 0.9979
  Hist_Corr: 0.9902
  Time: 13.10 seconds

45.2% target:
  Target: 560000 bits
  Actual: 557943 bits
  BPP: 0.532096
  PSNR: 52.96
  SSIM: 0.9978
  Hist_Corr: 0.9891
  Time: 13.26 seconds

46.0% target:
  Target: 570000 bits
  Actual: 569426 bits
  BPP: 0.543047
  PSNR: 52.94
  SSIM: 0.9978
  Hist_Corr: 0.9894
  Time: 13.29 seconds

46.8% target:
  Target: 580000 bits
  Actual: 578345 bits
  BPP: 0.551553
  PSNR: 52.69
  SSIM: 0.9978
  Hist_Corr: 0.9931
  Time: 13.36 seconds

47.7% target:
  Target: 590000 bits
  Actual: 589828 bits
  BPP: 0.562504
  PSNR: 52.56
  SSIM: 0.9977
  Hist_Corr: 0.9917
  Time: 12.29 seconds

48.5% target:
  Target: 600000 bits
  Actual: 598522 bits
  BPP: 0.570795
  PSNR: 52.43
  SSIM: 0.9975
  Hist_Corr: 0.9854
  Time: 12.80 seconds

49.3% target:
  Target: 610000 bits
  Actual: 607441 bits
  BPP: 0.579301
  PSNR: 52.28
  SSIM: 0.9975
  Hist_Corr: 0.9883
  Time: 12.35 seconds

50.1% target:
  Target: 620000 bits
  Actual: 618924 bits
  BPP: 0.590252
  PSNR: 52.08
  SSIM: 0.9974
  Hist_Corr: 0.9883
  Time: 14.05 seconds

50.9% target:
  Target: 630000 bits
  Warning: Suspicious PSNR value detected: 52.17 > previous 52.08
  Actual: 627843 bits
  BPP: 0.598758
  PSNR: 52.17
  SSIM: 0.9975
  Hist_Corr: 0.9916
  Time: 13.72 seconds

51.7% target:
  Target: 640000 bits
  Actual: 639359 bits
  BPP: 0.609740
  PSNR: 51.94
  SSIM: 0.9974
  Hist_Corr: 0.9894
  Time: 13.69 seconds

52.5% target:
  Target: 650000 bits
  Actual: 648051 bits
  BPP: 0.618030
  PSNR: 51.84
  SSIM: 0.9973
  Hist_Corr: 0.9868
  Time: 14.14 seconds

53.3% target:
  Target: 660000 bits
  Actual: 659534 bits
  BPP: 0.628981
  PSNR: 51.80
  SSIM: 0.9972
  Hist_Corr: 0.9884
  Time: 13.61 seconds

54.1% target:
  Target: 670000 bits
  Warning: Suspicious PSNR value detected: 51.90 > previous 51.80
  Actual: 668453 bits
  BPP: 0.637486
  PSNR: 51.90
  SSIM: 0.9972
  Hist_Corr: 0.9883
  Time: 14.10 seconds

54.9% target:
  Target: 680000 bits
  Actual: 679938 bits
  BPP: 0.648439
  PSNR: 51.75
  SSIM: 0.9972
  Hist_Corr: 0.9866
  Time: 14.47 seconds

55.7% target:
  Target: 690000 bits
  Actual: 688630 bits
  BPP: 0.656729
  PSNR: 51.53
  SSIM: 0.9969
  Hist_Corr: 0.9817
  Time: 14.31 seconds

56.5% target:
  Target: 700000 bits
  Warning: Suspicious PSNR value detected: 51.67 > previous 51.53
  Actual: 697549 bits
  BPP: 0.665235
  PSNR: 51.67
  SSIM: 0.9969
  Hist_Corr: 0.9880
  Time: 14.88 seconds

57.3% target:
  Target: 710000 bits
  Actual: 709032 bits
  BPP: 0.676186
  PSNR: 51.43
  SSIM: 0.9970
  Hist_Corr: 0.9910
  Time: 14.86 seconds

58.2% target:
  Target: 720000 bits
  Actual: 717953 bits
  BPP: 0.684693
  PSNR: 51.36
  SSIM: 0.9968
  Hist_Corr: 0.9882
  Time: 15.19 seconds

59.0% target:
  Target: 730000 bits
  Actual: 729209 bits
  BPP: 0.695428
  PSNR: 51.30
  SSIM: 0.9967
  Hist_Corr: 0.9860
  Time: 14.37 seconds

59.8% target:
  Target: 740000 bits
  Warning: Suspicious PSNR value detected: 51.34 > previous 51.30
  Actual: 738128 bits
  BPP: 0.703934
  PSNR: 51.34
  SSIM: 0.9968
  Hist_Corr: 0.9858
  Time: 15.01 seconds

60.6% target:
  Target: 750000 bits
  Actual: 749611 bits
  BPP: 0.714885
  PSNR: 51.26
  SSIM: 0.9966
  Hist_Corr: 0.9867
  Time: 15.07 seconds

61.4% target:
  Target: 760000 bits
  Actual: 758532 bits
  BPP: 0.723392
  PSNR: 51.25
  SSIM: 0.9968
  Hist_Corr: 0.9893
  Time: 14.22 seconds

62.2% target:
  Target: 770000 bits
  Warning: Suspicious PSNR value detected: 51.30 > previous 51.25
  Actual: 767224 bits
  BPP: 0.731682
  PSNR: 51.30
  SSIM: 0.9967
  Hist_Corr: 0.9853
  Time: 14.34 seconds

63.0% target:
  Target: 780000 bits
  Actual: 778707 bits
  BPP: 0.742633
  PSNR: 51.28
  SSIM: 0.9966
  Hist_Corr: 0.9847
  Time: 14.30 seconds

63.8% target:
  Target: 790000 bits
  Actual: 787626 bits
  BPP: 0.751139
  PSNR: 51.20
  SSIM: 0.9966
  Hist_Corr: 0.9887
  Time: 14.46 seconds

64.6% target:
  Target: 800000 bits
  Warning: Suspicious PSNR value detected: 51.21 > previous 51.20
  Actual: 799090 bits
  BPP: 0.762072
  PSNR: 51.21
  SSIM: 0.9965
  Hist_Corr: 0.9907
  Time: 14.30 seconds

65.4% target:
  Target: 810000 bits
  Actual: 808061 bits
  BPP: 0.770627
  PSNR: 51.14
  SSIM: 0.9965
  Hist_Corr: 0.9893
  Time: 13.54 seconds

66.2% target:
  Target: 820000 bits
  Warning: Suspicious PSNR value detected: 51.22 > previous 51.14
  Actual: 819135 bits
  BPP: 0.781188
  PSNR: 51.22
  SSIM: 0.9964
  Hist_Corr: 0.9906
  Time: 13.74 seconds

67.0% target:
  Target: 830000 bits
  Warning: Suspicious PSNR value detected: 51.28 > previous 51.22
  Actual: 828236 bits
  BPP: 0.789867
  PSNR: 51.28
  SSIM: 0.9965
  Hist_Corr: 0.9862
  Time: 14.42 seconds

67.9% target:
  Target: 840000 bits
  Actual: 839721 bits
  BPP: 0.800820
  PSNR: 51.08
  SSIM: 0.9963
  Hist_Corr: 0.9852
  Time: 14.31 seconds

68.7% target:
  Target: 850000 bits
  Warning: Suspicious PSNR value detected: 51.10 > previous 51.08
  Actual: 848604 bits
  BPP: 0.809292
  PSNR: 51.10
  SSIM: 0.9963
  Hist_Corr: 0.9849
  Time: 14.42 seconds

69.5% target:
  Target: 860000 bits
  Warning: Suspicious PSNR value detected: 51.16 > previous 51.10
  Actual: 857115 bits
  BPP: 0.817409
  PSNR: 51.16
  SSIM: 0.9963
  Hist_Corr: 0.9846
  Time: 14.25 seconds

70.3% target:
  Target: 870000 bits
  Actual: 867461 bits
  BPP: 0.827275
  PSNR: 51.08
  SSIM: 0.9965
  Hist_Corr: 0.9840
  Time: 14.30 seconds

71.1% target:
  Target: 880000 bits
  Actual: 877297 bits
  BPP: 0.836656
  PSNR: 51.04
  SSIM: 0.9963
  Hist_Corr: 0.9783
  Time: 14.40 seconds

71.9% target:
  Target: 890000 bits
  Warning: Suspicious PSNR value detected: 51.06 > previous 51.04
  Actual: 889219 bits
  BPP: 0.848025
  PSNR: 51.06
  SSIM: 0.9965
  Hist_Corr: 0.9825
  Time: 13.97 seconds

72.7% target:
  Target: 900000 bits
  Actual: 897717 bits
  BPP: 0.856130
  PSNR: 51.03
  SSIM: 0.9963
  Hist_Corr: 0.9805
  Time: 14.29 seconds

73.5% target:
  Target: 910000 bits
  Actual: 908931 bits
  BPP: 0.866824
  PSNR: 50.98
  SSIM: 0.9963
  Hist_Corr: 0.9880
  Time: 14.54 seconds

74.3% target:
  Target: 920000 bits
  Warning: Suspicious PSNR value detected: 51.01 > previous 50.98
  Actual: 917822 bits
  BPP: 0.875303
  PSNR: 51.01
  SSIM: 0.9962
  Hist_Corr: 0.9747
  Time: 14.20 seconds

75.1% target:
  Target: 930000 bits
  Actual: 929234 bits
  BPP: 0.886187
  PSNR: 50.93
  SSIM: 0.9963
  Hist_Corr: 0.9857
  Time: 15.12 seconds

75.9% target:
  Target: 940000 bits
  Warning: Suspicious PSNR value detected: 51.03 > previous 50.93
  Actual: 934753 bits
  BPP: 0.891450
  PSNR: 51.03
  SSIM: 0.9965
  Hist_Corr: 0.9787
  Time: 15.99 seconds

76.7% target:
  Target: 950000 bits
  Actual: 946101 bits
  BPP: 0.902272
  PSNR: 50.91
  SSIM: 0.9962
  Hist_Corr: 0.9847
  Time: 15.70 seconds

77.5% target:
  Target: 960000 bits
  Actual: 957484 bits
  BPP: 0.913128
  PSNR: 50.74
  SSIM: 0.9960
  Hist_Corr: 0.9885
  Time: 14.95 seconds

78.4% target:
  Target: 970000 bits
  Warning: Suspicious PSNR value detected: 50.74 > previous 50.74
  Actual: 965934 bits
  BPP: 0.921186
  PSNR: 50.74
  SSIM: 0.9962
  Hist_Corr: 0.9829
  Time: 16.03 seconds

79.2% target:
  Target: 980000 bits
  Actual: 976898 bits
  BPP: 0.931643
  PSNR: 50.70
  SSIM: 0.9963
  Hist_Corr: 0.9877
  Time: 15.56 seconds

80.0% target:
  Target: 990000 bits
  Actual: 985004 bits
  BPP: 0.939373
  PSNR: 50.65
  SSIM: 0.9960
  Hist_Corr: 0.9849
  Time: 15.78 seconds

80.8% target:
  Target: 1000000 bits
  Warning: Suspicious PSNR value detected: 50.76 > previous 50.65
  Actual: 994925 bits
  BPP: 0.948834
  PSNR: 50.76
  SSIM: 0.9961
  Hist_Corr: 0.9871
  Time: 15.25 seconds

81.6% target:
  Target: 1010000 bits
  Actual: 1006359 bits
  BPP: 0.959739
  PSNR: 50.65
  SSIM: 0.9961
  Hist_Corr: 0.9838
  Time: 16.09 seconds

82.4% target:
  Target: 1020000 bits
  Actual: 1015317 bits
  BPP: 0.968282
  PSNR: 50.56
  SSIM: 0.9961
  Hist_Corr: 0.9825
  Time: 15.37 seconds

83.2% target:
  Target: 1030000 bits
  Actual: 1024838 bits
  BPP: 0.977362
  PSNR: 50.52
  SSIM: 0.9959
  Hist_Corr: 0.9835
  Time: 17.03 seconds

84.0% target:
  Target: 1040000 bits
  Warning: Suspicious PSNR value detected: 50.71 > previous 50.52
  Actual: 1033620 bits
  BPP: 0.985737
  PSNR: 50.71
  SSIM: 0.9963
  Hist_Corr: 0.9834
  Time: 16.05 seconds

84.8% target:
  Target: 1050000 bits
  Actual: 1044327 bits
  BPP: 0.995948
  PSNR: 50.57
  SSIM: 0.9963
  Hist_Corr: 0.9787
  Time: 15.86 seconds

85.6% target:
  Target: 1060000 bits
  Actual: 1045359 bits
  BPP: 0.996932
  PSNR: 50.49
  SSIM: 0.9962
  Hist_Corr: 0.9815
  Time: 16.11 seconds

86.4% target:
  Target: 1070000 bits
  Warning: Suspicious PSNR value detected: 50.49 > previous 50.49
  Actual: 1046213 bits
  BPP: 0.997746
  PSNR: 50.49
  SSIM: 0.9961
  Hist_Corr: 0.9821
  Time: 15.78 seconds

87.2% target:
  Target: 1080000 bits
  Actual: 1042018 bits
  BPP: 0.993746
  PSNR: 50.53
  SSIM: 0.9960
  Hist_Corr: 0.9730
  Time: 16.38 seconds

88.0% target:
  Target: 1090000 bits
  Actual: 1044299 bits
  BPP: 0.995921
  PSNR: 50.52
  SSIM: 0.9959
  Hist_Corr: 0.9849
  Time: 16.60 seconds

88.9% target:
  Target: 1100000 bits
  Actual: 1046147 bits
  BPP: 0.997684
  PSNR: 50.41
  SSIM: 0.9957
  Hist_Corr: 0.9824
  Time: 17.38 seconds

89.7% target:
  Target: 1110000 bits
  Warning: Suspicious PSNR value detected: 50.51 > previous 50.41
  Actual: 1046670 bits
  BPP: 0.998182
  PSNR: 50.51
  SSIM: 0.9961
  Hist_Corr: 0.9841
  Time: 17.60 seconds

90.5% target:
  Target: 1120000 bits
  Actual: 1046024 bits
  BPP: 0.997566
  PSNR: 50.49
  SSIM: 0.9961
  Hist_Corr: 0.9810
  Time: 17.66 seconds

91.3% target:
  Target: 1130000 bits
  Actual: 1044007 bits
  BPP: 0.995643
  PSNR: 50.43
  SSIM: 0.9961
  Hist_Corr: 0.9806
  Time: 18.25 seconds

92.1% target:
  Target: 1140000 bits
  Warning: Suspicious PSNR value detected: 50.51 > previous 50.43
  Actual: 1044218 bits
  BPP: 0.995844
  PSNR: 50.51
  SSIM: 0.9962
  Hist_Corr: 0.9762
  Time: 17.75 seconds

92.9% target:
  Target: 1150000 bits
  Warning: Suspicious PSNR value detected: 50.52 > previous 50.51
  Actual: 1046192 bits
  BPP: 0.997726
  PSNR: 50.52
  SSIM: 0.9962
  Hist_Corr: 0.9808
  Time: 17.73 seconds

93.7% target:
  Target: 1160000 bits
  Actual: 1044437 bits
  BPP: 0.996053
  PSNR: 50.57
  SSIM: 0.9962
  Hist_Corr: 0.9834
  Time: 16.92 seconds

94.5% target:
  Target: 1170000 bits
  Actual: 1041302 bits
  BPP: 0.993063
  PSNR: 50.50
  SSIM: 0.9962
  Hist_Corr: 0.9887
  Time: 16.97 seconds

95.3% target:
  Target: 1180000 bits
  Actual: 1046858 bits
  BPP: 0.998362
  PSNR: 50.45
  SSIM: 0.9961
  Hist_Corr: 0.9866
  Time: 16.79 seconds

96.1% target:
  Target: 1190000 bits
  Actual: 1044756 bits
  BPP: 0.996357
  PSNR: 50.46
  SSIM: 0.9957
  Hist_Corr: 0.9850
  Time: 18.02 seconds

96.9% target:
  Target: 1200000 bits
  Actual: 1045495 bits
  BPP: 0.997062
  PSNR: 50.43
  SSIM: 0.9961
  Hist_Corr: 0.9810
  Time: 18.30 seconds

97.7% target:
  Target: 1210000 bits
  Actual: 1042699 bits
  BPP: 0.994395
  PSNR: 50.61
  SSIM: 0.9960
  Hist_Corr: 0.9865
  Time: 17.81 seconds

98.5% target:
  Target: 1220000 bits
  Actual: 1045803 bits
  BPP: 0.997355
  PSNR: 50.54
  SSIM: 0.9962
  Hist_Corr: 0.9843
  Time: 17.74 seconds

99.4% target:
  Target: 1230000 bits
  Actual: 1046096 bits
  BPP: 0.997635
  PSNR: 50.52
  SSIM: 0.9962
  Hist_Corr: 0.9829
  Time: 18.39 seconds

Results summary:
Total processing time: 1622.52 seconds
Average time per point: 13.08 seconds
Results saved to ./Prediction_Error_Embedding/outcome/plots/Male/precise_proposed

Data table:
 Target_Percentage  Target_Payload  Actual_Payload      BPP      PSNR      SSIM  Hist_Corr  Processing_Time Suspicious  PSNR_Original  SSIM_Original  Hist_Corr_Original
          0.807742           10000           10000 0.009537 61.959991  0.999569   0.999628         5.036053      False      62.033134         0.9998            0.999859
          1.615484           20000           20000 0.019073 61.826870  0.995071   0.995130         4.749018       True      68.322928         1.0000            0.999984
          2.423226           30000           30000 0.028610 61.663020  0.992528   0.992587         4.762111      False      68.258472         1.0000            0.999983
          3.230968           40000           40000 0.038147 61.448862  0.991027   0.991085         4.820067      False      62.021452         0.9998            0.999868
          4.038710           50000           50000 0.047684 61.191955  0.990091   0.990150         4.744719      False      61.857401         0.9998            0.999859
          4.846452           60000           60000 0.057220 59.508161  0.987950   0.988008         4.850284      False      59.424663         0.9997            0.999654
          5.654194           70000           70000 0.066757 58.573689  0.986767   0.986825         4.756289       True      59.916892         0.9997            0.999521
          6.461936           80000           80000 0.076294 58.009586  0.985931   0.985989         4.808558      False      59.561477         0.9996            0.999430
          7.269678           90000           90000 0.085831 57.665765  0.983737   0.983795         4.964482      False      59.310302         0.9997            0.999634
          8.077420          100000          100000 0.095367 57.481219  0.982450   0.982508         5.055811      False      58.827024         0.9996            0.999551
          8.885163          110000          110000 0.104904 57.446615  0.981617   0.981676         5.015563       True      59.904973         0.9996            0.999530
          9.692905          120000          120000 0.114441 57.431071  0.979433   0.979491         4.965224      False      58.568582         0.9995            0.998764
         10.500647          130000          130000 0.123978 57.413700  0.978152   0.978210         4.898062      False      57.936598         0.9995            0.999375
         11.308389          140000          140000 0.133514 57.387024  0.977323   0.977381         4.824824       True      57.959431         0.9995            0.999395
         12.116131          150000          150000 0.143051 57.351466  0.975148   0.975206         4.865396      False      57.587834         0.9994            0.999172
         12.923873          160000          160000 0.152588 57.178361  0.973872   0.973930         4.808057      False      57.116545         0.9994            0.999058
         13.731615          170000          170000 0.162125 56.914452  0.973045   0.973103         4.822302      False      56.833322         0.9993            0.998906
         14.539357          180000          180000 0.171661 56.684302  0.970884   0.970942         4.757469       True      57.100181         0.9993            0.998696
         15.347099          190000          190000 0.181198 56.460346  0.969615   0.969673         4.755463       True      57.990438         0.9994            0.999087
         16.154841          200000          200000 0.190735 56.209293  0.968802   0.968859         4.678733      False      56.537753         0.9992            0.998599
         16.962583          210000          209281 0.199586 54.073222  0.966641   0.966698        12.787619      False      53.751769         0.9980            0.991066
         17.770325          220000          217973 0.207875 53.894354  0.965416   0.965473        13.280254      False      53.740240         0.9980            0.992508
         18.578067          230000          229456 0.218826 53.698574  0.964485   0.964542        12.608470      False      53.663652         0.9979            0.988863
         19.385809          240000          238377 0.227334 53.584799  0.962313   0.962370        12.685880       True      53.732530         0.9980            0.989574
         20.193551          250000          249860 0.238285 53.548296  0.960775   0.960832        13.218650       True      53.745865         0.9979            0.990049
         21.001293          260000          258552 0.246574 53.441200  0.959926   0.959982        12.413043       True      53.756773         0.9980            0.992480
         21.809035          270000          267471 0.255080 53.334317  0.957752   0.957809        12.640271       True      53.832048         0.9980            0.992855
         22.616777          280000          278956 0.266033 53.227648  0.956238   0.956294        12.815238      False      53.789985         0.9980            0.989148
         23.424519          290000          287875 0.274539 53.121193  0.955425   0.955482        13.859519       True      53.855617         0.9979            0.987487
         24.232261          300000          299131 0.285274 53.014951  0.953303   0.953359        13.238427      False      53.783146         0.9980            0.990468
         25.040003          310000          308050 0.293779 52.908921  0.952222   0.952279        13.152286      False      53.761572         0.9981            0.993154
         25.847745          320000          319566 0.304762 52.803103  0.951410   0.951466        12.730011      False      53.704624         0.9980            0.990982
         26.655488          330000          328485 0.313268 52.697497  0.949291   0.949347        12.435152       True      53.734411         0.9979            0.990072
         27.463230          340000          339968 0.324219 52.592102  0.947786   0.947842        13.006803       True      53.773188         0.9980            0.992359
         28.270972          350000          348660 0.332508 52.486918  0.946953   0.947009        12.278261      False      53.669060         0.9980            0.989581
         29.078714          360000          357581 0.341016 52.381944  0.944805   0.944861        13.151362       True      53.827187         0.9980            0.990142
         29.886456          370000          369064 0.351967 52.277180  0.943308   0.943364        12.499708      False      53.694979         0.9980            0.992218
         30.694198          380000          377983 0.360473 52.172626  0.942498   0.942554        13.170988       True      53.718187         0.9980            0.990525
         31.501940          390000          389239 0.371207 52.068280  0.940411   0.940467        12.647111       True      53.792623         0.9979            0.990117
         32.309682          400000          398160 0.379715 51.964144  0.939355   0.939411        12.498634       True      53.810414         0.9980            0.989548
         33.117424          410000          409643 0.390666 51.860215  0.938567   0.938623        12.639792      False      53.765966         0.9979            0.987574
         33.925166          420000          418562 0.399172 51.756495  0.936490   0.936545        12.481511       True      53.850961         0.9981            0.994092
         34.732908          430000          427254 0.407461 51.652982  0.935274   0.935329        12.879793      False      53.797660         0.9980            0.992249
         35.540650          440000          438739 0.418414 51.549676  0.934333   0.934389        11.317451       True      53.802396         0.9980            0.987375
         36.348392          450000          447658 0.426920 51.446577  0.932222   0.932277        11.342667      False      53.691043         0.9980            0.991748
         37.156134          460000          459141 0.437871 51.343684  0.930749   0.930804        11.393972      False      53.612208         0.9979            0.989746
         37.963876          470000          467833 0.446160 51.240996  0.929958   0.930013        11.394501       True      53.692399         0.9980            0.990113
         38.771618          480000          479349 0.457143 51.138514  0.927892   0.927947        11.045002       True      53.695113         0.9979            0.987807
         39.579360          490000          488268 0.465649 51.036237  0.926872   0.926927        11.690027      False      53.583142         0.9980            0.992794
         40.387102          500000          499751 0.476600 50.934165  0.926106   0.926161        12.320090       True      53.652369         0.9981            0.992290
         41.194844          510000          508670 0.485106 50.832296  0.924058   0.924113        12.546609      False      53.648339         0.9980            0.990318
         42.002586          520000          517364 0.493397 50.730632  0.922859   0.922914        12.852980      False      53.483195         0.9979            0.989220
         42.810328          530000          528847 0.504348 50.629171  0.921932   0.921987        12.819753      False      53.335069         0.9979            0.990608
         43.618070          540000          537766 0.512854 50.527912  0.919848   0.919903        12.955403      False      53.324895         0.9980            0.993086
         44.425813          550000          549249 0.523805 50.426856  0.918394   0.918448        13.104598      False      53.051274         0.9979            0.990173
         45.233555          560000          557943 0.532096 50.326003  0.917615   0.917670        13.256101      False      52.963272         0.9978            0.989145
         46.041297          570000          569426 0.543047 50.225351  0.915576   0.915630        13.291989      False      52.939833         0.9978            0.989396
         46.849039          580000          578345 0.551553 50.124900  0.914566   0.914620        13.362942      False      52.687291         0.9978            0.993071
         47.656781          590000          589828 0.562504 50.024650  0.913806   0.913860        12.289581      False      52.557521         0.9977            0.991660
         48.464523          600000          598522 0.570795 49.924601  0.911780   0.911834        12.802949      False      52.429699         0.9975            0.985398
         49.272265          610000          607441 0.579301 49.824752  0.910551   0.910605        12.349463      False      52.284517         0.9975            0.988275
         50.080007          620000          618924 0.590252 49.725102  0.909618   0.909672        14.048101      False      52.077785         0.9974            0.988302
         50.887749          630000          627843 0.598758 49.625652  0.907558   0.907612        13.722462       True      52.171564         0.9975            0.991631
         51.695491          640000          639359 0.609740 49.526401  0.906117   0.906171        13.693176      False      51.943741         0.9974            0.989445
         52.503233          650000          648051 0.618030 49.427348  0.905348   0.905402        14.141108      False      51.838598         0.9973            0.986794
         53.310975          660000          659534 0.628981 49.328493  0.903337   0.903391        13.607408      False      51.801359         0.9972            0.988433
         54.118717          670000          668453 0.637486 49.229836  0.902341   0.902394        14.102714       True      51.899878         0.9972            0.988254
         54.926459          680000          679938 0.648439 49.131376  0.901590   0.901643        14.467103      False      51.746059         0.9972            0.986632
         55.734201          690000          688630 0.656729 49.033114  0.899592   0.899645        14.312725      False      51.529469         0.9969            0.981708
         56.541943          700000          697549 0.665235 48.935048  0.898380   0.898434        14.876697       True      51.672409         0.9969            0.988031
         57.349685          710000          709032 0.676186 48.837177  0.897461   0.897514        14.860075      False      51.429023         0.9970            0.990997
         58.157427          720000          717953 0.684693 48.739503  0.895471   0.895525        15.192527      False      51.357634         0.9968            0.988166
         58.965169          730000          729209 0.695428 48.642024  0.894045   0.894098        14.368347      False      51.302788         0.9967            0.986036
         59.772911          740000          738128 0.703934 48.544740  0.893216   0.893269        15.012716       True      51.336311         0.9968            0.985846
         60.580653          750000          749611 0.714885 48.447651  0.891216   0.891269        15.071413      False      51.262949         0.9966            0.986671
         61.388395          760000          758532 0.723392 48.350755  0.890146   0.890199        14.222719      False      51.247752         0.9968            0.989262
         62.196138          770000          767224 0.731682 48.254054  0.888147   0.888200        14.338060       True      51.302891         0.9967            0.985306
         63.003880          780000          778707 0.742633 48.157546  0.886703   0.886755        14.297078      False      51.275200         0.9966            0.984722
         63.811622          790000          787626 0.751139 48.061231  0.885880   0.885932        14.455934      False      51.200763         0.9966            0.988703
         64.619364          800000          799090 0.762072 47.965108  0.883929   0.883982        14.300230       True      51.212671         0.9965            0.990668
         65.427106          810000          808061 0.770627 47.869178  0.882945   0.882997        13.544534      False      51.144567         0.9965            0.989313
         66.234848          820000          819135 0.781188 47.773439  0.882215   0.882267        13.742504       True      51.217457         0.9964            0.990557
         67.042590          830000          828236 0.789867 47.677893  0.880258   0.880310        14.418962       True      51.277524         0.9965            0.986199
         67.850332          840000          839721 0.800820 47.582537  0.878888   0.878940        14.306088      False      51.077131         0.9963            0.985230
         68.658074          850000          848604 0.809292 47.487372  0.878116   0.878168        14.415333       True      51.101926         0.9963            0.984869
         69.465816          860000          857115 0.817409 47.392397  0.876126   0.876178        14.248356       True      51.163985         0.9963            0.984552
         70.273558          870000          867461 0.827275 47.297612  0.874795   0.874847        14.301086      False      51.079858         0.9965            0.983984
         71.081300          880000          877297 0.836656 47.203017  0.873997   0.874049        14.399438      False      51.039349         0.9963            0.978301
         71.889042          890000          889219 0.848025 47.108611  0.872102   0.872154        13.971397       True      51.056399         0.9965            0.982512
         72.696784          900000          897717 0.856130 47.014394  0.871173   0.871224        14.286123      False      51.025244         0.9963            0.980463
         73.504526          910000          908931 0.866824 46.920365  0.870409   0.870461        14.542316      False      50.981979         0.9963            0.987969
         74.312268          920000          917822 0.875303 46.826524  0.868437   0.868488        14.199576       True      51.012873         0.9962            0.974701
         75.120010          930000          929234 0.886187 46.732871  0.866950   0.867002        15.122977      False      50.929829         0.9963            0.985704
         75.927752          940000          934753 0.891450 46.639405  0.864898   0.864950        15.985120       True      51.026059         0.9965            0.978697
         76.735494          950000          946101 0.902272 46.546127  0.862792   0.862844        15.699946      False      50.906898         0.9962            0.984717
         77.543236          960000          957484 0.913128 46.453034  0.861469   0.861520        14.951546      False      50.737776         0.9960            0.988515
         78.350978          970000          965934 0.921186 46.360128  0.859506   0.859557        16.028541       True      50.741968         0.9962            0.982896
         79.158721          980000          976898 0.931643 46.267408  0.858057   0.858108        15.562694      False      50.703324         0.9963            0.987689
         79.966463          990000          985004 0.939373 46.174873  0.857238   0.857289        15.777702      False      50.650577         0.9960            0.984950
         80.774205         1000000          994925 0.948834 46.082523  0.855329   0.855380        15.254663       True      50.755507         0.9961            0.987126
         81.581947         1010000         1006359 0.959739 45.990358  0.854052   0.854103        16.087127      False      50.654974         0.9961            0.983839
         82.389689         1020000         1015317 0.968282 45.898378  0.852133   0.852183        15.367175      False      50.564783         0.9961            0.982468
         83.197431         1030000         1024838 0.977362 45.806581  0.850868   0.850919        17.029830      False      50.515590         0.9959            0.983543
         84.005173         1040000         1033620 0.985737 45.714968  0.850050   0.850100        16.047174       True      50.706628         0.9963            0.983423
         94.505819         1170000         1041302 0.993063 45.623538  0.848161   0.848212        16.970652      False      50.502799         0.9962            0.988702
         87.236141         1080000         1042018 0.993746 45.532291  0.846247   0.846297        16.384625      False      50.527886         0.9960            0.972991
         97.736788         1210000         1042699 0.994395 45.441226  0.845148   0.845199        17.808192      False      50.607252         0.9960            0.986535
         91.274851         1130000         1044007 0.995643 45.350344  0.844043   0.844093        18.253081      False      50.433353         0.9961            0.980579
         92.082593         1140000         1044218 0.995844 45.259643  0.842016   0.842066        17.753610       True      50.512600         0.9962            0.976231
         88.043883         1090000         1044299 0.995921 45.169124  0.839725   0.839774        16.596449      False      50.520943         0.9959            0.984872
         84.812915         1050000         1044327 0.995948 45.078786  0.837225   0.837275        15.856418      False      50.570365         0.9963            0.978744
         93.698077         1160000         1044437 0.996053 44.988628  0.833215   0.833264        16.923706      False      50.566016         0.9962            0.983390
         96.121303         1190000         1044756 0.996357 44.898651  0.827913   0.827962        18.019832      False      50.462297         0.9957            0.985022
         85.620657         1060000         1045359 0.996932 44.808853  0.822899   0.822948        16.111896      False      50.489974         0.9962            0.981461
         96.929046         1200000         1045495 0.997062 44.719236  0.821548   0.821597        18.299564      False      50.426019         0.9961            0.981036
         98.544530         1220000         1045803 0.997355 44.629797  0.820328   0.820376        17.741540      False      50.535142         0.9962            0.984334
         90.467109         1120000         1046024 0.997566 44.540538  0.818910   0.818958        17.662664      False      50.493069         0.9961            0.980991
         99.352272         1230000         1046096 0.997635 44.451457  0.817061   0.817110        18.392076      False      50.521281         0.9962            0.982906
         88.851625         1100000         1046147 0.997684 44.362554  0.815427   0.815476        17.380245      False      50.413551         0.9957            0.982443
         92.890335         1150000         1046192 0.997726 44.273829  0.813796   0.813845        17.728697       True      50.518187         0.9962            0.980825
         86.428399         1070000         1046213 0.997746 44.185281  0.812169   0.812217        15.782975       True      50.490288         0.9961            0.982055
         89.659367         1110000         1046670 0.998182 44.096910  0.753193   0.753238        17.599787       True      50.509254         0.9961            0.984102
         95.313561         1180000         1046858 0.998362 44.008716  0.553363   0.553396        16.790277      False      50.451867         0.9961            0.986596
        100.000000         1238019         1238019 1.180667 18.000587 -1.385483  -1.385566        24.228339        NaN      50.578289         0.9962            0.982757