Precise measurement run started at 2025-06-16 15:44:28
Image: Male
Method: rotation
Prediction method: proposed
Ratio of ones: 1
Total embeddings: 4
EL mode: 0
Segments: 20
Use different weights: 2

================================================================================

Step 1: Finding maximum payload capacity
Maximum payload: 1001605 bits
Max BPP: 0.955205
Max PSNR: 49.33
Max SSIM: 0.9900
Max Hist Corr: 0.9009
Time taken: 8.95 seconds

Step 2: Calculating 20 evenly distributed payload points
Target payload points:
  Point 1: 50080 bits (5.0% of max)
  Point 2: 100160 bits (10.0% of max)
  Point 3: 150240 bits (15.0% of max)
  Point 4: 200321 bits (20.0% of max)
  Point 5: 250401 bits (25.0% of max)
  Point 6: 300481 bits (30.0% of max)
  Point 7: 350561 bits (35.0% of max)
  Point 8: 400642 bits (40.0% of max)
  Point 9: 450722 bits (45.0% of max)
  Point 10: 500802 bits (50.0% of max)
  Point 11: 550882 bits (55.0% of max)
  Point 12: 600963 bits (60.0% of max)
  Point 13: 651043 bits (65.0% of max)
  Point 14: 701123 bits (70.0% of max)
  Point 15: 751203 bits (75.0% of max)
  Point 16: 801284 bits (80.0% of max)
  Point 17: 851364 bits (85.0% of max)
  Point 18: 901444 bits (90.0% of max)
  Point 19: 951524 bits (95.0% of max)
  Point 20: 991588 bits (99.0% of max)
  Point 21: 1001605 bits (100.0% of max) [using initial measurement]

Step 3: Running embedding algorithm for each target point
5.0% target:
  Target: 50080 bits
  Actual: 50080 bits
  BPP: 0.047760
  PSNR: 65.42
  SSIM: 0.9998
  Hist_Corr: 0.9982
  Time: 1.90 seconds

10.0% target:
  Target: 100160 bits
  Actual: 100160 bits
  BPP: 0.095520
  PSNR: 64.25
  SSIM: 0.9997
  Hist_Corr: 0.9971
  Time: 1.92 seconds

15.0% target:
  Target: 150240 bits
  Actual: 150240 bits
  BPP: 0.143280
  PSNR: 62.76
  SSIM: 0.9996
  Hist_Corr: 0.9959
  Time: 1.93 seconds

20.0% target:
  Target: 200321 bits
  Actual: 200321 bits
  BPP: 0.191041
  PSNR: 61.95
  SSIM: 0.9995
  Hist_Corr: 0.9914
  Time: 1.98 seconds

25.0% target:
  Target: 250401 bits
  Actual: 250401 bits
  BPP: 0.238801
  PSNR: 60.66
  SSIM: 0.9991
  Hist_Corr: 0.9722
  Time: 1.99 seconds

30.0% target:
  Target: 300481 bits
  Actual: 300481 bits
  BPP: 0.286561
  PSNR: 60.08
  SSIM: 0.9990
  Hist_Corr: 0.9632
  Time: 1.95 seconds

35.0% target:
  Target: 350561 bits
  Actual: 350561 bits
  BPP: 0.334321
  PSNR: 59.53
  SSIM: 0.9989
  Hist_Corr: 0.9568
  Time: 2.11 seconds

40.0% target:
  Target: 400642 bits
  Actual: 400642 bits
  BPP: 0.382082
  PSNR: 58.92
  SSIM: 0.9987
  Hist_Corr: 0.9368
  Time: 2.04 seconds

45.0% target:
  Target: 450722 bits
  Actual: 450722 bits
  BPP: 0.429842
  PSNR: 58.56
  SSIM: 0.9985
  Hist_Corr: 0.9207
  Time: 2.05 seconds

50.0% target:
  Target: 500802 bits
  Actual: 500802 bits
  BPP: 0.477602
  PSNR: 57.72
  SSIM: 0.9982
  Hist_Corr: 0.9321
  Time: 2.10 seconds

55.0% target:
  Target: 550882 bits
  Actual: 550882 bits
  BPP: 0.525362
  PSNR: 57.05
  SSIM: 0.9978
  Hist_Corr: 0.9422
  Time: 2.07 seconds

60.0% target:
  Target: 600963 bits
  Actual: 600963 bits
  BPP: 0.573123
  PSNR: 56.55
  SSIM: 0.9973
  Hist_Corr: 0.9427
  Time: 2.06 seconds

65.0% target:
  Target: 651043 bits
  Actual: 651043 bits
  BPP: 0.620883
  PSNR: 55.33
  SSIM: 0.9965
  Hist_Corr: 0.9412
  Time: 2.07 seconds

70.0% target:
  Target: 701123 bits
  Actual: 701123 bits
  BPP: 0.668643
  PSNR: 54.41
  SSIM: 0.9959
  Hist_Corr: 0.9408
  Time: 4.11 seconds

75.0% target:
  Target: 751203 bits
  Actual: 751203 bits
  BPP: 0.716403
  PSNR: 53.33
  SSIM: 0.9951
  Hist_Corr: 0.9355
  Time: 4.21 seconds

80.0% target:
  Target: 801284 bits
  Actual: 801284 bits
  BPP: 0.764164
  PSNR: 52.68
  SSIM: 0.9942
  Hist_Corr: 0.9277
  Time: 4.13 seconds

85.0% target:
  Target: 851364 bits
  Actual: 851364 bits
  BPP: 0.811924
  PSNR: 52.07
  SSIM: 0.9937
  Hist_Corr: 0.9240
  Time: 6.25 seconds

90.0% target:
  Target: 901444 bits
  Actual: 901444 bits
  BPP: 0.859684
  PSNR: 51.89
  SSIM: 0.9934
  Hist_Corr: 0.9214
  Time: 6.49 seconds

95.0% target:
  Target: 951524 bits
  Actual: 951524 bits
  BPP: 0.907444
  PSNR: 50.37
  SSIM: 0.9916
  Hist_Corr: 0.9109
  Time: 8.39 seconds

99.0% target:
  Target: 991588 bits
  Actual: 991588 bits
  BPP: 0.945652
  PSNR: 50.24
  SSIM: 0.9913
  Hist_Corr: 0.9091
  Time: 8.40 seconds

Results summary:
Total processing time: 79.98 seconds
Average time per point: 3.81 seconds
Results saved to ./Prediction_Error_Embedding/outcome/plots/Male/precise_proposed

Data table:
 Target_Percentage  Target_Payload  Actual_Payload      BPP      PSNR     SSIM  Hist_Corr  Processing_Time  Suspicious  PSNR_Original  SSIM_Original  Hist_Corr_Original
          4.999975           50080           50080 0.047760 65.445687 0.999809   0.998651         1.897280       False      65.421116         0.9998            0.998234
          9.999950          100160          100160 0.095520 64.204516 0.999700   0.997250         1.916925       False      64.248470         0.9997            0.997127
         14.999925          150240          150240 0.143280 62.792730 0.999587   0.995103         1.929692       False      62.763897         0.9996            0.995918
         20.000000          200321          200321 0.191041 61.901446 0.999470   0.989945         1.976623       False      61.954707         0.9995            0.991372
         24.999975          250401          250401 0.238801 60.711606 0.999133   0.973697         1.994477       False      60.660940         0.9991            0.972166
         29.999950          300481          300481 0.286561 60.083979 0.999006   0.963741         1.952833       False      60.084554         0.9990            0.963155
         34.999925          350561          350561 0.334321 59.517436 0.998886   0.955026         2.106324       False      59.534099         0.9989            0.956812
         40.000000          400642          400642 0.382082 58.940709 0.998706   0.937027         2.043905       False      58.916424         0.9987            0.936804
         44.999975          450722          450722 0.429842 58.506138 0.998499   0.921606         2.054398       False      58.556185         0.9985            0.920696
         49.999950          500802          500802 0.477602 57.750602 0.998203   0.912703         2.103982       False      57.718434         0.9982            0.932066
         54.999925          550882          550882 0.525362 57.077317 0.997794   0.908471         2.068026       False      57.049451         0.9978            0.942183
         60.000000          600963          600963 0.573123 56.484670 0.997281   0.906587         2.064786       False      56.553682         0.9973            0.942712
         64.999975          651043          651043 0.620883 55.353971 0.996530   0.905559         2.069363       False      55.333066         0.9965            0.941244
         69.999950          701123          701123 0.668643 54.407327 0.995879   0.904872         4.110139       False      54.412331         0.9959            0.940780
         74.999925          751203          751203 0.716403 53.345969 0.995077   0.902977         4.205246       False      53.327169         0.9951            0.935509
         80.000000          801284          801284 0.764164 52.714935 0.994281   0.901772         4.133970       False      52.681382         0.9942            0.927703
         84.999975          851364          851364 0.811924 52.075538 0.993693   0.900962         6.252499       False      52.072660         0.9937            0.924039
         89.999950          901444          901444 0.859684 51.744577 0.993246   0.898927         6.491451       False      51.887879         0.9934            0.921390
         94.999925          951524          951524 0.907444 50.491227 0.991737   0.897656         8.388098       False      50.372718         0.9916            0.910853
         98.999905          991588          991588 0.945652 50.211605 0.991267   0.895580         8.401321       False      50.235916         0.9913            0.909078
        100.000000         1001605         1001605 0.955205 49.334869 0.990000   0.900929         8.951476       False      49.334869         0.9900            0.900929