Precise measurement run started at 2025-04-27 11:53:38
Image: Male
Method: rotation
Prediction method: proposed
Ratio of ones: 0.5
Total embeddings: 1
EL mode: 0
Step size: 100000 bits
Use different weights: False

================================================================================

Step 1: Finding maximum payload capacity
Maximum payload: 803356 bits
Max BPP: 0.766140
Max PSNR: 53.08
Max SSIM: 0.9967
Max Hist Corr: 0.9531
Time taken: 2.92 seconds

Step 2: Calculating measurement points with 100000 bit steps
Target payload points:
  Point 1: 100000 bits (12.4% of max)
  Point 2: 200000 bits (24.9% of max)
  Point 3: 300000 bits (37.3% of max)
  Point 4: 400000 bits (49.8% of max)
  Point 5: 500000 bits (62.2% of max)
  Point 6: 600000 bits (74.7% of max)
  Point 7: 700000 bits (87.1% of max)
  Point 8: 800000 bits (99.6% of max)
  Point 9: 803356 bits (100.0% of max) [using initial measurement]

Step 3: Running embedding algorithm for each target point
12.4% target:
  Target: 100000 bits
  Actual: 100000 bits
  BPP: 0.095367
  PSNR: 61.93
  SSIM: 0.9998
  Hist_Corr: 0.9999
  Time: 2.03 seconds

24.9% target:
  Target: 200000 bits
  Actual: 200000 bits
  BPP: 0.190735
  PSNR: 58.28
  SSIM: 0.9994
  Hist_Corr: 0.9989
  Time: 2.06 seconds

37.3% target:
  Target: 300000 bits
  Actual: 300000 bits
  BPP: 0.286102
  PSNR: 55.77
  SSIM: 0.9987
  Hist_Corr: 0.9913
  Time: 2.08 seconds

49.8% target:
  Target: 400000 bits
  Actual: 400000 bits
  BPP: 0.381470
  PSNR: 55.53
  SSIM: 0.9985
  Hist_Corr: 0.9903
  Time: 2.11 seconds

62.2% target:
  Target: 500000 bits
  Actual: 500000 bits
  BPP: 0.476837
  PSNR: 54.98
  SSIM: 0.9982
  Hist_Corr: 0.9799
  Time: 2.20 seconds

74.7% target:
  Target: 600000 bits
  Actual: 600000 bits
  BPP: 0.572205
  PSNR: 53.18
  SSIM: 0.9975
  Hist_Corr: 0.9830
  Time: 2.07 seconds

87.1% target:
  Target: 700000 bits
  Warning: Suspicious PSNR value detected: 53.43 > previous 53.18
  Actual: 700000 bits
  BPP: 0.667572
  PSNR: 53.43
  SSIM: 0.9971
  Hist_Corr: 0.9761
  Time: 2.01 seconds

99.6% target:
  Target: 800000 bits
  Actual: 800000 bits
  BPP: 0.762939
  PSNR: 52.63
  SSIM: 0.9967
  Hist_Corr: 0.9580
  Time: 2.03 seconds

Results summary:
Total processing time: 21.07 seconds
Average time per point: 2.34 seconds
Results saved to ./Prediction_Error_Embedding/outcome/plots/Male/precise_proposed

Data table:
 Target_Percentage  Target_Payload  Actual_Payload      BPP      PSNR     SSIM  Hist_Corr  Processing_Time  Suspicious  PSNR_Original  SSIM_Original  Hist_Corr_Original
         12.447782          100000          100000 0.095367 61.731155 0.999792   1.000286         2.027629       False      61.930796         0.9998            0.999897
         24.895563          200000          200000 0.190735 58.452036 0.999383   0.998310         2.063499       False      58.282509         0.9994            0.998893
         37.343345          300000          300000 0.286102 56.086399 0.998762   0.991623         2.083080       False      55.769313         0.9987            0.991307
         49.791126          400000          400000 0.381470 55.434664 0.998490   0.989412         2.113883       False      55.534662         0.9985            0.990264
         62.238908          500000          500000 0.476837 54.789705 0.998149   0.980586         2.204494       False      54.983367         0.9982            0.979903
         74.686689          600000          600000 0.572205 53.235790 0.997526   0.974961         2.065908       False      53.179985         0.9975            0.982980
         87.134471          700000          700000 0.667572 52.345004 0.997111   0.970934         2.008128        True      53.432372         0.9971            0.976079
         99.582252          800000          800000 0.762939 51.801755 0.996694   0.958625         2.028269       False      52.634667         0.9967            0.958015
        100.000000          803356          803356 0.766140 53.079243 0.996700   0.953058         2.922818       False      53.079243         0.9967            0.953058