Precise measurement run started at 2025-04-27 12:12:41
Image: Male
Method: rotation
Prediction method: proposed
Ratio of ones: 1
Total embeddings: 1
EL mode: 0
Step size: 100000 bits
Use different weights: False

================================================================================

Step 1: Finding maximum payload capacity
Maximum payload: 726591 bits
Max BPP: 0.692931
Max PSNR: 52.40
Max SSIM: 0.9952
Max Hist Corr: 0.9434
Time taken: 1.17 seconds

Step 2: Calculating measurement points with 100000 bit steps
Target payload points:
  Point 1: 100000 bits (13.8% of max)
  Point 2: 200000 bits (27.5% of max)
  Point 3: 300000 bits (41.3% of max)
  Point 4: 400000 bits (55.1% of max)
  Point 5: 500000 bits (68.8% of max)
  Point 6: 600000 bits (82.6% of max)
  Point 7: 700000 bits (96.3% of max)
  Point 8: 726591 bits (100.0% of max) [using initial measurement]

Step 3: Running embedding algorithm for each target point
13.8% target:
  Target: 100000 bits
  Actual: 100000 bits
  BPP: 0.095367
  PSNR: 60.59
  SSIM: 0.9992
  Hist_Corr: 0.9980
  Time: 0.24 seconds

27.5% target:
  Target: 200000 bits
  Actual: 200000 bits
  BPP: 0.190735
  PSNR: 58.33
  SSIM: 0.9990
  Hist_Corr: 0.9969
  Time: 0.27 seconds

41.3% target:
  Target: 300000 bits
  Actual: 300000 bits
  BPP: 0.286102
  PSNR: 56.48
  SSIM: 0.9985
  Hist_Corr: 0.9936
  Time: 0.29 seconds

55.1% target:
  Target: 400000 bits
  Actual: 400000 bits
  BPP: 0.381470
  PSNR: 55.09
  SSIM: 0.9974
  Hist_Corr: 0.9791
  Time: 0.31 seconds

68.8% target:
  Target: 500000 bits
  Actual: 500000 bits
  BPP: 0.476837
  PSNR: 54.03
  SSIM: 0.9967
  Hist_Corr: 0.9749
  Time: 0.34 seconds

82.6% target:
  Target: 600000 bits
  Actual: 600000 bits
  BPP: 0.572205
  PSNR: 53.18
  SSIM: 0.9960
  Hist_Corr: 0.9517
  Time: 0.37 seconds

96.3% target:
  Target: 700000 bits
  Actual: 700000 bits
  BPP: 0.667572
  PSNR: 52.55
  SSIM: 0.9953
  Hist_Corr: 0.9434
  Time: 0.41 seconds

Results summary:
Total processing time: 4.60 seconds
Average time per point: 0.57 seconds
Results saved to ./Prediction_Error_Embedding/outcome/plots/Male/precise_proposed

Data table:
 Target_Percentage  Target_Payload  Actual_Payload      BPP      PSNR     SSIM  Hist_Corr  Processing_Time  Suspicious  PSNR_Original  SSIM_Original  Hist_Corr_Original
         13.762901          100000          100000 0.095367 60.587821 0.999215   0.998246         0.238934       False      60.587821       0.999215            0.998246
         27.525802          200000          200000 0.190735 58.330487 0.998980   0.996677         0.271920       False      58.330487       0.998980            0.996677
         41.288703          300000          300000 0.286102 56.480830 0.998467   0.992782         0.289567       False      56.480830       0.998467            0.992782
         55.051604          400000          400000 0.381470 55.088762 0.997436   0.980368         0.306552       False      55.088762       0.997436            0.980368
         68.814505          500000          500000 0.476837 54.024892 0.996690   0.973265         0.343140       False      54.024892       0.996690            0.973265
         82.577406          600000          600000 0.572205 53.177150 0.995983   0.953050         0.369972       False      53.177150       0.995983            0.953050
         96.340307          700000          700000 0.667572 52.553194 0.995310   0.942962         0.408662       False      52.553194       0.995310            0.942962
        100.000000          726591          726591 0.692931 52.404031 0.995200   0.943374         1.168500       False      52.404031       0.995200            0.943374