Precise measurement run started at 2025-06-16 21:14:13
Image: Male
Method: split
Prediction method: proposed
Ratio of ones: 0.5
Total embeddings: 4
EL mode: 0
Using step_size: 100000 bits (segments parameter 20 ignored)
Measurement mode: step_size
Use different weights: True

================================================================================

Step 1: Finding maximum payload capacity
Maximum payload: 1197893 bits
Max BPP: 1.142400
Max PSNR: 50.23
Max SSIM: 0.9921
Max Hist Corr: 0.9071
Time taken: 9.42 seconds

Step 2: Calculating measurement points with 100000 bit steps
Note: segments parameter (20) is ignored
Measurement mode: step_size=100000
Total measurement points: 12
Target payload points:
  Point 1: 100000 bits (8.3% of max)
  Point 2: 200000 bits (16.7% of max)
  Point 3: 300000 bits (25.0% of max)
  Point 4: 400000 bits (33.4% of max)
  Point 5: 500000 bits (41.7% of max)
  Point 6: 600000 bits (50.1% of max)
  Point 7: 700000 bits (58.4% of max)
  Point 8: 800000 bits (66.8% of max)
  Point 9: 900000 bits (75.1% of max)
  Point 10: 1000000 bits (83.5% of max)
  Point 11: 1100000 bits (91.8% of max)
  Point 12: 1197893 bits (100.0% of max) [using initial measurement]

Step 3: Running embedding algorithm for each target point
Processing 11 measurement points using step_size=100000
8.3% target (point 1/11):
  Target: 100000 bits
  Actual: 100000 bits
  BPP: 0.095367
  PSNR: 59.19
  SSIM: 0.9996
  Hist_Corr: 0.9996
  Time: 0.97 seconds

16.7% target (point 2/11):
  Target: 200000 bits
  Actual: 200000 bits
  BPP: 0.190735
  PSNR: 57.91
  SSIM: 0.9991
  Hist_Corr: 0.9950
  Time: 1.65 seconds

25.0% target (point 3/11):
  Target: 300000 bits
  Actual: 300000 bits
  BPP: 0.286102
  PSNR: 57.54
  SSIM: 0.9990
  Hist_Corr: 0.9956
  Time: 1.65 seconds

33.4% target (point 4/11):
  Target: 400000 bits
  Actual: 400000 bits
  BPP: 0.381470
  PSNR: 55.76
  SSIM: 0.9987
  Hist_Corr: 0.9899
  Time: 1.66 seconds

41.7% target (point 5/11):
  Target: 500000 bits
  Actual: 500000 bits
  BPP: 0.476837
  PSNR: 53.75
  SSIM: 0.9978
  Hist_Corr: 0.9880
  Time: 2.30 seconds

50.1% target (point 6/11):
  Target: 600000 bits
  Warning: Suspicious PSNR value detected: 53.93 > previous 53.75
  Actual: 600000 bits
  BPP: 0.572205
  PSNR: 53.93
  SSIM: 0.9972
  Hist_Corr: 0.9520
  Time: 2.36 seconds

58.4% target (point 7/11):
  Target: 700000 bits
  Warning: Suspicious PSNR value detected: 53.95 > previous 53.93
  Actual: 700000 bits
  BPP: 0.667572
  PSNR: 53.95
  SSIM: 0.9971
  Hist_Corr: 0.9383
  Time: 2.97 seconds

66.8% target (point 8/11):
  Target: 800000 bits
  Actual: 800000 bits
  BPP: 0.762939
  PSNR: 53.06
  SSIM: 0.9968
  Hist_Corr: 0.9525
  Time: 2.87 seconds

75.1% target (point 9/11):
  Target: 900000 bits
  Actual: 900000 bits
  BPP: 0.858307
  PSNR: 52.15
  SSIM: 0.9960
  Hist_Corr: 0.9496
  Time: 3.97 seconds

83.5% target (point 10/11):
  Target: 1000000 bits
  Warning: Suspicious PSNR value detected: 52.44 > previous 52.15
  Actual: 1000000 bits
  BPP: 0.953674
  PSNR: 52.44
  SSIM: 0.9966
  Hist_Corr: 0.9460
  Time: 4.43 seconds

91.8% target (point 11/11):
  Target: 1100000 bits
  Actual: 1100000 bits
  BPP: 1.049042
  PSNR: 51.43
  SSIM: 0.9950
  Hist_Corr: 0.9414
  Time: 6.59 seconds

Results summary:
Measurement mode used: step_size=100000
Total data points generated: 12
Total processing time: 42.37 seconds
Average time per point: 3.53 seconds
Results saved to ./Prediction_Error_Embedding/outcome/plots/Male/precise_proposed
Final confirmation: Used step_size=100000 bits for proposed

Data table:
 Target_Percentage  Target_Payload  Actual_Payload      BPP      PSNR     SSIM  Hist_Corr  Processing_Time  Suspicious Measurement_Mode  PSNR_Original  SSIM_Original  Hist_Corr_Original
          8.347991          100000          100000 0.095367 59.240999 0.999599   0.998533         0.970185       False step_size=100000      59.192419         0.9996            0.999568
         16.695982          200000          200000 0.190735 57.964990 0.999145   0.996189         1.646330       False step_size=100000      57.911835         0.9991            0.994998
         25.043973          300000          300000 0.286102 57.324674 0.998959   0.993926         1.649897       False step_size=100000      57.536566         0.9990            0.995572
         33.391964          400000          400000 0.381470 55.705334 0.998621   0.989797         1.660124       False step_size=100000      55.759873         0.9987            0.989932
         41.739955          500000          500000 0.476837 53.865212 0.997839   0.984565         2.296114       False step_size=100000      53.750062         0.9978            0.987995
         50.087946          600000          600000 0.572205 52.773350 0.997273   0.954188         2.362859        True step_size=100000      53.930388         0.9972            0.952015
         58.435937          700000          700000 0.667572 52.224759 0.997123   0.939426         2.969510        True step_size=100000      53.948485         0.9971            0.938280
         66.783928          800000          800000 0.762939 51.992304 0.996734   0.930924         2.869981       False step_size=100000      53.055262         0.9968            0.952516
         75.131919          900000          900000 0.858307 51.825540 0.995848   0.926713         3.965163       False step_size=100000      52.152755         0.9960            0.949647
         83.479910         1000000         1000000 0.953674 51.742755 0.993663   0.925436         4.426974        True step_size=100000      52.439652         0.9966            0.946042
         91.827901         1100000         1100000 1.049042 51.481871 0.992234   0.923585         6.590108       False step_size=100000      51.428660         0.9950            0.941398
        100.000000         1197893         1197893 1.142400 50.232239 0.992100   0.907057         9.422423       False              NaN      50.232239         0.9921            0.907057