Precise measurement run started at 2025-03-10 17:56:58
Image: male
Method: split
Prediction method: proposed
Ratio of ones: 0.5
Total embeddings: 5
EL mode: 0
Segments: 15
Use different weights: False

================================================================================

Step 1: Finding maximum payload capacity
Maximum payload: 424224 bits
Max BPP: 0.404572
Time taken: 6.12 seconds

Step 2: Calculating 15 evenly distributed payload points
Target payload points:
  Point 1: 28281 bits (6.7% of max)
  Point 2: 56563 bits (13.3% of max)
  Point 3: 84844 bits (20.0% of max)
  Point 4: 113126 bits (26.7% of max)
  Point 5: 141408 bits (33.3% of max)
  Point 6: 169689 bits (40.0% of max)
  Point 7: 197971 bits (46.7% of max)
  Point 8: 226252 bits (53.3% of max)
  Point 9: 254534 bits (60.0% of max)
  Point 10: 282816 bits (66.7% of max)
  Point 11: 311097 bits (73.3% of max)
  Point 12: 339379 bits (80.0% of max)
  Point 13: 367660 bits (86.7% of max)
  Point 14: 395942 bits (93.3% of max)
  Point 15: 424224 bits (100.0% of max)

Step 3: Running embedding algorithm for each target point
100.0% target (Max capacity):
  Target: 424224 bits
  Actual: 424224 bits
  BPP: 0.404572
  PSNR: 53.42
  SSIM: 0.9961
  Hist_Corr: 0.9550
  Time: 6.12 seconds

6.7% target:
  Target: 28281 bits
  Actual: 28281 bits
  BPP: 0.026971
  PSNR: 66.65
  SSIM: 0.9999
  Hist_Corr: 1.0000
  Time: 1.32 seconds

13.3% target:
  Target: 56563 bits
  Actual: 56563 bits
  BPP: 0.053943
  PSNR: 63.82
  SSIM: 0.9997
  Hist_Corr: 0.9999
  Time: 1.44 seconds

20.0% target:
  Target: 84844 bits
  Actual: 84844 bits
  BPP: 0.080914
  PSNR: 61.38
  SSIM: 0.9995
  Hist_Corr: 0.9960
  Time: 1.50 seconds

26.7% target:
  Target: 113126 bits
  Actual: 113126 bits
  BPP: 0.107885
  PSNR: 60.67
  SSIM: 0.9994
  Hist_Corr: 0.9969
  Time: 1.59 seconds

33.3% target:
  Target: 141408 bits
  Actual: 141408 bits
  BPP: 0.134857
  PSNR: 59.94
  SSIM: 0.9993
  Hist_Corr: 0.9949
  Time: 1.62 seconds

40.0% target:
  Target: 169689 bits
  Actual: 169689 bits
  BPP: 0.161828
  PSNR: 59.06
  SSIM: 0.9989
  Hist_Corr: 0.9787
  Time: 2.45 seconds

46.7% target:
  Target: 197971 bits
  Actual: 197971 bits
  BPP: 0.188800
  PSNR: 58.48
  SSIM: 0.9990
  Hist_Corr: 0.9932
  Time: 2.27 seconds

53.3% target:
  Target: 226252 bits
  Actual: 226252 bits
  BPP: 0.215771
  PSNR: 57.02
  SSIM: 0.9981
  Hist_Corr: 0.9714
  Time: 3.10 seconds

60.0% target:
  Target: 254534 bits
  Actual: 254534 bits
  BPP: 0.242743
  PSNR: 56.27
  SSIM: 0.9977
  Hist_Corr: 0.9643
  Time: 3.02 seconds

66.7% target:
  Target: 282816 bits
  Actual: 282816 bits
  BPP: 0.269714
  PSNR: 56.84
  SSIM: 0.9982
  Hist_Corr: 0.9658
  Time: 3.23 seconds

73.3% target:
  Target: 311097 bits
  Actual: 311097 bits
  BPP: 0.296685
  PSNR: 55.59
  SSIM: 0.9971
  Hist_Corr: 0.9572
  Time: 4.19 seconds

80.0% target:
  Target: 339379 bits
  Actual: 339379 bits
  BPP: 0.323657
  PSNR: 54.58
  SSIM: 0.9969
  Hist_Corr: 0.9575
  Time: 4.19 seconds

86.7% target:
  Target: 367660 bits
  Actual: 367660 bits
  BPP: 0.350628
  PSNR: 54.66
  SSIM: 0.9972
  Hist_Corr: 0.9687
  Time: 5.27 seconds

93.3% target:
  Target: 395942 bits
  Actual: 395942 bits
  BPP: 0.377600
  PSNR: 55.03
  SSIM: 0.9978
  Hist_Corr: 0.9735
  Time: 5.21 seconds

Results summary:
Total processing time: 48.24 seconds
Average time per point: 3.22 seconds
Results saved to ./Prediction_Error_Embedding/outcome/plots/male/precise_proposed

Data table:
 Target_Percentage  Target_Payload  Actual_Payload      BPP      PSNR   SSIM  Hist_Corr  Processing_Time
          6.666667           28281           28281 0.026971 66.654775 0.9999   0.999958         1.315063
         13.333333           56563           56563 0.053943 63.822009 0.9997   0.999867         1.441310
         20.000000           84844           84844 0.080914 61.379535 0.9995   0.996007         1.497988
         26.666667          113126          113126 0.107885 60.671187 0.9994   0.996941         1.585188
         33.333333          141408          141408 0.134857 59.935554 0.9993   0.994890         1.619053
         40.000000          169689          169689 0.161828 59.056789 0.9989   0.978671         2.446892
         46.666667          197971          197971 0.188800 58.483391 0.9990   0.993229         2.268602
         53.333333          226252          226252 0.215771 57.024916 0.9981   0.971419         3.097011
         60.000000          254534          254534 0.242743 56.265497 0.9977   0.964322         3.020000
         66.666667          282816          282816 0.269714 56.843103 0.9982   0.965778         3.228454
         73.333333          311097          311097 0.296685 55.591183 0.9971   0.957177         4.191211
         80.000000          339379          339379 0.323657 54.579581 0.9969   0.957524         4.188352
         86.666667          367660          367660 0.350628 54.657283 0.9972   0.968704         5.273549
         93.333333          395942          395942 0.377600 55.026865 0.9978   0.973521         5.205628
        100.000000          424224          424224 0.404572 53.418929 0.9961   0.955002         6.124148