Precise measurement run started at 2025-06-17 01:30:28
Image: Male
Method: split
Prediction method: proposed
Ratio of ones: 0.5
Total embeddings: 4
EL mode: 0
Using step_size: 100000 bits (segments parameter 20 ignored)
Measurement mode: step_size
Use different weights: True

================================================================================

Step 1: Finding maximum payload capacity
Maximum payload: 1229211 bits
Max BPP: 1.172267
Max PSNR: 50.51
Max SSIM: 0.9931
Max Hist Corr: 0.9048
Time taken: 10.24 seconds

Step 2: Calculating measurement points with 100000 bit steps
Note: segments parameter (20) is ignored
Measurement mode: step_size=100000
Total measurement points: 13
Target payload points:
  Point 1: 100000 bits (8.1% of max)
  Point 2: 200000 bits (16.3% of max)
  Point 3: 300000 bits (24.4% of max)
  Point 4: 400000 bits (32.5% of max)
  Point 5: 500000 bits (40.7% of max)
  Point 6: 600000 bits (48.8% of max)
  Point 7: 700000 bits (56.9% of max)
  Point 8: 800000 bits (65.1% of max)
  Point 9: 900000 bits (73.2% of max)
  Point 10: 1000000 bits (81.4% of max)
  Point 11: 1100000 bits (89.5% of max)
  Point 12: 1200000 bits (97.6% of max)
  Point 13: 1229211 bits (100.0% of max) [using initial measurement]

Step 3: Running embedding algorithm for each target point
Processing 12 measurement points using step_size=100000
8.1% target (point 1/12):
  Target: 100000 bits
  Actual: 100000 bits
  BPP: 0.095367
  PSNR: 59.88
  SSIM: 0.9995
  Hist_Corr: 0.9979
  Time: 0.84 seconds

16.3% target (point 2/12):
  Target: 200000 bits
  Actual: 200000 bits
  BPP: 0.190735
  PSNR: 57.94
  SSIM: 0.9992
  Hist_Corr: 0.9987
  Time: 0.89 seconds

24.4% target (point 3/12):
  Target: 300000 bits
  Warning: Suspicious PSNR value detected: 58.24 > previous 57.94
  Actual: 300000 bits
  BPP: 0.286102
  PSNR: 58.24
  SSIM: 0.9990
  Hist_Corr: 0.9936
  Time: 1.37 seconds

32.5% target (point 4/12):
  Target: 400000 bits
  Actual: 400000 bits
  BPP: 0.381470
  PSNR: 55.82
  SSIM: 0.9986
  Hist_Corr: 0.9926
  Time: 1.39 seconds

40.7% target (point 5/12):
  Target: 500000 bits
  Actual: 500000 bits
  BPP: 0.476837
  PSNR: 54.57
  SSIM: 0.9980
  Hist_Corr: 0.9634
  Time: 1.90 seconds

48.8% target (point 6/12):
  Target: 600000 bits
  Warning: Suspicious PSNR value detected: 54.67 > previous 54.57
  Actual: 600000 bits
  BPP: 0.572205
  PSNR: 54.67
  SSIM: 0.9973
  Hist_Corr: 0.9567
  Time: 1.89 seconds

56.9% target (point 7/12):
  Target: 700000 bits
  Actual: 700000 bits
  BPP: 0.667572
  PSNR: 52.93
  SSIM: 0.9964
  Hist_Corr: 0.9552
  Time: 2.50 seconds

65.1% target (point 8/12):
  Target: 800000 bits
  Actual: 800000 bits
  BPP: 0.762939
  PSNR: 52.68
  SSIM: 0.9965
  Hist_Corr: 0.9459
  Time: 2.52 seconds

73.2% target (point 9/12):
  Target: 900000 bits
  Actual: 900000 bits
  BPP: 0.858307
  PSNR: 52.28
  SSIM: 0.9961
  Hist_Corr: 0.9403
  Time: 3.64 seconds

81.4% target (point 10/12):
  Target: 1000000 bits
  Actual: 1000000 bits
  BPP: 0.953674
  PSNR: 51.38
  SSIM: 0.9953
  Hist_Corr: 0.9365
  Time: 4.15 seconds

89.5% target (point 11/12):
  Target: 1100000 bits
  Actual: 1100000 bits
  BPP: 1.049042
  PSNR: 51.28
  SSIM: 0.9944
  Hist_Corr: 0.9304
  Time: 7.31 seconds

97.6% target (point 12/12):
  Target: 1200000 bits
  Actual: 1200000 bits
  BPP: 1.144409
  PSNR: 50.40
  SSIM: 0.9931
  Hist_Corr: 0.9087
  Time: 9.09 seconds

Results summary:
Measurement mode used: step_size=100000
Total data points generated: 13
Total processing time: 49.52 seconds
Average time per point: 3.81 seconds
Results saved to ./Prediction_Error_Embedding/outcome/plots/Male/precise_proposed
Final confirmation: Used step_size=100000 bits for proposed

Data table:
 Target_Percentage  Target_Payload  Actual_Payload      BPP      PSNR     SSIM  Hist_Corr  Processing_Time  Suspicious Measurement_Mode  PSNR_Original  SSIM_Original  Hist_Corr_Original
          8.135300          100000          100000 0.095367 59.833843 0.999484   0.998257         0.836167       False step_size=100000      59.880738         0.9995            0.997868
         16.270600          200000          200000 0.190735 58.033420 0.999228   0.993269         0.892118       False step_size=100000      57.944248         0.9992            0.998718
         24.405899          300000          300000 0.286102 56.954780 0.999000   0.989650         1.374825        True step_size=100000      58.243951         0.9990            0.993622
         32.541199          400000          400000 0.381470 55.787534 0.998590   0.986529         1.386242       False step_size=100000      55.818304         0.9986            0.992564
         40.676499          500000          500000 0.476837 54.612597 0.998048   0.965498         1.897647       False step_size=100000      54.568406         0.9980            0.963403
         48.811799          600000          600000 0.572205 53.897522 0.997277   0.957588         1.894563        True step_size=100000      54.673283         0.9973            0.956714
         56.947099          700000          700000 0.667572 53.001617 0.996234   0.953800         2.495638       False step_size=100000      52.932882         0.9964            0.955188
         65.082398          800000          800000 0.762939 52.650767 0.994088   0.946195         2.522835       False step_size=100000      52.678844         0.9965            0.945868
         73.217698          900000          900000 0.858307 52.226021 0.992736   0.941122         3.638611       False step_size=100000      52.277130         0.9961            0.940329
         81.352998         1000000         1000000 0.953674 51.437168 0.991843   0.935958         4.148590       False step_size=100000      51.380997         0.9953            0.936475
         89.488298         1100000         1100000 1.049042 51.207457 0.989648   0.928674         7.311180       False step_size=100000      51.279106         0.9944            0.930422
         97.623598         1200000         1200000 1.144409 50.438936 0.988317   0.909828         9.090003       False step_size=100000      50.402957         0.9931            0.908682
        100.000000         1229211         1229211 1.172267 50.510765 0.993100   0.904822        10.238423       False              NaN      50.510765         0.9931            0.904822