Precise measurement run started at 2025-04-27 13:35:17
Image: Male
Method: rotation
Prediction method: proposed
Ratio of ones: 1
Total embeddings: 1
EL mode: 0
Step size: 100000 bits
Use different weights: False

================================================================================

Step 1: Finding maximum payload capacity
Maximum payload: 892068 bits
Max BPP: 0.850742
Max PSNR: 48.30
Max SSIM: 0.9930
Max Hist Corr: 0.9394
Time taken: 2.17 seconds

Step 2: Calculating measurement points with 100000 bit steps
Target payload points:
  Point 1: 100000 bits (11.2% of max)
  Point 2: 200000 bits (22.4% of max)
  Point 3: 300000 bits (33.6% of max)
  Point 4: 400000 bits (44.8% of max)
  Point 5: 500000 bits (56.0% of max)
  Point 6: 600000 bits (67.3% of max)
  Point 7: 700000 bits (78.5% of max)
  Point 8: 800000 bits (89.7% of max)
  Point 9: 892068 bits (100.0% of max) [using initial measurement]

Step 3: Running embedding algorithm for each target point
11.2% target:
  Target: 100000 bits
  Actual: 100000 bits
  BPP: 0.095367
  PSNR: 57.98
  SSIM: 0.9997
  Hist_Corr: 1.0000
  Time: 0.26 seconds

22.4% target:
  Target: 200000 bits
  Actual: 200000 bits
  BPP: 0.190735
  PSNR: 54.78
  SSIM: 0.9986
  Hist_Corr: 0.9979
  Time: 0.40 seconds

33.6% target:
  Target: 300000 bits
  Actual: 300000 bits
  BPP: 0.286102
  PSNR: 53.05
  SSIM: 0.9983
  Hist_Corr: 0.9977
  Time: 0.54 seconds

44.8% target:
  Target: 400000 bits
  Actual: 400000 bits
  BPP: 0.381470
  PSNR: 51.78
  SSIM: 0.9976
  Hist_Corr: 0.9957
  Time: 0.68 seconds

56.0% target:
  Target: 500000 bits
  Actual: 500000 bits
  BPP: 0.476837
  PSNR: 50.77
  SSIM: 0.9965
  Hist_Corr: 0.9875
  Time: 0.85 seconds

67.3% target:
  Target: 600000 bits
  Actual: 600000 bits
  BPP: 0.572205
  PSNR: 49.98
  SSIM: 0.9953
  Hist_Corr: 0.9741
  Time: 0.99 seconds

78.5% target:
  Target: 700000 bits
  Actual: 700000 bits
  BPP: 0.667572
  PSNR: 49.30
  SSIM: 0.9947
  Hist_Corr: 0.9702
  Time: 1.12 seconds

89.7% target:
  Target: 800000 bits
  Actual: 800000 bits
  BPP: 0.762939
  PSNR: 48.72
  SSIM: 0.9937
  Hist_Corr: 0.9532
  Time: 1.28 seconds

Results summary:
Total processing time: 9.62 seconds
Average time per point: 1.07 seconds
Results saved to ./Prediction_Error_Embedding/outcome/plots/Male/precise_proposed

Data table:
 Target_Percentage  Target_Payload  Actual_Payload      BPP      PSNR     SSIM  Hist_Corr  Processing_Time  Suspicious  PSNR_Original  SSIM_Original  Hist_Corr_Original
         11.209908          100000          100000 0.095367 57.883901 0.999665   0.999848         0.255369       False      57.883901       0.999665            0.999848
         22.419816          200000          200000 0.190735 54.917789 0.998694   0.998352         0.399556       False      54.917789       0.998694            0.998352
         33.629723          300000          300000 0.286102 53.103552 0.998264   0.997630         0.539268       False      53.103552       0.998264            0.997630
         44.839631          400000          400000 0.381470 51.748120 0.997533   0.994972         0.680999       False      51.748120       0.997533            0.994972
         56.049539          500000          500000 0.476837 50.765700 0.996511   0.987403         0.847733       False      50.765700       0.996511            0.987403
         67.259447          600000          600000 0.572205 49.952630 0.995401   0.975426         0.990514       False      49.952630       0.995401            0.975426
         78.469354          700000          700000 0.667572 49.278128 0.994687   0.969356         1.121081       False      49.278128       0.994687            0.969356
         89.679262          800000          800000 0.762939 48.739979 0.993671   0.953295         1.284487       False      48.739979       0.993671            0.953295
        100.000000          892068          892068 0.850742 48.295572 0.993000   0.939364         2.171695       False      48.295572       0.993000            0.939364