Precise measurement run started at 2025-03-11 23:12:44
Image: male
Method: split
Prediction method: proposed
Ratio of ones: 0.5
Total embeddings: 5
EL mode: 0
Segments: 15
Use different weights: False

================================================================================

Step 1: Finding maximum payload capacity
Maximum payload: 1726968 bits
Max BPP: 1.646965
Time taken: 6.46 seconds

Step 2: Calculating 15 evenly distributed payload points
Target payload points:
  Point 1: 115131 bits (6.7% of max)
  Point 2: 230262 bits (13.3% of max)
  Point 3: 345393 bits (20.0% of max)
  Point 4: 460524 bits (26.7% of max)
  Point 5: 575656 bits (33.3% of max)
  Point 6: 690787 bits (40.0% of max)
  Point 7: 805918 bits (46.7% of max)
  Point 8: 921049 bits (53.3% of max)
  Point 9: 1036180 bits (60.0% of max)
  Point 10: 1151312 bits (66.7% of max)
  Point 11: 1266443 bits (73.3% of max)
  Point 12: 1381574 bits (80.0% of max)
  Point 13: 1496705 bits (86.7% of max)
  Point 14: 1611836 bits (93.3% of max)
  Point 15: 1726968 bits (100.0% of max)

Step 3: Running embedding algorithm for each target point
100.0% target (Max capacity):
  Target: 1726968 bits
  Actual: 1726968 bits
  BPP: 1.646965
  PSNR: 47.45
  SSIM: 0.9908
  Hist_Corr: 0.9466
  Time: 6.46 seconds

6.7% target:
  Target: 115131 bits
  Actual: 115131 bits
  BPP: 0.109797
  PSNR: 60.04
  SSIM: 0.9995
  Hist_Corr: 0.9985
  Time: 1.54 seconds

13.3% target:
  Target: 230262 bits
  Actual: 230262 bits
  BPP: 0.219595
  PSNR: 57.47
  SSIM: 0.9990
  Hist_Corr: 0.9897
  Time: 1.54 seconds

20.0% target:
  Target: 345393 bits
  Actual: 345393 bits
  BPP: 0.329392
  PSNR: 56.22
  SSIM: 0.9986
  Hist_Corr: 0.9849
  Time: 1.56 seconds

26.7% target:
  Target: 460524 bits
  Actual: 460524 bits
  BPP: 0.439190
  PSNR: 53.99
  SSIM: 0.9978
  Hist_Corr: 0.9934
  Time: 2.37 seconds

33.3% target:
  Target: 575656 bits
  Actual: 575656 bits
  BPP: 0.548988
  PSNR: 52.44
  SSIM: 0.9970
  Hist_Corr: 0.9868
  Time: 2.36 seconds

40.0% target:
  Target: 690787 bits
  Warning: Suspicious PSNR value detected: 52.90 > previous 52.44
  Actual: 690787 bits
  BPP: 0.658786
  PSNR: 52.90
  SSIM: 0.9970
  Hist_Corr: 0.9776
  Time: 2.43 seconds

46.7% target:
  Target: 805918 bits
  Actual: 805918 bits
  BPP: 0.768583
  PSNR: 50.97
  SSIM: 0.9960
  Hist_Corr: 0.9714
  Time: 3.32 seconds

53.3% target:
  Target: 921049 bits
  Actual: 921049 bits
  BPP: 0.878381
  PSNR: 50.38
  SSIM: 0.9953
  Hist_Corr: 0.9719
  Time: 3.53 seconds

60.0% target:
  Target: 1036180 bits
  Actual: 1036180 bits
  BPP: 0.988178
  PSNR: 49.64
  SSIM: 0.9944
  Hist_Corr: 0.9673
  Time: 3.47 seconds

66.7% target:
  Target: 1151312 bits
  Warning: Suspicious PSNR value detected: 50.16 > previous 49.64
  Actual: 1151312 bits
  BPP: 1.097977
  PSNR: 50.16
  SSIM: 0.9950
  Hist_Corr: 0.9645
  Time: 4.04 seconds

73.3% target:
  Target: 1266443 bits
  Actual: 1266443 bits
  BPP: 1.207774
  PSNR: 49.58
  SSIM: 0.9938
  Hist_Corr: 0.9642
  Time: 4.15 seconds

80.0% target:
  Target: 1381574 bits
  Actual: 1381574 bits
  BPP: 1.317572
  PSNR: 48.71
  SSIM: 0.9931
  Hist_Corr: 0.9609
  Time: 4.88 seconds

86.7% target:
  Target: 1496705 bits
  Actual: 1496705 bits
  BPP: 1.427369
  PSNR: 47.94
  SSIM: 0.9915
  Hist_Corr: 0.9631
  Time: 4.94 seconds

93.3% target:
  Target: 1611836 bits
  Actual: 1611836 bits
  BPP: 1.537167
  PSNR: 47.15
  SSIM: 0.9906
  Hist_Corr: 0.9653
  Time: 4.98 seconds

Results summary:
Total processing time: 53.36 seconds
Average time per point: 3.56 seconds
Results saved to ./Prediction_Error_Embedding/outcome/plots/male/precise_proposed

Data table:
 Target_Percentage  Target_Payload  Actual_Payload      BPP      PSNR   SSIM  Hist_Corr  Processing_Time Suspicious
          6.666667          115131          115131 0.109797 60.038878 0.9995   0.998476         1.539183      False
         13.333333          230262          230262 0.219595 57.468295 0.9990   0.989673         1.539509      False
         20.000000          345393          345393 0.329392 56.222500 0.9986   0.984870         1.557707      False
         26.666667          460524          460524 0.439190 53.988368 0.9978   0.993431         2.369858      False
         33.333333          575656          575656 0.548988 52.438468 0.9970   0.986836         2.358698      False
         40.000000          690787          690787 0.658786 52.902430 0.9970   0.977554         2.425660       True
         46.666667          805918          805918 0.768583 50.973404 0.9960   0.971431         3.317730      False
         53.333333          921049          921049 0.878381 50.376766 0.9953   0.971903         3.533998      False
         60.000000         1036180         1036180 0.988178 49.642661 0.9944   0.967305         3.466755      False
         66.666667         1151312         1151312 1.097977 50.162557 0.9950   0.964532         4.038309       True
         73.333333         1266443         1266443 1.207774 49.583221 0.9938   0.964211         4.151958      False
         80.000000         1381574         1381574 1.317572 48.708097 0.9931   0.960881         4.884157      False
         86.666667         1496705         1496705 1.427369 47.941575 0.9915   0.963095         4.942494      False
         93.333333         1611836         1611836 1.537167 47.154423 0.9906   0.965316         4.982576      False
        100.000000         1726968         1726968 1.646965 47.449575 0.9908   0.946629         6.458846        NaN