Precise measurement run started at 2025-04-27 12:37:53
Image: Male
Method: rotation
Prediction method: proposed
Ratio of ones: 1
Total embeddings: 1
EL mode: 0
Step size: 100000 bits
Use different weights: False

================================================================================

Step 1: Finding maximum payload capacity
Maximum payload: 698706 bits
Max BPP: 0.666338
Max PSNR: 53.83
Max SSIM: 0.9955
Max Hist Corr: 0.9409
Time taken: 1.52 seconds

Step 2: Calculating measurement points with 100000 bit steps
Target payload points:
  Point 1: 100000 bits (14.3% of max)
  Point 2: 200000 bits (28.6% of max)
  Point 3: 300000 bits (42.9% of max)
  Point 4: 400000 bits (57.2% of max)
  Point 5: 500000 bits (71.6% of max)
  Point 6: 600000 bits (85.9% of max)
  Point 7: 698706 bits (100.0% of max) [using initial measurement]

Step 3: Running embedding algorithm for each target point
14.3% target:
  Target: 100000 bits
  Actual: 100000 bits
  BPP: 0.095367
  PSNR: 61.78
  SSIM: 0.9993
  Hist_Corr: 0.9821
  Time: 0.63 seconds

28.6% target:
  Target: 200000 bits
  Actual: 200000 bits
  BPP: 0.190735
  PSNR: 60.64
  SSIM: 0.9991
  Hist_Corr: 0.9743
  Time: 0.65 seconds

42.9% target:
  Target: 300000 bits
  Actual: 300000 bits
  BPP: 0.286102
  PSNR: 59.20
  SSIM: 0.9988
  Hist_Corr: 0.9642
  Time: 0.65 seconds

57.2% target:
  Target: 400000 bits
  Actual: 400000 bits
  BPP: 0.381470
  PSNR: 58.64
  SSIM: 0.9986
  Hist_Corr: 0.9423
  Time: 0.65 seconds

71.6% target:
  Target: 500000 bits
  Actual: 500000 bits
  BPP: 0.476837
  PSNR: 56.91
  SSIM: 0.9976
  Hist_Corr: 0.9417
  Time: 0.64 seconds

85.9% target:
  Target: 600000 bits
  Actual: 600000 bits
  BPP: 0.572205
  PSNR: 56.06
  SSIM: 0.9972
  Hist_Corr: 0.9424
  Time: 0.62 seconds

Results summary:
Total processing time: 6.41 seconds
Average time per point: 0.92 seconds
Results saved to ./Prediction_Error_Embedding/outcome/plots/Male/precise_proposed

Data table:
 Target_Percentage  Target_Payload  Actual_Payload      BPP      PSNR     SSIM  Hist_Corr  Processing_Time  Suspicious  PSNR_Original  SSIM_Original  Hist_Corr_Original
         14.312171          100000          100000 0.095367 61.764584 0.999284   0.982626         0.629675       False      61.776684         0.9993            0.982104
         28.624343          200000          200000 0.190735 60.637064 0.999123   0.973607         0.646198       False      60.640667         0.9991            0.974286
         42.936514          300000          300000 0.286102 59.282864 0.998828   0.963130         0.651355       False      59.199459         0.9988            0.964228
         57.248685          400000          400000 0.381470 58.535976 0.998541   0.943771         0.645502       False      58.641479         0.9986            0.942328
         71.560857          500000          500000 0.476837 56.981521 0.997669   0.941349         0.638420       False      56.911625         0.9976            0.941704
         85.873028          600000          600000 0.572205 56.040315 0.997175   0.939287         0.621562       False      56.057679         0.9972            0.942445
        100.000000          698706          698706 0.666338 53.829202 0.995500   0.940920         1.524649       False      53.829202         0.9955            0.940920