Precise measurement run started at 2025-04-20 17:31:15
Image: Male
Method: quadtree
Prediction method: proposed
Ratio of ones: 0.5
Total embeddings: 1
EL mode: 0
Segments: 20
Use different weights: False

================================================================================

Step 1: Finding maximum payload capacity
Maximum payload: 1220463 bits
Max BPP: 1.163924
Time taken: 22.60 seconds

Step 2: Calculating 20 evenly distributed payload points
Target payload points:
  Point 1: 61023 bits (5.0% of max)
  Point 2: 122046 bits (10.0% of max)
  Point 3: 183069 bits (15.0% of max)
  Point 4: 244092 bits (20.0% of max)
  Point 5: 305115 bits (25.0% of max)
  Point 6: 366138 bits (30.0% of max)
  Point 7: 427162 bits (35.0% of max)
  Point 8: 488185 bits (40.0% of max)
  Point 9: 549208 bits (45.0% of max)
  Point 10: 610231 bits (50.0% of max)
  Point 11: 671254 bits (55.0% of max)
  Point 12: 732277 bits (60.0% of max)
  Point 13: 793300 bits (65.0% of max)
  Point 14: 854324 bits (70.0% of max)
  Point 15: 915347 bits (75.0% of max)
  Point 16: 976370 bits (80.0% of max)
  Point 17: 1037393 bits (85.0% of max)
  Point 18: 1098416 bits (90.0% of max)
  Point 19: 1159439 bits (95.0% of max)
  Point 20: 1220463 bits (100.0% of max)

Step 3: Running embedding algorithm for each target point
100.0% target (Max capacity):
  Target: 1220463 bits
  Actual: 1220463 bits
  BPP: 1.163924
  PSNR: 48.95
  SSIM: 0.9949
  Hist_Corr: 0.9624
  Time: 22.60 seconds

5.0% target:
  Target: 61023 bits
  Actual: 61023 bits
  BPP: 0.058196
  PSNR: 63.01
  SSIM: 0.9998
  Hist_Corr: 0.9996
  Time: 5.39 seconds

10.0% target:
  Target: 122046 bits
  Actual: 122046 bits
  BPP: 0.116392
  PSNR: 58.76
  SSIM: 0.9995
  Hist_Corr: 0.9995
  Time: 5.15 seconds

15.0% target:
  Target: 183069 bits
  Actual: 183069 bits
  BPP: 0.174588
  PSNR: 57.30
  SSIM: 0.9994
  Hist_Corr: 0.9991
  Time: 4.67 seconds

20.0% target:
  Target: 244092 bits
  Actual: 242471 bits
  BPP: 0.231238
  PSNR: 53.47
  SSIM: 0.9977
  Hist_Corr: 0.9732
  Time: 12.27 seconds

25.0% target:
  Target: 305115 bits
  Actual: 303610 bits
  BPP: 0.289545
  PSNR: 53.45
  SSIM: 0.9978
  Hist_Corr: 0.9756
  Time: 12.61 seconds

30.0% target:
  Target: 366138 bits
  Warning: Suspicious PSNR value detected: 53.58 > previous 53.45
  Actual: 365005 bits
  BPP: 0.348096
  PSNR: 53.58
  SSIM: 0.9978
  Hist_Corr: 0.9707
  Time: 12.70 seconds

35.0% target:
  Target: 427162 bits
  Actual: 426371 bits
  BPP: 0.406619
  PSNR: 53.45
  SSIM: 0.9978
  Hist_Corr: 0.9739
  Time: 12.79 seconds

40.0% target:
  Target: 488185 bits
  Actual: 487508 bits
  BPP: 0.464924
  PSNR: 53.13
  SSIM: 0.9978
  Hist_Corr: 0.9770
  Time: 12.88 seconds

45.0% target:
  Target: 549208 bits
  Actual: 548905 bits
  BPP: 0.523477
  PSNR: 52.58
  SSIM: 0.9977
  Hist_Corr: 0.9762
  Time: 13.18 seconds

50.0% target:
  Target: 610231 bits
  Actual: 607478 bits
  BPP: 0.579336
  PSNR: 51.70
  SSIM: 0.9974
  Hist_Corr: 0.9808
  Time: 13.87 seconds

55.0% target:
  Target: 671254 bits
  Actual: 668875 bits
  BPP: 0.637889
  PSNR: 50.88
  SSIM: 0.9968
  Hist_Corr: 0.9763
  Time: 13.97 seconds

60.0% target:
  Target: 732277 bits
  Actual: 730239 bits
  BPP: 0.696410
  PSNR: 50.50
  SSIM: 0.9965
  Hist_Corr: 0.9767
  Time: 15.06 seconds

65.0% target:
  Target: 793300 bits
  Actual: 791378 bits
  BPP: 0.754717
  PSNR: 50.30
  SSIM: 0.9962
  Hist_Corr: 0.9698
  Time: 15.61 seconds

70.0% target:
  Target: 854324 bits
  Actual: 852412 bits
  BPP: 0.812923
  PSNR: 50.12
  SSIM: 0.9960
  Hist_Corr: 0.9665
  Time: 14.75 seconds

75.0% target:
  Target: 915347 bits
  Actual: 911195 bits
  BPP: 0.868983
  PSNR: 49.76
  SSIM: 0.9957
  Hist_Corr: 0.9699
  Time: 14.88 seconds

80.0% target:
  Target: 976370 bits
  Actual: 969901 bits
  BPP: 0.924970
  PSNR: 49.47
  SSIM: 0.9953
  Hist_Corr: 0.9570
  Time: 15.08 seconds

85.0% target:
  Target: 1037393 bits
  Actual: 1030698 bits
  BPP: 0.982950
  PSNR: 48.93
  SSIM: 0.9952
  Hist_Corr: 0.9599
  Time: 15.29 seconds

90.0% target:
  Target: 1098416 bits
  Warning: Suspicious PSNR value detected: 49.15 > previous 48.93
  Actual: 1039796 bits
  BPP: 0.991627
  PSNR: 49.15
  SSIM: 0.9954
  Hist_Corr: 0.9661
  Time: 15.50 seconds

95.0% target:
  Target: 1159439 bits
  Actual: 1042310 bits
  BPP: 0.994024
  PSNR: 48.95
  SSIM: 0.9951
  Hist_Corr: 0.9673
  Time: 16.43 seconds

Results summary:
Total processing time: 266.61 seconds
Average time per point: 13.33 seconds
Results saved to ./Prediction_Error_Embedding/outcome/plots/Male/precise_proposed

Data table:
 Target_Percentage  Target_Payload  Actual_Payload      BPP      PSNR   SSIM  Hist_Corr  Processing_Time Suspicious
               5.0           61023           61023 0.058196 63.009514 0.9998   0.999554         5.385716      False
              10.0          122046          122046 0.116392 58.760634 0.9995   0.999454         5.152756      False
              15.0          183069          183069 0.174588 57.299826 0.9994   0.999103         4.669379      False
              20.0          244092          242471 0.231238 53.466975 0.9977   0.973162        12.272535      False
              25.0          305115          303610 0.289545 53.454187 0.9978   0.975640        12.606378      False
              30.0          366138          365005 0.348096 53.578159 0.9978   0.970739        12.699763       True
              35.0          427162          426371 0.406619 53.454794 0.9978   0.973948        12.794155      False
              40.0          488185          487508 0.464924 53.125317 0.9978   0.976989        12.877835      False
              45.0          549208          548905 0.523477 52.579153 0.9977   0.976225        13.183263      False
              50.0          610231          607478 0.579336 51.703007 0.9974   0.980757        13.866728      False
              55.0          671254          668875 0.637889 50.875102 0.9968   0.976297        13.966070      False
              60.0          732277          730239 0.696410 50.502005 0.9965   0.976661        15.061341      False
              65.0          793300          791378 0.754717 50.299044 0.9962   0.969758        15.610169      False
              70.0          854324          852412 0.812923 50.117575 0.9960   0.966480        14.745144      False
              75.0          915347          911195 0.868983 49.758932 0.9957   0.969921        14.880342      False
              80.0          976370          969901 0.924970 49.473385 0.9953   0.957046        15.080524      False
              85.0         1037393         1030698 0.982950 48.929243 0.9952   0.959869        15.287886      False
              90.0         1098416         1039796 0.991627 49.148628 0.9954   0.966075        15.495072       True
              95.0         1159439         1042310 0.994024 48.951090 0.9951   0.967324        16.431245      False
             100.0         1220463         1220463 1.163924 48.945880 0.9949   0.962381        22.595381        NaN