Precise measurement run started at 2025-04-27 13:46:03
Image: Male
Method: rotation
Prediction method: proposed
Ratio of ones: 1
Total embeddings: 1
EL mode: 0
Step size: 100000 bits
Use different weights: False

================================================================================

Step 1: Finding maximum payload capacity
Maximum payload: 1236160 bits
Max BPP: 1.178894
Max PSNR: 45.41
Max SSIM: 0.9902
Max Hist Corr: 0.8973
Time taken: 20.40 seconds

Step 2: Calculating measurement points with 100000 bit steps
Target payload points:
  Point 1: 100000 bits (8.1% of max)
  Point 2: 200000 bits (16.2% of max)
  Point 3: 300000 bits (24.3% of max)
  Point 4: 400000 bits (32.4% of max)
  Point 5: 500000 bits (40.4% of max)
  Point 6: 600000 bits (48.5% of max)
  Point 7: 700000 bits (56.6% of max)
  Point 8: 800000 bits (64.7% of max)
  Point 9: 900000 bits (72.8% of max)
  Point 10: 1000000 bits (80.9% of max)
  Point 11: 1100000 bits (89.0% of max)
  Point 12: 1200000 bits (97.1% of max)
  Point 13: 1236160 bits (100.0% of max) [using initial measurement]

Step 3: Running embedding algorithm for each target point
8.1% target:
  Target: 100000 bits
  Actual: 100000 bits
  BPP: 0.095367
  PSNR: 56.19
  SSIM: 0.9996
  Hist_Corr: 0.9999
  Time: 1.71 seconds

16.2% target:
  Target: 200000 bits
  Actual: 200000 bits
  BPP: 0.190735
  PSNR: 53.10
  SSIM: 0.9987
  Hist_Corr: 0.9983
  Time: 3.28 seconds

24.3% target:
  Target: 300000 bits
  Actual: 300000 bits
  BPP: 0.286102
  PSNR: 51.25
  SSIM: 0.9980
  Hist_Corr: 0.9962
  Time: 4.53 seconds

32.4% target:
  Target: 400000 bits
  Actual: 400000 bits
  BPP: 0.381470
  PSNR: 49.90
  SSIM: 0.9975
  Hist_Corr: 0.9957
  Time: 5.63 seconds

40.4% target:
  Target: 500000 bits
  Actual: 500000 bits
  BPP: 0.476837
  PSNR: 48.81
  SSIM: 0.9966
  Hist_Corr: 0.9905
  Time: 7.43 seconds

48.5% target:
  Target: 600000 bits
  Actual: 600000 bits
  BPP: 0.572205
  PSNR: 47.97
  SSIM: 0.9951
  Hist_Corr: 0.9765
  Time: 8.47 seconds

56.6% target:
  Target: 700000 bits
  Actual: 700000 bits
  BPP: 0.667572
  PSNR: 47.28
  SSIM: 0.9935
  Hist_Corr: 0.9563
  Time: 9.83 seconds

64.7% target:
  Target: 800000 bits
  Actual: 800000 bits
  BPP: 0.762939
  PSNR: 46.68
  SSIM: 0.9930
  Hist_Corr: 0.9535
  Time: 11.04 seconds

72.8% target:
  Target: 900000 bits
  Actual: 900000 bits
  BPP: 0.858307
  PSNR: 46.09
  SSIM: 0.9919
  Hist_Corr: 0.9352
  Time: 12.48 seconds

80.9% target:
  Target: 1000000 bits
  Actual: 1000000 bits
  BPP: 0.953674
  PSNR: 45.62
  SSIM: 0.9907
  Hist_Corr: 0.9114
  Time: 14.00 seconds

89.0% target:
  Target: 1100000 bits
  Actual: 1048464 bits
  BPP: 0.999893
  PSNR: 45.42
  SSIM: 0.9902
  Hist_Corr: 0.8973
  Time: 14.66 seconds

97.1% target:
  Target: 1200000 bits
  Actual: 1048658 bits
  BPP: 1.000078
  PSNR: 45.41
  SSIM: 0.9902
  Hist_Corr: 0.8973
  Time: 14.51 seconds

Results summary:
Total processing time: 129.99 seconds
Average time per point: 10.00 seconds
Results saved to ./Prediction_Error_Embedding/outcome/plots/Male/precise_proposed

Data table:
 Target_Percentage  Target_Payload  Actual_Payload      BPP      PSNR     SSIM  Hist_Corr  Processing_Time  Suspicious  PSNR_Original  SSIM_Original  Hist_Corr_Original
          8.089568          100000          100000 0.095367 56.106689 0.999536   0.999140         1.708552       False      56.189291         0.9996            0.999926
         16.179135          200000          200000 0.190735 53.211999 0.998766   0.998944         3.275313       False      53.104920         0.9987            0.998284
         24.268703          300000          300000 0.286102 51.304654 0.998077   0.997258         4.531884       False      51.252152         0.9980            0.996161
         32.358271          400000          400000 0.381470 49.876459 0.997469   0.995547         5.631729       False      49.904992         0.9975            0.995651
         40.447838          500000          500000 0.476837 48.811941 0.996519   0.989355         7.426601       False      48.813926         0.9966            0.990504
         48.537406          600000          600000 0.572205 47.968440 0.995113   0.976410         8.469463       False      47.967030         0.9951            0.976484
         56.626974          700000          700000 0.667572 47.275341 0.993624   0.958511         9.832870       False      47.280597         0.9935            0.956299
         64.716542          800000          800000 0.762939 46.668120 0.992917   0.951919        11.043133       False      46.682279         0.9930            0.953522
         72.806109          900000          900000 0.858307 46.091662 0.991844   0.933983        12.479224       False      46.093762         0.9919            0.935206
         80.895677         1000000         1000000 0.953674 45.472982 0.990345   0.901222        14.003266       False      45.624245         0.9907            0.911405
         88.985245         1100000         1048464 0.999893 45.422258 0.990230   0.898173        14.664389       False      45.415663         0.9902            0.897270
         97.074812         1200000         1048658 1.000078 45.400644 0.990160   0.894488        14.510516       False      45.414082         0.9902            0.897275
        100.000000         1236160         1236160 1.178894 45.414082 0.990200   0.897275        20.396373       False      45.414082         0.9902            0.897275