Precise measurement run started at 2025-04-27 13:38:05
Image: Male
Method: rotation
Prediction method: proposed
Ratio of ones: 1
Total embeddings: 1
EL mode: 0
Step size: 100000 bits
Use different weights: False

================================================================================

Step 1: Finding maximum payload capacity
Maximum payload: 698706 bits
Max BPP: 0.666338
Max PSNR: 53.83
Max SSIM: 0.9955
Max Hist Corr: 0.9409
Time taken: 1.54 seconds

Step 2: Calculating measurement points with 100000 bit steps
Target payload points:
  Point 1: 100000 bits (14.3% of max)
  Point 2: 200000 bits (28.6% of max)
  Point 3: 300000 bits (42.9% of max)
  Point 4: 400000 bits (57.2% of max)
  Point 5: 500000 bits (71.6% of max)
  Point 6: 600000 bits (85.9% of max)
  Point 7: 698706 bits (100.0% of max) [using initial measurement]

Step 3: Running embedding algorithm for each target point
14.3% target:
  Target: 100000 bits
  Actual: 100000 bits
  BPP: 0.095367
  PSNR: 64.54
  SSIM: 0.9996
  Hist_Corr: 0.9930
  Time: 0.60 seconds

28.6% target:
  Target: 200000 bits
  Actual: 200000 bits
  BPP: 0.190735
  PSNR: 59.29
  SSIM: 0.9988
  Hist_Corr: 0.9952
  Time: 0.64 seconds

42.9% target:
  Target: 300000 bits
  Actual: 300000 bits
  BPP: 0.286102
  PSNR: 58.25
  SSIM: 0.9986
  Hist_Corr: 0.9934
  Time: 0.64 seconds

57.2% target:
  Target: 400000 bits
  Actual: 400000 bits
  BPP: 0.381470
  PSNR: 56.46
  SSIM: 0.9979
  Hist_Corr: 0.9662
  Time: 0.69 seconds

71.6% target:
  Target: 500000 bits
  Actual: 500000 bits
  BPP: 0.476837
  PSNR: 55.65
  SSIM: 0.9970
  Hist_Corr: 0.9501
  Time: 0.67 seconds

85.9% target:
  Target: 600000 bits
  Actual: 600000 bits
  BPP: 0.572205
  PSNR: 54.47
  SSIM: 0.9958
  Hist_Corr: 0.9423
  Time: 0.68 seconds

Results summary:
Total processing time: 6.64 seconds
Average time per point: 0.95 seconds
Results saved to ./Prediction_Error_Embedding/outcome/plots/Male/precise_proposed

Data table:
 Target_Percentage  Target_Payload  Actual_Payload      BPP      PSNR     SSIM  Hist_Corr  Processing_Time  Suspicious  PSNR_Original  SSIM_Original  Hist_Corr_Original
         14.312171          100000          100000 0.095367 64.417447 0.999570   0.992872         0.595850       False      64.543022         0.9996            0.993018
         28.624343          200000          200000 0.190735 59.595856 0.998872   0.988684         0.642901       False      59.287052         0.9988            0.995201
         42.936514          300000          300000 0.286102 58.076693 0.998564   0.984554         0.642739       False      58.249652         0.9986            0.993425
         57.248685          400000          400000 0.381470 56.535741 0.997910   0.966590         0.688833       False      56.455255         0.9979            0.966202
         71.560857          500000          500000 0.476837 55.623077 0.997005   0.951345         0.672210       False      55.654464         0.9970            0.950094
         85.873028          600000          600000 0.572205 54.470134 0.995796   0.941589         0.682341       False      54.467855         0.9958            0.942279
        100.000000          698706          698706 0.666338 53.829202 0.995500   0.940920         1.542276       False      53.829202         0.9955            0.940920