Precise measurement run started at 2025-04-20 22:01:25
Image: Male
Method: quadtree
Prediction method: proposed
Ratio of ones: 0.3
Total embeddings: 1
EL mode: 0
Step size: 10000 bits
Use different weights: False

================================================================================

Step 1: Finding maximum payload capacity
Maximum payload: 1233056 bits
Max BPP: 1.175934
Max PSNR: 50.54
Max SSIM: 0.9961
Max Hist Corr: 0.9873
Time taken: 21.71 seconds

Step 2: Calculating measurement points with 10000 bit steps
Target payload points:
  Point 1: 10000 bits (0.8% of max)
  Point 2: 20000 bits (1.6% of max)
  Point 3: 30000 bits (2.4% of max)
  Point 4: 40000 bits (3.2% of max)
  Point 5: 50000 bits (4.1% of max)
  Point 6: 60000 bits (4.9% of max)
  Point 7: 70000 bits (5.7% of max)
  Point 8: 80000 bits (6.5% of max)
  Point 9: 90000 bits (7.3% of max)
  Point 10: 100000 bits (8.1% of max)
  Point 11: 110000 bits (8.9% of max)
  Point 12: 120000 bits (9.7% of max)
  Point 13: 130000 bits (10.5% of max)
  Point 14: 140000 bits (11.4% of max)
  Point 15: 150000 bits (12.2% of max)
  Point 16: 160000 bits (13.0% of max)
  Point 17: 170000 bits (13.8% of max)
  Point 18: 180000 bits (14.6% of max)
  Point 19: 190000 bits (15.4% of max)
  Point 20: 200000 bits (16.2% of max)
  Point 21: 210000 bits (17.0% of max)
  Point 22: 220000 bits (17.8% of max)
  Point 23: 230000 bits (18.7% of max)
  Point 24: 240000 bits (19.5% of max)
  Point 25: 250000 bits (20.3% of max)
  Point 26: 260000 bits (21.1% of max)
  Point 27: 270000 bits (21.9% of max)
  Point 28: 280000 bits (22.7% of max)
  Point 29: 290000 bits (23.5% of max)
  Point 30: 300000 bits (24.3% of max)
  Point 31: 310000 bits (25.1% of max)
  Point 32: 320000 bits (26.0% of max)
  Point 33: 330000 bits (26.8% of max)
  Point 34: 340000 bits (27.6% of max)
  Point 35: 350000 bits (28.4% of max)
  Point 36: 360000 bits (29.2% of max)
  Point 37: 370000 bits (30.0% of max)
  Point 38: 380000 bits (30.8% of max)
  Point 39: 390000 bits (31.6% of max)
  Point 40: 400000 bits (32.4% of max)
  Point 41: 410000 bits (33.3% of max)
  Point 42: 420000 bits (34.1% of max)
  Point 43: 430000 bits (34.9% of max)
  Point 44: 440000 bits (35.7% of max)
  Point 45: 450000 bits (36.5% of max)
  Point 46: 460000 bits (37.3% of max)
  Point 47: 470000 bits (38.1% of max)
  Point 48: 480000 bits (38.9% of max)
  Point 49: 490000 bits (39.7% of max)
  Point 50: 500000 bits (40.5% of max)
  Point 51: 510000 bits (41.4% of max)
  Point 52: 520000 bits (42.2% of max)
  Point 53: 530000 bits (43.0% of max)
  Point 54: 540000 bits (43.8% of max)
  Point 55: 550000 bits (44.6% of max)
  Point 56: 560000 bits (45.4% of max)
  Point 57: 570000 bits (46.2% of max)
  Point 58: 580000 bits (47.0% of max)
  Point 59: 590000 bits (47.8% of max)
  Point 60: 600000 bits (48.7% of max)
  Point 61: 610000 bits (49.5% of max)
  Point 62: 620000 bits (50.3% of max)
  Point 63: 630000 bits (51.1% of max)
  Point 64: 640000 bits (51.9% of max)
  Point 65: 650000 bits (52.7% of max)
  Point 66: 660000 bits (53.5% of max)
  Point 67: 670000 bits (54.3% of max)
  Point 68: 680000 bits (55.1% of max)
  Point 69: 690000 bits (56.0% of max)
  Point 70: 700000 bits (56.8% of max)
  Point 71: 710000 bits (57.6% of max)
  Point 72: 720000 bits (58.4% of max)
  Point 73: 730000 bits (59.2% of max)
  Point 74: 740000 bits (60.0% of max)
  Point 75: 750000 bits (60.8% of max)
  Point 76: 760000 bits (61.6% of max)
  Point 77: 770000 bits (62.4% of max)
  Point 78: 780000 bits (63.3% of max)
  Point 79: 790000 bits (64.1% of max)
  Point 80: 800000 bits (64.9% of max)
  Point 81: 810000 bits (65.7% of max)
  Point 82: 820000 bits (66.5% of max)
  Point 83: 830000 bits (67.3% of max)
  Point 84: 840000 bits (68.1% of max)
  Point 85: 850000 bits (68.9% of max)
  Point 86: 860000 bits (69.7% of max)
  Point 87: 870000 bits (70.6% of max)
  Point 88: 880000 bits (71.4% of max)
  Point 89: 890000 bits (72.2% of max)
  Point 90: 900000 bits (73.0% of max)
  Point 91: 910000 bits (73.8% of max)
  Point 92: 920000 bits (74.6% of max)
  Point 93: 930000 bits (75.4% of max)
  Point 94: 940000 bits (76.2% of max)
  Point 95: 950000 bits (77.0% of max)
  Point 96: 960000 bits (77.9% of max)
  Point 97: 970000 bits (78.7% of max)
  Point 98: 980000 bits (79.5% of max)
  Point 99: 990000 bits (80.3% of max)
  Point 100: 1000000 bits (81.1% of max)
  Point 101: 1010000 bits (81.9% of max)
  Point 102: 1020000 bits (82.7% of max)
  Point 103: 1030000 bits (83.5% of max)
  Point 104: 1040000 bits (84.3% of max)
  Point 105: 1050000 bits (85.2% of max)
  Point 106: 1060000 bits (86.0% of max)
  Point 107: 1070000 bits (86.8% of max)
  Point 108: 1080000 bits (87.6% of max)
  Point 109: 1090000 bits (88.4% of max)
  Point 110: 1100000 bits (89.2% of max)
  Point 111: 1110000 bits (90.0% of max)
  Point 112: 1120000 bits (90.8% of max)
  Point 113: 1130000 bits (91.6% of max)
  Point 114: 1140000 bits (92.5% of max)
  Point 115: 1150000 bits (93.3% of max)
  Point 116: 1160000 bits (94.1% of max)
  Point 117: 1170000 bits (94.9% of max)
  Point 118: 1180000 bits (95.7% of max)
  Point 119: 1190000 bits (96.5% of max)
  Point 120: 1200000 bits (97.3% of max)
  Point 121: 1210000 bits (98.1% of max)
  Point 122: 1220000 bits (98.9% of max)
  Point 123: 1230000 bits (99.8% of max)
  Point 124: 1233056 bits (100.0% of max) [using initial measurement]

Step 3: Running embedding algorithm for each target point
0.8% target:
  Target: 10000 bits
  Actual: 10000 bits
  BPP: 0.009537
  PSNR: 61.94
  SSIM: 0.9998
  Hist_Corr: 0.9999
  Time: 4.85 seconds

1.6% target:
  Target: 20000 bits
  Warning: Suspicious PSNR value detected: 68.29 > previous 61.94
  Actual: 20000 bits
  BPP: 0.019073
  PSNR: 68.29
  SSIM: 1.0000
  Hist_Corr: 1.0000
  Time: 4.71 seconds

2.4% target:
  Target: 30000 bits
  Warning: Suspicious PSNR value detected: 68.32 > previous 68.29
  Actual: 30000 bits
  BPP: 0.028610
  PSNR: 68.32
  SSIM: 1.0000
  Hist_Corr: 1.0000
  Time: 4.75 seconds

3.2% target:
  Target: 40000 bits
  Actual: 40000 bits
  BPP: 0.038147
  PSNR: 68.31
  SSIM: 1.0000
  Hist_Corr: 1.0000
  Time: 4.93 seconds

4.1% target:
  Target: 50000 bits
  Actual: 50000 bits
  BPP: 0.047684
  PSNR: 61.97
  SSIM: 0.9998
  Hist_Corr: 0.9999
  Time: 4.87 seconds

4.9% target:
  Target: 60000 bits
  Actual: 60000 bits
  BPP: 0.057220
  PSNR: 61.81
  SSIM: 0.9998
  Hist_Corr: 0.9999
  Time: 4.82 seconds

5.7% target:
  Target: 70000 bits
  Actual: 70000 bits
  BPP: 0.066757
  PSNR: 59.32
  SSIM: 0.9997
  Hist_Corr: 0.9996
  Time: 4.92 seconds

6.5% target:
  Target: 80000 bits
  Warning: Suspicious PSNR value detected: 59.78 > previous 59.32
  Actual: 80000 bits
  BPP: 0.076294
  PSNR: 59.78
  SSIM: 0.9997
  Hist_Corr: 0.9997
  Time: 4.90 seconds

7.3% target:
  Target: 90000 bits
  Warning: Suspicious PSNR value detected: 61.98 > previous 59.78
  Actual: 90000 bits
  BPP: 0.085831
  PSNR: 61.98
  SSIM: 0.9997
  Hist_Corr: 0.9998
  Time: 4.70 seconds

8.1% target:
  Target: 100000 bits
  Actual: 100000 bits
  BPP: 0.095367
  PSNR: 59.15
  SSIM: 0.9996
  Hist_Corr: 0.9996
  Time: 4.63 seconds

8.9% target:
  Target: 110000 bits
  Actual: 110000 bits
  BPP: 0.104904
  PSNR: 58.21
  SSIM: 0.9995
  Hist_Corr: 0.9994
  Time: 4.61 seconds

9.7% target:
  Target: 120000 bits
  Warning: Suspicious PSNR value detected: 59.33 > previous 58.21
  Actual: 120000 bits
  BPP: 0.114441
  PSNR: 59.33
  SSIM: 0.9996
  Hist_Corr: 0.9996
  Time: 4.63 seconds

10.5% target:
  Target: 130000 bits
  Actual: 130000 bits
  BPP: 0.123978
  PSNR: 58.19
  SSIM: 0.9995
  Hist_Corr: 0.9994
  Time: 4.64 seconds

11.4% target:
  Target: 140000 bits
  Warning: Suspicious PSNR value detected: 59.21 > previous 58.19
  Actual: 140000 bits
  BPP: 0.133514
  PSNR: 59.21
  SSIM: 0.9996
  Hist_Corr: 0.9997
  Time: 5.17 seconds

12.2% target:
  Target: 150000 bits
  Actual: 150000 bits
  BPP: 0.143051
  PSNR: 57.65
  SSIM: 0.9995
  Hist_Corr: 0.9993
  Time: 4.68 seconds

13.0% target:
  Target: 160000 bits
  Warning: Suspicious PSNR value detected: 58.34 > previous 57.65
  Actual: 160000 bits
  BPP: 0.152588
  PSNR: 58.34
  SSIM: 0.9995
  Hist_Corr: 0.9995
  Time: 4.70 seconds

13.8% target:
  Target: 170000 bits
  Warning: Suspicious PSNR value detected: 58.36 > previous 58.34
  Actual: 170000 bits
  BPP: 0.162125
  PSNR: 58.36
  SSIM: 0.9994
  Hist_Corr: 0.9987
  Time: 4.67 seconds

14.6% target:
  Target: 180000 bits
  Actual: 180000 bits
  BPP: 0.171661
  PSNR: 56.73
  SSIM: 0.9993
  Hist_Corr: 0.9988
  Time: 4.67 seconds

15.4% target:
  Target: 190000 bits
  Warning: Suspicious PSNR value detected: 56.96 > previous 56.73
  Actual: 190000 bits
  BPP: 0.181198
  PSNR: 56.96
  SSIM: 0.9993
  Hist_Corr: 0.9989
  Time: 4.67 seconds

16.2% target:
  Target: 200000 bits
  Actual: 200000 bits
  BPP: 0.190735
  PSNR: 56.62
  SSIM: 0.9993
  Hist_Corr: 0.9983
  Time: 4.67 seconds

17.0% target:
  Target: 210000 bits
  Actual: 209281 bits
  BPP: 0.199586
  PSNR: 53.64
  SSIM: 0.9979
  Hist_Corr: 0.9852
  Time: 11.98 seconds

17.8% target:
  Target: 220000 bits
  Warning: Suspicious PSNR value detected: 53.77 > previous 53.64
  Actual: 217973 bits
  BPP: 0.207875
  PSNR: 53.77
  SSIM: 0.9980
  Hist_Corr: 0.9902
  Time: 11.99 seconds

18.7% target:
  Target: 230000 bits
  Actual: 229456 bits
  BPP: 0.218826
  PSNR: 53.74
  SSIM: 0.9978
  Hist_Corr: 0.9852
  Time: 12.28 seconds

19.5% target:
  Target: 240000 bits
  Warning: Suspicious PSNR value detected: 53.80 > previous 53.74
  Actual: 238377 bits
  BPP: 0.227334
  PSNR: 53.80
  SSIM: 0.9981
  Hist_Corr: 0.9943
  Time: 11.99 seconds

20.3% target:
  Target: 250000 bits
  Actual: 249860 bits
  BPP: 0.238285
  PSNR: 53.68
  SSIM: 0.9980
  Hist_Corr: 0.9898
  Time: 11.53 seconds

21.1% target:
  Target: 260000 bits
  Warning: Suspicious PSNR value detected: 53.78 > previous 53.68
  Actual: 258552 bits
  BPP: 0.246574
  PSNR: 53.78
  SSIM: 0.9980
  Hist_Corr: 0.9940
  Time: 11.02 seconds

21.9% target:
  Target: 270000 bits
  Warning: Suspicious PSNR value detected: 53.86 > previous 53.78
  Actual: 267471 bits
  BPP: 0.255080
  PSNR: 53.86
  SSIM: 0.9981
  Hist_Corr: 0.9904
  Time: 11.63 seconds

22.7% target:
  Target: 280000 bits
  Actual: 278956 bits
  BPP: 0.266033
  PSNR: 53.65
  SSIM: 0.9979
  Hist_Corr: 0.9865
  Time: 11.37 seconds

23.5% target:
  Target: 290000 bits
  Warning: Suspicious PSNR value detected: 53.88 > previous 53.65
  Actual: 287875 bits
  BPP: 0.274539
  PSNR: 53.88
  SSIM: 0.9980
  Hist_Corr: 0.9919
  Time: 11.55 seconds

24.3% target:
  Target: 300000 bits
  Actual: 299131 bits
  BPP: 0.285274
  PSNR: 53.70
  SSIM: 0.9980
  Hist_Corr: 0.9926
  Time: 11.58 seconds

25.1% target:
  Target: 310000 bits
  Warning: Suspicious PSNR value detected: 53.82 > previous 53.70
  Actual: 308050 bits
  BPP: 0.293779
  PSNR: 53.82
  SSIM: 0.9981
  Hist_Corr: 0.9929
  Time: 11.55 seconds

26.0% target:
  Target: 320000 bits
  Actual: 319566 bits
  BPP: 0.304762
  PSNR: 53.73
  SSIM: 0.9980
  Hist_Corr: 0.9906
  Time: 11.91 seconds

26.8% target:
  Target: 330000 bits
  Warning: Suspicious PSNR value detected: 53.80 > previous 53.73
  Actual: 328485 bits
  BPP: 0.313268
  PSNR: 53.80
  SSIM: 0.9980
  Hist_Corr: 0.9923
  Time: 12.27 seconds

27.6% target:
  Target: 340000 bits
  Warning: Suspicious PSNR value detected: 53.81 > previous 53.80
  Actual: 339968 bits
  BPP: 0.324219
  PSNR: 53.81
  SSIM: 0.9980
  Hist_Corr: 0.9904
  Time: 12.45 seconds

28.4% target:
  Target: 350000 bits
  Warning: Suspicious PSNR value detected: 53.83 > previous 53.81
  Actual: 348660 bits
  BPP: 0.332508
  PSNR: 53.83
  SSIM: 0.9980
  Hist_Corr: 0.9908
  Time: 11.64 seconds

29.2% target:
  Target: 360000 bits
  Actual: 357581 bits
  BPP: 0.341016
  PSNR: 53.75
  SSIM: 0.9980
  Hist_Corr: 0.9934
  Time: 11.77 seconds

30.0% target:
  Target: 370000 bits
  Actual: 369064 bits
  BPP: 0.351967
  PSNR: 53.71
  SSIM: 0.9980
  Hist_Corr: 0.9917
  Time: 11.31 seconds

30.8% target:
  Target: 380000 bits
  Warning: Suspicious PSNR value detected: 53.81 > previous 53.71
  Actual: 377983 bits
  BPP: 0.360473
  PSNR: 53.81
  SSIM: 0.9980
  Hist_Corr: 0.9898
  Time: 11.73 seconds

31.6% target:
  Target: 390000 bits
  Actual: 389239 bits
  BPP: 0.371207
  PSNR: 53.78
  SSIM: 0.9979
  Hist_Corr: 0.9888
  Time: 11.76 seconds

32.4% target:
  Target: 400000 bits
  Warning: Suspicious PSNR value detected: 53.84 > previous 53.78
  Actual: 398160 bits
  BPP: 0.379715
  PSNR: 53.84
  SSIM: 0.9980
  Hist_Corr: 0.9895
  Time: 11.67 seconds

33.3% target:
  Target: 410000 bits
  Actual: 409643 bits
  BPP: 0.390666
  PSNR: 53.68
  SSIM: 0.9980
  Hist_Corr: 0.9917
  Time: 11.80 seconds

34.1% target:
  Target: 420000 bits
  Warning: Suspicious PSNR value detected: 53.86 > previous 53.68
  Actual: 418562 bits
  BPP: 0.399172
  PSNR: 53.86
  SSIM: 0.9981
  Hist_Corr: 0.9902
  Time: 11.84 seconds

34.9% target:
  Target: 430000 bits
  Actual: 427254 bits
  BPP: 0.407461
  PSNR: 53.69
  SSIM: 0.9980
  Hist_Corr: 0.9930
  Time: 11.84 seconds

35.7% target:
  Target: 440000 bits
  Warning: Suspicious PSNR value detected: 53.83 > previous 53.69
  Actual: 438739 bits
  BPP: 0.418414
  PSNR: 53.83
  SSIM: 0.9980
  Hist_Corr: 0.9922
  Time: 12.10 seconds

36.5% target:
  Target: 450000 bits
  Actual: 447658 bits
  BPP: 0.426920
  PSNR: 53.64
  SSIM: 0.9979
  Hist_Corr: 0.9879
  Time: 12.46 seconds

37.3% target:
  Target: 460000 bits
  Warning: Suspicious PSNR value detected: 53.88 > previous 53.64
  Actual: 459141 bits
  BPP: 0.437871
  PSNR: 53.88
  SSIM: 0.9981
  Hist_Corr: 0.9919
  Time: 12.70 seconds

38.1% target:
  Target: 470000 bits
  Actual: 467833 bits
  BPP: 0.446160
  PSNR: 53.61
  SSIM: 0.9980
  Hist_Corr: 0.9923
  Time: 12.84 seconds

38.9% target:
  Target: 480000 bits
  Actual: 479349 bits
  BPP: 0.457143
  PSNR: 53.56
  SSIM: 0.9980
  Hist_Corr: 0.9911
  Time: 12.69 seconds

39.7% target:
  Target: 490000 bits
  Warning: Suspicious PSNR value detected: 53.66 > previous 53.56
  Actual: 488268 bits
  BPP: 0.465649
  PSNR: 53.66
  SSIM: 0.9979
  Hist_Corr: 0.9852
  Time: 12.28 seconds

40.5% target:
  Target: 500000 bits
  Actual: 499751 bits
  BPP: 0.476600
  PSNR: 53.58
  SSIM: 0.9980
  Hist_Corr: 0.9913
  Time: 12.41 seconds

41.4% target:
  Target: 510000 bits
  Actual: 508670 bits
  BPP: 0.485106
  PSNR: 53.49
  SSIM: 0.9979
  Hist_Corr: 0.9921
  Time: 12.15 seconds

42.2% target:
  Target: 520000 bits
  Actual: 517364 bits
  BPP: 0.493397
  PSNR: 53.49
  SSIM: 0.9980
  Hist_Corr: 0.9925
  Time: 12.36 seconds

43.0% target:
  Target: 530000 bits
  Actual: 528847 bits
  BPP: 0.504348
  PSNR: 53.29
  SSIM: 0.9979
  Hist_Corr: 0.9888
  Time: 12.73 seconds

43.8% target:
  Target: 540000 bits
  Warning: Suspicious PSNR value detected: 53.30 > previous 53.29
  Actual: 537766 bits
  BPP: 0.512854
  PSNR: 53.30
  SSIM: 0.9978
  Hist_Corr: 0.9848
  Time: 12.64 seconds

44.6% target:
  Target: 550000 bits
  Actual: 549249 bits
  BPP: 0.523805
  PSNR: 53.17
  SSIM: 0.9978
  Hist_Corr: 0.9861
  Time: 12.69 seconds

45.4% target:
  Target: 560000 bits
  Actual: 557943 bits
  BPP: 0.532096
  PSNR: 52.99
  SSIM: 0.9978
  Hist_Corr: 0.9863
  Time: 12.25 seconds

46.2% target:
  Target: 570000 bits
  Actual: 569426 bits
  BPP: 0.543047
  PSNR: 52.82
  SSIM: 0.9977
  Hist_Corr: 0.9864
  Time: 12.35 seconds

47.0% target:
  Target: 580000 bits
  Warning: Suspicious PSNR value detected: 52.87 > previous 52.82
  Actual: 578345 bits
  BPP: 0.551553
  PSNR: 52.87
  SSIM: 0.9978
  Hist_Corr: 0.9894
  Time: 12.45 seconds

47.8% target:
  Target: 590000 bits
  Actual: 589828 bits
  BPP: 0.562504
  PSNR: 52.71
  SSIM: 0.9977
  Hist_Corr: 0.9891
  Time: 12.81 seconds

48.7% target:
  Target: 600000 bits
  Actual: 598522 bits
  BPP: 0.570795
  PSNR: 52.61
  SSIM: 0.9977
  Hist_Corr: 0.9893
  Time: 13.37 seconds

49.5% target:
  Target: 610000 bits
  Actual: 607441 bits
  BPP: 0.579301
  PSNR: 52.30
  SSIM: 0.9976
  Hist_Corr: 0.9912
  Time: 13.23 seconds

50.3% target:
  Target: 620000 bits
  Actual: 618924 bits
  BPP: 0.590252
  PSNR: 52.12
  SSIM: 0.9975
  Hist_Corr: 0.9890
  Time: 13.85 seconds

51.1% target:
  Target: 630000 bits
  Warning: Suspicious PSNR value detected: 52.13 > previous 52.12
  Actual: 627843 bits
  BPP: 0.598758
  PSNR: 52.13
  SSIM: 0.9974
  Hist_Corr: 0.9884
  Time: 13.35 seconds

51.9% target:
  Target: 640000 bits
  Actual: 639359 bits
  BPP: 0.609740
  PSNR: 51.88
  SSIM: 0.9973
  Hist_Corr: 0.9911
  Time: 13.55 seconds

52.7% target:
  Target: 650000 bits
  Actual: 648051 bits
  BPP: 0.618030
  PSNR: 51.83
  SSIM: 0.9972
  Hist_Corr: 0.9874
  Time: 13.39 seconds

53.5% target:
  Target: 660000 bits
  Actual: 659534 bits
  BPP: 0.628981
  PSNR: 51.64
  SSIM: 0.9972
  Hist_Corr: 0.9883
  Time: 13.87 seconds

54.3% target:
  Target: 670000 bits
  Actual: 668453 bits
  BPP: 0.637486
  PSNR: 51.63
  SSIM: 0.9970
  Hist_Corr: 0.9776
  Time: 14.22 seconds

55.1% target:
  Target: 680000 bits
  Warning: Suspicious PSNR value detected: 51.73 > previous 51.63
  Actual: 679938 bits
  BPP: 0.648439
  PSNR: 51.73
  SSIM: 0.9972
  Hist_Corr: 0.9894
  Time: 13.62 seconds

56.0% target:
  Target: 690000 bits
  Actual: 688630 bits
  BPP: 0.656729
  PSNR: 51.73
  SSIM: 0.9973
  Hist_Corr: 0.9945
  Time: 13.74 seconds

56.8% target:
  Target: 700000 bits
  Actual: 697549 bits
  BPP: 0.665235
  PSNR: 51.44
  SSIM: 0.9968
  Hist_Corr: 0.9851
  Time: 13.92 seconds

57.6% target:
  Target: 710000 bits
  Warning: Suspicious PSNR value detected: 51.47 > previous 51.44
  Actual: 709032 bits
  BPP: 0.676186
  PSNR: 51.47
  SSIM: 0.9969
  Hist_Corr: 0.9878
  Time: 14.36 seconds

58.4% target:
  Target: 720000 bits
  Actual: 717953 bits
  BPP: 0.684693
  PSNR: 51.47
  SSIM: 0.9969
  Hist_Corr: 0.9872
  Time: 14.50 seconds

59.2% target:
  Target: 730000 bits
  Actual: 729209 bits
  BPP: 0.695428
  PSNR: 51.45
  SSIM: 0.9969
  Hist_Corr: 0.9844
  Time: 14.16 seconds

60.0% target:
  Target: 740000 bits
  Actual: 738128 bits
  BPP: 0.703934
  PSNR: 51.37
  SSIM: 0.9968
  Hist_Corr: 0.9912
  Time: 14.82 seconds

60.8% target:
  Target: 750000 bits
  Actual: 749611 bits
  BPP: 0.714885
  PSNR: 51.17
  SSIM: 0.9967
  Hist_Corr: 0.9850
  Time: 15.21 seconds

61.6% target:
  Target: 760000 bits
  Warning: Suspicious PSNR value detected: 51.31 > previous 51.17
  Actual: 758532 bits
  BPP: 0.723392
  PSNR: 51.31
  SSIM: 0.9967
  Hist_Corr: 0.9897
  Time: 14.25 seconds

62.4% target:
  Target: 770000 bits
  Actual: 767224 bits
  BPP: 0.731682
  PSNR: 51.18
  SSIM: 0.9965
  Hist_Corr: 0.9872
  Time: 14.31 seconds

63.3% target:
  Target: 780000 bits
  Actual: 778707 bits
  BPP: 0.742633
  PSNR: 51.17
  SSIM: 0.9965
  Hist_Corr: 0.9856
  Time: 14.61 seconds

64.1% target:
  Target: 790000 bits
  Warning: Suspicious PSNR value detected: 51.20 > previous 51.17
  Actual: 787626 bits
  BPP: 0.751139
  PSNR: 51.20
  SSIM: 0.9966
  Hist_Corr: 0.9891
  Time: 14.55 seconds

64.9% target:
  Target: 800000 bits
  Warning: Suspicious PSNR value detected: 51.23 > previous 51.20
  Actual: 799064 bits
  BPP: 0.762047
  PSNR: 51.23
  SSIM: 0.9966
  Hist_Corr: 0.9847
  Time: 14.34 seconds

65.7% target:
  Target: 810000 bits
  Actual: 808029 bits
  BPP: 0.770597
  PSNR: 51.04
  SSIM: 0.9965
  Hist_Corr: 0.9875
  Time: 13.68 seconds

66.5% target:
  Target: 820000 bits
  Warning: Suspicious PSNR value detected: 51.19 > previous 51.04
  Actual: 819317 bits
  BPP: 0.781362
  PSNR: 51.19
  SSIM: 0.9966
  Hist_Corr: 0.9876
  Time: 14.12 seconds

67.3% target:
  Target: 830000 bits
  Warning: Suspicious PSNR value detected: 51.24 > previous 51.19
  Actual: 828236 bits
  BPP: 0.789867
  PSNR: 51.24
  SSIM: 0.9965
  Hist_Corr: 0.9837
  Time: 14.27 seconds

68.1% target:
  Target: 840000 bits
  Actual: 839612 bits
  BPP: 0.800716
  PSNR: 51.22
  SSIM: 0.9964
  Hist_Corr: 0.9840
  Time: 14.36 seconds

68.9% target:
  Target: 850000 bits
  Actual: 848640 bits
  BPP: 0.809326
  PSNR: 51.06
  SSIM: 0.9963
  Hist_Corr: 0.9867
  Time: 15.15 seconds

69.7% target:
  Target: 860000 bits
  Warning: Suspicious PSNR value detected: 51.14 > previous 51.06
  Actual: 856421 bits
  BPP: 0.816747
  PSNR: 51.14
  SSIM: 0.9964
  Hist_Corr: 0.9871
  Time: 14.70 seconds

70.6% target:
  Target: 870000 bits
  Actual: 868034 bits
  BPP: 0.827822
  PSNR: 51.10
  SSIM: 0.9964
  Hist_Corr: 0.9891
  Time: 14.53 seconds

71.4% target:
  Target: 880000 bits
  Warning: Suspicious PSNR value detected: 51.10 > previous 51.10
  Actual: 876147 bits
  BPP: 0.835559
  PSNR: 51.10
  SSIM: 0.9965
  Hist_Corr: 0.9862
  Time: 15.63 seconds

72.2% target:
  Target: 890000 bits
  Actual: 888929 bits
  BPP: 0.847749
  PSNR: 51.02
  SSIM: 0.9963
  Hist_Corr: 0.9840
  Time: 15.53 seconds

73.0% target:
  Target: 900000 bits
  Warning: Suspicious PSNR value detected: 51.03 > previous 51.02
  Actual: 897351 bits
  BPP: 0.855781
  PSNR: 51.03
  SSIM: 0.9965
  Hist_Corr: 0.9866
  Time: 15.55 seconds

73.8% target:
  Target: 910000 bits
  Warning: Suspicious PSNR value detected: 51.03 > previous 51.03
  Actual: 909343 bits
  BPP: 0.867217
  PSNR: 51.03
  SSIM: 0.9965
  Hist_Corr: 0.9828
  Time: 14.98 seconds

74.6% target:
  Target: 920000 bits
  Warning: Suspicious PSNR value detected: 51.11 > previous 51.03
  Actual: 917596 bits
  BPP: 0.875088
  PSNR: 51.11
  SSIM: 0.9965
  Hist_Corr: 0.9905
  Time: 14.99 seconds

75.4% target:
  Target: 930000 bits
  Actual: 929216 bits
  BPP: 0.886169
  PSNR: 50.99
  SSIM: 0.9965
  Hist_Corr: 0.9879
  Time: 15.04 seconds

76.2% target:
  Target: 940000 bits
  Warning: Suspicious PSNR value detected: 51.07 > previous 50.99
  Actual: 937235 bits
  BPP: 0.893817
  PSNR: 51.07
  SSIM: 0.9964
  Hist_Corr: 0.9875
  Time: 14.68 seconds

77.0% target:
  Target: 950000 bits
  Actual: 945107 bits
  BPP: 0.901324
  PSNR: 50.81
  SSIM: 0.9961
  Hist_Corr: 0.9864
  Time: 14.70 seconds

77.9% target:
  Target: 960000 bits
  Actual: 954995 bits
  BPP: 0.910754
  PSNR: 50.80
  SSIM: 0.9961
  Hist_Corr: 0.9833
  Time: 16.01 seconds

78.7% target:
  Target: 970000 bits
  Warning: Suspicious PSNR value detected: 50.90 > previous 50.80
  Actual: 966803 bits
  BPP: 0.922015
  PSNR: 50.90
  SSIM: 0.9965
  Hist_Corr: 0.9772
  Time: 16.20 seconds

79.5% target:
  Target: 980000 bits
  Actual: 974739 bits
  BPP: 0.929584
  PSNR: 50.83
  SSIM: 0.9962
  Hist_Corr: 0.9865
  Time: 16.46 seconds

80.3% target:
  Target: 990000 bits
  Actual: 986182 bits
  BPP: 0.940496
  PSNR: 50.70
  SSIM: 0.9962
  Hist_Corr: 0.9846
  Time: 16.34 seconds

81.1% target:
  Target: 1000000 bits
  Warning: Suspicious PSNR value detected: 50.78 > previous 50.70
  Actual: 997732 bits
  BPP: 0.951511
  PSNR: 50.78
  SSIM: 0.9962
  Hist_Corr: 0.9810
  Time: 15.33 seconds

81.9% target:
  Target: 1010000 bits
  Actual: 1006857 bits
  BPP: 0.960214
  PSNR: 50.74
  SSIM: 0.9962
  Hist_Corr: 0.9850
  Time: 15.24 seconds

82.7% target:
  Target: 1020000 bits
  Actual: 1012495 bits
  BPP: 0.965590
  PSNR: 50.69
  SSIM: 0.9962
  Hist_Corr: 0.9854
  Time: 15.08 seconds

83.5% target:
  Target: 1030000 bits
  Actual: 1021757 bits
  BPP: 0.974423
  PSNR: 50.61
  SSIM: 0.9961
  Hist_Corr: 0.9901
  Time: 15.27 seconds

84.3% target:
  Target: 1040000 bits
  Actual: 1030834 bits
  BPP: 0.983080
  PSNR: 50.55
  SSIM: 0.9961
  Hist_Corr: 0.9877
  Time: 15.26 seconds

85.2% target:
  Target: 1050000 bits
  Warning: Suspicious PSNR value detected: 50.57 > previous 50.55
  Actual: 1042056 bits
  BPP: 0.993782
  PSNR: 50.57
  SSIM: 0.9962
  Hist_Corr: 0.9852
  Time: 15.55 seconds

86.0% target:
  Target: 1060000 bits
  Actual: 1041255 bits
  BPP: 0.993018
  PSNR: 50.57
  SSIM: 0.9962
  Hist_Corr: 0.9851
  Time: 16.13 seconds

86.8% target:
  Target: 1070000 bits
  Actual: 1047306 bits
  BPP: 0.998789
  PSNR: 50.52
  SSIM: 0.9960
  Hist_Corr: 0.9876
  Time: 16.28 seconds

87.6% target:
  Target: 1080000 bits
  Actual: 1039647 bits
  BPP: 0.991485
  PSNR: 50.62
  SSIM: 0.9961
  Hist_Corr: 0.9840
  Time: 15.94 seconds

88.4% target:
  Target: 1090000 bits
  Actual: 1043268 bits
  BPP: 0.994938
  PSNR: 50.50
  SSIM: 0.9961
  Hist_Corr: 0.9838
  Time: 16.09 seconds

89.2% target:
  Target: 1100000 bits
  Actual: 1045221 bits
  BPP: 0.996800
  PSNR: 50.49
  SSIM: 0.9959
  Hist_Corr: 0.9846
  Time: 16.24 seconds

90.0% target:
  Target: 1110000 bits
  Warning: Suspicious PSNR value detected: 50.57 > previous 50.49
  Actual: 1047399 bits
  BPP: 0.998878
  PSNR: 50.57
  SSIM: 0.9961
  Hist_Corr: 0.9841
  Time: 16.22 seconds

90.8% target:
  Target: 1120000 bits
  Actual: 1042357 bits
  BPP: 0.994069
  PSNR: 50.51
  SSIM: 0.9960
  Hist_Corr: 0.9881
  Time: 15.69 seconds

91.6% target:
  Target: 1130000 bits
  Warning: Suspicious PSNR value detected: 50.62 > previous 50.51
  Actual: 1043895 bits
  BPP: 0.995536
  PSNR: 50.62
  SSIM: 0.9961
  Hist_Corr: 0.9849
  Time: 16.38 seconds

92.5% target:
  Target: 1140000 bits
  Actual: 1041878 bits
  BPP: 0.993612
  PSNR: 50.56
  SSIM: 0.9959
  Hist_Corr: 0.9868
  Time: 16.35 seconds

93.3% target:
  Target: 1150000 bits
  Warning: Suspicious PSNR value detected: 50.61 > previous 50.56
  Actual: 1043826 bits
  BPP: 0.995470
  PSNR: 50.61
  SSIM: 0.9961
  Hist_Corr: 0.9811
  Time: 16.54 seconds

94.1% target:
  Target: 1160000 bits
  Actual: 1046738 bits
  BPP: 0.998247
  PSNR: 50.54
  SSIM: 0.9960
  Hist_Corr: 0.9829
  Time: 16.69 seconds

94.9% target:
  Target: 1170000 bits
  Actual: 1045593 bits
  BPP: 0.997155
  PSNR: 50.52
  SSIM: 0.9961
  Hist_Corr: 0.9847
  Time: 17.94 seconds

95.7% target:
  Target: 1180000 bits
  Actual: 1045443 bits
  BPP: 0.997012
  PSNR: 50.61
  SSIM: 0.9962
  Hist_Corr: 0.9830
  Time: 20.25 seconds

96.5% target:
  Target: 1190000 bits
  Actual: 1043091 bits
  BPP: 0.994769
  PSNR: 50.60
  SSIM: 0.9962
  Hist_Corr: 0.9893
  Time: 18.08 seconds

97.3% target:
  Target: 1200000 bits
  Actual: 1042663 bits
  BPP: 0.994361
  PSNR: 50.64
  SSIM: 0.9962
  Hist_Corr: 0.9846
  Time: 18.14 seconds

98.1% target:
  Target: 1210000 bits
  Actual: 1043757 bits
  BPP: 0.995404
  PSNR: 50.57
  SSIM: 0.9961
  Hist_Corr: 0.9855
  Time: 18.50 seconds

98.9% target:
  Target: 1220000 bits
  Warning: Suspicious PSNR value detected: 50.57 > previous 50.57
  Actual: 1044516 bits
  BPP: 0.996128
  PSNR: 50.57
  SSIM: 0.9961
  Hist_Corr: 0.9805
  Time: 18.62 seconds

99.8% target:
  Target: 1230000 bits
  Actual: 1040192 bits
  BPP: 0.992004
  PSNR: 50.61
  SSIM: 0.9962
  Hist_Corr: 0.9878
  Time: 17.37 seconds

Results summary:
Total processing time: 1590.82 seconds
Average time per point: 12.83 seconds
Results saved to ./Prediction_Error_Embedding/outcome/plots/Male/precise_proposed

Data table:
 Target_Percentage  Target_Payload  Actual_Payload      BPP      PSNR     SSIM  Hist_Corr  Processing_Time  Suspicious  PSNR_Original  SSIM_Original  Hist_Corr_Original
          0.810993           10000           10000 0.009537 61.855327 0.999542   0.999604         4.847873       False      61.938851         0.9998            0.999862
          1.621986           20000           20000 0.019073 61.686156 0.995095   0.995157         4.713208        True      68.292299         1.0000            0.999984
          2.432980           30000           30000 0.028610 61.569644 0.992542   0.992603         4.754927        True      68.322928         1.0000            0.999984
          3.243973           40000           40000 0.038147 61.451594 0.991007   0.991069         4.932439       False      68.309960         1.0000            0.999983
          4.054966           50000           50000 0.047684 61.356792 0.990188   0.990250         4.866817       False      61.973429         0.9998            0.999864
          4.865959           60000           60000 0.057220 61.136972 0.988109   0.988171         4.822028       False      61.813856         0.9998            0.999864
          5.676952           70000           70000 0.066757 59.417822 0.986792   0.986853         4.921498       False      59.317590         0.9997            0.999616
          6.487945           80000           80000 0.076294 58.385829 0.985856   0.985917         4.904006        True      59.775921         0.9997            0.999674
          7.298939           90000           90000 0.085831 57.783622 0.983787   0.983848         4.695919        True      61.975837         0.9997            0.999756
          8.109932          100000          100000 0.095367 57.539992 0.982475   0.982536         4.634811       False      59.147801         0.9996            0.999588
          8.920925          110000          110000 0.104904 57.418177 0.981543   0.981604         4.613341       False      58.206744         0.9995            0.999444
          9.731918          120000          120000 0.114441 57.357270 0.979483   0.979543         4.633325        True      59.334935         0.9996            0.999569
         10.542911          130000          130000 0.123978 57.326816 0.978177   0.978237         4.640670       False      58.191765         0.9995            0.999377
         11.353904          140000          140000 0.133514 57.311589 0.977249   0.977309         5.168405        True      59.210119         0.9996            0.999686
         12.164898          150000          150000 0.143051 57.196966 0.975197   0.975258         4.680008       False      57.650233         0.9995            0.999273
         12.975891          160000          160000 0.152588 57.082572 0.973897   0.973958         4.695724        True      58.337020         0.9995            0.999452
         13.786884          170000          170000 0.162125 56.968407 0.972973   0.973034         4.665922        True      58.363376         0.9994            0.998670
         14.597877          180000          180000 0.171661 56.836922 0.970931   0.970991         4.665258       False      56.734549         0.9993            0.998831
         15.408870          190000          190000 0.181198 56.472328 0.969634   0.969694         4.671090        True      56.961711         0.9993            0.998882
         16.219863          200000          200000 0.190735 56.052470 0.968722   0.968782         4.671209       False      56.619392         0.9993            0.998312
         17.030857          210000          209281 0.199586 53.775130 0.966689   0.966749        11.978734       False      53.641837         0.9979            0.985209
         17.841850          220000          217973 0.207875 52.469489 0.965459   0.965519        11.987223        True      53.773416         0.9980            0.990191
         18.652843          230000          229456 0.218826 51.557155 0.964419   0.964479        12.278496       False      53.744220         0.9978            0.985185
         19.463836          240000          238377 0.227334 51.232540 0.962357   0.962417        11.994931        True      53.801785         0.9981            0.994316
         20.274829          250000          249860 0.238285 51.032527 0.960800   0.960859        11.531194       False      53.684432         0.9980            0.989767
         21.085823          260000          258552 0.246574 50.957911 0.959860   0.959920        11.021489        True      53.776256         0.9980            0.993980
         21.896816          270000          267471 0.255080 50.916998 0.957802   0.957861        11.625673        True      53.861471         0.9981            0.990409
         22.707809          280000          278956 0.266033 50.894404 0.956252   0.956312        11.374137       False      53.646009         0.9979            0.986526
         23.518802          290000          287875 0.274539 50.884085 0.955326   0.955385        11.550733        True      53.877058         0.9980            0.991876
         24.329795          300000          299131 0.285274 50.877939 0.953326   0.953385        11.582141       False      53.701889         0.9980            0.992613
         25.140788          310000          308050 0.293779 50.776183 0.952272   0.952331        11.545793        True      53.816177         0.9981            0.992939
         25.951782          320000          319566 0.304762 50.674631 0.951364   0.951423        11.913212       False      53.734758         0.9980            0.990649
         26.762775          330000          328485 0.313268 50.573282 0.949348   0.949407        12.268492        True      53.801112         0.9980            0.992257
         27.573768          340000          339968 0.324219 50.472135 0.947812   0.947871        12.451741        True      53.813187         0.9980            0.990388
         28.384761          350000          348660 0.332508 50.371191 0.946881   0.946940        11.636360        True      53.825004         0.9980            0.990784
         29.195754          360000          357581 0.341016 50.270448 0.944851   0.944910        11.767092       False      53.752147         0.9980            0.993374
         30.006747          370000          369064 0.351967 50.169907 0.943323   0.943381        11.305571       False      53.712209         0.9980            0.991744
         30.817741          380000          377983 0.360473 50.069568 0.942409   0.942467        11.725899        True      53.805960         0.9980            0.989846
         31.628734          390000          389239 0.371207 49.969429 0.940436   0.940495        11.758566       False      53.780818         0.9979            0.988834
         32.439727          400000          398160 0.379715 49.869490 0.939386   0.939444        11.674724        True      53.839320         0.9980            0.989479
         33.250720          410000          409643 0.390666 49.769751 0.938513   0.938571        11.795446       False      53.676480         0.9980            0.991742
         34.061713          420000          418562 0.399172 49.670211 0.936547   0.936605        11.838987        True      53.857923         0.9981            0.990235
         34.872707          430000          427254 0.407461 49.570871 0.935310   0.935368        11.837150       False      53.692757         0.9980            0.992979
         35.683700          440000          438739 0.418414 49.471729 0.934276   0.934334        12.097369        True      53.833141         0.9980            0.992247
         36.494693          450000          447658 0.426920 49.372786 0.932273   0.932331        12.464576       False      53.637670         0.9979            0.987893
         37.305686          460000          459141 0.437871 49.274040 0.930748   0.930805        12.700812        True      53.880154         0.9981            0.991853
         38.116679          470000          467833 0.446160 49.175492 0.929864   0.929921        12.843069       False      53.613320         0.9980            0.992326
         38.927672          480000          479349 0.457143 49.077141 0.927921   0.927979        12.686769       False      53.558069         0.9980            0.991066
         39.738666          490000          488268 0.465649 48.978987 0.926903   0.926961        12.279892        True      53.663652         0.9979            0.985225
         40.549659          500000          499751 0.476600 48.881029 0.926053   0.926111        12.414770       False      53.583462         0.9980            0.991266
         41.360652          510000          508670 0.485106 48.783267 0.924116   0.924174        12.148870       False      53.492836         0.9979            0.992126
         42.171645          520000          517364 0.493397 48.685700 0.922895   0.922953        12.360168       False      53.492153         0.9980            0.992510
         42.982638          530000          528847 0.504348 48.588329 0.921875   0.921932        12.734129       False      53.288263         0.9979            0.988831
         43.793631          540000          537766 0.512854 48.491152 0.919899   0.919956        12.638157        True      53.298882         0.9978            0.984792
         44.604625          550000          549249 0.523805 48.394170 0.918393   0.918450        12.692650       False      53.170920         0.9978            0.986106
         45.415618          560000          557943 0.532096 48.297381 0.917521   0.917578        12.245683       False      52.993432         0.9978            0.986256
         46.226611          570000          569426 0.543047 48.200787 0.915604   0.915660        12.352620       False      52.816463         0.9977            0.986356
         47.037604          580000          578345 0.551553 48.104385 0.914599   0.914656        12.448372        True      52.865520         0.9978            0.989382
         47.848597          590000          589828 0.562504 48.008176 0.913757   0.913813        12.807448       False      52.710033         0.9977            0.989065
         48.659590          600000          598522 0.570795 47.912160 0.911839   0.911896        13.373360       False      52.605312         0.9977            0.989345
         49.470584          610000          607441 0.579301 47.816336 0.910586   0.910643        13.231597       False      52.304991         0.9976            0.991202
         50.281577          620000          618924 0.590252 47.720703 0.909559   0.909615        13.851959       False      52.116466         0.9975            0.988972
         51.092570          630000          627843 0.598758 47.625262 0.907605   0.907661        13.345448        True      52.129718         0.9974            0.988433
         51.903563          640000          639359 0.609740 47.530011 0.906117   0.906173        13.551221       False      51.876865         0.9973            0.991115
         52.714556          650000          648051 0.618030 47.434951 0.905256   0.905312        13.390170       False      51.828649         0.9972            0.987407
         53.525550          660000          659534 0.628981 47.340081 0.903365   0.903421        13.871519       False      51.637593         0.9972            0.988283
         54.336543          670000          668453 0.637486 47.245401 0.902373   0.902429        14.220103       False      51.633231         0.9970            0.977648
         55.147536          680000          679938 0.648439 47.150910 0.901543   0.901599        13.624693        True      51.731971         0.9972            0.989350
         55.958529          690000          688630 0.656729 47.056608 0.899651   0.899706        13.743527       False      51.731269         0.9973            0.994466
         56.769522          700000          697549 0.665235 46.962495 0.898413   0.898469        13.919982       False      51.438096         0.9968            0.985126
         57.580515          710000          709032 0.676186 46.868570 0.897401   0.897457        14.363267        True      51.466447         0.9969            0.987761
         58.391509          720000          717953 0.684693 46.774833 0.895475   0.895531        14.502799       False      51.465510         0.9969            0.987201
         59.202502          730000          729209 0.695428 46.681283 0.894033   0.894088        14.163170       False      51.452444         0.9969            0.984406
         60.013495          740000          738128 0.703934 46.587921 0.893223   0.893278        14.822166       False      51.370967         0.9968            0.991201
         60.824488          750000          749611 0.714885 46.494745 0.891263   0.891319        15.213302       False      51.174440         0.9967            0.985008
         61.635481          760000          758532 0.723392 46.401755 0.890157   0.890212        14.253388        True      51.306960         0.9967            0.989677
         62.446474          770000          767224 0.731682 46.308952 0.888135   0.888190        14.305411       False      51.180872         0.9965            0.987205
         63.257468          780000          778707 0.742633 46.216334 0.886676   0.886731        14.612331       False      51.167025         0.9965            0.985600
         64.068461          790000          787626 0.751139 46.123901 0.885811   0.885866        14.554434        True      51.198715         0.9966            0.989056
         64.879454          800000          799064 0.762047 46.031654 0.883956   0.884011        14.340244        True      51.233225         0.9966            0.984735
         65.690447          810000          808029 0.770597 45.939590 0.882988   0.883043        13.679965       False      51.041753         0.9965            0.987471
         66.501440          820000          819317 0.781362 45.847711 0.882164   0.882219        14.118431        True      51.193757         0.9966            0.987578
         67.312433          830000          828236 0.789867 45.756016 0.880297   0.880352        14.269469        True      51.236992         0.9965            0.983684
         68.123427          840000          839612 0.800716 45.664504 0.878889   0.878943        14.360700       False      51.221362         0.9964            0.983992
         68.934420          850000          848640 0.809326 45.573175 0.878000   0.878055        15.145148       False      51.056286         0.9963            0.986741
         69.745413          860000          856421 0.816747 45.482028 0.876096   0.876151        14.697019        True      51.139588         0.9964            0.987081
         70.556406          870000          868034 0.827822 45.391064 0.874492   0.874546        14.526767       False      51.095167         0.9964            0.989090
         71.367399          880000          876147 0.835559 45.300282 0.873612   0.873666        15.634910        True      51.101327         0.9965            0.986218
         72.178393          890000          888929 0.847749 45.209681 0.871786   0.871840        15.528291       False      51.016301         0.9963            0.984024
         72.989386          900000          897351 0.855781 45.119262 0.870952   0.871006        15.552788        True      51.027842         0.9965            0.986646
         73.800379          910000          909343 0.867217 45.029024 0.870166   0.870220        14.982590        True      51.029545         0.9965            0.982849
         74.611372          920000          917596 0.875088 44.938966 0.868321   0.868375        14.989789        True      51.110636         0.9965            0.990468
         75.422365          930000          929216 0.886169 44.849088 0.866808   0.866862        15.037735       False      50.994831         0.9965            0.987890
         76.233358          940000          937235 0.893817 44.759389 0.865955   0.866008        14.678676        True      51.065361         0.9964            0.987464
         77.044352          950000          945107 0.901324 44.669871 0.864084   0.864137        14.698563       False      50.814243         0.9961            0.986419
         77.855345          960000          954995 0.910754 44.580531 0.862714   0.862767        16.006256       False      50.804658         0.9961            0.983255
         78.666338          970000          966803 0.922015 44.491370 0.861641   0.861695        16.202954        True      50.904575         0.9965            0.977174
         79.477331          980000          974739 0.929584 44.402387 0.859746   0.859799        16.462460       False      50.829698         0.9962            0.986520
         80.288324          990000          986182 0.940496 44.313582 0.858182   0.858236        16.338323       False      50.696851         0.9962            0.984564
         81.099317         1000000          997732 0.951511 44.224955 0.857156   0.857210        15.332030        True      50.780524         0.9962            0.981042
         81.910311         1010000         1006857 0.960214 44.136505 0.855351   0.855404        15.244136       False      50.736199         0.9962            0.985016
         82.721304         1020000         1012495 0.965590 44.048232 0.854539   0.854592        15.078490       False      50.688886         0.9962            0.985423
         83.532297         1030000         1021757 0.974423 43.960136 0.853811   0.853864        15.270550       False      50.614613         0.9961            0.990095
         84.343290         1040000         1030834 0.983080 43.872215 0.851969   0.852022        15.258228       False      50.551947         0.9961            0.987689
         87.587263         1080000         1039647 0.991485 43.784471 0.850699   0.850751        15.940541       False      50.617879         0.9961            0.983958
         99.752160         1230000         1040192 0.992004 43.696902 0.848689   0.848742        17.365751       False      50.610425         0.9962            0.987772
         85.965277         1060000         1041255 0.993018 43.609508 0.846772   0.846825        16.130975       False      50.574420         0.9962            0.985100
         92.453222         1140000         1041878 0.993612 43.522289 0.845814   0.845867        16.353518       False      50.562107         0.9959            0.986776
         85.154283         1050000         1042056 0.993782 43.435245 0.843868   0.843921        15.553845        True      50.567235         0.9962            0.985218
         90.831236         1120000         1042357 0.994069 43.348374 0.842244   0.842297        15.692525       False      50.513044         0.9960            0.988093
         97.319181         1200000         1042663 0.994361 43.261677 0.841229   0.841281        18.141266       False      50.639988         0.9962            0.984565
         96.508188         1190000         1043091 0.994769 43.175154 0.840381   0.840434        18.080700       False      50.598324         0.9962            0.989295
         88.398256         1090000         1043268 0.994938 43.088804 0.838350   0.838402        16.085279       False      50.496874         0.9961            0.983822
         98.130174         1210000         1043757 0.995404 43.002626 0.835756   0.835808        18.501184       False      50.571781         0.9961            0.985481
         93.264215         1150000         1043826 0.995470 42.916621 0.833550   0.833602        16.541933        True      50.606234         0.9961            0.981105
         91.642229         1130000         1043895 0.995536 42.830788 0.832013   0.832064        16.376611        True      50.619686         0.9961            0.984949
         98.941167         1220000         1044516 0.996128 42.745126 0.827859   0.827911        18.618310        True      50.573773         0.9961            0.980462
         89.209249         1100000         1045221 0.996800 42.659636 0.825207   0.825258        16.238952       False      50.488655         0.9959            0.984581
         95.697195         1180000         1045443 0.997012 42.574317 0.823001   0.823053        20.249790       False      50.609919         0.9962            0.982994
         94.886201         1170000         1045593 0.997155 42.489168 0.822089   0.822140        17.944576       False      50.521224         0.9961            0.984724
         94.075208         1160000         1046738 0.998247 48.508137 0.952009   0.945404        16.691143       False      50.542736         0.9960            0.982899
         86.776270         1070000         1047306 0.998789 46.431084 0.907464   0.903078        16.276845       False      50.520570         0.9960            0.987610
         90.020242         1110000         1047399 0.998878 44.311753 0.861769   0.859601        16.219844        True      50.566974         0.9961            0.984125
        100.000000         1233056         1233056 1.175934 50.542786 0.996100   0.987277        21.710470       False      50.542786         0.9961            0.987277