Precise measurement run started at 2025-04-27 13:01:16
Image: Male
Method: rotation
Prediction method: proposed
Ratio of ones: 1
Total embeddings: 1
EL mode: 0
Step size: 100000 bits
Use different weights: False

================================================================================

Step 1: Finding maximum payload capacity
Maximum payload: 684471 bits
Max BPP: 0.652762
Max PSNR: 54.77
Max SSIM: 0.9959
Max Hist Corr: 0.9415
Time taken: 2.67 seconds

Step 2: Calculating measurement points with 100000 bit steps
Target payload points:
  Point 1: 100000 bits (14.6% of max)
  Point 2: 200000 bits (29.2% of max)
  Point 3: 300000 bits (43.8% of max)
  Point 4: 400000 bits (58.4% of max)
  Point 5: 500000 bits (73.0% of max)
  Point 6: 600000 bits (87.7% of max)
  Point 7: 684471 bits (100.0% of max) [using initial measurement]

Step 3: Running embedding algorithm for each target point
14.6% target:
  Target: 100000 bits
  Actual: 100000 bits
  BPP: 0.095367
  PSNR: 65.00
  SSIM: 0.9997
  Hist_Corr: 0.9974
  Time: 1.90 seconds

29.2% target:
  Target: 200000 bits
  Actual: 200000 bits
  BPP: 0.190735
  PSNR: 62.20
  SSIM: 0.9995
  Hist_Corr: 0.9925
  Time: 1.90 seconds

43.8% target:
  Target: 300000 bits
  Actual: 300000 bits
  BPP: 0.286102
  PSNR: 60.36
  SSIM: 0.9990
  Hist_Corr: 0.9648
  Time: 1.83 seconds

58.4% target:
  Target: 400000 bits
  Actual: 400000 bits
  BPP: 0.381470
  PSNR: 59.24
  SSIM: 0.9988
  Hist_Corr: 0.9491
  Time: 1.91 seconds

73.0% target:
  Target: 500000 bits
  Actual: 500000 bits
  BPP: 0.476837
  PSNR: 58.14
  SSIM: 0.9985
  Hist_Corr: 0.9209
  Time: 2.03 seconds

87.7% target:
  Target: 600000 bits
  Actual: 600000 bits
  BPP: 0.572205
  PSNR: 56.74
  SSIM: 0.9974
  Hist_Corr: 0.9392
  Time: 1.99 seconds

Results summary:
Total processing time: 15.34 seconds
Average time per point: 2.19 seconds
Results saved to ./Prediction_Error_Embedding/outcome/plots/Male/precise_proposed

Data table:
 Target_Percentage  Target_Payload  Actual_Payload      BPP      PSNR     SSIM  Hist_Corr  Processing_Time  Suspicious  PSNR_Original  SSIM_Original  Hist_Corr_Original
         14.609823          100000          100000 0.095367 64.969860 0.999710   0.997935         1.896141       False      64.996087         0.9997            0.997370
         29.219646          200000          200000 0.190735 62.247084 0.999471   0.990871         1.902170       False      62.198702         0.9995            0.992510
         43.829468          300000          300000 0.286102 60.370390 0.999026   0.966328         1.826530       False      60.358175         0.9990            0.964800
         58.439291          400000          400000 0.381470 59.230851 0.998808   0.947802         1.909943       False      59.240975         0.9988            0.949116
         73.049114          500000          500000 0.476837 58.083884 0.998429   0.921927         2.026113       False      58.138539         0.9985            0.920927
         87.658937          600000          600000 0.572205 56.765036 0.997434   0.906550         1.989491       False      56.736021         0.9974            0.939231
        100.000000          684471          684471 0.652762 54.769968 0.995900   0.941507         2.674711       False      54.769968         0.9959            0.941507