Precise measurement run started at 2025-04-27 13:07:34
Image: Male
Method: rotation
Prediction method: proposed
Ratio of ones: 0.5
Total embeddings: 1
EL mode: 0
Step size: 100000 bits
Use different weights: False

================================================================================

Step 1: Finding maximum payload capacity
Maximum payload: 841547 bits
Max BPP: 0.802562
Max PSNR: 52.90
Max SSIM: 0.9966
Max Hist Corr: 0.9662
Time taken: 1.15 seconds

Step 2: Calculating measurement points with 100000 bit steps
Target payload points:
  Point 1: 100000 bits (11.9% of max)
  Point 2: 200000 bits (23.8% of max)
  Point 3: 300000 bits (35.6% of max)
  Point 4: 400000 bits (47.5% of max)
  Point 5: 500000 bits (59.4% of max)
  Point 6: 600000 bits (71.3% of max)
  Point 7: 700000 bits (83.2% of max)
  Point 8: 800000 bits (95.1% of max)
  Point 9: 841547 bits (100.0% of max) [using initial measurement]

Step 3: Running embedding algorithm for each target point
11.9% target:
  Target: 100000 bits
  Actual: 100000 bits
  BPP: 0.095367
  PSNR: 55.13
  SSIM: 0.9982
  Hist_Corr: 0.9766
  Time: 0.37 seconds

23.8% target:
  Target: 200000 bits
  Actual: 200000 bits
  BPP: 0.190735
  PSNR: 53.82
  SSIM: 0.9979
  Hist_Corr: 0.9892
  Time: 0.34 seconds

35.6% target:
  Target: 300000 bits
  Warning: Suspicious PSNR value detected: 54.17 > previous 53.82
  Actual: 300000 bits
  BPP: 0.286102
  PSNR: 54.17
  SSIM: 0.9980
  Hist_Corr: 0.9893
  Time: 0.34 seconds

47.5% target:
  Target: 400000 bits
  Warning: Suspicious PSNR value detected: 54.75 > previous 54.17
  Actual: 398409 bits
  BPP: 0.379952
  PSNR: 54.75
  SSIM: 0.9981
  Hist_Corr: 0.9580
  Time: 0.35 seconds

59.4% target:
  Target: 500000 bits
  Warning: Suspicious PSNR value detected: 55.07 > previous 54.75
  Actual: 492159 bits
  BPP: 0.469359
  PSNR: 55.07
  SSIM: 0.9980
  Hist_Corr: 0.9837
  Time: 0.34 seconds

71.3% target:
  Target: 600000 bits
  Actual: 585909 bits
  BPP: 0.558766
  PSNR: 52.98
  SSIM: 0.9968
  Hist_Corr: 0.9738
  Time: 0.36 seconds

83.2% target:
  Target: 700000 bits
  Warning: Suspicious PSNR value detected: 53.05 > previous 52.98
  Actual: 674693 bits
  BPP: 0.643437
  PSNR: 53.05
  SSIM: 0.9977
  Hist_Corr: 0.9651
  Time: 0.36 seconds

95.1% target:
  Target: 800000 bits
  Actual: 744740 bits
  BPP: 0.710239
  PSNR: 52.31
  SSIM: 0.9962
  Hist_Corr: 0.9465
  Time: 0.39 seconds

Results summary:
Total processing time: 5.28 seconds
Average time per point: 0.59 seconds
Results saved to ./Prediction_Error_Embedding/outcome/plots/Male/precise_proposed

Data table:
 Target_Percentage  Target_Payload  Actual_Payload      BPP      PSNR     SSIM  Hist_Corr  Processing_Time  Suspicious  PSNR_Original  SSIM_Original  Hist_Corr_Original
         11.882878          100000          100000 0.095367 55.075706 0.998277   0.977066         0.365830       False      55.125253         0.9982            0.976616
         23.765755          200000          200000 0.190735 53.879659 0.997691   0.971597         0.338494       False      53.821133         0.9979            0.989177
         35.648633          300000          300000 0.286102 53.208297 0.995546   0.968041         0.337510        True      54.166040         0.9980            0.989336
         47.531510          400000          398409 0.379952 52.837030 0.994267   0.958528         0.345609        True      54.751382         0.9981            0.958046
         59.414388          500000          492159 0.469359 52.696360 0.993403   0.953095         0.340654        True      55.066587         0.9980            0.983692
         71.297266          600000          585909 0.558766 52.591536 0.991166   0.950082         0.364465       False      52.983355         0.9968            0.973843
         83.180143          700000          674693 0.643437 52.539572 0.989820   0.948456         0.361972        True      53.052019         0.9977            0.965148
         95.063021          800000          744740 0.710239 52.344642 0.987541   0.946523         0.392945       False      52.307103         0.9962            0.946464
        100.000000          841547          841547 0.802562 52.898990 0.996600   0.966244         1.152735       False      52.898990         0.9966            0.966244