Precise measurement run started at 2025-04-27 13:43:56
Image: Male
Method: rotation
Prediction method: proposed
Ratio of ones: 1
Total embeddings: 1
EL mode: 0
Step size: 100000 bits
Use different weights: False

================================================================================

Step 1: Finding maximum payload capacity
Maximum payload: 1087553 bits
Max BPP: 1.037171
Max PSNR: 45.99
Max SSIM: 0.9911
Max Hist Corr: 0.9292
Time taken: 5.92 seconds

Step 2: Calculating measurement points with 100000 bit steps
Target payload points:
  Point 1: 100000 bits (9.2% of max)
  Point 2: 200000 bits (18.4% of max)
  Point 3: 300000 bits (27.6% of max)
  Point 4: 400000 bits (36.8% of max)
  Point 5: 500000 bits (46.0% of max)
  Point 6: 600000 bits (55.2% of max)
  Point 7: 700000 bits (64.4% of max)
  Point 8: 800000 bits (73.6% of max)
  Point 9: 900000 bits (82.8% of max)
  Point 10: 1000000 bits (91.9% of max)
  Point 11: 1087553 bits (100.0% of max) [using initial measurement]

Step 3: Running embedding algorithm for each target point
9.2% target:
  Target: 100000 bits
  Actual: 100000 bits
  BPP: 0.095367
  PSNR: 56.03
  SSIM: 0.9995
  Hist_Corr: 1.0000
  Time: 0.56 seconds

18.4% target:
  Target: 200000 bits
  Actual: 200000 bits
  BPP: 0.190735
  PSNR: 53.05
  SSIM: 0.9986
  Hist_Corr: 0.9989
  Time: 1.18 seconds

27.6% target:
  Target: 300000 bits
  Actual: 300000 bits
  BPP: 0.286102
  PSNR: 51.26
  SSIM: 0.9979
  Hist_Corr: 0.9974
  Time: 1.59 seconds

36.8% target:
  Target: 400000 bits
  Actual: 400000 bits
  BPP: 0.381470
  PSNR: 49.96
  SSIM: 0.9974
  Hist_Corr: 0.9972
  Time: 2.21 seconds

46.0% target:
  Target: 500000 bits
  Actual: 500000 bits
  BPP: 0.476837
  PSNR: 48.98
  SSIM: 0.9964
  Hist_Corr: 0.9921
  Time: 2.63 seconds

55.2% target:
  Target: 600000 bits
  Actual: 600000 bits
  BPP: 0.572205
  PSNR: 48.23
  SSIM: 0.9951
  Hist_Corr: 0.9820
  Time: 3.03 seconds

64.4% target:
  Target: 700000 bits
  Actual: 700000 bits
  BPP: 0.667572
  PSNR: 47.59
  SSIM: 0.9939
  Hist_Corr: 0.9697
  Time: 3.47 seconds

73.6% target:
  Target: 800000 bits
  Actual: 800000 bits
  BPP: 0.762939
  PSNR: 47.00
  SSIM: 0.9933
  Hist_Corr: 0.9671
  Time: 4.13 seconds

82.8% target:
  Target: 900000 bits
  Actual: 900000 bits
  BPP: 0.858307
  PSNR: 46.49
  SSIM: 0.9923
  Hist_Corr: 0.9533
  Time: 4.60 seconds

91.9% target:
  Target: 1000000 bits
  Actual: 1000000 bits
  BPP: 0.953674
  PSNR: 46.06
  SSIM: 0.9912
  Hist_Corr: 0.9293
  Time: 5.00 seconds

Results summary:
Total processing time: 35.94 seconds
Average time per point: 3.27 seconds
Results saved to ./Prediction_Error_Embedding/outcome/plots/Male/precise_proposed

Data table:
 Target_Percentage  Target_Payload  Actual_Payload      BPP      PSNR     SSIM  Hist_Corr  Processing_Time  Suspicious  PSNR_Original  SSIM_Original  Hist_Corr_Original
          9.194954          100000          100000 0.095367 55.947006 0.999456   0.999510         0.562129       False      55.947006       0.999456            0.999510
         18.389908          200000          200000 0.190735 53.148515 0.998654   0.999290         1.181316       False      53.148515       0.998654            0.999290
         27.584863          300000          300000 0.286102 51.310609 0.997951   0.998082         1.593357       False      51.310609       0.997951            0.998082
         36.779817          400000          400000 0.381470 49.942198 0.997350   0.996901         2.205335       False      49.942198       0.997350            0.996901
         45.974771          500000          500000 0.476837 48.981875 0.996357   0.991425         2.632165       False      48.981875       0.996357            0.991425
         55.169725          600000          600000 0.572205 48.224371 0.995130   0.982170         3.032452       False      48.224371       0.995130            0.982170
         64.364679          700000          700000 0.667572 47.580776 0.993967   0.971156         3.472666       False      47.580776       0.993967            0.971156
         73.559633          800000          800000 0.762939 46.992800 0.993249   0.965838         4.125617       False      46.992800       0.993249            0.965838
         82.754588          900000          900000 0.858307 46.482992 0.992266   0.952017         4.598512       False      46.482992       0.992266            0.952017
         91.949542         1000000         1000000 0.953674 46.061322 0.991229   0.930365         4.997816       False      46.061322       0.991229            0.930365
        100.000000         1087553         1087553 1.037171 45.988991 0.991100   0.929219         5.923627       False      45.988991       0.991100            0.929219