Precise measurement run started at 2025-04-20 21:18:51
Image: Male
Method: rotation
Prediction method: proposed
Ratio of ones: 0.3
Total embeddings: 1
EL mode: 0
Step size: 10000 bits
Use different weights: False

================================================================================

Step 1: Finding maximum payload capacity
Maximum payload: 853861 bits
Max BPP: 0.814305
Time taken: 1.62 seconds

Step 2: Calculating measurement points with 10000 bit steps
Target payload points:
  Point 1: 10000 bits (1.2% of max)
  Point 2: 20000 bits (2.3% of max)
  Point 3: 30000 bits (3.5% of max)
  Point 4: 40000 bits (4.7% of max)
  Point 5: 50000 bits (5.9% of max)
  Point 6: 60000 bits (7.0% of max)
  Point 7: 70000 bits (8.2% of max)
  Point 8: 80000 bits (9.4% of max)
  Point 9: 90000 bits (10.5% of max)
  Point 10: 100000 bits (11.7% of max)
  Point 11: 110000 bits (12.9% of max)
  Point 12: 120000 bits (14.1% of max)
  Point 13: 130000 bits (15.2% of max)
  Point 14: 140000 bits (16.4% of max)
  Point 15: 150000 bits (17.6% of max)
  Point 16: 160000 bits (18.7% of max)
  Point 17: 170000 bits (19.9% of max)
  Point 18: 180000 bits (21.1% of max)
  Point 19: 190000 bits (22.3% of max)
  Point 20: 200000 bits (23.4% of max)
  Point 21: 210000 bits (24.6% of max)
  Point 22: 220000 bits (25.8% of max)
  Point 23: 230000 bits (26.9% of max)
  Point 24: 240000 bits (28.1% of max)
  Point 25: 250000 bits (29.3% of max)
  Point 26: 260000 bits (30.4% of max)
  Point 27: 270000 bits (31.6% of max)
  Point 28: 280000 bits (32.8% of max)
  Point 29: 290000 bits (34.0% of max)
  Point 30: 300000 bits (35.1% of max)
  Point 31: 310000 bits (36.3% of max)
  Point 32: 320000 bits (37.5% of max)
  Point 33: 330000 bits (38.6% of max)
  Point 34: 340000 bits (39.8% of max)
  Point 35: 350000 bits (41.0% of max)
  Point 36: 360000 bits (42.2% of max)
  Point 37: 370000 bits (43.3% of max)
  Point 38: 380000 bits (44.5% of max)
  Point 39: 390000 bits (45.7% of max)
  Point 40: 400000 bits (46.8% of max)
  Point 41: 410000 bits (48.0% of max)
  Point 42: 420000 bits (49.2% of max)
  Point 43: 430000 bits (50.4% of max)
  Point 44: 440000 bits (51.5% of max)
  Point 45: 450000 bits (52.7% of max)
  Point 46: 460000 bits (53.9% of max)
  Point 47: 470000 bits (55.0% of max)
  Point 48: 480000 bits (56.2% of max)
  Point 49: 490000 bits (57.4% of max)
  Point 50: 500000 bits (58.6% of max)
  Point 51: 510000 bits (59.7% of max)
  Point 52: 520000 bits (60.9% of max)
  Point 53: 530000 bits (62.1% of max)
  Point 54: 540000 bits (63.2% of max)
  Point 55: 550000 bits (64.4% of max)
  Point 56: 560000 bits (65.6% of max)
  Point 57: 570000 bits (66.8% of max)
  Point 58: 580000 bits (67.9% of max)
  Point 59: 590000 bits (69.1% of max)
  Point 60: 600000 bits (70.3% of max)
  Point 61: 610000 bits (71.4% of max)
  Point 62: 620000 bits (72.6% of max)
  Point 63: 630000 bits (73.8% of max)
  Point 64: 640000 bits (75.0% of max)
  Point 65: 650000 bits (76.1% of max)
  Point 66: 660000 bits (77.3% of max)
  Point 67: 670000 bits (78.5% of max)
  Point 68: 680000 bits (79.6% of max)
  Point 69: 690000 bits (80.8% of max)
  Point 70: 700000 bits (82.0% of max)
  Point 71: 710000 bits (83.2% of max)
  Point 72: 720000 bits (84.3% of max)
  Point 73: 730000 bits (85.5% of max)
  Point 74: 740000 bits (86.7% of max)
  Point 75: 750000 bits (87.8% of max)
  Point 76: 760000 bits (89.0% of max)
  Point 77: 770000 bits (90.2% of max)
  Point 78: 780000 bits (91.3% of max)
  Point 79: 790000 bits (92.5% of max)
  Point 80: 800000 bits (93.7% of max)
  Point 81: 810000 bits (94.9% of max)
  Point 82: 820000 bits (96.0% of max)
  Point 83: 830000 bits (97.2% of max)
  Point 84: 840000 bits (98.4% of max)
  Point 85: 850000 bits (99.5% of max)
  Point 86: 853861 bits (100.0% of max)

Step 3: Running embedding algorithm for each target point
100.0% target (Max capacity):
  Target: 853861 bits
  Actual: 853861 bits
  BPP: 0.814305
  PSNR: 52.72
  SSIM: 0.9974
  Hist_Corr: 0.9793
  Time: 1.62 seconds

1.2% target:
  Target: 10000 bits
  Actual: 10000 bits
  BPP: 0.009537
  PSNR: 67.76
  SSIM: 0.9998
  Hist_Corr: 0.9984
  Time: 0.55 seconds

2.3% target:
  Target: 20000 bits
  Actual: 20000 bits
  BPP: 0.019073
  PSNR: 62.30
  SSIM: 0.9998
  Hist_Corr: 0.9999
  Time: 0.60 seconds

3.5% target:
  Target: 30000 bits
  Actual: 30000 bits
  BPP: 0.028610
  PSNR: 62.26
  SSIM: 0.9998
  Hist_Corr: 0.9999
  Time: 0.55 seconds

4.7% target:
  Target: 40000 bits
  Actual: 40000 bits
  BPP: 0.038147
  PSNR: 62.26
  SSIM: 0.9998
  Hist_Corr: 0.9999
  Time: 0.55 seconds

5.9% target:
  Target: 50000 bits
  Actual: 50000 bits
  BPP: 0.047684
  PSNR: 61.26
  SSIM: 0.9997
  Hist_Corr: 0.9998
  Time: 0.55 seconds

7.0% target:
  Target: 60000 bits
  Actual: 60000 bits
  BPP: 0.057220
  PSNR: 59.86
  SSIM: 0.9997
  Hist_Corr: 0.9997
  Time: 0.56 seconds

8.2% target:
  Target: 70000 bits
  Warning: Suspicious PSNR value detected: 59.91 > previous 59.86
  Actual: 70000 bits
  BPP: 0.066757
  PSNR: 59.91
  SSIM: 0.9997
  Hist_Corr: 0.9997
  Time: 0.56 seconds

9.4% target:
  Target: 80000 bits
  Actual: 80000 bits
  BPP: 0.076294
  PSNR: 59.88
  SSIM: 0.9997
  Hist_Corr: 0.9997
  Time: 0.55 seconds

10.5% target:
  Target: 90000 bits
  Warning: Suspicious PSNR value detected: 60.15 > previous 59.88
  Actual: 90000 bits
  BPP: 0.085831
  PSNR: 60.15
  SSIM: 0.9997
  Hist_Corr: 0.9997
  Time: 0.59 seconds

11.7% target:
  Target: 100000 bits
  Actual: 100000 bits
  BPP: 0.095367
  PSNR: 59.22
  SSIM: 0.9996
  Hist_Corr: 0.9996
  Time: 0.59 seconds

12.9% target:
  Target: 110000 bits
  Actual: 110000 bits
  BPP: 0.104904
  PSNR: 59.20
  SSIM: 0.9996
  Hist_Corr: 0.9996
  Time: 0.58 seconds

14.1% target:
  Target: 120000 bits
  Actual: 120000 bits
  BPP: 0.114441
  PSNR: 59.07
  SSIM: 0.9994
  Hist_Corr: 0.9962
  Time: 0.58 seconds

15.2% target:
  Target: 130000 bits
  Actual: 130000 bits
  BPP: 0.123978
  PSNR: 58.67
  SSIM: 0.9995
  Hist_Corr: 0.9997
  Time: 0.59 seconds

16.4% target:
  Target: 140000 bits
  Warning: Suspicious PSNR value detected: 60.25 > previous 58.67
  Actual: 140000 bits
  BPP: 0.133514
  PSNR: 60.25
  SSIM: 0.9996
  Hist_Corr: 0.9984
  Time: 0.60 seconds

17.6% target:
  Target: 150000 bits
  Actual: 150000 bits
  BPP: 0.143051
  PSNR: 58.01
  SSIM: 0.9994
  Hist_Corr: 0.9997
  Time: 0.61 seconds

18.7% target:
  Target: 160000 bits
  Warning: Suspicious PSNR value detected: 58.08 > previous 58.01
  Actual: 160000 bits
  BPP: 0.152588
  PSNR: 58.08
  SSIM: 0.9994
  Hist_Corr: 0.9997
  Time: 0.60 seconds

19.9% target:
  Target: 170000 bits
  Warning: Suspicious PSNR value detected: 59.26 > previous 58.08
  Actual: 170000 bits
  BPP: 0.162125
  PSNR: 59.26
  SSIM: 0.9993
  Hist_Corr: 0.9974
  Time: 0.60 seconds

21.1% target:
  Target: 180000 bits
  Warning: Suspicious PSNR value detected: 59.93 > previous 59.26
  Actual: 180000 bits
  BPP: 0.171661
  PSNR: 59.93
  SSIM: 0.9995
  Hist_Corr: 0.9987
  Time: 0.60 seconds

22.3% target:
  Target: 190000 bits
  Actual: 190000 bits
  BPP: 0.181198
  PSNR: 57.80
  SSIM: 0.9990
  Hist_Corr: 0.9965
  Time: 0.59 seconds

23.4% target:
  Target: 200000 bits
  Actual: 200000 bits
  BPP: 0.190735
  PSNR: 56.68
  SSIM: 0.9991
  Hist_Corr: 0.9952
  Time: 0.63 seconds

24.6% target:
  Target: 210000 bits
  Warning: Suspicious PSNR value detected: 58.94 > previous 56.68
  Actual: 210000 bits
  BPP: 0.200272
  PSNR: 58.94
  SSIM: 0.9992
  Hist_Corr: 0.9966
  Time: 0.62 seconds

25.8% target:
  Target: 220000 bits
  Actual: 220000 bits
  BPP: 0.209808
  PSNR: 56.05
  SSIM: 0.9992
  Hist_Corr: 0.9990
  Time: 0.63 seconds

26.9% target:
  Target: 230000 bits
  Warning: Suspicious PSNR value detected: 56.21 > previous 56.05
  Actual: 230000 bits
  BPP: 0.219345
  PSNR: 56.21
  SSIM: 0.9991
  Hist_Corr: 0.9990
  Time: 0.63 seconds

28.1% target:
  Target: 240000 bits
  Warning: Suspicious PSNR value detected: 57.09 > previous 56.21
  Actual: 240000 bits
  BPP: 0.228882
  PSNR: 57.09
  SSIM: 0.9992
  Hist_Corr: 0.9994
  Time: 0.63 seconds

29.3% target:
  Target: 250000 bits
  Actual: 250000 bits
  BPP: 0.238419
  PSNR: 56.24
  SSIM: 0.9991
  Hist_Corr: 0.9990
  Time: 0.63 seconds

30.4% target:
  Target: 260000 bits
  Warning: Suspicious PSNR value detected: 56.95 > previous 56.24
  Actual: 260000 bits
  BPP: 0.247955
  PSNR: 56.95
  SSIM: 0.9990
  Hist_Corr: 0.9947
  Time: 0.63 seconds

31.6% target:
  Target: 270000 bits
  Actual: 270000 bits
  BPP: 0.257492
  PSNR: 56.61
  SSIM: 0.9991
  Hist_Corr: 0.9966
  Time: 0.63 seconds

32.8% target:
  Target: 280000 bits
  Actual: 280000 bits
  BPP: 0.267029
  PSNR: 55.12
  SSIM: 0.9989
  Hist_Corr: 0.9981
  Time: 0.62 seconds

34.0% target:
  Target: 290000 bits
  Warning: Suspicious PSNR value detected: 57.05 > previous 55.12
  Actual: 290000 bits
  BPP: 0.276566
  PSNR: 57.05
  SSIM: 0.9992
  Hist_Corr: 0.9975
  Time: 0.63 seconds

35.1% target:
  Target: 300000 bits
  Actual: 300000 bits
  BPP: 0.286102
  PSNR: 56.02
  SSIM: 0.9990
  Hist_Corr: 0.9989
  Time: 0.62 seconds

36.3% target:
  Target: 310000 bits
  Warning: Suspicious PSNR value detected: 56.89 > previous 56.02
  Actual: 310000 bits
  BPP: 0.295639
  PSNR: 56.89
  SSIM: 0.9990
  Hist_Corr: 0.9946
  Time: 0.64 seconds

37.5% target:
  Target: 320000 bits
  Actual: 320000 bits
  BPP: 0.305176
  PSNR: 55.43
  SSIM: 0.9988
  Hist_Corr: 0.9926
  Time: 0.65 seconds

38.6% target:
  Target: 330000 bits
  Warning: Suspicious PSNR value detected: 55.61 > previous 55.43
  Actual: 330000 bits
  BPP: 0.314713
  PSNR: 55.61
  SSIM: 0.9989
  Hist_Corr: 0.9989
  Time: 0.63 seconds

39.8% target:
  Target: 340000 bits
  Warning: Suspicious PSNR value detected: 55.68 > previous 55.61
  Actual: 340000 bits
  BPP: 0.324249
  PSNR: 55.68
  SSIM: 0.9987
  Hist_Corr: 0.9955
  Time: 0.63 seconds

41.0% target:
  Target: 350000 bits
  Warning: Suspicious PSNR value detected: 56.24 > previous 55.68
  Actual: 350000 bits
  BPP: 0.333786
  PSNR: 56.24
  SSIM: 0.9990
  Hist_Corr: 0.9937
  Time: 0.62 seconds

42.2% target:
  Target: 360000 bits
  Actual: 360000 bits
  BPP: 0.343323
  PSNR: 54.47
  SSIM: 0.9987
  Hist_Corr: 0.9981
  Time: 0.63 seconds

43.3% target:
  Target: 370000 bits
  Warning: Suspicious PSNR value detected: 55.31 > previous 54.47
  Actual: 370000 bits
  BPP: 0.352859
  PSNR: 55.31
  SSIM: 0.9987
  Hist_Corr: 0.9937
  Time: 0.65 seconds

44.5% target:
  Target: 380000 bits
  Actual: 380000 bits
  BPP: 0.362396
  PSNR: 54.42
  SSIM: 0.9986
  Hist_Corr: 0.9943
  Time: 0.63 seconds

45.7% target:
  Target: 390000 bits
  Warning: Suspicious PSNR value detected: 55.37 > previous 54.42
  Actual: 390000 bits
  BPP: 0.371933
  PSNR: 55.37
  SSIM: 0.9988
  Hist_Corr: 0.9966
  Time: 0.63 seconds

46.8% target:
  Target: 400000 bits
  Actual: 400000 bits
  BPP: 0.381470
  PSNR: 54.87
  SSIM: 0.9988
  Hist_Corr: 0.9983
  Time: 0.64 seconds

48.0% target:
  Target: 410000 bits
  Actual: 410000 bits
  BPP: 0.391006
  PSNR: 54.39
  SSIM: 0.9986
  Hist_Corr: 0.9978
  Time: 0.63 seconds

49.2% target:
  Target: 420000 bits
  Warning: Suspicious PSNR value detected: 54.69 > previous 54.39
  Actual: 420000 bits
  BPP: 0.400543
  PSNR: 54.69
  SSIM: 0.9987
  Hist_Corr: 0.9984
  Time: 0.63 seconds

50.4% target:
  Target: 430000 bits
  Actual: 430000 bits
  BPP: 0.410080
  PSNR: 54.47
  SSIM: 0.9980
  Hist_Corr: 0.9787
  Time: 0.67 seconds

51.5% target:
  Target: 440000 bits
  Warning: Suspicious PSNR value detected: 54.76 > previous 54.47
  Actual: 440000 bits
  BPP: 0.419617
  PSNR: 54.76
  SSIM: 0.9982
  Hist_Corr: 0.9943
  Time: 0.67 seconds

52.7% target:
  Target: 450000 bits
  Warning: Suspicious PSNR value detected: 55.02 > previous 54.76
  Actual: 450000 bits
  BPP: 0.429153
  PSNR: 55.02
  SSIM: 0.9984
  Hist_Corr: 0.9898
  Time: 0.66 seconds

53.9% target:
  Target: 460000 bits
  Warning: Suspicious PSNR value detected: 55.91 > previous 55.02
  Actual: 460000 bits
  BPP: 0.438690
  PSNR: 55.91
  SSIM: 0.9986
  Hist_Corr: 0.9957
  Time: 0.66 seconds

55.0% target:
  Target: 470000 bits
  Actual: 470000 bits
  BPP: 0.448227
  PSNR: 54.62
  SSIM: 0.9982
  Hist_Corr: 0.9950
  Time: 0.67 seconds

56.2% target:
  Target: 480000 bits
  Actual: 480000 bits
  BPP: 0.457764
  PSNR: 53.62
  SSIM: 0.9981
  Hist_Corr: 0.9964
  Time: 0.66 seconds

57.4% target:
  Target: 490000 bits
  Warning: Suspicious PSNR value detected: 54.23 > previous 53.62
  Actual: 490000 bits
  BPP: 0.467300
  PSNR: 54.23
  SSIM: 0.9982
  Hist_Corr: 0.9968
  Time: 0.67 seconds

58.6% target:
  Target: 500000 bits
  Actual: 500000 bits
  BPP: 0.476837
  PSNR: 53.76
  SSIM: 0.9979
  Hist_Corr: 0.9745
  Time: 0.66 seconds

59.7% target:
  Target: 510000 bits
  Warning: Suspicious PSNR value detected: 54.32 > previous 53.76
  Actual: 510000 bits
  BPP: 0.486374
  PSNR: 54.32
  SSIM: 0.9981
  Hist_Corr: 0.9942
  Time: 0.68 seconds

60.9% target:
  Target: 520000 bits
  Actual: 520000 bits
  BPP: 0.495911
  PSNR: 54.04
  SSIM: 0.9978
  Hist_Corr: 0.9925
  Time: 0.68 seconds

62.1% target:
  Target: 530000 bits
  Warning: Suspicious PSNR value detected: 54.58 > previous 54.04
  Actual: 530000 bits
  BPP: 0.505447
  PSNR: 54.58
  SSIM: 0.9981
  Hist_Corr: 0.9932
  Time: 0.66 seconds

63.2% target:
  Target: 540000 bits
  Actual: 540000 bits
  BPP: 0.514984
  PSNR: 54.09
  SSIM: 0.9979
  Hist_Corr: 0.9898
  Time: 0.66 seconds

64.4% target:
  Target: 550000 bits
  Warning: Suspicious PSNR value detected: 54.24 > previous 54.09
  Actual: 550000 bits
  BPP: 0.524521
  PSNR: 54.24
  SSIM: 0.9976
  Hist_Corr: 0.9951
  Time: 0.66 seconds

65.6% target:
  Target: 560000 bits
  Actual: 560000 bits
  BPP: 0.534058
  PSNR: 54.10
  SSIM: 0.9976
  Hist_Corr: 0.9947
  Time: 0.68 seconds

66.8% target:
  Target: 570000 bits
  Actual: 570000 bits
  BPP: 0.543594
  PSNR: 53.49
  SSIM: 0.9974
  Hist_Corr: 0.9948
  Time: 0.68 seconds

67.9% target:
  Target: 580000 bits
  Actual: 580000 bits
  BPP: 0.553131
  PSNR: 53.08
  SSIM: 0.9975
  Hist_Corr: 0.9642
  Time: 0.69 seconds

69.1% target:
  Target: 590000 bits
  Actual: 590000 bits
  BPP: 0.562668
  PSNR: 52.98
  SSIM: 0.9974
  Hist_Corr: 0.9948
  Time: 0.68 seconds

70.3% target:
  Target: 600000 bits
  Warning: Suspicious PSNR value detected: 53.40 > previous 52.98
  Actual: 600000 bits
  BPP: 0.572205
  PSNR: 53.40
  SSIM: 0.9969
  Hist_Corr: 0.9946
  Time: 0.69 seconds

71.4% target:
  Target: 610000 bits
  Warning: Suspicious PSNR value detected: 54.35 > previous 53.40
  Actual: 610000 bits
  BPP: 0.581741
  PSNR: 54.35
  SSIM: 0.9980
  Hist_Corr: 0.9915
  Time: 0.69 seconds

72.6% target:
  Target: 620000 bits
  Actual: 620000 bits
  BPP: 0.591278
  PSNR: 53.60
  SSIM: 0.9972
  Hist_Corr: 0.9920
  Time: 0.68 seconds

73.8% target:
  Target: 630000 bits
  Actual: 630000 bits
  BPP: 0.600815
  PSNR: 52.92
  SSIM: 0.9969
  Hist_Corr: 0.9882
  Time: 0.68 seconds

75.0% target:
  Target: 640000 bits
  Warning: Suspicious PSNR value detected: 53.23 > previous 52.92
  Actual: 640000 bits
  BPP: 0.610352
  PSNR: 53.23
  SSIM: 0.9971
  Hist_Corr: 0.9948
  Time: 0.68 seconds

76.1% target:
  Target: 650000 bits
  Actual: 650000 bits
  BPP: 0.619888
  PSNR: 52.90
  SSIM: 0.9972
  Hist_Corr: 0.9846
  Time: 0.67 seconds

77.3% target:
  Target: 660000 bits
  Warning: Suspicious PSNR value detected: 53.86 > previous 52.90
  Actual: 660000 bits
  BPP: 0.629425
  PSNR: 53.86
  SSIM: 0.9978
  Hist_Corr: 0.9751
  Time: 0.69 seconds

78.5% target:
  Target: 670000 bits
  Actual: 670000 bits
  BPP: 0.638962
  PSNR: 53.28
  SSIM: 0.9969
  Hist_Corr: 0.9886
  Time: 0.68 seconds

79.6% target:
  Target: 680000 bits
  Actual: 680000 bits
  BPP: 0.648499
  PSNR: 52.77
  SSIM: 0.9972
  Hist_Corr: 0.9730
  Time: 0.72 seconds

80.8% target:
  Target: 690000 bits
  Actual: 690000 bits
  BPP: 0.658035
  PSNR: 52.61
  SSIM: 0.9973
  Hist_Corr: 0.9666
  Time: 0.69 seconds

82.0% target:
  Target: 700000 bits
  Actual: 700000 bits
  BPP: 0.667572
  PSNR: 52.41
  SSIM: 0.9970
  Hist_Corr: 0.9765
  Time: 0.70 seconds

83.2% target:
  Target: 710000 bits
  Warning: Suspicious PSNR value detected: 53.05 > previous 52.41
  Actual: 710000 bits
  BPP: 0.677109
  PSNR: 53.05
  SSIM: 0.9975
  Hist_Corr: 0.9716
  Time: 0.71 seconds

84.3% target:
  Target: 720000 bits
  Warning: Suspicious PSNR value detected: 53.44 > previous 53.05
  Actual: 720000 bits
  BPP: 0.686646
  PSNR: 53.44
  SSIM: 0.9973
  Hist_Corr: 0.9688
  Time: 0.72 seconds

85.5% target:
  Target: 730000 bits
  Actual: 730000 bits
  BPP: 0.696182
  PSNR: 52.15
  SSIM: 0.9966
  Hist_Corr: 0.9872
  Time: 0.71 seconds

86.7% target:
  Target: 740000 bits
  Warning: Suspicious PSNR value detected: 52.24 > previous 52.15
  Actual: 740000 bits
  BPP: 0.705719
  PSNR: 52.24
  SSIM: 0.9969
  Hist_Corr: 0.9409
  Time: 0.72 seconds

87.8% target:
  Target: 750000 bits
  Warning: Suspicious PSNR value detected: 52.84 > previous 52.24
  Actual: 750000 bits
  BPP: 0.715256
  PSNR: 52.84
  SSIM: 0.9971
  Hist_Corr: 0.9893
  Time: 0.71 seconds

89.0% target:
  Target: 760000 bits
  Actual: 760000 bits
  BPP: 0.724792
  PSNR: 52.17
  SSIM: 0.9964
  Hist_Corr: 0.9658
  Time: 0.72 seconds

90.2% target:
  Target: 770000 bits
  Actual: 770000 bits
  BPP: 0.734329
  PSNR: 51.87
  SSIM: 0.9965
  Hist_Corr: 0.9868
  Time: 0.73 seconds

91.3% target:
  Target: 780000 bits
  Warning: Suspicious PSNR value detected: 53.55 > previous 51.87
  Actual: 780000 bits
  BPP: 0.743866
  PSNR: 53.55
  SSIM: 0.9974
  Hist_Corr: 0.9466
  Time: 0.78 seconds

92.5% target:
  Target: 790000 bits
  Actual: 790000 bits
  BPP: 0.753403
  PSNR: 51.64
  SSIM: 0.9965
  Hist_Corr: 0.9898
  Time: 0.74 seconds

93.7% target:
  Target: 800000 bits
  Warning: Suspicious PSNR value detected: 52.10 > previous 51.64
  Actual: 800000 bits
  BPP: 0.762939
  PSNR: 52.10
  SSIM: 0.9968
  Hist_Corr: 0.9533
  Time: 0.70 seconds

94.9% target:
  Target: 810000 bits
  Warning: Suspicious PSNR value detected: 52.18 > previous 52.10
  Actual: 810000 bits
  BPP: 0.772476
  PSNR: 52.18
  SSIM: 0.9962
  Hist_Corr: 0.9608
  Time: 0.69 seconds

96.0% target:
  Target: 820000 bits
  Warning: Suspicious PSNR value detected: 52.20 > previous 52.18
  Actual: 820000 bits
  BPP: 0.782013
  PSNR: 52.20
  SSIM: 0.9962
  Hist_Corr: 0.9665
  Time: 0.69 seconds

97.2% target:
  Target: 830000 bits
  Warning: Suspicious PSNR value detected: 52.33 > previous 52.20
  Actual: 830000 bits
  BPP: 0.791550
  PSNR: 52.33
  SSIM: 0.9968
  Hist_Corr: 0.9339
  Time: 0.71 seconds

98.4% target:
  Target: 840000 bits
  Actual: 840000 bits
  BPP: 0.801086
  PSNR: 52.22
  SSIM: 0.9970
  Hist_Corr: 0.9561
  Time: 0.71 seconds

99.5% target:
  Target: 850000 bits
  Warning: Suspicious PSNR value detected: 52.82 > previous 52.22
  Actual: 850000 bits
  BPP: 0.810623
  PSNR: 52.82
  SSIM: 0.9970
  Hist_Corr: 0.9887
  Time: 0.70 seconds

Results summary:
Total processing time: 71.59 seconds
Average time per point: 0.83 seconds
Results saved to ./Prediction_Error_Embedding/outcome/plots/Male/precise_proposed

Data table:
 Target_Percentage  Target_Payload  Actual_Payload      BPP      PSNR     SSIM  Hist_Corr  Processing_Time Suspicious  PSNR_Original  SSIM_Original  Hist_Corr_Original
          1.171151           10000           10000 0.009537 67.405638 0.999804   0.998194         0.553127      False      67.763566         0.9998            0.998425
          2.342302           20000           20000 0.019073 62.908200 0.999799   0.993703         0.603548      False      62.297136         0.9998            0.999868
          3.513452           30000           30000 0.028610 62.368661 0.999794   0.991163         0.551259      False      62.262038         0.9998            0.999867
          4.684603           40000           40000 0.038147 61.983146 0.999789   0.989664         0.551683      False      62.257537         0.9998            0.999865
          5.855754           50000           50000 0.047684 61.011210 0.999714   0.988729         0.553763      False      61.259228         0.9997            0.999821
          7.026905           60000           60000 0.057220 59.844233 0.999708   0.986591         0.556821      False      59.859596         0.9997            0.999700
          8.198056           70000           70000 0.066757 59.286265 0.999705   0.985409         0.564178       True      59.914831         0.9997            0.999708
          9.369206           80000           80000 0.076294 58.865341 0.997706   0.984575         0.553056      False      59.875102         0.9997            0.999704
         10.540357           90000           90000 0.085831 58.620575 0.995710   0.982384         0.590721       True      60.146499         0.9997            0.999745
         11.711508          100000          100000 0.095367 58.528972 0.993719   0.981099         0.588564      False      59.220753         0.9996            0.999587
         12.882659          110000          110000 0.104904 58.502997 0.991731   0.980267         0.583371      False      59.198558         0.9996            0.999591
         14.053810          120000          120000 0.114441 58.476110 0.989748   0.978086         0.581495      False      59.067773         0.9994            0.996233
         15.224961          130000          130000 0.123978 58.440871 0.987768   0.976806         0.594087      False      58.670224         0.9995            0.999685
         16.396111          140000          140000 0.133514 58.396716 0.985793   0.975979         0.601629       True      60.250238         0.9996            0.998412
         17.567262          150000          150000 0.143051 58.052858 0.983821   0.973807         0.605810      False      58.010978         0.9994            0.999656
         18.738413          160000          160000 0.152588 57.848760 0.981854   0.972533         0.598145       True      58.078012         0.9994            0.999651
         19.909564          170000          170000 0.162125 57.696063 0.979890   0.971709         0.599207       True      59.264302         0.9993            0.997416
         21.080715          180000          180000 0.171661 57.562947 0.977930   0.969546         0.601568       True      59.927904         0.9995            0.998699
         22.251865          190000          190000 0.181198 57.442558 0.975974   0.968278         0.590677      False      57.800718         0.9990            0.996465
         23.423016          200000          200000 0.190735 56.713883 0.974022   0.967457         0.627843      False      56.675522         0.9991            0.995170
         24.594167          210000          210000 0.200272 56.300009 0.972074   0.965305         0.617063       True      58.935225         0.9992            0.996578
         25.765318          220000          220000 0.209808 56.089453 0.970130   0.964042         0.625506      False      56.045388         0.9992            0.998989
         26.936469          230000          230000 0.219345 55.978640 0.968190   0.963225         0.625045       True      56.205266         0.9991            0.999021
         28.107619          240000          240000 0.228882 55.915364 0.966254   0.961081         0.632818       True      57.087426         0.9992            0.999364
         29.278770          250000          250000 0.238419 55.884687 0.964321   0.959824         0.628583      False      56.238517         0.9991            0.998959
         30.449921          260000          260000 0.247955 55.833333 0.962392   0.959011         0.631963       True      56.948283         0.9990            0.994689
         31.621072          270000          270000 0.257492 55.762108 0.960468   0.956877         0.633819      False      56.612875         0.9991            0.996610
         32.792223          280000          280000 0.267029 55.152406 0.958547   0.955625         0.622887      False      55.119535         0.9989            0.998076
         33.963373          290000          290000 0.276566 54.803314 0.956630   0.954815         0.628838       True      57.050193         0.9992            0.997544
         35.134524          300000          300000 0.286102 54.592426 0.954716   0.952690         0.623653      False      56.020119         0.9990            0.998949
         36.305675          310000          310000 0.295639 54.463808 0.952807   0.951444         0.636969       True      56.889722         0.9990            0.994631
         37.476826          320000          320000 0.305176 54.394759 0.950901   0.950638         0.647301      False      55.427202         0.9988            0.992624
         38.647977          330000          330000 0.314713 54.379195 0.948999   0.948522         0.625372       True      55.606466         0.9989            0.998876
         39.819127          340000          340000 0.324249 54.374826 0.947101   0.947281         0.630261       True      55.684189         0.9987            0.995529
         40.990278          350000          350000 0.333786 54.371788 0.945207   0.946479         0.619008       True      56.242940         0.9990            0.993684
         42.161429          360000          360000 0.343323 54.366098 0.943317   0.944373         0.628403      False      54.471760         0.9987            0.998066
         43.332580          370000          370000 0.352859 54.356713 0.941430   0.943137         0.653009       True      55.314403         0.9987            0.993676
         44.503731          380000          380000 0.362396 54.344059 0.939547   0.942338         0.626968      False      54.415763         0.9986            0.994318
         45.674882          390000          390000 0.371933 54.234417 0.937668   0.940241         0.633488       True      55.370348         0.9988            0.996598
         46.846032          400000          400000 0.381470 54.171634 0.935793   0.939011         0.635034      False      54.867994         0.9988            0.998332
         48.017183          410000          410000 0.391006 54.133702 0.933921   0.938215         0.634311      False      54.391025         0.9986            0.997769
         49.188334          420000          420000 0.400543 54.110566 0.932053   0.936127         0.626639       True      54.691799         0.9987            0.998375
         50.359485          430000          430000 0.410080 54.110071 0.930189   0.934903         0.665665      False      54.472473         0.9980            0.978750
         51.530636          440000          440000 0.419617 54.001851 0.928329   0.934110         0.671330       True      54.762867         0.9982            0.994296
         52.701786          450000          450000 0.429153 53.893848 0.926472   0.932032         0.662353       True      55.024757         0.9984            0.989790
         53.872937          460000          460000 0.438690 53.786060 0.924619   0.930812         0.659012       True      55.913004         0.9986            0.995703
         55.044088          470000          470000 0.448227 53.678488 0.922770   0.930024         0.666816      False      54.618904         0.9982            0.994977
         56.215239          480000          480000 0.457764 53.640222 0.920925   0.927954         0.664554      False      53.619047         0.9981            0.996407
         57.386390          490000          490000 0.467300 53.421110 0.919083   0.926740         0.671097       True      54.226097         0.9982            0.996800
         58.557540          500000          500000 0.476837 53.288695 0.917245   0.925955         0.661661      False      53.759255         0.9979            0.974476
         59.728691          510000          510000 0.486374 53.207909 0.915410   0.923894         0.683061       True      54.323935         0.9981            0.994151
         60.899842          520000          520000 0.495911 53.164535 0.913579   0.922686         0.682039      False      54.037165         0.9978            0.992531
         62.070993          530000          530000 0.505447 53.156518 0.911752   0.921904         0.660204       True      54.578686         0.9981            0.993207
         63.242144          540000          540000 0.514984 53.153680 0.909929   0.919852         0.663931      False      54.092184         0.9979            0.989772
         64.413294          550000          550000 0.524521 53.149728 0.908109   0.918649         0.663088       True      54.240785         0.9976            0.995134
         65.584445          560000          560000 0.534058 53.142448 0.906293   0.917870         0.683459      False      54.103164         0.9976            0.994713
         66.755596          570000          570000 0.543594 53.131661 0.904480   0.915828         0.675273      False      53.489208         0.9974            0.994821
         67.926747          580000          580000 0.553131 53.069726 0.902671   0.914630         0.686119      False      53.076216         0.9975            0.964193
         69.097898          590000          590000 0.562668 52.986065 0.900866   0.913855         0.680054      False      52.977561         0.9974            0.994811
         70.269048          600000          600000 0.572205 52.937145 0.899064   0.911821         0.687538       True      53.397568         0.9969            0.994589
         71.440199          610000          610000 0.581741 52.907476 0.897266   0.910628         0.689128       True      54.352958         0.9980            0.991479
         72.611350          620000          620000 0.591278 52.893561 0.895471   0.909857         0.682484      False      53.601918         0.9972            0.992026
         73.782501          630000          630000 0.600815 52.887116 0.893680   0.907832         0.684116      False      52.921884         0.9969            0.988223
         74.953652          640000          640000 0.610352 52.882383 0.891893   0.906644         0.677643       True      53.226918         0.9971            0.994828
         76.124803          650000          650000 0.619888 52.877522 0.890109   0.905876         0.673018      False      52.901026         0.9972            0.984615
         77.295953          660000          660000 0.629425 52.865175 0.888329   0.903860         0.689231       True      53.861331         0.9978            0.975067
         78.467104          670000          670000 0.638962 52.751716 0.886552   0.902678         0.683637      False      53.284896         0.9969            0.988588
         79.638255          680000          680000 0.648499 52.679513 0.884779   0.901913         0.720151      False      52.766883         0.9972            0.972983
         80.809406          690000          690000 0.658035 52.598462 0.883010   0.899906         0.686175      False      52.611014         0.9973            0.966640
         81.980557          700000          700000 0.667572 52.424715 0.881244   0.898729         0.701421      False      52.412970         0.9970            0.976484
         83.151707          710000          710000 0.677109 52.321201 0.879481   0.897967         0.709681       True      53.049833         0.9975            0.971568
         84.322858          720000          720000 0.686646 52.262695 0.877722   0.895969         0.719954       True      53.438792         0.9973            0.968755
         85.494009          730000          730000 0.696182 52.156908 0.875967   0.894797         0.709978      False      52.147582         0.9966            0.987158
         86.665160          740000          740000 0.705719 52.095390 0.874215   0.894038         0.716619       True      52.237019         0.9969            0.940880
         87.836311          750000          750000 0.715256 52.055405 0.872466   0.892049         0.708410       True      52.843202         0.9971            0.989292
         89.007461          760000          760000 0.724792 52.019756 0.870721   0.890882         0.718860      False      52.173392         0.9964            0.965813
         90.178612          770000          770000 0.734329 51.865476 0.868980   0.890127         0.727626      False      51.865272         0.9965            0.986751
         91.349763          780000          780000 0.743866 51.775401 0.867242   0.888146         0.778370       True      53.551123         0.9974            0.946585
         92.520914          790000          790000 0.753403 51.655783 0.865508   0.886984         0.735314      False      51.643318         0.9965            0.989768
         93.692065          800000          800000 0.762939 51.585553 0.863777   0.886233         0.698554       True      52.099194         0.9968            0.953313
         94.863215          810000          810000 0.772476 51.548374 0.862049   0.884302         0.685417       True      52.176945         0.9962            0.960842
         96.034366          820000          820000 0.782013 51.531449 0.860325   0.883143         0.694786       True      52.201323         0.9962            0.966547
         97.205517          830000          830000 0.791550 51.521579 0.858604   0.882349         0.706077       True      52.328554         0.9968            0.933893
         98.376668          840000          840000 0.801086 51.512920 0.856887   0.880366         0.711715      False      52.224425         0.9970            0.956079
         99.547819          850000          850000 0.810623 51.501072 0.855173   0.879112         0.698085       True      52.822120         0.9970            0.988666
        100.000000          853861          853861 0.814305 51.392929 0.853463   0.877039         1.623409        NaN      52.715290         0.9974            0.979274