Precise measurement run started at 2025-04-27 13:42:14
Image: Male
Method: rotation
Prediction method: proposed
Ratio of ones: 1
Total embeddings: 1
EL mode: 0
Step size: 100000 bits
Use different weights: False

================================================================================

Step 1: Finding maximum payload capacity
Maximum payload: 783247 bits
Max BPP: 0.746963
Max PSNR: 50.54
Max SSIM: 0.9946
Max Hist Corr: 0.9415
Time taken: 1.28 seconds

Step 2: Calculating measurement points with 100000 bit steps
Target payload points:
  Point 1: 100000 bits (12.8% of max)
  Point 2: 200000 bits (25.5% of max)
  Point 3: 300000 bits (38.3% of max)
  Point 4: 400000 bits (51.1% of max)
  Point 5: 500000 bits (63.8% of max)
  Point 6: 600000 bits (76.6% of max)
  Point 7: 700000 bits (89.4% of max)
  Point 8: 783247 bits (100.0% of max) [using initial measurement]

Step 3: Running embedding algorithm for each target point
12.8% target:
  Target: 100000 bits
  Actual: 100000 bits
  BPP: 0.095367
  PSNR: 59.79
  SSIM: 0.9998
  Hist_Corr: 1.0000
  Time: 0.18 seconds

25.5% target:
  Target: 200000 bits
  Actual: 200000 bits
  BPP: 0.190735
  PSNR: 56.55
  SSIM: 0.9989
  Hist_Corr: 0.9979
  Time: 0.22 seconds

38.3% target:
  Target: 300000 bits
  Actual: 300000 bits
  BPP: 0.286102
  PSNR: 54.92
  SSIM: 0.9986
  Hist_Corr: 0.9975
  Time: 0.28 seconds

51.1% target:
  Target: 400000 bits
  Actual: 400000 bits
  BPP: 0.381470
  PSNR: 53.56
  SSIM: 0.9978
  Hist_Corr: 0.9923
  Time: 0.31 seconds

63.8% target:
  Target: 500000 bits
  Actual: 500000 bits
  BPP: 0.476837
  PSNR: 52.59
  SSIM: 0.9967
  Hist_Corr: 0.9781
  Time: 0.35 seconds

76.6% target:
  Target: 600000 bits
  Actual: 600000 bits
  BPP: 0.572205
  PSNR: 51.77
  SSIM: 0.9961
  Hist_Corr: 0.9708
  Time: 0.43 seconds

89.4% target:
  Target: 700000 bits
  Actual: 700000 bits
  BPP: 0.667572
  PSNR: 51.07
  SSIM: 0.9954
  Hist_Corr: 0.9570
  Time: 0.48 seconds

Results summary:
Total processing time: 4.77 seconds
Average time per point: 0.60 seconds
Results saved to ./Prediction_Error_Embedding/outcome/plots/Male/precise_proposed

Data table:
 Target_Percentage  Target_Payload  Actual_Payload      BPP      PSNR     SSIM  Hist_Corr  Processing_Time  Suspicious  PSNR_Original  SSIM_Original  Hist_Corr_Original
         12.767365          100000          100000 0.095367 59.751397 0.999767   0.999643         0.183945       False      59.751397       0.999767            0.999643
         25.534729          200000          200000 0.190735 56.646722 0.998976   0.998557         0.219569       False      56.646722       0.998976            0.998557
         38.302094          300000          300000 0.286102 54.883987 0.998567   0.997417         0.277829       False      54.883987       0.998567            0.997417
         51.069458          400000          400000 0.381470 53.571385 0.997785   0.991744         0.311781       False      53.571385       0.997785            0.991744
         63.836823          500000          500000 0.476837 52.582251 0.996736   0.978843         0.350460       False      52.582251       0.996736            0.978843
         76.604187          600000          600000 0.572205 51.758299 0.996088   0.970437         0.428350       False      51.758299       0.996088            0.970437
         89.371552          700000          700000 0.667572 51.073544 0.995400   0.957011         0.483467       False      51.073544       0.995400            0.957011
        100.000000          783247          783247 0.746963 50.535748 0.994600   0.941486         1.280788       False      50.535748       0.994600            0.941486