Precise measurement run started at 2025-06-16 15:50:45
Image: Male
Method: rotation
Prediction method: proposed
Ratio of ones: 0.0
Total embeddings: 4
EL mode: 0
Segments: 20
Use different weights: 2

================================================================================

Step 1: Finding maximum payload capacity
Maximum payload: 1366702 bits
Max BPP: 1.303389
Max PSNR: 49.36
Max SSIM: 0.9940
Max Hist Corr: 0.9697
Time taken: 9.22 seconds

Step 2: Calculating 20 evenly distributed payload points
Target payload points:
  Point 1: 68335 bits (5.0% of max)
  Point 2: 136670 bits (10.0% of max)
  Point 3: 205005 bits (15.0% of max)
  Point 4: 273340 bits (20.0% of max)
  Point 5: 341675 bits (25.0% of max)
  Point 6: 410010 bits (30.0% of max)
  Point 7: 478345 bits (35.0% of max)
  Point 8: 546680 bits (40.0% of max)
  Point 9: 615015 bits (45.0% of max)
  Point 10: 683351 bits (50.0% of max)
  Point 11: 751686 bits (55.0% of max)
  Point 12: 820021 bits (60.0% of max)
  Point 13: 888356 bits (65.0% of max)
  Point 14: 956691 bits (70.0% of max)
  Point 15: 1025026 bits (75.0% of max)
  Point 16: 1093361 bits (80.0% of max)
  Point 17: 1161696 bits (85.0% of max)
  Point 18: 1230031 bits (90.0% of max)
  Point 19: 1298366 bits (95.0% of max)
  Point 20: 1353034 bits (99.0% of max)
  Point 21: 1366702 bits (100.0% of max) [using initial measurement]

Step 3: Running embedding algorithm for each target point
5.0% target:
  Target: 68335 bits
  Actual: 68335 bits
  BPP: 0.065169
  PSNR: 59.29
  SSIM: 0.9997
  Hist_Corr: 0.9996
  Time: 1.92 seconds

10.0% target:
  Target: 136670 bits
  Actual: 136670 bits
  BPP: 0.130339
  PSNR: 57.32
  SSIM: 0.9994
  Hist_Corr: 0.9991
  Time: 1.90 seconds

15.0% target:
  Target: 205005 bits
  Actual: 205005 bits
  BPP: 0.195508
  PSNR: 55.61
  SSIM: 0.9991
  Hist_Corr: 0.9979
  Time: 1.92 seconds

20.0% target:
  Target: 273340 bits
  Actual: 273340 bits
  BPP: 0.260677
  PSNR: 54.58
  SSIM: 0.9986
  Hist_Corr: 0.9960
  Time: 1.97 seconds

25.0% target:
  Target: 341675 bits
  Actual: 341675 bits
  BPP: 0.325847
  PSNR: 53.77
  SSIM: 0.9983
  Hist_Corr: 0.9942
  Time: 2.03 seconds

30.0% target:
  Target: 410010 bits
  Actual: 410010 bits
  BPP: 0.391016
  PSNR: 52.81
  SSIM: 0.9977
  Hist_Corr: 0.9905
  Time: 1.98 seconds

35.0% target:
  Target: 478345 bits
  Actual: 478345 bits
  BPP: 0.456185
  PSNR: 52.39
  SSIM: 0.9976
  Hist_Corr: 0.9900
  Time: 2.06 seconds

40.0% target:
  Target: 546680 bits
  Actual: 546680 bits
  BPP: 0.521355
  PSNR: 51.65
  SSIM: 0.9972
  Hist_Corr: 0.9893
  Time: 2.07 seconds

45.0% target:
  Target: 615015 bits
  Actual: 615015 bits
  BPP: 0.586524
  PSNR: 51.08
  SSIM: 0.9964
  Hist_Corr: 0.9853
  Time: 2.06 seconds

50.0% target:
  Target: 683351 bits
  Actual: 683351 bits
  BPP: 0.651694
  PSNR: 50.56
  SSIM: 0.9957
  Hist_Corr: 0.9815
  Time: 2.07 seconds

55.0% target:
  Target: 751686 bits
  Actual: 751686 bits
  BPP: 0.716864
  PSNR: 50.47
  SSIM: 0.9956
  Hist_Corr: 0.9806
  Time: 2.09 seconds

60.0% target:
  Target: 820021 bits
  Actual: 820021 bits
  BPP: 0.782033
  PSNR: 50.47
  SSIM: 0.9956
  Hist_Corr: 0.9806
  Time: 2.08 seconds

65.0% target:
  Target: 888356 bits
  Actual: 888356 bits
  BPP: 0.847202
  PSNR: 50.47
  SSIM: 0.9956
  Hist_Corr: 0.9806
  Time: 2.09 seconds

70.0% target:
  Target: 956691 bits
  Actual: 956691 bits
  BPP: 0.912372
  PSNR: 49.93
  SSIM: 0.9954
  Hist_Corr: 0.9803
  Time: 4.18 seconds

75.0% target:
  Target: 1025026 bits
  Actual: 1025026 bits
  BPP: 0.977541
  PSNR: 49.32
  SSIM: 0.9951
  Hist_Corr: 0.9800
  Time: 4.18 seconds

80.0% target:
  Target: 1093361 bits
  Warning: Suspicious PSNR value detected: 49.50 > previous 49.32
  Actual: 1093361 bits
  BPP: 1.042710
  PSNR: 49.50
  SSIM: 0.9943
  Hist_Corr: 0.9723
  Time: 4.11 seconds

85.0% target:
  Target: 1161696 bits
  Actual: 1161696 bits
  BPP: 1.107880
  PSNR: 48.95
  SSIM: 0.9935
  Hist_Corr: 0.9686
  Time: 6.20 seconds

90.0% target:
  Target: 1230031 bits
  Actual: 1230031 bits
  BPP: 1.173049
  PSNR: 48.37
  SSIM: 0.9926
  Hist_Corr: 0.9653
  Time: 6.29 seconds

95.0% target:
  Target: 1298366 bits
  Warning: Suspicious PSNR value detected: 48.85 > previous 48.37
  Actual: 1298366 bits
  BPP: 1.238218
  PSNR: 48.85
  SSIM: 0.9928
  Hist_Corr: 0.9667
  Time: 8.18 seconds

99.0% target:
  Target: 1353034 bits
  Actual: 1353034 bits
  BPP: 1.290354
  PSNR: 48.32
  SSIM: 0.9918
  Hist_Corr: 0.9635
  Time: 8.31 seconds

Results summary:
Total processing time: 79.68 seconds
Average time per point: 3.79 seconds
Results saved to ./Prediction_Error_Embedding/outcome/plots/Male/precise_proposed

Data table:
 Target_Percentage  Target_Payload  Actual_Payload      BPP      PSNR     SSIM  Hist_Corr  Processing_Time  Suspicious  PSNR_Original  SSIM_Original  Hist_Corr_Original
          4.999993           68335           68335 0.065169 59.262761 0.999714   0.999692         1.919580       False      59.288782         0.9997            0.999592
          9.999985          136670          136670 0.130339 57.332278 0.999394   0.999049         1.897230       False      57.318988         0.9994            0.999118
         14.999978          205005          205005 0.195508 55.671180 0.999072   0.997829         1.915597       False      55.612028         0.9991            0.997947
         19.999971          273340          273340 0.260677 54.566162 0.998610   0.995951         1.968304       False      54.577461         0.9986            0.995963
         24.999963          341675          341675 0.325847 53.733353 0.998279   0.994018         2.025430       False      53.767057         0.9983            0.994207
         29.999956          410010          410010 0.391016 52.849862 0.997757   0.990886         1.976719       False      52.807822         0.9977            0.990493
         34.999949          478345          478345 0.456185 52.357069 0.997579   0.990020         2.062413       False      52.391927         0.9976            0.989978
         39.999941          546680          546680 0.521355 51.643602 0.997137   0.988854         2.071584       False      51.653046         0.9972            0.989314
         44.999934          615015          615015 0.586524 51.086257 0.996411   0.985331         2.062767       False      51.084525         0.9964            0.985338
         50.000000          683351          683351 0.651694 50.589893 0.995760   0.981810         2.071598       False      50.559056         0.9957            0.981475
         54.999993          751686          751686 0.716864 50.487200 0.995603   0.980621         2.085813       False      50.471851         0.9956            0.980580
         59.999985          820021          820021 0.782033 50.467915 0.995587   0.980486         2.082979       False      50.471851         0.9956            0.980580
         64.999978          888356          888356 0.847202 50.415582 0.993596   0.978525         2.085069       False      50.471851         0.9956            0.980580
         69.999971          956691          956691 0.912372 49.924109 0.991609   0.976568         4.177260       False      49.934079         0.9954            0.980256
         74.999963         1025026         1025026 0.977541 49.374981 0.989626   0.974615         4.177055       False      49.321097         0.9951            0.979963
         79.999956         1093361         1093361 1.042710 49.031895 0.987646   0.972703         4.105731        True      49.498474         0.9943            0.972318
         84.999949         1161696         1161696 1.107880 48.882061 0.985671   0.968708         6.200841       False      48.947080         0.9935            0.968578
         89.999941         1230031         1230031 1.173049 48.386111 0.983700   0.965566         6.285539       False      48.368981         0.9926            0.965306
         94.999934         1298366         1298366 1.238218 48.103586 0.981732   0.963794         8.178822        True      48.851666         0.9928            0.966686
         98.999928         1353034         1353034 1.290354 47.953555 0.979769   0.963251         8.305840       False      48.320448         0.9918            0.963469
        100.000000         1366702         1366702 1.303389 49.364294 0.994000   0.969703         9.224518       False      49.364294         0.9940            0.969703