Precise measurement run started at 2025-06-16 20:01:17
Image: Male
Method: split
Prediction method: proposed
Ratio of ones: 0.5
Total embeddings: 4
EL mode: 0
Step size: 100000 bits
Measurement mode: Step-based
Use different weights: True

================================================================================

Step 1: Finding maximum payload capacity
Maximum payload: 1189910 bits
Max BPP: 1.134787
Max PSNR: 50.70
Max SSIM: 0.9938
Max Hist Corr: 0.9238
Time taken: 9.25 seconds

Step 2: Calculating measurement points with 100000 bit steps
Total measurement points: 11
Measurement mode: step_based
Target payload points (first 10):
  Point 1: 100000 bits (8.4% of max)
  Point 2: 200000 bits (16.8% of max)
  Point 3: 300000 bits (25.2% of max)
  Point 4: 400000 bits (33.6% of max)
  Point 5: 500000 bits (42.0% of max)
  Point 6: 600000 bits (50.4% of max)
  Point 7: 700000 bits (58.8% of max)
  Point 8: 800000 bits (67.2% of max)
  Point 9: 900000 bits (75.6% of max)
  Point 10: 1000000 bits (84.0% of max)
  ... and 1 more points
  Point 12: 1189910 bits (100.0% of max) [using initial measurement]

Step 3: Running embedding algorithm for each target point
Total points to process: 11
8.4% target:
  Target: 100000 bits
  Actual: 100000 bits
  BPP: 0.095367
  PSNR: 59.58
  SSIM: 0.9996
  Hist_Corr: 0.9996
  Time: 0.87 seconds

16.8% target:
  Target: 200000 bits
  Warning: Suspicious PSNR value detected: 59.91 > previous 59.58
  Actual: 200000 bits
  BPP: 0.190735
  PSNR: 59.91
  SSIM: 0.9994
  Hist_Corr: 0.9972
  Time: 1.36 seconds

25.2% target:
  Target: 300000 bits
  Actual: 300000 bits
  BPP: 0.286102
  PSNR: 55.63
  SSIM: 0.9985
  Hist_Corr: 0.9940
  Time: 1.36 seconds

33.6% target:
  Target: 400000 bits
  Actual: 400000 bits
  BPP: 0.381470
  PSNR: 55.18
  SSIM: 0.9985
  Hist_Corr: 0.9910
  Time: 1.67 seconds

42.0% target:
  Target: 500000 bits
  Actual: 500000 bits
  BPP: 0.476837
  PSNR: 54.74
  SSIM: 0.9980
  Hist_Corr: 0.9708
  Time: 2.35 seconds

50.4% target:
  Target: 600000 bits
  Actual: 600000 bits
  BPP: 0.572205
  PSNR: 53.71
  SSIM: 0.9972
  Hist_Corr: 0.9866
  Time: 2.27 seconds

58.8% target:
  Target: 700000 bits
  Actual: 700000 bits
  BPP: 0.667572
  PSNR: 53.40
  SSIM: 0.9973
  Hist_Corr: 0.9435
  Time: 2.88 seconds

67.2% target:
  Target: 800000 bits
  Actual: 800000 bits
  BPP: 0.762939
  PSNR: 52.99
  SSIM: 0.9972
  Hist_Corr: 0.9569
  Time: 2.62 seconds

75.6% target:
  Target: 900000 bits
  Actual: 900000 bits
  BPP: 0.858307
  PSNR: 51.63
  SSIM: 0.9958
  Hist_Corr: 0.9507
  Time: 3.26 seconds

84.0% target:
  Target: 1000000 bits
  Actual: 1000000 bits
  BPP: 0.953674
  PSNR: 51.14
  SSIM: 0.9951
  Hist_Corr: 0.9494
  Time: 4.87 seconds

92.4% target:
  Target: 1100000 bits
  Actual: 1100000 bits
  BPP: 1.049042
  PSNR: 50.56
  SSIM: 0.9955
  Hist_Corr: 0.9655
  Time: 6.13 seconds

Results summary:
Total processing time: 40.78 seconds
Average time per point: 3.40 seconds
Final measurement points: 12
Results saved to ./Prediction_Error_Embedding/outcome/plots/Male/precise_proposed

Data table (first 10 rows):
 Target_Percentage  Target_Payload  Actual_Payload      BPP      PSNR     SSIM  Hist_Corr  Processing_Time  Suspicious  PSNR_Original  SSIM_Original  Hist_Corr_Original
          8.403997          100000          100000 0.095367 59.575664 0.999600   0.999611         0.868742       False      59.575664         0.9996            0.999611
         16.807994          200000          200000 0.190735 59.277786 0.999400   0.997154         1.361411        True      59.905098         0.9994            0.997154
         25.211991          300000          300000 0.286102 55.633183 0.998500   0.994014         1.363229       False      55.633183         0.9985            0.994014
         33.615988          400000          400000 0.381470 55.181192 0.998500   0.991050         1.668291       False      55.181192         0.9985            0.991050
         42.019985          500000          500000 0.476837 54.735926 0.998000   0.970799         2.349757       False      54.735926         0.9980            0.970799
         50.423982          600000          600000 0.572205 53.707225 0.997200   0.965945         2.271880       False      53.707225         0.9972            0.986590
         58.827979          700000          700000 0.667572 53.404077 0.992214   0.943548         2.875471       False      53.404077         0.9973            0.943548
         67.231976          800000          800000 0.762939 52.985635 0.987253   0.938830         2.624357       False      52.985635         0.9972            0.956910
         75.635972          900000          900000 0.858307 51.634688 0.982317   0.934136         3.261545       False      51.634688         0.9958            0.950703
         84.039969         1000000         1000000 0.953674 51.137146 0.977405   0.929465         4.869583       False      51.137146         0.9951            0.949412
... and 2 more rows