Precise measurement run started at 2025-06-17 22:00:42
Image: Male
Method: split
Prediction method: proposed
Ratio of ones: 0.5
Total embeddings: 4
EL mode: 0
Using step_size: 100000 bits (segments parameter 20 ignored)
Measurement mode: step_size
Use different weights: True

================================================================================

Step 1: Finding maximum payload capacity
Maximum payload: 1185703 bits
Max BPP: 1.130774
Max PSNR: 50.25
Max SSIM: 0.9928
Max Hist Corr: 0.9205
Time taken: 8.76 seconds

Step 2: Calculating measurement points with 100000 bit steps
Note: segments parameter (20) is ignored
Measurement mode: step_size=100000
Total measurement points: 12
Target payload points:
  Point 1: 100000 bits (8.4% of max)
  Point 2: 200000 bits (16.9% of max)
  Point 3: 300000 bits (25.3% of max)
  Point 4: 400000 bits (33.7% of max)
  Point 5: 500000 bits (42.2% of max)
  Point 6: 600000 bits (50.6% of max)
  Point 7: 700000 bits (59.0% of max)
  Point 8: 800000 bits (67.5% of max)
  Point 9: 900000 bits (75.9% of max)
  Point 10: 1000000 bits (84.3% of max)
  Point 11: 1100000 bits (92.8% of max)
  Point 12: 1185703 bits (100.0% of max) [using initial measurement]

Step 3: Running embedding algorithm for each target point
Processing 11 measurement points using step_size=100000
8.4% target (point 1/11):
  Target: 100000 bits
  Actual: 100000 bits
  BPP: 0.095367
  PSNR: 62.36
  SSIM: 0.9996
  Hist_Corr: 0.9952
  Time: 0.75 seconds

16.9% target (point 2/11):
  Target: 200000 bits
  Actual: 200000 bits
  BPP: 0.190735
  PSNR: 58.38
  SSIM: 0.9989
  Hist_Corr: 0.9941
  Time: 1.27 seconds

25.3% target (point 3/11):
  Target: 300000 bits
  Actual: 300000 bits
  BPP: 0.286102
  PSNR: 55.60
  SSIM: 0.9986
  Hist_Corr: 0.9950
  Time: 1.33 seconds

33.7% target (point 4/11):
  Target: 400000 bits
  Warning: Suspicious PSNR value detected: 55.73 > previous 55.60
  Actual: 400000 bits
  BPP: 0.381470
  PSNR: 55.73
  SSIM: 0.9984
  Hist_Corr: 0.9737
  Time: 1.83 seconds

42.2% target (point 5/11):
  Target: 500000 bits
  Actual: 500000 bits
  BPP: 0.476837
  PSNR: 54.22
  SSIM: 0.9976
  Hist_Corr: 0.9882
  Time: 1.83 seconds

50.6% target (point 6/11):
  Target: 600000 bits
  Actual: 600000 bits
  BPP: 0.572205
  PSNR: 53.89
  SSIM: 0.9976
  Hist_Corr: 0.9600
  Time: 1.84 seconds

59.0% target (point 7/11):
  Target: 700000 bits
  Actual: 700000 bits
  BPP: 0.667572
  PSNR: 52.73
  SSIM: 0.9959
  Hist_Corr: 0.9488
  Time: 2.33 seconds

67.5% target (point 8/11):
  Target: 800000 bits
  Actual: 800000 bits
  BPP: 0.762939
  PSNR: 52.65
  SSIM: 0.9964
  Hist_Corr: 0.9452
  Time: 2.33 seconds

75.9% target (point 9/11):
  Target: 900000 bits
  Actual: 900000 bits
  BPP: 0.858307
  PSNR: 52.32
  SSIM: 0.9966
  Hist_Corr: 0.9389
  Time: 3.34 seconds

84.3% target (point 10/11):
  Target: 1000000 bits
  Actual: 1000000 bits
  BPP: 0.953674
  PSNR: 51.98
  SSIM: 0.9959
  Hist_Corr: 0.9478
  Time: 4.30 seconds

92.8% target (point 11/11):
  Target: 1100000 bits
  Actual: 1100000 bits
  BPP: 1.049042
  PSNR: 51.03
  SSIM: 0.9946
  Hist_Corr: 0.9408
  Time: 6.18 seconds

Results summary:
Measurement mode used: step_size=100000
Total data points generated: 12
Total processing time: 37.51 seconds
Average time per point: 3.13 seconds
Results saved to ./Prediction_Error_Embedding/outcome/plots/Male/precise_proposed
Final confirmation: Used step_size=100000 bits for proposed

Data table:
 Target_Percentage  Target_Payload  Actual_Payload      BPP      PSNR     SSIM  Hist_Corr  Processing_Time  Suspicious Measurement_Mode  PSNR_Original  SSIM_Original  Hist_Corr_Original
          8.433815          100000          100000 0.095367 62.257388 0.999534   0.996096         0.749619       False step_size=100000      62.363581         0.9996            0.995187
         16.867630          200000          200000 0.190735 58.469472 0.998971   0.993633         1.271326       False step_size=100000      58.383874         0.9989            0.994109
         25.301446          300000          300000 0.286102 55.743544 0.998654   0.991215         1.334584       False step_size=100000      55.602229         0.9986            0.995035
         33.735261          400000          400000 0.381470 54.214533 0.998373   0.974917         1.833101        True step_size=100000      55.734800         0.9984            0.973677
         42.169076          500000          500000 0.476837 53.487246 0.997674   0.964569         1.827714       False step_size=100000      54.218754         0.9976            0.988186
         50.602891          600000          600000 0.572205 53.137656 0.997495   0.958995         1.840972       False step_size=100000      53.888753         0.9976            0.960046
         59.036706          700000          700000 0.667572 52.755845 0.995962   0.949354         2.329031       False step_size=100000      52.730074         0.9959            0.948826
         67.470522          800000          800000 0.762939 52.641896 0.994911   0.944986         2.327092       False step_size=100000      52.647971         0.9964            0.945201
         75.904337          900000          900000 0.858307 52.291100 0.992762   0.939146         3.340321       False step_size=100000      52.319233         0.9966            0.938881
         84.338152         1000000         1000000 0.953674 51.909802 0.991455   0.935841         4.298736       False step_size=100000      51.977745         0.9959            0.947812
         92.771967         1100000         1100000 1.049042 51.081014 0.990555   0.933968         6.176346       False step_size=100000      51.027810         0.9946            0.940762
        100.000000         1185703         1185703 1.130774 50.247391 0.992800   0.920515         8.763147       False              NaN      50.247391         0.9928            0.920515