Precise measurement run started at 2025-02-26 01:35:23
Image: male
Method: split
Prediction method: proposed
Ratio of ones: 0.5
Total embeddings: 5
EL mode: 0
Segments: 15
Use different weights: False

================================================================================

Step 1: Finding maximum payload capacity
Maximum payload: 1286802 bits
Max BPP: 1.227190
Time taken: 6.29 seconds

Step 2: Calculating 15 evenly distributed payload points
Target payload points:
  Point 1: 85786 bits (6.7% of max)
  Point 2: 171573 bits (13.3% of max)
  Point 3: 257360 bits (20.0% of max)
  Point 4: 343147 bits (26.7% of max)
  Point 5: 428934 bits (33.3% of max)
  Point 6: 514720 bits (40.0% of max)
  Point 7: 600507 bits (46.7% of max)
  Point 8: 686294 bits (53.3% of max)
  Point 9: 772081 bits (60.0% of max)
  Point 10: 857868 bits (66.7% of max)
  Point 11: 943654 bits (73.3% of max)
  Point 12: 1029441 bits (80.0% of max)
  Point 13: 1115228 bits (86.7% of max)
  Point 14: 1201015 bits (93.3% of max)
  Point 15: 1286802 bits (100.0% of max)

Step 3: Running embedding algorithm for each target point
100.0% target (Max capacity):
  Target: 1286802 bits
  Actual: 1286802 bits
  BPP: 1.227190
  PSNR: 33.47
  SSIM: 0.8793
  Hist_Corr: 0.9023
  Time: 6.29 seconds

6.7% target:
  Target: 85786 bits
  Actual: 85786 bits
  BPP: 0.081812
  PSNR: 49.16
  SSIM: 0.9941
  Hist_Corr: 0.9993
  Time: 1.35 seconds

13.3% target:
  Target: 171573 bits
  Actual: 171573 bits
  BPP: 0.163625
  PSNR: 45.37
  SSIM: 0.9845
  Hist_Corr: 0.9883
  Time: 1.50 seconds

20.0% target:
  Target: 257360 bits
  Actual: 257360 bits
  BPP: 0.245438
  PSNR: 43.73
  SSIM: 0.9789
  Hist_Corr: 0.9794
  Time: 1.59 seconds

26.7% target:
  Target: 343147 bits
  Actual: 343147 bits
  BPP: 0.327250
  PSNR: 42.52
  SSIM: 0.9747
  Hist_Corr: 0.9707
  Time: 2.31 seconds

33.3% target:
  Target: 428934 bits
  Actual: 428934 bits
  BPP: 0.409063
  PSNR: 41.20
  SSIM: 0.9653
  Hist_Corr: 0.9609
  Time: 2.32 seconds

40.0% target:
  Target: 514720 bits
  Actual: 514720 bits
  BPP: 0.490875
  PSNR: 40.48
  SSIM: 0.9626
  Hist_Corr: 0.9698
  Time: 2.45 seconds

46.7% target:
  Target: 600507 bits
  Actual: 600507 bits
  BPP: 0.572688
  PSNR: 39.37
  SSIM: 0.9549
  Hist_Corr: 0.9624
  Time: 3.25 seconds

53.3% target:
  Target: 686294 bits
  Actual: 686294 bits
  BPP: 0.654501
  PSNR: 38.09
  SSIM: 0.9432
  Hist_Corr: 0.9405
  Time: 3.38 seconds

60.0% target:
  Target: 772081 bits
  Actual: 772081 bits
  BPP: 0.736314
  PSNR: 37.49
  SSIM: 0.9363
  Hist_Corr: 0.9337
  Time: 3.33 seconds

66.7% target:
  Target: 857868 bits
  Actual: 857868 bits
  BPP: 0.818127
  PSNR: 36.42
  SSIM: 0.9258
  Hist_Corr: 0.9251
  Time: 4.25 seconds

73.3% target:
  Target: 943654 bits
  Actual: 943654 bits
  BPP: 0.899939
  PSNR: 36.25
  SSIM: 0.9228
  Hist_Corr: 0.9239
  Time: 4.16 seconds

80.0% target:
  Target: 1029441 bits
  Actual: 1029441 bits
  BPP: 0.981751
  PSNR: 35.58
  SSIM: 0.9148
  Hist_Corr: 0.9279
  Time: 4.10 seconds

86.7% target:
  Target: 1115228 bits
  Actual: 1115228 bits
  BPP: 1.063564
  PSNR: 35.36
  SSIM: 0.9118
  Hist_Corr: 0.9243
  Time: 5.00 seconds

93.3% target:
  Target: 1201015 bits
  Actual: 1201015 bits
  BPP: 1.145377
  PSNR: 34.42
  SSIM: 0.8990
  Hist_Corr: 0.9047
  Time: 5.01 seconds

Results summary:
Total processing time: 52.12 seconds
Average time per point: 3.47 seconds
Results saved to ./Prediction_Error_Embedding/outcome/plots/male/precise_proposed

Data table:
 Target_Percentage  Target_Payload  Actual_Payload      BPP      PSNR   SSIM  Hist_Corr  Processing_Time
          6.666667           85786           85786 0.081812 49.160204 0.9941   0.999267         1.345306
         13.333333          171573          171573 0.163625 45.365799 0.9845   0.988327         1.500661
         20.000000          257360          257360 0.245438 43.733439 0.9789   0.979423         1.588294
         26.666667          343147          343147 0.327250 42.524131 0.9747   0.970661         2.312017
         33.333333          428934          428934 0.409063 41.200383 0.9653   0.960938         2.319133
         40.000000          514720          514720 0.490875 40.480682 0.9626   0.969814         2.448437
         46.666667          600507          600507 0.572688 39.369258 0.9549   0.962422         3.246713
         53.333333          686294          686294 0.654501 38.089815 0.9432   0.940522         3.380850
         60.000000          772081          772081 0.736314 37.490037 0.9363   0.933679         3.326472
         66.666667          857868          857868 0.818127 36.422860 0.9258   0.925109         4.254241
         73.333333          943654          943654 0.899939 36.252118 0.9228   0.923860         4.158345
         80.000000         1029441         1029441 0.981751 35.583553 0.9148   0.927890         4.098226
         86.666667         1115228         1115228 1.063564 35.359432 0.9118   0.924274         4.995543
         93.333333         1201015         1201015 1.145377 34.418755 0.8990   0.904730         5.010198
        100.000000         1286802         1286802 1.227190 33.470028 0.8793   0.902255         6.291911