Precise measurement run started at 2025-02-26 01:38:08
Image: male
Method: split
Prediction method: proposed
Ratio of ones: 0.5
Total embeddings: 5
EL mode: 0
Segments: 15
Use different weights: False

================================================================================

Step 1: Finding maximum payload capacity
Maximum payload: 1334089 bits
Max BPP: 1.272286
Time taken: 6.43 seconds

Step 2: Calculating 15 evenly distributed payload points
Target payload points:
  Point 1: 88939 bits (6.7% of max)
  Point 2: 177878 bits (13.3% of max)
  Point 3: 266817 bits (20.0% of max)
  Point 4: 355757 bits (26.7% of max)
  Point 5: 444696 bits (33.3% of max)
  Point 6: 533635 bits (40.0% of max)
  Point 7: 622574 bits (46.7% of max)
  Point 8: 711514 bits (53.3% of max)
  Point 9: 800453 bits (60.0% of max)
  Point 10: 889392 bits (66.7% of max)
  Point 11: 978331 bits (73.3% of max)
  Point 12: 1067271 bits (80.0% of max)
  Point 13: 1156210 bits (86.7% of max)
  Point 14: 1245149 bits (93.3% of max)
  Point 15: 1334089 bits (100.0% of max)

Step 3: Running embedding algorithm for each target point
100.0% target (Max capacity):
  Target: 1334089 bits
  Actual: 1334089 bits
  BPP: 1.272286
  PSNR: 33.51
  SSIM: 0.8809
  Hist_Corr: 0.8953
  Time: 6.43 seconds

6.7% target:
  Target: 88939 bits
  Actual: 88939 bits
  BPP: 0.084819
  PSNR: 49.47
  SSIM: 0.9940
  Hist_Corr: 0.9988
  Time: 1.61 seconds

13.3% target:
  Target: 177878 bits
  Actual: 177878 bits
  BPP: 0.169638
  PSNR: 45.61
  SSIM: 0.9859
  Hist_Corr: 0.9918
  Time: 1.58 seconds

20.0% target:
  Target: 266817 bits
  Actual: 266817 bits
  BPP: 0.254457
  PSNR: 43.75
  SSIM: 0.9788
  Hist_Corr: 0.9760
  Time: 1.80 seconds

26.7% target:
  Target: 355757 bits
  Actual: 355757 bits
  BPP: 0.339276
  PSNR: 42.40
  SSIM: 0.9736
  Hist_Corr: 0.9734
  Time: 2.62 seconds

33.3% target:
  Target: 444696 bits
  Actual: 444696 bits
  BPP: 0.424095
  PSNR: 41.03
  SSIM: 0.9658
  Hist_Corr: 0.9711
  Time: 2.61 seconds

40.0% target:
  Target: 533635 bits
  Actual: 533635 bits
  BPP: 0.508914
  PSNR: 39.83
  SSIM: 0.9554
  Hist_Corr: 0.9514
  Time: 2.68 seconds

46.7% target:
  Target: 622574 bits
  Actual: 622574 bits
  BPP: 0.593733
  PSNR: 38.73
  SSIM: 0.9489
  Hist_Corr: 0.9419
  Time: 3.35 seconds

53.3% target:
  Target: 711514 bits
  Actual: 711514 bits
  BPP: 0.678553
  PSNR: 38.20
  SSIM: 0.9443
  Hist_Corr: 0.9559
  Time: 3.40 seconds

60.0% target:
  Target: 800453 bits
  Actual: 800453 bits
  BPP: 0.763371
  PSNR: 37.63
  SSIM: 0.9387
  Hist_Corr: 0.9366
  Time: 3.60 seconds

66.7% target:
  Target: 889392 bits
  Actual: 889392 bits
  BPP: 0.848190
  PSNR: 36.88
  SSIM: 0.9342
  Hist_Corr: 0.9480
  Time: 4.42 seconds

73.3% target:
  Target: 978331 bits
  Actual: 978331 bits
  BPP: 0.933009
  PSNR: 35.76
  SSIM: 0.9179
  Hist_Corr: 0.9310
  Time: 4.60 seconds

80.0% target:
  Target: 1067271 bits
  Actual: 1067271 bits
  BPP: 1.017829
  PSNR: 35.36
  SSIM: 0.9108
  Hist_Corr: 0.9163
  Time: 4.32 seconds

86.7% target:
  Target: 1156210 bits
  Actual: 1156210 bits
  BPP: 1.102648
  PSNR: 34.66
  SSIM: 0.9029
  Hist_Corr: 0.9115
  Time: 5.34 seconds

93.3% target:
  Target: 1245149 bits
  Actual: 1245149 bits
  BPP: 1.187467
  PSNR: 33.91
  SSIM: 0.8892
  Hist_Corr: 0.9044
  Time: 5.21 seconds

Results summary:
Total processing time: 55.62 seconds
Average time per point: 3.71 seconds
Results saved to ./Prediction_Error_Embedding/outcome/plots/male/precise_proposed

Data table:
 Target_Percentage  Target_Payload  Actual_Payload      BPP      PSNR   SSIM  Hist_Corr  Processing_Time
          6.666667           88939           88939 0.084819 49.472691 0.9940   0.998815         1.609184
         13.333333          177878          177878 0.169638 45.605255 0.9859   0.991774         1.582110
         20.000000          266817          266817 0.254457 43.750473 0.9788   0.976013         1.795554
         26.666667          355757          355757 0.339276 42.403857 0.9736   0.973363         2.621549
         33.333333          444696          444696 0.424095 41.032099 0.9658   0.971142         2.610966
         40.000000          533635          533635 0.508914 39.827720 0.9554   0.951434         2.680025
         46.666667          622574          622574 0.593733 38.729144 0.9489   0.941879         3.349659
         53.333333          711514          711514 0.678553 38.196363 0.9443   0.955861         3.404924
         60.000000          800453          800453 0.763371 37.629534 0.9387   0.936616         3.599746
         66.666667          889392          889392 0.848190 36.876081 0.9342   0.947989         4.420814
         73.333333          978331          978331 0.933009 35.758069 0.9179   0.930984         4.600666
         80.000000         1067271         1067271 1.017829 35.358351 0.9108   0.916293         4.321284
         86.666667         1156210         1156210 1.102648 34.661476 0.9029   0.911542         5.339464
         93.333333         1245149         1245149 1.187467 33.908642 0.8892   0.904431         5.213823
        100.000000         1334089         1334089 1.272286 33.510909 0.8809   0.895260         6.427202