Precise measurement run started at 2025-02-26 00:21:27
Image: male
Method: split
Prediction method: proposed
Ratio of ones: 0.5
Total embeddings: 5
EL mode: 0
Segments: 15
Use different weights: False

================================================================================

Step 1: Finding maximum payload capacity
Maximum payload: 1335811 bits
Max BPP: 1.273929
Time taken: 7.21 seconds

Step 2: Calculating 15 evenly distributed payload points
Target payload points:
  Point 1: 89054 bits (6.7% of max)
  Point 2: 178108 bits (13.3% of max)
  Point 3: 267162 bits (20.0% of max)
  Point 4: 356216 bits (26.7% of max)
  Point 5: 445270 bits (33.3% of max)
  Point 6: 534324 bits (40.0% of max)
  Point 7: 623378 bits (46.7% of max)
  Point 8: 712432 bits (53.3% of max)
  Point 9: 801486 bits (60.0% of max)
  Point 10: 890540 bits (66.7% of max)
  Point 11: 979594 bits (73.3% of max)
  Point 12: 1068648 bits (80.0% of max)
  Point 13: 1157702 bits (86.7% of max)
  Point 14: 1246756 bits (93.3% of max)
  Point 15: 1335811 bits (100.0% of max)

Step 3: Running embedding algorithm for each target point
100.0% target (Max capacity):
  Target: 1335811 bits
  Actual: 1335811 bits
  BPP: 1.273929
  PSNR: 33.79
  SSIM: 0.8862
  Hist_Corr: 0.9054
  Time: 7.21 seconds

6.7% target:
  Target: 89054 bits
  Actual: 89054 bits
  BPP: 0.084929
  PSNR: 49.30
  SSIM: 0.9938
  Hist_Corr: 0.9989
  Time: 1.56 seconds

13.3% target:
  Target: 178108 bits
  Actual: 178108 bits
  BPP: 0.169857
  PSNR: 45.50
  SSIM: 0.9851
  Hist_Corr: 0.9899
  Time: 1.60 seconds

20.0% target:
  Target: 267162 bits
  Actual: 267162 bits
  BPP: 0.254786
  PSNR: 44.05
  SSIM: 0.9808
  Hist_Corr: 0.9830
  Time: 1.66 seconds

26.7% target:
  Target: 356216 bits
  Actual: 356216 bits
  BPP: 0.339714
  PSNR: 42.54
  SSIM: 0.9760
  Hist_Corr: 0.9795
  Time: 2.66 seconds

33.3% target:
  Target: 445270 bits
  Actual: 445270 bits
  BPP: 0.424643
  PSNR: 41.14
  SSIM: 0.9650
  Hist_Corr: 0.9633
  Time: 2.76 seconds

40.0% target:
  Target: 534324 bits
  Actual: 534324 bits
  BPP: 0.509571
  PSNR: 39.75
  SSIM: 0.9568
  Hist_Corr: 0.9547
  Time: 2.81 seconds

46.7% target:
  Target: 623378 bits
  Actual: 623378 bits
  BPP: 0.594500
  PSNR: 38.79
  SSIM: 0.9502
  Hist_Corr: 0.9462
  Time: 3.68 seconds

53.3% target:
  Target: 712432 bits
  Actual: 712432 bits
  BPP: 0.679428
  PSNR: 37.94
  SSIM: 0.9413
  Hist_Corr: 0.9361
  Time: 3.67 seconds

60.0% target:
  Target: 801486 bits
  Actual: 801486 bits
  BPP: 0.764357
  PSNR: 37.17
  SSIM: 0.9341
  Hist_Corr: 0.9339
  Time: 3.77 seconds

66.7% target:
  Target: 890540 bits
  Actual: 890540 bits
  BPP: 0.849285
  PSNR: 36.61
  SSIM: 0.9286
  Hist_Corr: 0.9347
  Time: 4.79 seconds

73.3% target:
  Target: 979594 bits
  Actual: 979594 bits
  BPP: 0.934214
  PSNR: 36.30
  SSIM: 0.9242
  Hist_Corr: 0.9319
  Time: 4.71 seconds

80.0% target:
  Target: 1068648 bits
  Actual: 1068648 bits
  BPP: 1.019142
  PSNR: 35.02
  SSIM: 0.9089
  Hist_Corr: 0.9177
  Time: 4.84 seconds

86.7% target:
  Target: 1157702 bits
  Actual: 1157702 bits
  BPP: 1.104071
  PSNR: 34.48
  SSIM: 0.8998
  Hist_Corr: 0.9162
  Time: 5.69 seconds

93.3% target:
  Target: 1246756 bits
  Actual: 1246756 bits
  BPP: 1.188999
  PSNR: 34.03
  SSIM: 0.8929
  Hist_Corr: 0.9122
  Time: 5.83 seconds

Results summary:
Total processing time: 59.17 seconds
Average time per point: 3.94 seconds
Results saved to ./pred_and_QR/outcome/plots/male/precise_proposed

Data table:
 Target_Percentage  Target_Payload  Actual_Payload      BPP      PSNR   SSIM  Hist_Corr  Processing_Time
          6.666667           89054           89054 0.084929 49.304383 0.9938   0.998925         1.558715
         13.333333          178108          178108 0.169857 45.498462 0.9851   0.989895         1.600994
         20.000000          267162          267162 0.254786 44.045945 0.9808   0.982998         1.663150
         26.666667          356216          356216 0.339714 42.539850 0.9760   0.979486         2.662774
         33.333333          445270          445270 0.424643 41.137577 0.9650   0.963292         2.764183
         40.000000          534324          534324 0.509571 39.751433 0.9568   0.954703         2.808379
         46.666667          623378          623378 0.594500 38.785999 0.9502   0.946171         3.683407
         53.333333          712432          712432 0.679428 37.935943 0.9413   0.936110         3.672394
         60.000000          801486          801486 0.764357 37.172897 0.9341   0.933931         3.769946
         66.666667          890540          890540 0.849285 36.614589 0.9286   0.934728         4.786298
         73.333333          979594          979594 0.934214 36.296166 0.9242   0.931937         4.712716
         80.000000         1068648         1068648 1.019142 35.024719 0.9089   0.917686         4.837088
         86.666667         1157702         1157702 1.104071 34.475866 0.8998   0.916205         5.685203
         93.333333         1246756         1246756 1.188999 34.032619 0.8929   0.912225         5.832875
        100.000000         1335811         1335811 1.273929 33.794222 0.8862   0.905422         7.209152