Multi-predictor precise measurement run started at 2025-06-16 15:22:57
Image: F16.tiff
Method: rotation
Total embeddings: 4
EL mode: 0
Segments: 20
Predictor ratio settings:
  PROPOSED: 1.0
  MED: 1.0
  GAP: 1.0
  RHOMBUS: 0.1
Split size: 2x2, block_base=True

================================================================================

Starting precise measurements for proposed predictor
Using ratio_of_ones = 1.0

Completed measurements for proposed predictor
Time taken: 26.36 seconds

Starting precise measurements for med predictor
Using ratio_of_ones = 1.0

Completed measurements for med predictor
Time taken: 3.78 seconds

Starting precise measurements for gap predictor
Using ratio_of_ones = 1.0

Completed measurements for gap predictor
Time taken: 3.54 seconds

Starting precise measurements for rhombus predictor
Using ratio_of_ones = 0.1

Completed measurements for rhombus predictor
Time taken: 4.18 seconds


Comparison completed at 2025-06-16 15:23:38
Total processing time: 40.32 seconds

