Multi-predictor precise measurement run started at 2025-06-17 23:22:04
Image: F16.tiff
Method: rotation
Total embeddings: 4
EL mode: 0
Using step_size: 100000 bits (segments parameter ignored)
Measurement mode: step_size
Predictor ratio settings:
  PROPOSED: 0.5
  MED: 0.5
  GAP: 0.5
  RHOMBUS: 0.5
Split size: 2x2, block_base=True

================================================================================

Starting precise measurements for proposed predictor
Using ratio_of_ones = 0.5
Using step_size = 100000 bits

Completed measurements for proposed predictor
Time taken: 46.74 seconds
Generated 14 data points
Measurement mode used: step_size=100000

Error processing proposed: [Errno 13] Permission denied: './Prediction_Error_Embedding/outcome/plots/F16/precise_comparison/proposed_precise.csv'
Traceback (most recent call last):
  File "d:\Google Drive\files\碩班\Data-Hiding\Prediction_Error_Embedding\utils.py", line 1312, in run_multi_predictor_precise_measurements
    results_df.to_csv(f"{comparison_dir}/{method_name.lower()}_precise.csv", index=False)
  File "C:\Users\Admin\Anaconda3\envs\pee_thesis\lib\site-packages\pandas\core\generic.py", line 3772, in to_csv
    return DataFrameRenderer(formatter).to_csv(
  File "C:\Users\Admin\Anaconda3\envs\pee_thesis\lib\site-packages\pandas\io\formats\format.py", line 1186, in to_csv
    csv_formatter.save()
  File "C:\Users\Admin\Anaconda3\envs\pee_thesis\lib\site-packages\pandas\io\formats\csvs.py", line 240, in save
    with get_handle(
  File "C:\Users\Admin\Anaconda3\envs\pee_thesis\lib\site-packages\pandas\io\common.py", line 859, in get_handle
    handle = open(
PermissionError: [Errno 13] Permission denied: './Prediction_Error_Embedding/outcome/plots/F16/precise_comparison/proposed_precise.csv'


Starting precise measurements for med predictor
Using ratio_of_ones = 0.5
Using step_size = 100000 bits

Completed measurements for med predictor
Time taken: 11.81 seconds
Generated 18 data points
Measurement mode used: step_size=100000

Starting precise measurements for gap predictor
Using ratio_of_ones = 0.5
Using step_size = 100000 bits

Completed measurements for gap predictor
Time taken: 10.14 seconds
Generated 16 data points
Measurement mode used: step_size=100000

Starting precise measurements for rhombus predictor
Using ratio_of_ones = 0.5
Using step_size = 100000 bits

Completed measurements for rhombus predictor
Time taken: 16.15 seconds
Generated 23 data points
Measurement mode used: step_size=100000


Comparison completed at 2025-06-17 23:23:31
Total processing time: 86.92 seconds
Final confirmation: Used step_size=100000 for all predictors

