Multi-predictor precise measurement run started at 2025-06-17 22:00:42
Image: Male.tiff
Method: split
Total embeddings: 4
EL mode: 0
Using step_size: 100000 bits (segments parameter ignored)
Measurement mode: step_size
Predictor ratio settings:
  PROPOSED: 0.5
  MED: 0.5
  GAP: 0.5
  RHOMBUS: 0.5
Split size: 2x2, block_base=True

================================================================================

Starting precise measurements for proposed predictor
Using ratio_of_ones = 0.5
Using step_size = 100000 bits

Completed measurements for proposed predictor
Time taken: 39.77 seconds
Generated 12 data points
Measurement mode used: step_size=100000

Starting precise measurements for med predictor
Using ratio_of_ones = 0.5
Using step_size = 100000 bits

Completed measurements for med predictor
Time taken: 9.13 seconds
Generated 15 data points
Measurement mode used: step_size=100000

Starting precise measurements for gap predictor
Using ratio_of_ones = 0.5
Using step_size = 100000 bits

Completed measurements for gap predictor
Time taken: 8.53 seconds
Generated 14 data points
Measurement mode used: step_size=100000

Starting precise measurements for rhombus predictor
Using ratio_of_ones = 0.5
Using step_size = 100000 bits

Completed measurements for rhombus predictor
Time taken: 12.22 seconds
Generated 20 data points
Measurement mode used: step_size=100000


Comparison completed at 2025-06-17 22:01:54
Total processing time: 71.80 seconds
Final confirmation: Used step_size=100000 for all predictors

