Multi-predictor precise measurement run started at 2025-06-18 01:24:44
Image: Male.tiff
Method: split
Total embeddings: 4
EL mode: 0
Using step_size: 100000 bits (segments parameter ignored)
Measurement mode: step_size
Predictor ratio settings:
  PROPOSED: 0.5
  MED: 0.5
  GAP: 0.5
  RHOMBUS: 0.5
Split size: 2x2, block_base=True

================================================================================

Starting precise measurements for proposed predictor
Using ratio_of_ones = 0.5
Using step_size = 100000 bits

Completed measurements for proposed predictor
Time taken: 72.46 seconds
Generated 17 data points
Measurement mode used: step_size=100000

Starting precise measurements for med predictor
Using ratio_of_ones = 0.5
Using step_size = 100000 bits

Completed measurements for med predictor
Time taken: 9.71 seconds
Generated 13 data points
Measurement mode used: step_size=100000

Starting precise measurements for gap predictor
Using ratio_of_ones = 0.5
Using step_size = 100000 bits

Completed measurements for gap predictor
Time taken: 8.60 seconds
Generated 11 data points
Measurement mode used: step_size=100000

Starting precise measurements for rhombus predictor
Using ratio_of_ones = 0.5
Using step_size = 100000 bits

Completed measurements for rhombus predictor
Time taken: 11.53 seconds
Generated 15 data points
Measurement mode used: step_size=100000


Comparison completed at 2025-06-18 01:26:28
Total processing time: 104.61 seconds
Final confirmation: Used step_size=100000 for all predictors

