Multi-predictor precise measurement run started at 2025-06-16 15:50:45
Image: Male.tiff
Method: rotation
Total embeddings: 4
EL mode: 0
Segments: 20
Predictor ratio settings:
  PROPOSED: 0.0
  MED: 1.0
  GAP: 1.0
  RHOMBUS: 1.0
Split size: 2x2, block_base=True

================================================================================

Starting precise measurements for proposed predictor
Using ratio_of_ones = 0.0

Completed measurements for proposed predictor
Time taken: 82.04 seconds

Starting precise measurements for med predictor
Using ratio_of_ones = 1.0

Completed measurements for med predictor
Time taken: 8.67 seconds

Starting precise measurements for gap predictor
Using ratio_of_ones = 1.0

Completed measurements for gap predictor
Time taken: 8.56 seconds

Starting precise measurements for rhombus predictor
Using ratio_of_ones = 1.0

Completed measurements for rhombus predictor
Time taken: 9.24 seconds


Comparison completed at 2025-06-16 15:52:36
Total processing time: 110.71 seconds

