Multi-predictor precise measurement run started at 2025-02-26 01:35:22
Image: male.png
Method: split
Total embeddings: 5
EL mode: 0
Segments: 15
Predictor ratio settings:
  PROPOSED: 0.5
  MED: 1.0
  GAP: 0.7
  RHOMBUS: 0.9
Split size: 2x2, block_base=False

================================================================================

Starting precise measurements for proposed predictor
Using ratio_of_ones = 0.5

Completed measurements for proposed predictor
Time taken: 54.99 seconds

Starting precise measurements for med predictor
Using ratio_of_ones = 1.0

Completed measurements for med predictor
Time taken: 19.21 seconds

Starting precise measurements for gap predictor
Using ratio_of_ones = 0.7

Completed measurements for gap predictor
Time taken: 19.41 seconds

Starting precise measurements for rhombus predictor
Using ratio_of_ones = 0.9

Completed measurements for rhombus predictor
Time taken: 18.46 seconds


Comparison completed at 2025-02-26 01:37:18
Total processing time: 115.59 seconds

