Multi-predictor precise measurement run started at 2025-06-17 21:04:31
Image: Male.tiff
Method: rotation
Total embeddings: 4
EL mode: 0
Using step_size: 100000 bits (segments parameter ignored)
Measurement mode: step_size
Predictor ratio settings:
  PROPOSED: 0.5
  MED: 0.5
  GAP: 0.5
  RHOMBUS: 0.5
Split size: 2x2, block_base=True

================================================================================

Starting precise measurements for proposed predictor
Using ratio_of_ones = 0.5
Using step_size = 100000 bits

Completed measurements for proposed predictor
Time taken: 46.98 seconds
Generated 13 data points
Measurement mode used: step_size=100000

Starting precise measurements for med predictor
Using ratio_of_ones = 0.5
Using step_size = 100000 bits

Completed measurements for med predictor
Time taken: 6.72 seconds
Generated 14 data points
Measurement mode used: step_size=100000

Starting precise measurements for gap predictor
Using ratio_of_ones = 0.5
Using step_size = 100000 bits

Completed measurements for gap predictor
Time taken: 7.15 seconds
Generated 14 data points
Measurement mode used: step_size=100000

Starting precise measurements for rhombus predictor
Using ratio_of_ones = 0.5
Using step_size = 100000 bits

Completed measurements for rhombus predictor
Time taken: 10.28 seconds
Generated 20 data points
Measurement mode used: step_size=100000


Comparison completed at 2025-06-17 21:05:45
Total processing time: 73.32 seconds
Final confirmation: Used step_size=100000 for all predictors

