INFO:__main__:Prediction errors: [[44  0 38 ...  0 67  0]
 [ 0  0  0 ...  0  0  0]
 [43  0 34 ...  0 47  0]
 ...
 [ 0  0  0 ...  0  0  0]
 [51  0 44 ...  0 81  0]
 [ 0  0  0 ...  0  0  0]]
INFO:__main__:Embedding pixel (0, 0) - Prediction error: 44
INFO:__main__:Embedding pixel (0, 1) - Prediction error: 0
INFO:__main__:Embedding pixel (0, 2) - Prediction error: 38
INFO:__main__:Embedding pixel (0, 3) - Prediction error: 0
INFO:__main__:Embedding pixel (0, 4) - Prediction error: 38
INFO:__main__:Embedding pixel (0, 5) - Prediction error: 0
INFO:__main__:Embedding pixel (0, 6) - Prediction error: 37
INFO:__main__:Embedding pixel (0, 7) - Prediction error: 0
INFO:__main__:Modified positions: [[ True  True  True ... False False False]
 [False False False ... False False False]
 [False False False ... False False False]
 ...
 [False False False ... False False False]
 [False False False ... False False False]
 [False False False ... False False False]]
