Precise measurement run started at 2025-02-25 23:48:52
Image: male
Method: split
Prediction method: proposed
Ratio of ones: 0.5
Total embeddings: 5
EL mode: 0
Segments: 15
Use different weights: False

================================================================================

Step 1: Finding maximum payload capacity
Maximum payload: 1334166 bits
Max BPP: 1.272360
Time taken: 6.20 seconds

Step 2: Calculating 15 evenly distributed payload points
Target payload points:
  Point 1: 88944 bits (6.7% of max)
  Point 2: 177888 bits (13.3% of max)
  Point 3: 266833 bits (20.0% of max)
  Point 4: 355777 bits (26.7% of max)
  Point 5: 444722 bits (33.3% of max)
  Point 6: 533666 bits (40.0% of max)
  Point 7: 622610 bits (46.7% of max)
  Point 8: 711555 bits (53.3% of max)
  Point 9: 800499 bits (60.0% of max)
  Point 10: 889444 bits (66.7% of max)
  Point 11: 978388 bits (73.3% of max)
  Point 12: 1067332 bits (80.0% of max)
  Point 13: 1156277 bits (86.7% of max)
  Point 14: 1245221 bits (93.3% of max)
  Point 15: 1334166 bits (100.0% of max)

Step 3: Running embedding algorithm for each target point
100.0% target (Max capacity):
  Target: 1334166 bits
  Actual: 1334166 bits
  BPP: 1.272360
  PSNR: 33.98
  SSIM: 0.8905
  Hist_Corr: 0.9127
  Time: 6.20 seconds

6.7% target:
  Target: 88944 bits
  Actual: 88944 bits
  BPP: 0.084824
  PSNR: 48.65
  SSIM: 0.9927
  Hist_Corr: 0.9981
  Time: 1.33 seconds

13.3% target:
  Target: 177888 bits
  Actual: 177888 bits
  BPP: 0.169647
  PSNR: 46.01
  SSIM: 0.9875
  Hist_Corr: 0.9943
  Time: 1.44 seconds

20.0% target:
  Target: 266833 bits
  Actual: 266833 bits
  BPP: 0.254472
  PSNR: 43.91
  SSIM: 0.9794
  Hist_Corr: 0.9786
  Time: 1.51 seconds

26.7% target:
  Target: 355777 bits
  Actual: 355777 bits
  BPP: 0.339295
  PSNR: 42.93
  SSIM: 0.9768
  Hist_Corr: 0.9834
  Time: 2.27 seconds

33.3% target:
  Target: 444722 bits
  Actual: 444722 bits
  BPP: 0.424120
  PSNR: 41.16
  SSIM: 0.9668
  Hist_Corr: 0.9719
  Time: 2.31 seconds

40.0% target:
  Target: 533666 bits
  Actual: 533666 bits
  BPP: 0.508944
  PSNR: 40.06
  SSIM: 0.9601
  Hist_Corr: 0.9645
  Time: 2.41 seconds

46.7% target:
  Target: 622610 bits
  Actual: 622610 bits
  BPP: 0.593767
  PSNR: 39.45
  SSIM: 0.9569
  Hist_Corr: 0.9543
  Time: 3.17 seconds

53.3% target:
  Target: 711555 bits
  Actual: 711555 bits
  BPP: 0.678592
  PSNR: 38.46
  SSIM: 0.9471
  Hist_Corr: 0.9520
  Time: 3.18 seconds

60.0% target:
  Target: 800499 bits
  Actual: 800499 bits
  BPP: 0.763415
  PSNR: 37.40
  SSIM: 0.9366
  Hist_Corr: 0.9365
  Time: 3.46 seconds

66.7% target:
  Target: 889444 bits
  Actual: 889444 bits
  BPP: 0.848240
  PSNR: 36.54
  SSIM: 0.9277
  Hist_Corr: 0.9327
  Time: 4.12 seconds

73.3% target:
  Target: 978388 bits
  Actual: 978388 bits
  BPP: 0.933064
  PSNR: 36.27
  SSIM: 0.9245
  Hist_Corr: 0.9272
  Time: 4.17 seconds

80.0% target:
  Target: 1067332 bits
  Actual: 1067332 bits
  BPP: 1.017887
  PSNR: 35.35
  SSIM: 0.9131
  Hist_Corr: 0.9300
  Time: 4.06 seconds

86.7% target:
  Target: 1156277 bits
  Actual: 1156277 bits
  BPP: 1.102712
  PSNR: 35.26
  SSIM: 0.9103
  Hist_Corr: 0.9287
  Time: 4.93 seconds

93.3% target:
  Target: 1245221 bits
  Actual: 1245221 bits
  BPP: 1.187535
  PSNR: 34.39
  SSIM: 0.8968
  Hist_Corr: 0.9131
  Time: 5.05 seconds

Results summary:
Total processing time: 51.34 seconds
Average time per point: 3.42 seconds
Results saved to ./pred_and_QR/outcome/plots/male/precise_proposed

Data table:
 Target_Percentage  Target_Payload  Actual_Payload      BPP      PSNR   SSIM  Hist_Corr  Processing_Time
          6.666667           88944           88944 0.084824 48.650615 0.9927   0.998101         1.330867
         13.333333          177888          177888 0.169647 46.010955 0.9875   0.994289         1.439310
         20.000000          266833          266833 0.254472 43.914383 0.9794   0.978644         1.505729
         26.666667          355777          355777 0.339295 42.934337 0.9768   0.983383         2.271940
         33.333333          444722          444722 0.424120 41.161043 0.9668   0.971888         2.309310
         40.000000          533666          533666 0.508944 40.064226 0.9601   0.964484         2.407521
         46.666667          622610          622610 0.593767 39.451895 0.9569   0.954266         3.167450
         53.333333          711555          711555 0.678592 38.461127 0.9471   0.951996         3.182670
         60.000000          800499          800499 0.763415 37.395436 0.9366   0.936453         3.464698
         66.666667          889444          889444 0.848240 36.544202 0.9277   0.932700         4.118803
         73.333333          978388          978388 0.933064 36.267442 0.9245   0.927159         4.172880
         80.000000         1067332         1067332 1.017887 35.349411 0.9131   0.930004         4.055720
         86.666667         1156277         1156277 1.102712 35.261755 0.9103   0.928727         4.934751
         93.333333         1245221         1245221 1.187535 34.389275 0.8968   0.913090         5.045028
        100.000000         1334166         1334166 1.272360 33.984744 0.8905   0.912726         6.197441