Precise measurement run started at 2025-02-26 00:17:17
Image: male
Method: split
Prediction method: proposed
Ratio of ones: 0.5
Total embeddings: 5
EL mode: 0
Segments: 15
Use different weights: False

================================================================================

Step 1: Finding maximum payload capacity
Maximum payload: 1330453 bits
Max BPP: 1.268819
Time taken: 6.92 seconds

Step 2: Calculating 15 evenly distributed payload points
Target payload points:
  Point 1: 88696 bits (6.7% of max)
  Point 2: 177393 bits (13.3% of max)
  Point 3: 266090 bits (20.0% of max)
  Point 4: 354787 bits (26.7% of max)
  Point 5: 443484 bits (33.3% of max)
  Point 6: 532181 bits (40.0% of max)
  Point 7: 620878 bits (46.7% of max)
  Point 8: 709574 bits (53.3% of max)
  Point 9: 798271 bits (60.0% of max)
  Point 10: 886968 bits (66.7% of max)
  Point 11: 975665 bits (73.3% of max)
  Point 12: 1064362 bits (80.0% of max)
  Point 13: 1153059 bits (86.7% of max)
  Point 14: 1241756 bits (93.3% of max)
  Point 15: 1330453 bits (100.0% of max)

Step 3: Running embedding algorithm for each target point
100.0% target (Max capacity):
  Target: 1330453 bits
  Actual: 1330453 bits
  BPP: 1.268819
  PSNR: 33.70
  SSIM: 0.8855
  Hist_Corr: 0.9089
  Time: 6.92 seconds

6.7% target:
  Target: 88696 bits
  Actual: 88696 bits
  BPP: 0.084587
  PSNR: 48.86
  SSIM: 0.9931
  Hist_Corr: 0.9985
  Time: 1.51 seconds

13.3% target:
  Target: 177393 bits
  Actual: 177393 bits
  BPP: 0.169175
  PSNR: 45.56
  SSIM: 0.9860
  Hist_Corr: 0.9925
  Time: 1.76 seconds

20.0% target:
  Target: 266090 bits
  Actual: 266090 bits
  BPP: 0.253763
  PSNR: 43.78
  SSIM: 0.9785
  Hist_Corr: 0.9766
  Time: 1.78 seconds

26.7% target:
  Target: 354787 bits
  Actual: 354787 bits
  BPP: 0.338351
  PSNR: 42.48
  SSIM: 0.9733
  Hist_Corr: 0.9664
  Time: 2.48 seconds

33.3% target:
  Target: 443484 bits
  Actual: 443484 bits
  BPP: 0.422939
  PSNR: 40.82
  SSIM: 0.9625
  Hist_Corr: 0.9637
  Time: 2.60 seconds

40.0% target:
  Target: 532181 bits
  Actual: 532181 bits
  BPP: 0.507527
  PSNR: 39.80
  SSIM: 0.9575
  Hist_Corr: 0.9570
  Time: 2.74 seconds

46.7% target:
  Target: 620878 bits
  Actual: 620878 bits
  BPP: 0.592115
  PSNR: 39.11
  SSIM: 0.9529
  Hist_Corr: 0.9533
  Time: 3.66 seconds

53.3% target:
  Target: 709574 bits
  Actual: 709574 bits
  BPP: 0.676702
  PSNR: 37.90
  SSIM: 0.9418
  Hist_Corr: 0.9438
  Time: 3.73 seconds

60.0% target:
  Target: 798271 bits
  Actual: 798271 bits
  BPP: 0.761291
  PSNR: 37.27
  SSIM: 0.9344
  Hist_Corr: 0.9334
  Time: 3.70 seconds

66.7% target:
  Target: 886968 bits
  Actual: 886968 bits
  BPP: 0.845879
  PSNR: 36.83
  SSIM: 0.9305
  Hist_Corr: 0.9456
  Time: 4.58 seconds

73.3% target:
  Target: 975665 bits
  Actual: 975665 bits
  BPP: 0.930467
  PSNR: 35.97
  SSIM: 0.9192
  Hist_Corr: 0.9258
  Time: 4.88 seconds

80.0% target:
  Target: 1064362 bits
  Actual: 1064362 bits
  BPP: 1.015055
  PSNR: 35.11
  SSIM: 0.9072
  Hist_Corr: 0.9189
  Time: 4.71 seconds

86.7% target:
  Target: 1153059 bits
  Actual: 1153059 bits
  BPP: 1.099643
  PSNR: 35.36
  SSIM: 0.9124
  Hist_Corr: 0.9232
  Time: 6.14 seconds

93.3% target:
  Target: 1241756 bits
  Actual: 1241756 bits
  BPP: 1.184231
  PSNR: 34.57
  SSIM: 0.8998
  Hist_Corr: 0.9070
  Time: 5.96 seconds

Results summary:
Total processing time: 59.09 seconds
Average time per point: 3.94 seconds
Results saved to ./pred_and_QR/outcome/plots/male/precise_proposed

Data table:
 Target_Percentage  Target_Payload  Actual_Payload      BPP      PSNR   SSIM  Hist_Corr  Processing_Time
          6.666667           88696           88696 0.084587 48.856274 0.9931   0.998474         1.507514
         13.333333          177393          177393 0.169175 45.564386 0.9860   0.992507         1.760215
         20.000000          266090          266090 0.253763 43.775968 0.9785   0.976612         1.776556
         26.666667          354787          354787 0.338351 42.484193 0.9733   0.966374         2.477906
         33.333333          443484          443484 0.422939 40.817461 0.9625   0.963722         2.604889
         40.000000          532181          532181 0.507527 39.804530 0.9575   0.957003         2.738409
         46.666667          620878          620878 0.592115 39.114057 0.9529   0.953314         3.664341
         53.333333          709574          709574 0.676702 37.899904 0.9418   0.943816         3.729834
         60.000000          798271          798271 0.761291 37.272092 0.9344   0.933380         3.696486
         66.666667          886968          886968 0.845879 36.830605 0.9305   0.945614         4.583603
         73.333333          975665          975665 0.930467 35.969463 0.9192   0.925774         4.876041
         80.000000         1064362         1064362 1.015055 35.114726 0.9072   0.918884         4.712900
         86.666667         1153059         1153059 1.099643 35.363243 0.9124   0.923233         6.144532
         93.333333         1241756         1241756 1.184231 34.570095 0.8998   0.907022         5.964366
        100.000000         1330453         1330453 1.268819 33.697819 0.8855   0.908886         6.920716