Simplified measurement run started at 2025-02-26 00:18:19
Image: male
Method: split
Prediction method: med
Ratio of ones: 1.0
Total embeddings: 5
EL mode: 0
Segments: 15
Use different weights: False

================================================================================

Step 1: Finding maximum payload capacity
Maximum payload: 1163856 bits
Max BPP: 1.109940
Time taken: 1.78 seconds

Step 2: Calculating 15 evenly distributed payload points
Target payload points:
  Point 1: 77590 bits (6.7% of max)
  Point 2: 155180 bits (13.3% of max)
  Point 3: 232771 bits (20.0% of max)
  Point 4: 310361 bits (26.7% of max)
  Point 5: 387952 bits (33.3% of max)
  Point 6: 465542 bits (40.0% of max)
  Point 7: 543132 bits (46.7% of max)
  Point 8: 620723 bits (53.3% of max)
  Point 9: 698313 bits (60.0% of max)
  Point 10: 775904 bits (66.7% of max)
  Point 11: 853494 bits (73.3% of max)
  Point 12: 931084 bits (80.0% of max)
  Point 13: 1008675 bits (86.7% of max)
  Point 14: 1086265 bits (93.3% of max)
  Point 15: 1163856 bits (100.0% of max)

Step 3: Running embedding algorithm for each target point
100.0% target (Max capacity):
  Target: 1163856 bits
  Actual: 1163856 bits
  BPP: 1.109940
  PSNR: 32.67
  SSIM: 0.8655
  Hist_Corr: 0.8176
  Time: 1.78 seconds

6.7% target:
  Target: 77590 bits
  Actual: 77590 bits
  BPP: 0.073996
  PSNR: 47.35
  SSIM: 0.9903
  Hist_Corr: 0.9938
  Time: 0.70 seconds

13.3% target:
  Target: 155180 bits
  Actual: 155180 bits
  BPP: 0.147991
  PSNR: 44.28
  SSIM: 0.9807
  Hist_Corr: 0.9746
  Time: 0.77 seconds

20.0% target:
  Target: 232771 bits
  Actual: 232771 bits
  BPP: 0.221988
  PSNR: 42.55
  SSIM: 0.9727
  Hist_Corr: 0.9411
  Time: 0.83 seconds

26.7% target:
  Target: 310361 bits
  Actual: 310361 bits
  BPP: 0.295983
  PSNR: 41.26
  SSIM: 0.9659
  Hist_Corr: 0.8946
  Time: 0.94 seconds

33.3% target:
  Target: 387952 bits
  Actual: 387952 bits
  BPP: 0.369980
  PSNR: 39.91
  SSIM: 0.9565
  Hist_Corr: 0.9019
  Time: 1.02 seconds

40.0% target:
  Target: 465542 bits
  Actual: 465542 bits
  BPP: 0.443975
  PSNR: 38.47
  SSIM: 0.9460
  Hist_Corr: 0.8904
  Time: 1.00 seconds

46.7% target:
  Target: 543132 bits
  Actual: 543132 bits
  BPP: 0.517971
  PSNR: 37.50
  SSIM: 0.9376
  Hist_Corr: 0.8766
  Time: 1.03 seconds

53.3% target:
  Target: 620723 bits
  Actual: 620723 bits
  BPP: 0.591968
  PSNR: 36.56
  SSIM: 0.9293
  Hist_Corr: 0.8687
  Time: 1.09 seconds

60.0% target:
  Target: 698313 bits
  Actual: 698313 bits
  BPP: 0.665963
  PSNR: 35.73
  SSIM: 0.9182
  Hist_Corr: 0.8737
  Time: 1.15 seconds

66.7% target:
  Target: 775904 bits
  Actual: 775904 bits
  BPP: 0.739960
  PSNR: 35.10
  SSIM: 0.9124
  Hist_Corr: 0.8625
  Time: 1.23 seconds

73.3% target:
  Target: 853494 bits
  Actual: 853494 bits
  BPP: 0.813955
  PSNR: 34.76
  SSIM: 0.9050
  Hist_Corr: 0.8665
  Time: 1.26 seconds

80.0% target:
  Target: 931084 bits
  Actual: 931084 bits
  BPP: 0.887951
  PSNR: 34.15
  SSIM: 0.8954
  Hist_Corr: 0.8489
  Time: 1.36 seconds

86.7% target:
  Target: 1008675 bits
  Actual: 1008675 bits
  BPP: 0.961947
  PSNR: 33.63
  SSIM: 0.8860
  Hist_Corr: 0.8352
  Time: 1.47 seconds

93.3% target:
  Target: 1086265 bits
  Actual: 1086265 bits
  BPP: 1.035943
  PSNR: 34.00
  SSIM: 0.8863
  Hist_Corr: 0.8613
  Time: 1.40 seconds

Results summary:
Total processing time: 18.77 seconds
Average time per point: 1.25 seconds
Results saved to ./pred_and_QR/outcome/plots/male/data_med

Data table:
 Target_Percentage  Target_Payload  Actual_Payload      BPP      PSNR   SSIM  Hist_Corr  Processing_Time
          6.666667           77590           77590 0.073996 47.348158 0.9903   0.993759         0.702486
         13.333333          155180          155180 0.147991 44.280288 0.9807   0.974597         0.767159
         20.000000          232771          232771 0.221988 42.551397 0.9727   0.941076         0.828393
         26.666667          310361          310361 0.295983 41.262084 0.9659   0.894592         0.939975
         33.333333          387952          387952 0.369980 39.907062 0.9565   0.901881         1.019210
         40.000000          465542          465542 0.443975 38.465025 0.9460   0.890395         0.996339
         46.666667          543132          543132 0.517971 37.499566 0.9376   0.876621         1.031572
         53.333333          620723          620723 0.591968 36.560270 0.9293   0.868716         1.090973
         60.000000          698313          698313 0.665963 35.729956 0.9182   0.873718         1.147792
         66.666667          775904          775904 0.739960 35.098060 0.9124   0.862495         1.232059
         73.333333          853494          853494 0.813955 34.756108 0.9050   0.866493         1.260183
         80.000000          931084          931084 0.887951 34.153463 0.8954   0.848866         1.356975
         86.666667         1008675         1008675 0.961947 33.630360 0.8860   0.835191         1.467815
         93.333333         1086265         1086265 1.035943 34.004330 0.8863   0.861334         1.403408
        100.000000         1163856         1163856 1.109940 32.673039 0.8655   0.817589         1.777731