Simplified measurement run started at 2025-03-10 19:00:45
Image: male
Method: split
Prediction method: med
Ratio of ones: 1.0
Total embeddings: 5
EL mode: 0
Segments: 15
Use different weights: False

================================================================================

Step 1: Finding maximum payload capacity
Maximum payload: 233350 bits
Max BPP: 0.222540
Time taken: 1.52 seconds

Step 2: Calculating 15 evenly distributed payload points
Target payload points:
  Point 1: 15556 bits (6.7% of max)
  Point 2: 31113 bits (13.3% of max)
  Point 3: 46670 bits (20.0% of max)
  Point 4: 62226 bits (26.7% of max)
  Point 5: 77783 bits (33.3% of max)
  Point 6: 93340 bits (40.0% of max)
  Point 7: 108896 bits (46.7% of max)
  Point 8: 124453 bits (53.3% of max)
  Point 9: 140010 bits (60.0% of max)
  Point 10: 155566 bits (66.7% of max)
  Point 11: 171123 bits (73.3% of max)
  Point 12: 186680 bits (80.0% of max)
  Point 13: 202236 bits (86.7% of max)
  Point 14: 217793 bits (93.3% of max)
  Point 15: 233350 bits (100.0% of max)

Step 3: Running embedding algorithm for each target point
100.0% target (Max capacity):
  Target: 233350 bits
  Actual: 233350 bits
  BPP: 0.222540
  PSNR: 53.83
  SSIM: 0.9947
  Hist_Corr: 0.9512
  Time: 1.52 seconds

6.7% target:
  Target: 15556 bits
  Actual: 15556 bits
  BPP: 0.014835
  PSNR: 67.96
  SSIM: 0.9999
  Hist_Corr: 0.9984
  Time: 0.53 seconds

13.3% target:
  Target: 31113 bits
  Actual: 31113 bits
  BPP: 0.029672
  PSNR: 66.03
  SSIM: 0.9998
  Hist_Corr: 0.9971
  Time: 0.52 seconds

20.0% target:
  Target: 46670 bits
  Actual: 46670 bits
  BPP: 0.044508
  PSNR: 63.91
  SSIM: 0.9996
  Hist_Corr: 0.9911
  Time: 0.56 seconds

26.7% target:
  Target: 62226 bits
  Actual: 62226 bits
  BPP: 0.059343
  PSNR: 62.22
  SSIM: 0.9994
  Hist_Corr: 0.9805
  Time: 0.60 seconds

33.3% target:
  Target: 77783 bits
  Actual: 77783 bits
  BPP: 0.074180
  PSNR: 61.89
  SSIM: 0.9994
  Hist_Corr: 0.9831
  Time: 0.62 seconds

40.0% target:
  Target: 93340 bits
  Actual: 93340 bits
  BPP: 0.089016
  PSNR: 60.74
  SSIM: 0.9991
  Hist_Corr: 0.9628
  Time: 0.66 seconds

46.7% target:
  Target: 108896 bits
  Actual: 108896 bits
  BPP: 0.103851
  PSNR: 60.47
  SSIM: 0.9991
  Hist_Corr: 0.9665
  Time: 0.67 seconds

53.3% target:
  Target: 124453 bits
  Actual: 124453 bits
  BPP: 0.118688
  PSNR: 59.91
  SSIM: 0.9989
  Hist_Corr: 0.9547
  Time: 0.70 seconds

60.0% target:
  Target: 140010 bits
  Actual: 140010 bits
  BPP: 0.133524
  PSNR: 58.67
  SSIM: 0.9984
  Hist_Corr: 0.9570
  Time: 0.74 seconds

66.7% target:
  Target: 155566 bits
  Actual: 155566 bits
  BPP: 0.148359
  PSNR: 57.61
  SSIM: 0.9978
  Hist_Corr: 0.9550
  Time: 0.80 seconds

73.3% target:
  Target: 171123 bits
  Actual: 171123 bits
  BPP: 0.163196
  PSNR: 56.71
  SSIM: 0.9972
  Hist_Corr: 0.9543
  Time: 0.87 seconds

80.0% target:
  Target: 186680 bits
  Actual: 186680 bits
  BPP: 0.178032
  PSNR: 56.22
  SSIM: 0.9971
  Hist_Corr: 0.9513
  Time: 0.85 seconds

86.7% target:
  Target: 202236 bits
  Actual: 202236 bits
  BPP: 0.192867
  PSNR: 55.29
  SSIM: 0.9962
  Hist_Corr: 0.9541
  Time: 1.03 seconds

93.3% target:
  Target: 217793 bits
  Actual: 217793 bits
  BPP: 0.207704
  PSNR: 54.55
  SSIM: 0.9955
  Hist_Corr: 0.9512
  Time: 1.18 seconds

Results summary:
Total processing time: 14.22 seconds
Average time per point: 0.95 seconds
Results saved to ./Prediction_Error_Embedding/outcome/plots/male/data_med

Data table:
 Target_Percentage  Target_Payload  Actual_Payload      BPP      PSNR   SSIM  Hist_Corr  Processing_Time
          6.666667           15556           15556 0.014835 67.956565 0.9999   0.998354         0.533420
         13.333333           31113           31113 0.029672 66.033336 0.9998   0.997061         0.517647
         20.000000           46670           46670 0.044508 63.913260 0.9996   0.991148         0.558505
         26.666667           62226           62226 0.059343 62.219994 0.9994   0.980549         0.597187
         33.333333           77783           77783 0.074180 61.891826 0.9994   0.983087         0.619568
         40.000000           93340           93340 0.089016 60.737255 0.9991   0.962776         0.659908
         46.666667          108896          108896 0.103851 60.466522 0.9991   0.966499         0.667512
         53.333333          124453          124453 0.118688 59.914393 0.9989   0.954688         0.703671
         60.000000          140010          140010 0.133524 58.665162 0.9984   0.957013         0.743270
         66.666667          155566          155566 0.148359 57.605634 0.9978   0.954952         0.798978
         73.333333          171123          171123 0.163196 56.713459 0.9972   0.954283         0.865017
         80.000000          186680          186680 0.178032 56.216792 0.9971   0.951314         0.849684
         86.666667          202236          202236 0.192867 55.287010 0.9962   0.954096         1.027124
         93.333333          217793          217793 0.207704 54.554569 0.9955   0.951200         1.178791
        100.000000          233350          233350 0.222540 53.829863 0.9947   0.951210         1.520042