Simplified measurement run started at 2025-06-18 01:25:56
Image: Male
Method: split
Prediction method: med
Ratio of ones: 0.5
Total embeddings: 4
EL mode: 0
Using step_size: 100000 bits (segments parameter 20 ignored)
Measurement mode: step_size
Use different weights: True
Split size: 2, Block base: True

================================================================================

Step 1: Finding maximum payload capacity
Maximum payload: 1202436 bits
Max BPP: 1.146732
Time taken: 0.88 seconds

Step 2: Calculating measurement points
Using step_size: 100000 bits (segments parameter ignored)
Measurement mode: step_size=100000
Total measurement points: 13
Target payload points:
  Point 1: 100000 bits (8.3% of max)
  Point 2: 200000 bits (16.6% of max)
  Point 3: 300000 bits (24.9% of max)
  Point 4: 400000 bits (33.3% of max)
  Point 5: 500000 bits (41.6% of max)
  Point 6: 600000 bits (49.9% of max)
  Point 7: 700000 bits (58.2% of max)
  Point 8: 800000 bits (66.5% of max)
  Point 9: 900000 bits (74.8% of max)
  Point 10: 1000000 bits (83.2% of max)
  Point 11: 1100000 bits (91.5% of max)
  Point 12: 1200000 bits (99.8% of max)
  Point 13: 1202436 bits (100.0% of max) [using initial measurement]

Step 3: Running embedding algorithm for each target point
Processing 12 measurement points using step_size=100000
8.3% target (point 1/12):
  Target: 100000 bits
  Actual: 100000 bits
  BPP: 0.095367
  PSNR: 60.18
  SSIM: 0.9995
  Hist_Corr: 0.9974
  Time: 0.37 seconds

16.6% target (point 2/12):
  Target: 200000 bits
  Actual: 200000 bits
  BPP: 0.190735
  PSNR: 58.28
  SSIM: 0.9989
  Hist_Corr: 0.9764
  Time: 0.41 seconds

24.9% target (point 3/12):
  Target: 300000 bits
  Actual: 300000 bits
  BPP: 0.286102
  PSNR: 55.93
  SSIM: 0.9985
  Hist_Corr: 0.9863
  Time: 0.47 seconds

33.3% target (point 4/12):
  Target: 400000 bits
  Actual: 400000 bits
  BPP: 0.381470
  PSNR: 55.02
  SSIM: 0.9982
  Hist_Corr: 0.9839
  Time: 0.50 seconds

41.6% target (point 5/12):
  Target: 500000 bits
  Actual: 500000 bits
  BPP: 0.476837
  PSNR: 53.68
  SSIM: 0.9976
  Hist_Corr: 0.9887
  Time: 0.52 seconds

49.9% target (point 6/12):
  Target: 600000 bits
  Actual: 600000 bits
  BPP: 0.572205
  PSNR: 53.65
  SSIM: 0.9974
  Hist_Corr: 0.9750
  Time: 0.61 seconds

58.2% target (point 7/12):
  Target: 700000 bits
  Actual: 700000 bits
  BPP: 0.667572
  PSNR: 53.03
  SSIM: 0.9969
  Hist_Corr: 0.9782
  Time: 0.63 seconds

66.5% target (point 8/12):
  Target: 800000 bits
  Actual: 800000 bits
  BPP: 0.762939
  PSNR: 52.21
  SSIM: 0.9966
  Hist_Corr: 0.9637
  Time: 0.65 seconds

74.8% target (point 9/12):
  Target: 900000 bits
  Actual: 900000 bits
  BPP: 0.858307
  PSNR: 50.91
  SSIM: 0.9957
  Hist_Corr: 0.9790
  Time: 0.69 seconds

83.2% target (point 10/12):
  Target: 1000000 bits
  Actual: 1000000 bits
  BPP: 0.953674
  PSNR: 50.59
  SSIM: 0.9954
  Hist_Corr: 0.9661
  Time: 0.74 seconds

91.5% target (point 11/12):
  Target: 1100000 bits
  Actual: 1100000 bits
  BPP: 1.049042
  PSNR: 50.69
  SSIM: 0.9950
  Hist_Corr: 0.9568
  Time: 0.76 seconds

99.8% target (point 12/12):
  Target: 1200000 bits
  Actual: 1191923 bits
  BPP: 1.136706
  PSNR: 50.21
  SSIM: 0.9947
  Hist_Corr: 0.9600
  Time: 0.80 seconds

Results summary:
Measurement mode used: step_size=100000
Total data points generated: 13
Successful measurements: 13
Failed measurements: 0
Success rate: 100.0%
Total processing time: 9.69 seconds
Average time per point: 0.75 seconds
Results saved to ./Prediction_Error_Embedding/outcome/plots/Male/data_med
Final confirmation: Used step_size=100000 bits for med

Data table:
 Target_Percentage  Target_Payload  Actual_Payload      BPP      PSNR   SSIM  Hist_Corr  Processing_Time Measurement_Mode
          8.316451          100000          100000 0.095367 60.178967 0.9995   0.997408         0.372021 step_size=100000
         16.632902          200000          200000 0.190735 58.277323 0.9989   0.976375         0.411867 step_size=100000
         24.949353          300000          300000 0.286102 55.929389 0.9985   0.986317         0.468412 step_size=100000
         33.265804          400000          400000 0.381470 55.019878 0.9982   0.983944         0.496118 step_size=100000
         41.582255          500000          500000 0.476837 53.683614 0.9976   0.988696         0.516171 step_size=100000
         49.898706          600000          600000 0.572205 53.649269 0.9974   0.974983         0.613690 step_size=100000
         58.215157          700000          700000 0.667572 53.027177 0.9969   0.978180         0.631285 step_size=100000
         66.531608          800000          800000 0.762939 52.214656 0.9966   0.963662         0.645080 step_size=100000
         74.848058          900000          900000 0.858307 50.908515 0.9957   0.978985         0.687740 step_size=100000
         83.164509         1000000         1000000 0.953674 50.587146 0.9954   0.966121         0.742422 step_size=100000
         91.480960         1100000         1100000 1.049042 50.691096 0.9950   0.956796         0.764097 step_size=100000
         99.797411         1200000         1191923 1.136706 50.207876 0.9947   0.960024         0.797043 step_size=100000
        100.000000         1202436         1202436 1.146732 49.882889 0.9933   0.982539         0.884240 step_size=100000