Simplified measurement run started at 2025-03-16 14:15:09
Image: male
Method: split
Prediction method: med
Ratio of ones: 1.0
Total embeddings: 5
EL mode: 0
Segments: 15
Use different weights: False

================================================================================

Step 1: Finding maximum payload capacity
Maximum payload: 636172 bits
Max BPP: 0.606701
Time taken: 1.16 seconds

Step 2: Calculating 15 evenly distributed payload points
Target payload points:
  Point 1: 42411 bits (6.7% of max)
  Point 2: 84822 bits (13.3% of max)
  Point 3: 127234 bits (20.0% of max)
  Point 4: 169645 bits (26.7% of max)
  Point 5: 212057 bits (33.3% of max)
  Point 6: 254468 bits (40.0% of max)
  Point 7: 296880 bits (46.7% of max)
  Point 8: 339291 bits (53.3% of max)
  Point 9: 381703 bits (60.0% of max)
  Point 10: 424114 bits (66.7% of max)
  Point 11: 466526 bits (73.3% of max)
  Point 12: 508937 bits (80.0% of max)
  Point 13: 551349 bits (86.7% of max)
  Point 14: 593760 bits (93.3% of max)
  Point 15: 636172 bits (100.0% of max)

Step 3: Running embedding algorithm for each target point
100.0% target (Max capacity):
  Target: 636172 bits
  Actual: 636172 bits
  BPP: 0.606701
  PSNR: 53.63
  SSIM: 0.9946
  Hist_Corr: 0.9486
  Time: 1.16 seconds

6.7% target:
  Target: 42411 bits
  Actual: 42411 bits
  BPP: 0.040446
  PSNR: 66.01
  SSIM: 0.9998
  Hist_Corr: 0.9971
  Time: 0.41 seconds

13.3% target:
  Target: 84822 bits
  Actual: 84822 bits
  BPP: 0.080893
  PSNR: 63.01
  SSIM: 0.9996
  Hist_Corr: 0.9887
  Time: 0.48 seconds

20.0% target:
  Target: 127234 bits
  Actual: 127234 bits
  BPP: 0.121340
  PSNR: 61.26
  SSIM: 0.9993
  Hist_Corr: 0.9749
  Time: 0.53 seconds

26.7% target:
  Target: 169645 bits
  Actual: 169645 bits
  BPP: 0.161786
  PSNR: 60.02
  SSIM: 0.9989
  Hist_Corr: 0.9552
  Time: 0.56 seconds

33.3% target:
  Target: 212057 bits
  Actual: 212057 bits
  BPP: 0.202233
  PSNR: 58.69
  SSIM: 0.9985
  Hist_Corr: 0.9551
  Time: 0.62 seconds

40.0% target:
  Target: 254468 bits
  Actual: 254468 bits
  BPP: 0.242680
  PSNR: 57.46
  SSIM: 0.9980
  Hist_Corr: 0.9524
  Time: 0.70 seconds

46.7% target:
  Target: 296880 bits
  Actual: 296880 bits
  BPP: 0.283127
  PSNR: 57.22
  SSIM: 0.9976
  Hist_Corr: 0.9538
  Time: 0.70 seconds

53.3% target:
  Target: 339291 bits
  Actual: 339291 bits
  BPP: 0.323573
  PSNR: 56.03
  SSIM: 0.9970
  Hist_Corr: 0.9499
  Time: 0.69 seconds

60.0% target:
  Target: 381703 bits
  Actual: 381703 bits
  BPP: 0.364020
  PSNR: 56.13
  SSIM: 0.9968
  Hist_Corr: 0.9537
  Time: 0.72 seconds

66.7% target:
  Target: 424114 bits
  Actual: 424114 bits
  BPP: 0.404467
  PSNR: 55.22
  SSIM: 0.9963
  Hist_Corr: 0.9511
  Time: 0.77 seconds

73.3% target:
  Target: 466526 bits
  Actual: 466526 bits
  BPP: 0.444914
  PSNR: 54.85
  SSIM: 0.9959
  Hist_Corr: 0.9504
  Time: 0.80 seconds

80.0% target:
  Target: 508937 bits
  Actual: 508937 bits
  BPP: 0.485360
  PSNR: 54.45
  SSIM: 0.9954
  Hist_Corr: 0.9511
  Time: 0.86 seconds

86.7% target:
  Target: 551349 bits
  Actual: 551349 bits
  BPP: 0.525807
  PSNR: 53.89
  SSIM: 0.9950
  Hist_Corr: 0.9499
  Time: 0.91 seconds

93.3% target:
  Target: 593760 bits
  Actual: 593760 bits
  BPP: 0.566254
  PSNR: 54.32
  SSIM: 0.9952
  Hist_Corr: 0.9536
  Time: 0.91 seconds

Results summary:
Total processing time: 12.63 seconds
Average time per point: 0.84 seconds
Results saved to ./Prediction_Error_Embedding/outcome/plots/male/data_med

Data table:
 Target_Percentage  Target_Payload  Actual_Payload      BPP      PSNR   SSIM  Hist_Corr  Processing_Time
          6.666667           42411           42411 0.040446 66.010145 0.9998   0.997074         0.414937
         13.333333           84822           84822 0.080893 63.005822 0.9996   0.988670         0.476729
         20.000000          127234          127234 0.121340 61.261527 0.9993   0.974915         0.529560
         26.666667          169645          169645 0.161786 60.021304 0.9989   0.955218         0.559722
         33.333333          212057          212057 0.202233 58.693263 0.9985   0.955121         0.620532
         40.000000          254468          254468 0.242680 57.464527 0.9980   0.952412         0.702683
         46.666667          296880          296880 0.283127 57.218433 0.9976   0.953775         0.695060
         53.333333          339291          339291 0.323573 56.025625 0.9970   0.949943         0.690435
         60.000000          381703          381703 0.364020 56.133969 0.9968   0.953742         0.723381
         66.666667          424114          424114 0.404467 55.223821 0.9963   0.951051         0.769997
         73.333333          466526          466526 0.444914 54.847507 0.9959   0.950403         0.803946
         80.000000          508937          508937 0.485360 54.445071 0.9954   0.951132         0.864109
         86.666667          551349          551349 0.525807 53.892170 0.9950   0.949871         0.908767
         93.333333          593760          593760 0.566254 54.317647 0.9952   0.953560         0.911159
        100.000000          636172          636172 0.606701 53.633448 0.9946   0.948556         1.158631