Simplified measurement run started at 2025-03-10 19:11:07
Image: male
Method: split
Prediction method: med
Ratio of ones: 1.0
Total embeddings: 5
EL mode: 0
Segments: 15
Use different weights: False

================================================================================

Step 1: Finding maximum payload capacity
Maximum payload: 239668 bits
Max BPP: 0.228565
Time taken: 1.53 seconds

Step 2: Calculating 15 evenly distributed payload points
Target payload points:
  Point 1: 15977 bits (6.7% of max)
  Point 2: 31955 bits (13.3% of max)
  Point 3: 47933 bits (20.0% of max)
  Point 4: 63911 bits (26.7% of max)
  Point 5: 79889 bits (33.3% of max)
  Point 6: 95867 bits (40.0% of max)
  Point 7: 111845 bits (46.7% of max)
  Point 8: 127822 bits (53.3% of max)
  Point 9: 143800 bits (60.0% of max)
  Point 10: 159778 bits (66.7% of max)
  Point 11: 175756 bits (73.3% of max)
  Point 12: 191734 bits (80.0% of max)
  Point 13: 207712 bits (86.7% of max)
  Point 14: 223690 bits (93.3% of max)
  Point 15: 239668 bits (100.0% of max)

Step 3: Running embedding algorithm for each target point
100.0% target (Max capacity):
  Target: 239668 bits
  Actual: 239668 bits
  BPP: 0.228565
  PSNR: 53.74
  SSIM: 0.9947
  Hist_Corr: 0.9502
  Time: 1.53 seconds

6.7% target:
  Target: 15977 bits
  Actual: 15977 bits
  BPP: 0.015237
  PSNR: 67.40
  SSIM: 0.9999
  Hist_Corr: 0.9985
  Time: 0.59 seconds

13.3% target:
  Target: 31955 bits
  Actual: 31955 bits
  BPP: 0.030475
  PSNR: 64.83
  SSIM: 0.9998
  Hist_Corr: 0.9970
  Time: 0.60 seconds

20.0% target:
  Target: 47933 bits
  Actual: 47933 bits
  BPP: 0.045712
  PSNR: 63.54
  SSIM: 0.9996
  Hist_Corr: 0.9906
  Time: 0.62 seconds

26.7% target:
  Target: 63911 bits
  Actual: 63911 bits
  BPP: 0.060950
  PSNR: 62.24
  SSIM: 0.9994
  Hist_Corr: 0.9834
  Time: 0.69 seconds

33.3% target:
  Target: 79889 bits
  Actual: 79889 bits
  BPP: 0.076188
  PSNR: 61.57
  SSIM: 0.9993
  Hist_Corr: 0.9773
  Time: 0.68 seconds

40.0% target:
  Target: 95867 bits
  Actual: 95867 bits
  BPP: 0.091426
  PSNR: 60.66
  SSIM: 0.9990
  Hist_Corr: 0.9618
  Time: 0.75 seconds

46.7% target:
  Target: 111845 bits
  Actual: 111845 bits
  BPP: 0.106664
  PSNR: 60.33
  SSIM: 0.9989
  Hist_Corr: 0.9557
  Time: 0.75 seconds

53.3% target:
  Target: 127822 bits
  Actual: 127822 bits
  BPP: 0.121901
  PSNR: 59.53
  SSIM: 0.9987
  Hist_Corr: 0.9563
  Time: 0.75 seconds

60.0% target:
  Target: 143800 bits
  Actual: 143800 bits
  BPP: 0.137138
  PSNR: 58.38
  SSIM: 0.9983
  Hist_Corr: 0.9549
  Time: 0.82 seconds

66.7% target:
  Target: 159778 bits
  Actual: 159778 bits
  BPP: 0.152376
  PSNR: 57.52
  SSIM: 0.9979
  Hist_Corr: 0.9523
  Time: 0.86 seconds

73.3% target:
  Target: 175756 bits
  Actual: 175756 bits
  BPP: 0.167614
  PSNR: 56.84
  SSIM: 0.9975
  Hist_Corr: 0.9494
  Time: 0.91 seconds

80.0% target:
  Target: 191734 bits
  Actual: 191734 bits
  BPP: 0.182852
  PSNR: 55.69
  SSIM: 0.9965
  Hist_Corr: 0.9512
  Time: 1.08 seconds

86.7% target:
  Target: 207712 bits
  Actual: 207712 bits
  BPP: 0.198090
  PSNR: 54.87
  SSIM: 0.9956
  Hist_Corr: 0.9528
  Time: 1.27 seconds

93.3% target:
  Target: 223690 bits
  Actual: 223690 bits
  BPP: 0.213327
  PSNR: 54.62
  SSIM: 0.9957
  Hist_Corr: 0.9488
  Time: 1.14 seconds

Results summary:
Total processing time: 15.69 seconds
Average time per point: 1.05 seconds
Results saved to ./Prediction_Error_Embedding/outcome/plots/male/data_med

Data table:
 Target_Percentage  Target_Payload  Actual_Payload      BPP      PSNR   SSIM  Hist_Corr  Processing_Time
          6.666667           15977           15977 0.015237 67.396286 0.9999   0.998521         0.585971
         13.333333           31955           31955 0.030475 64.828123 0.9998   0.997009         0.599344
         20.000000           47933           47933 0.045712 63.540474 0.9996   0.990584         0.623535
         26.666667           63911           63911 0.060950 62.237445 0.9994   0.983357         0.694570
         33.333333           79889           79889 0.076188 61.567673 0.9993   0.977250         0.680539
         40.000000           95867           95867 0.091426 60.661682 0.9990   0.961780         0.745440
         46.666667          111845          111845 0.106664 60.326953 0.9989   0.955687         0.745284
         53.333333          127822          127822 0.121901 59.530381 0.9987   0.956318         0.751601
         60.000000          143800          143800 0.137138 58.380933 0.9983   0.954875         0.816517
         66.666667          159778          159778 0.152376 57.517608 0.9979   0.952285         0.857877
         73.333333          175756          175756 0.167614 56.837041 0.9975   0.949383         0.913882
         80.000000          191734          191734 0.182852 55.687751 0.9965   0.951218         1.077811
         86.666667          207712          207712 0.198090 54.868248 0.9956   0.952813         1.272593
         93.333333          223690          223690 0.213327 54.622134 0.9957   0.948802         1.138885
        100.000000          239668          239668 0.228565 53.739516 0.9947   0.950176         1.531734